;  LST file generated by mikroListExporter - v.2.0 
; Date/Time: 26/04/2018 13:00:03
;----------------------------------------------

;Address Opcode 	ASM
0x0000	0xF000EF37  	GOTO        110
0x0004	0x0000      	NOP
0x0006	0x0000      	NOP
0x0008	0xF000EF00  	GOTO        0
0x000C	0x0000      	NOP
0x000E	0x0000      	NOP
0x0010	0x0000      	NOP
0x0012	0x0000      	NOP
0x0014	0x0000      	NOP
0x0016	0x0000      	NOP
0x0018	0xD7F3      	BRA         0
_SPI1_Init:
;__Lib_SPI_b10c7.c,23 :: 		
;__Lib_SPI_b10c7.c,24 :: 		
0x001C	0x0EFF      	MOVLW       _SPI1_Read
0x001E	0x6E1D      	MOVWF       _SPI_Rd_Ptr 
0x0020	0x0EFF      	MOVLW       hi_addr(_SPI1_Read)
0x0022	0x6E1E      	MOVWF       _SPI_Rd_Ptr+1 
0x0024	0x0EFF      	MOVLW       FARG_SPI1_Read_buffer
0x0026	0x6E1F      	MOVWF       _SPI_Rd_Ptr+2 
0x0028	0x0EFF      	MOVLW       hi_addr(FARG_SPI1_Read_buffer)
0x002A	0x6E20      	MOVWF       _SPI_Rd_Ptr+3 
;__Lib_SPI_b10c7.c,25 :: 		
0x002C	0x0E4C      	MOVLW       _SPI1_Write
0x002E	0x6E19      	MOVWF       _SPI_Wr_Ptr 
0x0030	0x0E00      	MOVLW       hi_addr(_SPI1_Write)
0x0032	0x6E1A      	MOVWF       _SPI_Wr_Ptr+1 
0x0034	0x0E21      	MOVLW       FARG_SPI1_Write_data_
0x0036	0x6E1B      	MOVWF       _SPI_Wr_Ptr+2 
0x0038	0x0E00      	MOVLW       hi_addr(FARG_SPI1_Write_data_)
0x003A	0x6E1C      	MOVWF       _SPI_Wr_Ptr+3 
;__Lib_SPI_b10c7.c,27 :: 		
0x003C	0x9E94      	BCF         TRISC7_bit, BitPos(TRISC7_bit+0) 
;__Lib_SPI_b10c7.c,28 :: 		
0x003E	0x9293      	BCF         TRISB1_bit, BitPos(TRISB1_bit+0) 
;__Lib_SPI_b10c7.c,29 :: 		
0x0040	0x8093      	BSF         TRISB0_bit, BitPos(TRISB0_bit+0) 
;__Lib_SPI_b10c7.c,31 :: 		
0x0042	0x6AC6      	CLRF        SSPCON1 
;__Lib_SPI_b10c7.c,32 :: 		
0x0044	0x0E40      	MOVLW       64
0x0046	0x6EC7      	MOVWF       SSPSTAT 
;__Lib_SPI_b10c7.c,33 :: 		
0x0048	0x8AC6      	BSF         SSPCON1, 5 
;__Lib_SPI_b10c7.c,35 :: 		
L_end_SPI1_Init:
0x004A	0x0012      	RETURN      0
; end of _SPI1_Init
_SPI1_Write:
;__Lib_SPI_b10c7.c,79 :: 		
;__Lib_SPI_b10c7.c,82 :: 		
0x004C	0xFFC9C021  	MOVFF       FARG_SPI1_Write_data_, SSPBUF
;__Lib_SPI_b10c7.c,83 :: 		
L_SPI1_Write8:
0x0050	0xB0C7      	BTFSC       SSPSTAT, 0 
0x0052	0xD002      	BRA         L_SPI1_Write9
;__Lib_SPI_b10c7.c,84 :: 		
0x0054	0x0000      	NOP
0x0056	0xD7FC      	BRA         L_SPI1_Write8
L_SPI1_Write9:
;__Lib_SPI_b10c7.c,85 :: 		
0x0058	0xF000CFC9  	MOVFF       SSPBUF, R0
;__Lib_SPI_b10c7.c,87 :: 		
L_end_SPI1_Write:
0x005C	0x0012      	RETURN      0
; end of _SPI1_Write
___CC2DW:
;__Lib_System.c,21 :: 		
;__Lib_System.c,23 :: 		
_CC2DL_Loop1:
;__Lib_System.c,24 :: 		
0x005E	0x0009      	TBLRD*+
;__Lib_System.c,25 :: 		
0x0060	0xFFE6CFF5  	MOVFF       TABLAT, POSTINC1
;__Lib_System.c,26 :: 		
0x0064	0x0600      	DECF        R0, 1, 0
;__Lib_System.c,27 :: 		
0x0066	0xE1FB      	BNZ         _CC2DL_Loop1
;__Lib_System.c,28 :: 		
0x0068	0x0601      	DECF        R1, 1, 0
;__Lib_System.c,29 :: 		
0x006A	0xE1F9      	BNZ         _CC2DL_Loop1
;__Lib_System.c,31 :: 		
L_end___CC2DW:
0x006C	0x0012      	RETURN      0
; end of ___CC2DW
_main:
;P10a.c,4 :: 		void main() {
;P10a.c,5 :: 		TRISC = 0;
0x006E	0x6A94      	CLRF        TRISC 
;P10a.c,6 :: 		PORTC.B0=0;
0x0070	0x9082      	BCF         PORTC, 0 
;P10a.c,8 :: 		alto = 0x3F;
0x0072	0x0E3F      	MOVLW       63
0x0074	0x6E17      	MOVWF       _alto 
0x0076	0x0E00      	MOVLW       0
0x0078	0x6E18      	MOVWF       _alto+1 
;P10a.c,9 :: 		bajo = 0xFF;
0x007A	0x0EFF      	MOVLW       255
0x007C	0x6E15      	MOVWF       _bajo 
0x007E	0x0E00      	MOVLW       0
0x0080	0x6E16      	MOVWF       _bajo+1 
;P10a.c,11 :: 		SPI1_INIT();//Inicia el convertidor D/A
0x0082	0xDFCC      	RCALL       _SPI1_Init
;P10a.c,13 :: 		SPI1_WRITE(alto);
0x0084	0xF021C017  	MOVFF       _alto, FARG_SPI1_Write_data_
0x0088	0xDFE1      	RCALL       _SPI1_Write
;P10a.c,14 :: 		delay_us(100);
0x008A	0x0E42      	MOVLW       66
0x008C	0x6E0D      	MOVWF       R13, 0
L_main0:
0x008E	0x2E0D      	DECFSZ      R13, 1, 0
0x0090	0xD7FE      	BRA         L_main0
0x0092	0x0000      	NOP
;P10a.c,16 :: 		SPI1_WRITE(bajo);
0x0094	0xF021C015  	MOVFF       _bajo, FARG_SPI1_Write_data_
0x0098	0xDFD9      	RCALL       _SPI1_Write
;P10a.c,18 :: 		delay_us(100);
0x009A	0x0E42      	MOVLW       66
0x009C	0x6E0D      	MOVWF       R13, 0
L_main1:
0x009E	0x2E0D      	DECFSZ      R13, 1, 0
0x00A0	0xD7FE      	BRA         L_main1
0x00A2	0x0000      	NOP
;P10a.c,19 :: 		PORTC.B0 = 1;
0x00A4	0x8082      	BSF         PORTC, 0 
;P10a.c,21 :: 		while(1){
L_main2:
;P10a.c,22 :: 		asm nop;
0x00A6	0x0000      	NOP
;P10a.c,23 :: 		}
0x00A8	0xD7FE      	BRA         L_main2
;P10a.c,24 :: 		}
L_end_main:
0x00AA	0xD7FF      	BRA         $+0
; end of _main
Symbol List:
//** Routines locations **
//ADDRESS    SIZE    PROCEDURE
//----------------------------------------------
0x001C      [48]    _SPI1_Init
0x004C      [18]    _SPI1_Write
0x005E      [16]    ___CC2DW
0x006E      [62]    _main
//** Variables locations ** 
//ADDRESS    SIZE    VARIABLE
//----------------------------------------------
0x0000       [1]    R0
0x0000       [1]    SPI1_Write_tmp_L0
0x0001       [1]    R1
0x0002       [1]    R2
0x0003       [1]    R3
0x0004       [1]    R4
0x0005       [1]    R5
0x0006       [1]    R6
0x0007       [1]    R7
0x0008       [1]    R8
0x0009       [1]    R9
0x000A       [1]    R10
0x000B       [1]    R11
0x000C       [1]    R12
0x000D       [1]    R13
0x000E       [1]    R14
0x000F       [1]    R15
0x0010       [1]    R16
0x0011       [1]    R17
0x0012       [1]    R18
0x0013       [1]    R19
0x0014       [1]    R20
0x0015       [2]    _bajo
0x0017       [2]    _alto
0x0019       [4]    _SPI_Wr_Ptr
0x001D       [4]    _SPI_Rd_Ptr
0x0021       [1]    FARG_SPI1_Write_data_
0x0F82       [1]    PORTC
0x0F93       [0]    TRISB1_bit
0x0F93       [0]    TRISB0_bit
0x0F94       [0]    TRISC7_bit
0x0F94       [1]    TRISC
0x0FC6       [1]    SSPCON1
0x0FC7       [1]    SSPSTAT
0x0FC9       [1]    SSPBUF
0x0FD8       [1]    STATUS
0x0FD9       [1]    FSR2L
0x0FDA       [1]    FSR2H
0x0FDE       [1]    POSTINC2
0x0FE0       [1]    BSR
0x0FE1       [1]    FSR1L
0x0FE2       [1]    FSR1H
0x0FE4       [1]    PREINC1
0x0FE6       [1]    POSTINC1
0x0FE7       [1]    INDF1
0x0FE8       [1]    WREG
0x0FE9       [1]    FSR0L
0x0FEA       [1]    FSR0H
0x0FEE       [1]    POSTINC0
0x0FF3       [1]    PRODL
0x0FF4       [1]    PRODH
0x0FF5       [1]    TABLAT
0x0FF6       [1]    TBLPTRL
0x0FF7       [1]    TBLPTRH
0x0FF8       [1]    TBLPTRU
