;  LST file generated by mikroListExporter - v.2.0 
; Date/Time: 2018/04/25 18:58:51
;----------------------------------------------

;Address Opcode 	ASM
0x0000	0xF005EFBE  	GOTO        2940
_interrupt:
;Ejer2_Emisor.c,7 :: 		void interrupt(){
0x0008	0xF019C000  	MOVFF       R0, 25
0x000C	0xF018C001  	MOVFF       R1, 24
0x0010	0xF017C00B  	MOVFF       R11, 23
0x0014	0xF016C00C  	MOVFF       R12, 22
0x0018	0xF015C00D  	MOVFF       R13, 21
;Ejer2_Emisor.c,9 :: 		if(INTCON.TMR0IF){
0x001C	0xA4F2      	BTFSS       INTCON, 2 
0x001E	0xD007      	BRA         L_interrupt0
;Ejer2_Emisor.c,10 :: 		PORTB.B0 = !PORTB.B0;
0x0020	0x7081      	BTG         PORTB, 0 
;Ejer2_Emisor.c,11 :: 		TMR0H = (18661>>8);
0x0022	0x0E48      	MOVLW       72
0x0024	0x6ED7      	MOVWF       TMR0H 
;Ejer2_Emisor.c,12 :: 		TMR0L = 18661;
0x0026	0x0EE5      	MOVLW       229
0x0028	0x6ED6      	MOVWF       TMR0L 
;Ejer2_Emisor.c,13 :: 		ADCON0.B1 = 1;
0x002A	0x82C2      	BSF         ADCON0, 1 
;Ejer2_Emisor.c,14 :: 		INTCON.TMR0IF = 0;
0x002C	0x94F2      	BCF         INTCON, 2 
;Ejer2_Emisor.c,15 :: 		}
L_interrupt0:
;Ejer2_Emisor.c,17 :: 		if(PIR1.ADIF){
0x002E	0xAC9E      	BTFSS       PIR1, 6 
0x0030	0xD097      	BRA         L_interrupt1
;Ejer2_Emisor.c,18 :: 		x = ADRESL + (ADRESH << 8);
0x0032	0xF001CFC4  	MOVFF       ADRESH, R1
0x0036	0x6A00      	CLRF        R0 
0x0038	0x50C3      	MOVF        ADRESL, 0 
0x003A	0x2600      	ADDWF       R0, 1 
0x003C	0x0E00      	MOVLW       0
0x003E	0x2201      	ADDWFC      R1, 1 
0x0040	0xDBFC      	RCALL       _word2double
0x0042	0xF01EC000  	MOVFF       R0, _x
0x0046	0xF01FC001  	MOVFF       R1, _x+1
0x004A	0xF020C002  	MOVFF       R2, _x+2
0x004E	0xF021C003  	MOVFF       R3, _x+3
;Ejer2_Emisor.c,19 :: 		volt = x * 5 / 1024;        // Multiplicamos por resolucion par obtener voltaje leido
0x0052	0x0E00      	MOVLW       0
0x0054	0x6E04      	MOVWF       R4 
0x0056	0x0E00      	MOVLW       0
0x0058	0x6E05      	MOVWF       R5 
0x005A	0x0E20      	MOVLW       32
0x005C	0x6E06      	MOVWF       R6 
0x005E	0x0E81      	MOVLW       129
0x0060	0x6E07      	MOVWF       R7 
0x0062	0xF004EC64  	CALL        _Mul_32x32_FP, 0
0x0066	0x0E00      	MOVLW       0
0x0068	0x6E04      	MOVWF       R4 
0x006A	0x0E00      	MOVLW       0
0x006C	0x6E05      	MOVWF       R5 
0x006E	0x0E00      	MOVLW       0
0x0070	0x6E06      	MOVWF       R6 
0x0072	0x0E89      	MOVLW       137
0x0074	0x6E07      	MOVWF       R7 
0x0076	0xF004ECFA  	CALL        _Div_32x32_FP, 0
0x007A	0xF01AC000  	MOVFF       R0, _volt
0x007E	0xF01BC001  	MOVFF       R1, _volt+1
0x0082	0xF01CC002  	MOVFF       R2, _volt+2
0x0086	0xF01DC003  	MOVFF       R3, _volt+3
;Ejer2_Emisor.c,20 :: 		temp = 100.0 * volt -50.0;  // Calcular temperatura a partir del voltaje
0x008A	0x0E00      	MOVLW       0
0x008C	0x6E04      	MOVWF       R4 
0x008E	0x0E00      	MOVLW       0
0x0090	0x6E05      	MOVWF       R5 
0x0092	0x0E48      	MOVLW       72
0x0094	0x6E06      	MOVWF       R6 
0x0096	0x0E85      	MOVLW       133
0x0098	0x6E07      	MOVWF       R7 
0x009A	0xF004EC64  	CALL        _Mul_32x32_FP, 0
0x009E	0x0E00      	MOVLW       0
0x00A0	0x6E04      	MOVWF       R4 
0x00A2	0x0E00      	MOVLW       0
0x00A4	0x6E05      	MOVWF       R5 
0x00A6	0x0E48      	MOVLW       72
0x00A8	0x6E06      	MOVWF       R6 
0x00AA	0x0E84      	MOVLW       132
0x00AC	0x6E07      	MOVWF       R7 
0x00AE	0xF004ECF7  	CALL        _Sub_32x32_FP, 0
0x00B2	0xF024C000  	MOVFF       R0, _temp
0x00B6	0xF025C001  	MOVFF       R1, _temp+1
0x00BA	0xF026C002  	MOVFF       R2, _temp+2
0x00BE	0xF027C003  	MOVFF       R3, _temp+3
;Ejer2_Emisor.c,21 :: 		puntero = &temp;
0x00C2	0x0E24      	MOVLW       _temp
0x00C4	0x6E22      	MOVWF       _puntero 
0x00C6	0x0E00      	MOVLW       hi_addr(_temp)
0x00C8	0x6E23      	MOVWF       _puntero+1 
;Ejer2_Emisor.c,24 :: 		UART1_Write(*puntero);
0x00CA	0xFFE9C022  	MOVFF       _puntero, FSR0L
0x00CE	0xFFEAC023  	MOVFF       _puntero+1, FSR0H
0x00D2	0xF038CFEE  	MOVFF       POSTINC0, FARG_UART1_Write_data_
0x00D6	0xF005ECB7  	CALL        _UART1_Write, 0
;Ejer2_Emisor.c,25 :: 		delay_ms(10);
0x00DA	0x0E1A      	MOVLW       26
0x00DC	0x6E0C      	MOVWF       R12, 0
0x00DE	0x0EF8      	MOVLW       248
0x00E0	0x6E0D      	MOVWF       R13, 0
L_interrupt2:
0x00E2	0x2E0D      	DECFSZ      R13, 1, 0
0x00E4	0xD7FE      	BRA         L_interrupt2
0x00E6	0x2E0C      	DECFSZ      R12, 1, 0
0x00E8	0xD7FC      	BRA         L_interrupt2
0x00EA	0x0000      	NOP
;Ejer2_Emisor.c,26 :: 		UART1_Write(*(puntero+1));
0x00EC	0x0E01      	MOVLW       1
0x00EE	0x2422      	ADDWF       _puntero, 0 
0x00F0	0x6EE9      	MOVWF       FSR0L 
0x00F2	0x0E00      	MOVLW       0
0x00F4	0x2023      	ADDWFC      _puntero+1, 0 
0x00F6	0x6EEA      	MOVWF       FSR0H 
0x00F8	0xF038CFEE  	MOVFF       POSTINC0, FARG_UART1_Write_data_
0x00FC	0xF005ECB7  	CALL        _UART1_Write, 0
;Ejer2_Emisor.c,27 :: 		delay_ms(10);
0x0100	0x0E1A      	MOVLW       26
0x0102	0x6E0C      	MOVWF       R12, 0
0x0104	0x0EF8      	MOVLW       248
0x0106	0x6E0D      	MOVWF       R13, 0
L_interrupt3:
0x0108	0x2E0D      	DECFSZ      R13, 1, 0
0x010A	0xD7FE      	BRA         L_interrupt3
0x010C	0x2E0C      	DECFSZ      R12, 1, 0
0x010E	0xD7FC      	BRA         L_interrupt3
0x0110	0x0000      	NOP
;Ejer2_Emisor.c,28 :: 		UART1_Write(*(puntero+2));
0x0112	0x0E02      	MOVLW       2
0x0114	0x2422      	ADDWF       _puntero, 0 
0x0116	0x6EE9      	MOVWF       FSR0L 
0x0118	0x0E00      	MOVLW       0
0x011A	0x2023      	ADDWFC      _puntero+1, 0 
0x011C	0x6EEA      	MOVWF       FSR0H 
0x011E	0xF038CFEE  	MOVFF       POSTINC0, FARG_UART1_Write_data_
0x0122	0xF005ECB7  	CALL        _UART1_Write, 0
;Ejer2_Emisor.c,29 :: 		delay_ms(10);
0x0126	0x0E1A      	MOVLW       26
0x0128	0x6E0C      	MOVWF       R12, 0
0x012A	0x0EF8      	MOVLW       248
0x012C	0x6E0D      	MOVWF       R13, 0
L_interrupt4:
0x012E	0x2E0D      	DECFSZ      R13, 1, 0
0x0130	0xD7FE      	BRA         L_interrupt4
0x0132	0x2E0C      	DECFSZ      R12, 1, 0
0x0134	0xD7FC      	BRA         L_interrupt4
0x0136	0x0000      	NOP
;Ejer2_Emisor.c,30 :: 		UART1_Write(*(puntero+3));
0x0138	0x0E03      	MOVLW       3
0x013A	0x2422      	ADDWF       _puntero, 0 
0x013C	0x6EE9      	MOVWF       FSR0L 
0x013E	0x0E00      	MOVLW       0
0x0140	0x2023      	ADDWFC      _puntero+1, 0 
0x0142	0x6EEA      	MOVWF       FSR0H 
0x0144	0xF038CFEE  	MOVFF       POSTINC0, FARG_UART1_Write_data_
0x0148	0xF005ECB7  	CALL        _UART1_Write, 0
;Ejer2_Emisor.c,31 :: 		delay_ms(10);
0x014C	0x0E1A      	MOVLW       26
0x014E	0x6E0C      	MOVWF       R12, 0
0x0150	0x0EF8      	MOVLW       248
0x0152	0x6E0D      	MOVWF       R13, 0
L_interrupt5:
0x0154	0x2E0D      	DECFSZ      R13, 1, 0
0x0156	0xD7FE      	BRA         L_interrupt5
0x0158	0x2E0C      	DECFSZ      R12, 1, 0
0x015A	0xD7FC      	BRA         L_interrupt5
0x015C	0x0000      	NOP
;Ejer2_Emisor.c,33 :: 		PIR1.ADIF = 0;
0x015E	0x9C9E      	BCF         PIR1, 6 
;Ejer2_Emisor.c,34 :: 		}
L_interrupt1:
;Ejer2_Emisor.c,35 :: 		}
L_end_interrupt:
L__interrupt10:
0x0160	0xF000C019  	MOVFF       25, R0
0x0164	0xF001C018  	MOVFF       24, R1
0x0168	0xF00BC017  	MOVFF       23, R11
0x016C	0xF00CC016  	MOVFF       22, R12
0x0170	0xF00DC015  	MOVFF       21, R13
0x0174	0x0011      	RETFIE      1
; end of _interrupt
_FIXSIGN32:
;__Lib_MathDouble.c,117 :: 		
;__Lib_MathDouble.c,121 :: 		
0x0176	0xAE0A      	BTFSS       R10, 7, 0
;__Lib_MathDouble.c,122 :: 		
0x0178	0x9E02      	BCF         R2, 7, 0
;__Lib_MathDouble.c,123 :: 		
0x017A	0x0E00      	MOVLW       0
;__Lib_MathDouble.c,125 :: 		
L_end_FIXSIGN32:
0x017C	0x0012      	RETURN      0
; end of _FIXSIGN32
_SETFUN32:
;__Lib_MathDouble.c,144 :: 		
;__Lib_MathDouble.c,152 :: 		
0x017E	0x840B      	BSF         R11, 2, 0
;__Lib_MathDouble.c,153 :: 		
0x0180	0xAE0B      	BTFSS       R11, 7, 0
;__Lib_MathDouble.c,154 :: 		
0x0182	0xF000EFCA  	GOTO        SETFUN32EEE
;__Lib_MathDouble.c,156 :: 		
0x0186	0x0E01      	MOVLW       1
;__Lib_MathDouble.c,157 :: 		
0x0188	0x6E03      	MOVWF       R3, 0
;__Lib_MathDouble.c,158 :: 		
0x018A	0x6A02      	CLRF        R2, 0
;__Lib_MathDouble.c,159 :: 		
0x018C	0x6A01      	CLRF        R1, 0
;__Lib_MathDouble.c,160 :: 		
0x018E	0x6A00      	CLRF        R0, 0
;__Lib_MathDouble.c,161 :: 		
0x0190	0x360A      	RLCF        R10, 1, 0
;__Lib_MathDouble.c,162 :: 		
0x0192	0x3202      	RRCF        R2, 1, 0
;__Lib_MathDouble.c,163 :: 		
SETFUN32EEE:
;__Lib_MathDouble.c,164 :: 		
0x0194	0x0EFF      	MOVLW       255
;__Lib_MathDouble.c,166 :: 		
L_end_SETFUN32:
0x0196	0x0012      	RETURN      0
; end of _SETFUN32
_SETFOV32:
;__Lib_MathDouble.c,82 :: 		
;__Lib_MathDouble.c,90 :: 		
0x0198	0x820B      	BSF         R11, 1, 0
;__Lib_MathDouble.c,91 :: 		
0x019A	0xAE0B      	BTFSS       R11, 7, 0
;__Lib_MathDouble.c,92 :: 		
0x019C	0xF000EFD6  	GOTO        SETFOV32EEE
;__Lib_MathDouble.c,94 :: 		
0x01A0	0x6803      	SETF        R3, 0
;__Lib_MathDouble.c,95 :: 		
0x01A2	0x6802      	SETF        R2, 0
;__Lib_MathDouble.c,96 :: 		
0x01A4	0x6801      	SETF        R1, 0
;__Lib_MathDouble.c,97 :: 		
0x01A6	0x6800      	SETF        R0, 0
;__Lib_MathDouble.c,98 :: 		
0x01A8	0x360A      	RLCF        R10, 1, 0
;__Lib_MathDouble.c,99 :: 		
0x01AA	0x3202      	RRCF        R2, 1, 0
;__Lib_MathDouble.c,100 :: 		
SETFOV32EEE:
;__Lib_MathDouble.c,101 :: 		
0x01AC	0x0EFF      	MOVLW       255
;__Lib_MathDouble.c,103 :: 		
L_end_SETFOV32:
0x01AE	0x0012      	RETURN      0
; end of _SETFOV32
_RES032:
;__Lib_MathDouble.c,128 :: 		
;__Lib_MathDouble.c,134 :: 		
0x01B0	0x6A02      	CLRF        R2, 0
;__Lib_MathDouble.c,135 :: 		
0x01B2	0x6A01      	CLRF        R1, 0
;__Lib_MathDouble.c,136 :: 		
0x01B4	0x6A00      	CLRF        R0, 0
;__Lib_MathDouble.c,137 :: 		
0x01B6	0x6A08      	CLRF        R8, 0
;__Lib_MathDouble.c,138 :: 		
0x01B8	0x6A03      	CLRF        R3, 0
;__Lib_MathDouble.c,139 :: 		
0x01BA	0x0E00      	MOVLW       0
;__Lib_MathDouble.c,141 :: 		
L_end_RES032:
0x01BC	0x0012      	RETURN      0
; end of _RES032
_NRM4032:
;__Lib_MathDouble.c,174 :: 		
;__Lib_MathDouble.c,183 :: 		
0x01BE	0xB00C      	BTFSC       R12, 0, 0
;__Lib_MathDouble.c,184 :: 		
0x01C0	0xF001EF21  	GOTO        NRMRND4032
;__Lib_MathDouble.c,185 :: 		
0x01C4	0xA20C      	BTFSS       R12, 1, 0
;__Lib_MathDouble.c,186 :: 		
0x01C6	0xF001EFC7  	GOTO        NRM40JPSETFOV32
;__Lib_MathDouble.c,188 :: 		
0x01CA	0x6A0E      	CLRF        R14, 0
;__Lib_MathDouble.c,189 :: 		
0x01CC	0x0E00      	MOVLW       0
;__Lib_MathDouble.c,190 :: 		
0x01CE	0x6402      	CPFSGT      R2, 0
;__Lib_MathDouble.c,191 :: 		
0x01D0	0xF001EF38  	GOTO        NRM4032A
;__Lib_MathDouble.c,194 :: 		
0x01D4	0x0EF0      	MOVLW       240
;__Lib_MathDouble.c,195 :: 		
0x01D6	0x1402      	ANDWF       R2, 0, 0
;__Lib_MathDouble.c,196 :: 		
0x01D8	0xA4D8      	BTFSS       STATUS, 2, 0
;__Lib_MathDouble.c,197 :: 		
0x01DA	0xF001EF03  	GOTO        NORM4032
;__Lib_MathDouble.c,199 :: 		
0x01DE	0x3A02      	SWAPF       R2, 1, 0
;__Lib_MathDouble.c,200 :: 		
0x01E0	0x3801      	SWAPF       R1, 0, 0
;__Lib_MathDouble.c,201 :: 		
0x01E2	0x0B0F      	ANDLW       15
;__Lib_MathDouble.c,202 :: 		
0x01E4	0x2602      	ADDWF       R2, 1, 0
;__Lib_MathDouble.c,204 :: 		
0x01E6	0x3801      	SWAPF       R1, 0, 0
;__Lib_MathDouble.c,205 :: 		
0x01E8	0x0BF0      	ANDLW       240
;__Lib_MathDouble.c,206 :: 		
0x01EA	0x6E01      	MOVWF       R1, 0
;__Lib_MathDouble.c,207 :: 		
0x01EC	0x3800      	SWAPF       R0, 0, 0
;__Lib_MathDouble.c,208 :: 		
0x01EE	0x0B0F      	ANDLW       15
;__Lib_MathDouble.c,209 :: 		
0x01F0	0x2601      	ADDWF       R1, 1, 0
;__Lib_MathDouble.c,211 :: 		
0x01F2	0x3800      	SWAPF       R0, 0, 0
;__Lib_MathDouble.c,212 :: 		
0x01F4	0x0BF0      	ANDLW       240
;__Lib_MathDouble.c,213 :: 		
0x01F6	0x6E00      	MOVWF       R0, 0
;__Lib_MathDouble.c,214 :: 		
0x01F8	0x3808      	SWAPF       R8, 0, 0
;__Lib_MathDouble.c,215 :: 		
0x01FA	0x0B0F      	ANDLW       15
;__Lib_MathDouble.c,216 :: 		
0x01FC	0x2600      	ADDWF       R0, 1, 0
;__Lib_MathDouble.c,218 :: 		
0x01FE	0x3808      	SWAPF       R8, 0, 0
;__Lib_MathDouble.c,219 :: 		
0x0200	0x0BF0      	ANDLW       240
;__Lib_MathDouble.c,220 :: 		
0x0202	0x6E08      	MOVWF       R8, 0
;__Lib_MathDouble.c,222 :: 		
0x0204	0x840E      	BSF         R14, 2, 0
;__Lib_MathDouble.c,224 :: 		
NORM4032:
;__Lib_MathDouble.c,225 :: 		
0x0206	0x90D8      	BCF         STATUS, 0, 0
;__Lib_MathDouble.c,227 :: 		
0x0208	0xBE02      	BTFSC       R2, 7, 0
;__Lib_MathDouble.c,228 :: 		
0x020A	0xF001EF1C  	GOTO        TNORMUN4032
;__Lib_MathDouble.c,229 :: 		
0x020E	0x3608      	RLCF        R8, 1, 0
;__Lib_MathDouble.c,230 :: 		
0x0210	0x3600      	RLCF        R0, 1, 0
;__Lib_MathDouble.c,231 :: 		
0x0212	0x3601      	RLCF        R1, 1, 0
;__Lib_MathDouble.c,232 :: 		
0x0214	0x3602      	RLCF        R2, 1, 0
;__Lib_MathDouble.c,233 :: 		
0x0216	0x2A0E      	INCF        R14, 1, 0
;__Lib_MathDouble.c,234 :: 		
0x0218	0xBE02      	BTFSC       R2, 7, 0
;__Lib_MathDouble.c,235 :: 		
0x021A	0xF001EF1C  	GOTO        TNORMUN4032
;__Lib_MathDouble.c,236 :: 		
0x021E	0x3608      	RLCF        R8, 1, 0
;__Lib_MathDouble.c,237 :: 		
0x0220	0x3600      	RLCF        R0, 1, 0
;__Lib_MathDouble.c,238 :: 		
0x0222	0x3601      	RLCF        R1, 1, 0
;__Lib_MathDouble.c,239 :: 		
0x0224	0x3602      	RLCF        R2, 1, 0
;__Lib_MathDouble.c,240 :: 		
0x0226	0x2A0E      	INCF        R14, 1, 0
;__Lib_MathDouble.c,241 :: 		
0x0228	0xBE02      	BTFSC       R2, 7, 0
;__Lib_MathDouble.c,242 :: 		
0x022A	0xF001EF1C  	GOTO        TNORMUN4032
;__Lib_MathDouble.c,243 :: 		
0x022E	0x3608      	RLCF        R8, 1, 0
;__Lib_MathDouble.c,244 :: 		
0x0230	0x3600      	RLCF        R0, 1, 0
;__Lib_MathDouble.c,245 :: 		
0x0232	0x3601      	RLCF        R1, 1, 0
;__Lib_MathDouble.c,246 :: 		
0x0234	0x3602      	RLCF        R2, 1, 0
;__Lib_MathDouble.c,247 :: 		
0x0236	0x2A0E      	INCF        R14, 1, 0
;__Lib_MathDouble.c,249 :: 		
TNORMUN4032:
;__Lib_MathDouble.c,250 :: 		
0x0238	0x500E      	MOVF        R14, 0, 0
;__Lib_MathDouble.c,251 :: 		
0x023A	0x6403      	CPFSGT      R3, 0
;__Lib_MathDouble.c,252 :: 		
0x023C	0xF001EFBD  	GOTO        NRM40JPSETFUN32
;__Lib_MathDouble.c,253 :: 		
0x0240	0x5E03      	SUBWF       R3, 1, 0
;__Lib_MathDouble.c,255 :: 		
NRMRND4032:
;__Lib_MathDouble.c,256 :: 		
0x0242	0xBC0B      	BTFSC       R11, 6, 0
;__Lib_MathDouble.c,257 :: 		
0x0244	0xAE08      	BTFSS       R8, 7, 0
;__Lib_MathDouble.c,258 :: 		
0x0246	0xF001EFC2  	GOTO        NRM40JPFIXSIGN32
;__Lib_MathDouble.c,259 :: 		
0x024A	0x80D8      	BSF         STATUS, 0, 0
;__Lib_MathDouble.c,260 :: 		
0x024C	0x0E80      	MOVLW       128
;__Lib_MathDouble.c,261 :: 		
0x024E	0x6408      	CPFSGT      R8, 0
;__Lib_MathDouble.c,262 :: 		
0x0250	0x3000      	RRCF        R0, 0, 0
;__Lib_MathDouble.c,263 :: 		
0x0252	0x0E00      	MOVLW       0
;__Lib_MathDouble.c,264 :: 		
0x0254	0x2200      	ADDWFC      R0, 1, 0
;__Lib_MathDouble.c,265 :: 		
0x0256	0x2201      	ADDWFC      R1, 1, 0
;__Lib_MathDouble.c,266 :: 		
0x0258	0x2202      	ADDWFC      R2, 1, 0
;__Lib_MathDouble.c,268 :: 		
0x025A	0xA0D8      	BTFSS       STATUS, 0, 0
;__Lib_MathDouble.c,269 :: 		
0x025C	0xF001EFC2  	GOTO        NRM40JPFIXSIGN32
;__Lib_MathDouble.c,270 :: 		
0x0260	0x3202      	RRCF        R2, 1, 0
;__Lib_MathDouble.c,271 :: 		
0x0262	0x3201      	RRCF        R1, 1, 0
;__Lib_MathDouble.c,272 :: 		
0x0264	0x3200      	RRCF        R0, 1, 0
;__Lib_MathDouble.c,273 :: 		
0x0266	0x4A03      	INFSNZ      R3, 1, 0
;__Lib_MathDouble.c,274 :: 		
0x0268	0xF001EFC7  	GOTO        NRM40JPSETFOV32
;__Lib_MathDouble.c,275 :: 		
0x026C	0xF001EFC2  	GOTO        NRM40JPFIXSIGN32
;__Lib_MathDouble.c,277 :: 		
NRM4032A:
;__Lib_MathDouble.c,278 :: 		
0x0270	0xF002C001  	MOVFF       R1, R2
;__Lib_MathDouble.c,279 :: 		
0x0274	0xF001C000  	MOVFF       R0, R1
;__Lib_MathDouble.c,280 :: 		
0x0278	0xF000C008  	MOVFF       R8, R0
;__Lib_MathDouble.c,281 :: 		
0x027C	0x6A08      	CLRF        R8, 0
;__Lib_MathDouble.c,282 :: 		
0x027E	0x0E00      	MOVLW       0
;__Lib_MathDouble.c,283 :: 		
0x0280	0x860E      	BSF         R14, 3, 0
;__Lib_MathDouble.c,284 :: 		
0x0282	0x6402      	CPFSGT      R2, 0
;__Lib_MathDouble.c,285 :: 		
0x0284	0xF001EF6F  	GOTO        NRM4032B
;__Lib_MathDouble.c,288 :: 		
0x0288	0x0EF0      	MOVLW       240
;__Lib_MathDouble.c,289 :: 		
0x028A	0x1402      	ANDWF       R2, 0, 0
;__Lib_MathDouble.c,290 :: 		
0x028C	0xA4D8      	BTFSS       STATUS, 2, 0
;__Lib_MathDouble.c,291 :: 		
0x028E	0xF001EF57  	GOTO        NORM4032A
;__Lib_MathDouble.c,292 :: 		
0x0292	0x3A02      	SWAPF       R2, 1, 0
;__Lib_MathDouble.c,293 :: 		
0x0294	0x3801      	SWAPF       R1, 0, 0
;__Lib_MathDouble.c,294 :: 		
0x0296	0x0B0F      	ANDLW       15
;__Lib_MathDouble.c,295 :: 		
0x0298	0x2602      	ADDWF       R2, 1, 0
;__Lib_MathDouble.c,297 :: 		
0x029A	0x3801      	SWAPF       R1, 0, 0
;__Lib_MathDouble.c,298 :: 		
0x029C	0x0BF0      	ANDLW       240
;__Lib_MathDouble.c,299 :: 		
0x029E	0x6E01      	MOVWF       R1, 0
;__Lib_MathDouble.c,300 :: 		
0x02A0	0x3800      	SWAPF       R0, 0, 0
;__Lib_MathDouble.c,301 :: 		
0x02A2	0x0B0F      	ANDLW       15
;__Lib_MathDouble.c,302 :: 		
0x02A4	0x2601      	ADDWF       R1, 1, 0
;__Lib_MathDouble.c,304 :: 		
0x02A6	0x3800      	SWAPF       R0, 0, 0
;__Lib_MathDouble.c,305 :: 		
0x02A8	0x0BF0      	ANDLW       240
;__Lib_MathDouble.c,306 :: 		
0x02AA	0x6E00      	MOVWF       R0, 0
;__Lib_MathDouble.c,308 :: 		
0x02AC	0x840E      	BSF         R14, 2, 0
;__Lib_MathDouble.c,310 :: 		
NORM4032A:
;__Lib_MathDouble.c,311 :: 		
0x02AE	0x90D8      	BCF         STATUS, 0, 0
;__Lib_MathDouble.c,313 :: 		
0x02B0	0xBE02      	BTFSC       R2, 7, 0
;__Lib_MathDouble.c,314 :: 		
0x02B2	0xF001EF1C  	GOTO        TNORMUN4032
;__Lib_MathDouble.c,315 :: 		
0x02B6	0x3600      	RLCF        R0, 1, 0
;__Lib_MathDouble.c,316 :: 		
0x02B8	0x3601      	RLCF        R1, 1, 0
;__Lib_MathDouble.c,317 :: 		
0x02BA	0x3602      	RLCF        R2, 1, 0
;__Lib_MathDouble.c,318 :: 		
0x02BC	0x2A0E      	INCF        R14, 1, 0
;__Lib_MathDouble.c,319 :: 		
0x02BE	0xBE02      	BTFSC       R2, 7, 0
;__Lib_MathDouble.c,320 :: 		
0x02C0	0xF001EF1C  	GOTO        TNORMUN4032
;__Lib_MathDouble.c,321 :: 		
0x02C4	0x3600      	RLCF        R0, 1, 0
;__Lib_MathDouble.c,322 :: 		
0x02C6	0x3601      	RLCF        R1, 1, 0
;__Lib_MathDouble.c,323 :: 		
0x02C8	0x3602      	RLCF        R2, 1, 0
;__Lib_MathDouble.c,324 :: 		
0x02CA	0x2A0E      	INCF        R14, 1, 0
;__Lib_MathDouble.c,325 :: 		
0x02CC	0xBE02      	BTFSC       R2, 7, 0
;__Lib_MathDouble.c,326 :: 		
0x02CE	0xF001EF1C  	GOTO        TNORMUN4032
;__Lib_MathDouble.c,327 :: 		
0x02D2	0x3600      	RLCF        R0, 1, 0
;__Lib_MathDouble.c,328 :: 		
0x02D4	0x3601      	RLCF        R1, 1, 0
;__Lib_MathDouble.c,329 :: 		
0x02D6	0x3602      	RLCF        R2, 1, 0
;__Lib_MathDouble.c,330 :: 		
0x02D8	0x2A0E      	INCF        R14, 1, 0
;__Lib_MathDouble.c,331 :: 		
0x02DA	0xF001EF1C  	GOTO        TNORMUN4032
;__Lib_MathDouble.c,333 :: 		
NRM4032B:
;__Lib_MathDouble.c,334 :: 		
0x02DE	0xF002C001  	MOVFF       R1, R2
;__Lib_MathDouble.c,335 :: 		
0x02E2	0xF001C000  	MOVFF       R0, R1
;__Lib_MathDouble.c,336 :: 		
0x02E6	0x6A00      	CLRF        R0, 0
;__Lib_MathDouble.c,337 :: 		
0x02E8	0x0E00      	MOVLW       0
;__Lib_MathDouble.c,338 :: 		
0x02EA	0x960E      	BCF         R14, 3, 0
;__Lib_MathDouble.c,339 :: 		
0x02EC	0x880E      	BSF         R14, 4, 0
;__Lib_MathDouble.c,340 :: 		
0x02EE	0x6402      	CPFSGT      R2, 0
;__Lib_MathDouble.c,341 :: 		
0x02F0	0xF001EF9C  	GOTO        NRM4032C
;__Lib_MathDouble.c,344 :: 		
0x02F4	0x0EF0      	MOVLW       240
;__Lib_MathDouble.c,345 :: 		
0x02F6	0x1402      	ANDWF       R2, 0, 0
;__Lib_MathDouble.c,346 :: 		
0x02F8	0xA4D8      	BTFSS       STATUS, 2, 0
;__Lib_MathDouble.c,347 :: 		
0x02FA	0xF001EF87  	GOTO        NORM4032B
;__Lib_MathDouble.c,349 :: 		
0x02FE	0x3A02      	SWAPF       R2, 1, 0
;__Lib_MathDouble.c,350 :: 		
0x0300	0x3801      	SWAPF       R1, 0, 0
;__Lib_MathDouble.c,351 :: 		
0x0302	0x0B0F      	ANDLW       15
;__Lib_MathDouble.c,352 :: 		
0x0304	0x2602      	ADDWF       R2, 1, 0
;__Lib_MathDouble.c,354 :: 		
0x0306	0x3801      	SWAPF       R1, 0, 0
;__Lib_MathDouble.c,355 :: 		
0x0308	0x0BF0      	ANDLW       240
;__Lib_MathDouble.c,356 :: 		
0x030A	0x6E01      	MOVWF       R1, 0
;__Lib_MathDouble.c,358 :: 		
0x030C	0x840E      	BSF         R14, 2, 0
;__Lib_MathDouble.c,360 :: 		
NORM4032B:
;__Lib_MathDouble.c,361 :: 		
0x030E	0x90D8      	BCF         STATUS, 0, 0
;__Lib_MathDouble.c,362 :: 		
0x0310	0xBE02      	BTFSC       R2, 7, 0
;__Lib_MathDouble.c,363 :: 		
0x0312	0xF001EF1C  	GOTO        TNORMUN4032
;__Lib_MathDouble.c,364 :: 		
0x0316	0x3601      	RLCF        R1, 1, 0
;__Lib_MathDouble.c,365 :: 		
0x0318	0x3602      	RLCF        R2, 1, 0
;__Lib_MathDouble.c,366 :: 		
0x031A	0x2A0E      	INCF        R14, 1, 0
;__Lib_MathDouble.c,367 :: 		
0x031C	0xBE02      	BTFSC       R2, 7, 0
;__Lib_MathDouble.c,368 :: 		
0x031E	0xF001EF1C  	GOTO        TNORMUN4032
;__Lib_MathDouble.c,369 :: 		
0x0322	0x3601      	RLCF        R1, 1, 0
;__Lib_MathDouble.c,370 :: 		
0x0324	0x3602      	RLCF        R2, 1, 0
;__Lib_MathDouble.c,371 :: 		
0x0326	0x2A0E      	INCF        R14, 1, 0
;__Lib_MathDouble.c,372 :: 		
0x0328	0xBE02      	BTFSC       R2, 7, 0
;__Lib_MathDouble.c,373 :: 		
0x032A	0xF001EF1C  	GOTO        TNORMUN4032
;__Lib_MathDouble.c,374 :: 		
0x032E	0x3601      	RLCF        R1, 1, 0
;__Lib_MathDouble.c,375 :: 		
0x0330	0x3602      	RLCF        R2, 1, 0
;__Lib_MathDouble.c,376 :: 		
0x0332	0x2A0E      	INCF        R14, 1, 0
;__Lib_MathDouble.c,377 :: 		
0x0334	0xF001EF1C  	GOTO        TNORMUN4032
;__Lib_MathDouble.c,379 :: 		
NRM4032C:
;__Lib_MathDouble.c,380 :: 		
0x0338	0xF002C001  	MOVFF       R1, R2
;__Lib_MathDouble.c,381 :: 		
0x033C	0x6A01      	CLRF        R1, 0
;__Lib_MathDouble.c,382 :: 		
0x033E	0x0E00      	MOVLW       0
;__Lib_MathDouble.c,383 :: 		
0x0340	0x860E      	BSF         R14, 3, 0
;__Lib_MathDouble.c,384 :: 		
0x0342	0x6402      	CPFSGT      R2, 0
;__Lib_MathDouble.c,385 :: 		
0x0344	0xF001EFCC  	GOTO        NRM40JPRES032
;__Lib_MathDouble.c,388 :: 		
0x0348	0x0EF0      	MOVLW       240
;__Lib_MathDouble.c,389 :: 		
0x034A	0x1402      	ANDWF       R2, 0, 0
;__Lib_MathDouble.c,390 :: 		
0x034C	0xA4D8      	BTFSS       STATUS, 2, 0
;__Lib_MathDouble.c,391 :: 		
0x034E	0xF001EFAB  	GOTO        NORM4032C
;__Lib_MathDouble.c,392 :: 		
0x0352	0x3A02      	SWAPF       R2, 1, 0
;__Lib_MathDouble.c,394 :: 		
0x0354	0x840E      	BSF         R14, 2, 0
;__Lib_MathDouble.c,396 :: 		
NORM4032C:
;__Lib_MathDouble.c,397 :: 		
0x0356	0x90D8      	BCF         STATUS, 0, 0
;__Lib_MathDouble.c,399 :: 		
0x0358	0xBE02      	BTFSC       R2, 7, 0
;__Lib_MathDouble.c,400 :: 		
0x035A	0xF001EF1C  	GOTO        TNORMUN4032
;__Lib_MathDouble.c,401 :: 		
0x035E	0x3602      	RLCF        R2, 1, 0
;__Lib_MathDouble.c,402 :: 		
0x0360	0x2A0E      	INCF        R14, 1, 0
;__Lib_MathDouble.c,403 :: 		
0x0362	0xBE02      	BTFSC       R2, 7, 0
;__Lib_MathDouble.c,404 :: 		
0x0364	0xF001EF1C  	GOTO        TNORMUN4032
;__Lib_MathDouble.c,405 :: 		
0x0368	0x3602      	RLCF        R2, 1, 0
;__Lib_MathDouble.c,406 :: 		
0x036A	0x2A0E      	INCF        R14, 1, 0
;__Lib_MathDouble.c,407 :: 		
0x036C	0xBE02      	BTFSC       R2, 7, 0
;__Lib_MathDouble.c,408 :: 		
0x036E	0xF001EF1C  	GOTO        TNORMUN4032
;__Lib_MathDouble.c,409 :: 		
0x0372	0x3602      	RLCF        R2, 1, 0
;__Lib_MathDouble.c,410 :: 		
0x0374	0x2A0E      	INCF        R14, 1, 0
;__Lib_MathDouble.c,411 :: 		
0x0376	0xF001EF1C  	GOTO        TNORMUN4032
;__Lib_MathDouble.c,413 :: 		
NRM40JPSETFUN32:
;__Lib_MathDouble.c,414 :: 		
0x037A	0x0E01      	MOVLW       1
;__Lib_MathDouble.c,415 :: 		
0x037C	0x6E0C      	MOVWF       R12, 0
;__Lib_MathDouble.c,417 :: 		
0x037E	0xDEFF      	RCALL       _SETFUN32
;__Lib_MathDouble.c,419 :: 		
0x0380	0xF001EFCF  	GOTO        NRM40EEE
;__Lib_MathDouble.c,420 :: 		
NRM40JPFIXSIGN32:
;__Lib_MathDouble.c,421 :: 		
0x0384	0x0E02      	MOVLW       2
;__Lib_MathDouble.c,422 :: 		
0x0386	0x6E0C      	MOVWF       R12, 0
;__Lib_MathDouble.c,424 :: 		
0x0388	0xDEF6      	RCALL       _FIXSIGN32
;__Lib_MathDouble.c,426 :: 		
0x038A	0xF001EFCF  	GOTO        NRM40EEE
;__Lib_MathDouble.c,427 :: 		
NRM40JPSETFOV32:
;__Lib_MathDouble.c,428 :: 		
0x038E	0x0E04      	MOVLW       4
;__Lib_MathDouble.c,429 :: 		
0x0390	0x6E0C      	MOVWF       R12, 0
;__Lib_MathDouble.c,431 :: 		
0x0392	0xDF02      	RCALL       _SETFOV32
;__Lib_MathDouble.c,433 :: 		
0x0394	0xF001EFCF  	GOTO        NRM40EEE
;__Lib_MathDouble.c,434 :: 		
NRM40JPRES032:
;__Lib_MathDouble.c,435 :: 		
0x0398	0x0E08      	MOVLW       8
;__Lib_MathDouble.c,436 :: 		
0x039A	0x6E0C      	MOVWF       R12, 0
;__Lib_MathDouble.c,438 :: 		
0x039C	0xDF09      	RCALL       _RES032
;__Lib_MathDouble.c,440 :: 		
NRM40EEE:
;__Lib_MathDouble.c,448 :: 		
L_end_NRM4032:
0x039E	0x0012      	RETURN      0
; end of _NRM4032
_NRM3232:
;__Lib_MathDouble.c,455 :: 		
;__Lib_MathDouble.c,463 :: 		
0x03A0	0x6A0C      	CLRF        R12, 0
;__Lib_MathDouble.c,464 :: 		
0x03A2	0x6A0E      	CLRF        R14, 0
;__Lib_MathDouble.c,465 :: 		
0x03A4	0x5002      	MOVF        R2, 0, 0
;__Lib_MathDouble.c,466 :: 		
0x03A6	0xA4D8      	BTFSS       STATUS, 2, 0
;__Lib_MathDouble.c,467 :: 		
0x03A8	0xF001EFE9  	GOTO        NORM3232
;__Lib_MathDouble.c,468 :: 		
0x03AC	0xF002C001  	MOVFF       R1, R2
;__Lib_MathDouble.c,469 :: 		
0x03B0	0xF001C000  	MOVFF       R0, R1
;__Lib_MathDouble.c,470 :: 		
0x03B4	0x6A00      	CLRF        R0, 0
;__Lib_MathDouble.c,471 :: 		
0x03B6	0x860E      	BSF         R14, 3, 0
;__Lib_MathDouble.c,473 :: 		
0x03B8	0x5002      	MOVF        R2, 0, 0
;__Lib_MathDouble.c,474 :: 		
0x03BA	0xA4D8      	BTFSS       STATUS, 2, 0
;__Lib_MathDouble.c,475 :: 		
0x03BC	0xF001EFE9  	GOTO        NORM3232
;__Lib_MathDouble.c,476 :: 		
0x03C0	0xF002C001  	MOVFF       R1, R2
;__Lib_MathDouble.c,477 :: 		
0x03C4	0x6A01      	CLRF        R1, 0
;__Lib_MathDouble.c,478 :: 		
0x03C6	0x960E      	BCF         R14, 3, 0
;__Lib_MathDouble.c,479 :: 		
0x03C8	0x880E      	BSF         R14, 4, 0
;__Lib_MathDouble.c,481 :: 		
0x03CA	0x5002      	MOVF        R2, 0, 0
;__Lib_MathDouble.c,482 :: 		
0x03CC	0xB4D8      	BTFSC       STATUS, 2, 0
;__Lib_MathDouble.c,483 :: 		
0x03CE	0xF001EFFB  	GOTO        JPNRES032
;__Lib_MathDouble.c,484 :: 		
NORM3232:
;__Lib_MathDouble.c,485 :: 		
0x03D2	0x500E      	MOVF        R14, 0, 0
;__Lib_MathDouble.c,486 :: 		
0x03D4	0x5E03      	SUBWF       R3, 1, 0
;__Lib_MathDouble.c,487 :: 		
0x03D6	0xA4D8      	BTFSS       STATUS, 2, 0
;__Lib_MathDouble.c,488 :: 		
0x03D8	0xA0D8      	BTFSS       STATUS, 0, 0
;__Lib_MathDouble.c,489 :: 		
0x03DA	0xF002EF00  	GOTO        JPNSETFUN32
;__Lib_MathDouble.c,490 :: 		
0x03DE	0x90D8      	BCF         STATUS, 0, 0
;__Lib_MathDouble.c,491 :: 		
NORM3232A:
;__Lib_MathDouble.c,492 :: 		
0x03E0	0xBE02      	BTFSC       R2, 7, 0
;__Lib_MathDouble.c,493 :: 		
0x03E2	0xF002EF05  	GOTO        JMPNFIXSIGN32
;__Lib_MathDouble.c,494 :: 		
0x03E6	0x3600      	RLCF        R0, 1, 0
;__Lib_MathDouble.c,495 :: 		
0x03E8	0x3601      	RLCF        R1, 1, 0
;__Lib_MathDouble.c,496 :: 		
0x03EA	0x3602      	RLCF        R2, 1, 0
;__Lib_MathDouble.c,497 :: 		
0x03EC	0x2E03      	DECFSZ      R3, 1, 0
;__Lib_MathDouble.c,498 :: 		
0x03EE	0xF001EFF0  	GOTO        NORM3232A
;__Lib_MathDouble.c,499 :: 		
0x03F2	0xF002EF00  	GOTO        JPNSETFUN32
;__Lib_MathDouble.c,500 :: 		
JPNRES032:
;__Lib_MathDouble.c,501 :: 		
0x03F6	0x0E01      	MOVLW       1
;__Lib_MathDouble.c,502 :: 		
0x03F8	0x6E0C      	MOVWF       R12, 0
;__Lib_MathDouble.c,504 :: 		
0x03FA	0xDEDA      	RCALL       _RES032
;__Lib_MathDouble.c,506 :: 		
0x03FC	0xF002EF08  	GOTO        NORM32EEE
;__Lib_MathDouble.c,507 :: 		
JPNSETFUN32:
;__Lib_MathDouble.c,508 :: 		
0x0400	0x0E02      	MOVLW       2
;__Lib_MathDouble.c,509 :: 		
0x0402	0x6E0C      	MOVWF       R12, 0
;__Lib_MathDouble.c,511 :: 		
0x0404	0xDEBC      	RCALL       _SETFUN32
;__Lib_MathDouble.c,513 :: 		
0x0406	0xF002EF08  	GOTO        NORM32EEE
;__Lib_MathDouble.c,514 :: 		
JMPNFIXSIGN32:
;__Lib_MathDouble.c,515 :: 		
0x040A	0x0E04      	MOVLW       4
;__Lib_MathDouble.c,516 :: 		
0x040C	0x6E0C      	MOVWF       R12, 0
;__Lib_MathDouble.c,518 :: 		
0x040E	0xDEB3      	RCALL       _FIXSIGN32
;__Lib_MathDouble.c,520 :: 		
NORM32EEE:
;__Lib_MathDouble.c,527 :: 		
L_end_NRM3232:
0x0410	0x0012      	RETURN      0
; end of _NRM3232
_SETFDZ32:
;__Lib_MathDouble.c,106 :: 		
;__Lib_MathDouble.c,110 :: 		
0x0412	0x6A0B      	CLRF        R11, 0
;__Lib_MathDouble.c,111 :: 		
0x0414	0x860B      	BSF         R11, 3, 0
;__Lib_MathDouble.c,112 :: 		
0x0416	0x0EFF      	MOVLW       255
;__Lib_MathDouble.c,114 :: 		
L_end_SETFDZ32:
0x0418	0x0012      	RETURN      0
; end of _SETFDZ32
_Add_32x32_FP:
;__Lib_MathDouble.c,563 :: 		
;__Lib_MathDouble.c,578 :: 		
0x041A	0x5002      	MOVF        R2, 0, 0
;__Lib_MathDouble.c,579 :: 		
0x041C	0x1806      	XORWF       R6, 0, 0
;__Lib_MathDouble.c,580 :: 		
0x041E	0x6E0E      	MOVWF       R14, 0
;__Lib_MathDouble.c,582 :: 		
0x0420	0x6A08      	CLRF        R8, 0
;__Lib_MathDouble.c,583 :: 		
0x0422	0x6A09      	CLRF        R9, 0
;__Lib_MathDouble.c,584 :: 		
0x0424	0x6A0B      	CLRF        R11, 0
;__Lib_MathDouble.c,586 :: 		
0x0426	0x5003      	MOVF        R3, 0, 0
;__Lib_MathDouble.c,587 :: 		
0x0428	0x6407      	CPFSGT      R7, 0
;__Lib_MathDouble.c,588 :: 		
0x042A	0xF003EF00  	GOTO        USEA32
;__Lib_MathDouble.c,591 :: 		
0x042E	0x5006      	MOVF        R6, 0, 0
;__Lib_MathDouble.c,592 :: 		
0x0430	0x6E0A      	MOVWF       R10, 0
;__Lib_MathDouble.c,593 :: 		
0x0432	0x8E06      	BSF         R6, 7, 0
;__Lib_MathDouble.c,594 :: 		
0x0434	0x8E02      	BSF         R2, 7, 0
;__Lib_MathDouble.c,596 :: 		
0x0436	0x5003      	MOVF        R3, 0, 0
;__Lib_MathDouble.c,597 :: 		
0x0438	0x6E0B      	MOVWF       R11, 0
;__Lib_MathDouble.c,598 :: 		
0x043A	0x5007      	MOVF        R7, 0, 0
;__Lib_MathDouble.c,599 :: 		
0x043C	0x6E03      	MOVWF       R3, 0
;__Lib_MathDouble.c,601 :: 		
0x043E	0x0E00      	MOVLW       0
;__Lib_MathDouble.c,602 :: 		
0x0440	0x640B      	CPFSGT      R11, 0
;__Lib_MathDouble.c,603 :: 		
0x0442	0xF002EF50  	GOTO        BRETURN32
;__Lib_MathDouble.c,604 :: 		
0x0446	0x500B      	MOVF        R11, 0, 0
;__Lib_MathDouble.c,605 :: 		
0x0448	0x5E07      	SUBWF       R7, 1, 0
;__Lib_MathDouble.c,606 :: 		
0x044A	0xB4D8      	BTFSC       STATUS, 2, 0
;__Lib_MathDouble.c,607 :: 		
0x044C	0xF002EFF1  	GOTO        BLIGNED32
;__Lib_MathDouble.c,609 :: 		
0x0450	0x0E07      	MOVLW       7
;__Lib_MathDouble.c,610 :: 		
0x0452	0x6407      	CPFSGT      R7, 0
;__Lib_MathDouble.c,611 :: 		
0x0454	0xF002EFBF  	GOTO        BNIB32
;__Lib_MathDouble.c,613 :: 		
0x0458	0x5E07      	SUBWF       R7, 1, 0
;__Lib_MathDouble.c,614 :: 		
0x045A	0xF008C000  	MOVFF       R0, R8
;__Lib_MathDouble.c,615 :: 		
0x045E	0xF000C001  	MOVFF       R1, R0
;__Lib_MathDouble.c,616 :: 		
0x0462	0xF001C002  	MOVFF       R2, R1
;__Lib_MathDouble.c,617 :: 		
0x0466	0x6A02      	CLRF        R2, 0
;__Lib_MathDouble.c,618 :: 		
0x0468	0x4E07      	DCFSNZ      R7, 1, 0
;__Lib_MathDouble.c,619 :: 		
0x046A	0xF002EFF1  	GOTO        BLIGNED32
;__Lib_MathDouble.c,621 :: 		
0x046E	0x6407      	CPFSGT      R7, 0
;__Lib_MathDouble.c,622 :: 		
0x0470	0xF002EF94  	GOTO        BNIB32A
;__Lib_MathDouble.c,623 :: 		
0x0474	0x5E07      	SUBWF       R7, 1, 0
;__Lib_MathDouble.c,624 :: 		
0x0476	0xF008C000  	MOVFF       R0, R8
;__Lib_MathDouble.c,625 :: 		
0x047A	0xF000C001  	MOVFF       R1, R0
;__Lib_MathDouble.c,626 :: 		
0x047E	0x6A01      	CLRF        R1, 0
;__Lib_MathDouble.c,627 :: 		
0x0480	0x4E07      	DCFSNZ      R7, 1, 0
;__Lib_MathDouble.c,628 :: 		
0x0482	0xF002EFF1  	GOTO        BLIGNED32
;__Lib_MathDouble.c,630 :: 		
0x0486	0x6407      	CPFSGT      R7, 0
;__Lib_MathDouble.c,631 :: 		
0x0488	0xF002EF72  	GOTO        BNIB32B
;__Lib_MathDouble.c,632 :: 		
0x048C	0x5E07      	SUBWF       R7, 1, 0
;__Lib_MathDouble.c,633 :: 		
0x048E	0xF008C000  	MOVFF       R0, R8
;__Lib_MathDouble.c,634 :: 		
0x0492	0x6A00      	CLRF        R0, 0
;__Lib_MathDouble.c,635 :: 		
0x0494	0x4E07      	DCFSNZ      R7, 1, 0
;__Lib_MathDouble.c,636 :: 		
0x0496	0xF002EFF1  	GOTO        BLIGNED32
;__Lib_MathDouble.c,638 :: 		
0x049A	0x6407      	CPFSGT      R7, 0
;__Lib_MathDouble.c,639 :: 		
0x049C	0xF002EF59  	GOTO        BNIB32C
;__Lib_MathDouble.c,641 :: 		
BRETURN32:
;__Lib_MathDouble.c,642 :: 		
0x04A0	0xF002C00A  	MOVFF       R10, R2
;__Lib_MathDouble.c,643 :: 		
0x04A4	0xF001C005  	MOVFF       R5, R1
;__Lib_MathDouble.c,644 :: 		
0x04A8	0xF000C004  	MOVFF       R4, R0
;__Lib_MathDouble.c,645 :: 		
0x04AC	0x6A08      	CLRF        R8, 0
;__Lib_MathDouble.c,646 :: 		
0x04AE	0xF004EF1A  	GOTO        ADDEOK
;__Lib_MathDouble.c,648 :: 		
BNIB32C:
;__Lib_MathDouble.c,649 :: 		
0x04B2	0x0E03      	MOVLW       3
;__Lib_MathDouble.c,650 :: 		
0x04B4	0x6407      	CPFSGT      R7, 0
;__Lib_MathDouble.c,651 :: 		
0x04B6	0xF002EF64  	GOTO        BLOOP32C
;__Lib_MathDouble.c,652 :: 		
0x04BA	0x5E07      	SUBWF       R7, 1, 0
;__Lib_MathDouble.c,653 :: 		
0x04BC	0x3808      	SWAPF       R8, 0, 0
;__Lib_MathDouble.c,654 :: 		
0x04BE	0x0B0F      	ANDLW       15
;__Lib_MathDouble.c,655 :: 		
0x04C0	0x6E08      	MOVWF       R8, 0
;__Lib_MathDouble.c,656 :: 		
0x04C2	0x4E07      	DCFSNZ      R7, 1, 0
;__Lib_MathDouble.c,657 :: 		
0x04C4	0xF002EFF1  	GOTO        BLIGNED32
;__Lib_MathDouble.c,659 :: 		
BLOOP32C:
;__Lib_MathDouble.c,660 :: 		
0x04C8	0x90D8      	BCF         STATUS, 0, 0
;__Lib_MathDouble.c,661 :: 		
0x04CA	0x3208      	RRCF        R8, 1, 0
;__Lib_MathDouble.c,662 :: 		
0x04CC	0x4E07      	DCFSNZ      R7, 1, 0
;__Lib_MathDouble.c,663 :: 		
0x04CE	0xF002EFF1  	GOTO        BLIGNED32
;__Lib_MathDouble.c,664 :: 		
0x04D2	0x90D8      	BCF         STATUS, 0, 0
;__Lib_MathDouble.c,665 :: 		
0x04D4	0x3208      	RRCF        R8, 1, 0
;__Lib_MathDouble.c,666 :: 		
0x04D6	0x4E07      	DCFSNZ      R7, 1, 0
;__Lib_MathDouble.c,667 :: 		
0x04D8	0xF002EFF1  	GOTO        BLIGNED32
;__Lib_MathDouble.c,668 :: 		
0x04DC	0x90D8      	BCF         STATUS, 0, 0
;__Lib_MathDouble.c,669 :: 		
0x04DE	0x3208      	RRCF        R8, 1, 0
;__Lib_MathDouble.c,670 :: 		
0x04E0	0xF002EFF1  	GOTO        BLIGNED32
;__Lib_MathDouble.c,672 :: 		
BNIB32B:
;__Lib_MathDouble.c,673 :: 		
0x04E4	0x0E03      	MOVLW       3
;__Lib_MathDouble.c,674 :: 		
0x04E6	0x6407      	CPFSGT      R7, 0
;__Lib_MathDouble.c,675 :: 		
0x04E8	0xF002EF83  	GOTO        BLOOP32B
;__Lib_MathDouble.c,676 :: 		
0x04EC	0x5E07      	SUBWF       R7, 1, 0
;__Lib_MathDouble.c,677 :: 		
0x04EE	0x3808      	SWAPF       R8, 0, 0
;__Lib_MathDouble.c,678 :: 		
0x04F0	0x0B0F      	ANDLW       15
;__Lib_MathDouble.c,679 :: 		
0x04F2	0x6E08      	MOVWF       R8, 0
;__Lib_MathDouble.c,680 :: 		
0x04F4	0x3800      	SWAPF       R0, 0, 0
;__Lib_MathDouble.c,681 :: 		
0x04F6	0x0BF0      	ANDLW       240
;__Lib_MathDouble.c,682 :: 		
0x04F8	0x2608      	ADDWF       R8, 1, 0
;__Lib_MathDouble.c,683 :: 		
0x04FA	0x3800      	SWAPF       R0, 0, 0
;__Lib_MathDouble.c,684 :: 		
0x04FC	0x0B0F      	ANDLW       15
;__Lib_MathDouble.c,685 :: 		
0x04FE	0x6E00      	MOVWF       R0, 0
;__Lib_MathDouble.c,686 :: 		
0x0500	0x4E07      	DCFSNZ      R7, 1, 0
;__Lib_MathDouble.c,687 :: 		
0x0502	0xF002EFF1  	GOTO        BLIGNED32
;__Lib_MathDouble.c,689 :: 		
BLOOP32B:
;__Lib_MathDouble.c,690 :: 		
0x0506	0x90D8      	BCF         STATUS, 0, 0
;__Lib_MathDouble.c,691 :: 		
0x0508	0x3200      	RRCF        R0, 1, 0
;__Lib_MathDouble.c,692 :: 		
0x050A	0x3208      	RRCF        R8, 1, 0
;__Lib_MathDouble.c,693 :: 		
0x050C	0x4E07      	DCFSNZ      R7, 1, 0
;__Lib_MathDouble.c,694 :: 		
0x050E	0xF002EFF1  	GOTO        BLIGNED32
;__Lib_MathDouble.c,695 :: 		
0x0512	0x90D8      	BCF         STATUS, 0, 0
;__Lib_MathDouble.c,696 :: 		
0x0514	0x3200      	RRCF        R0, 1, 0
;__Lib_MathDouble.c,697 :: 		
0x0516	0x3208      	RRCF        R8, 1, 0
;__Lib_MathDouble.c,698 :: 		
0x0518	0x4E07      	DCFSNZ      R7, 1, 0
;__Lib_MathDouble.c,699 :: 		
0x051A	0xF002EFF1  	GOTO        BLIGNED32
;__Lib_MathDouble.c,700 :: 		
0x051E	0x90D8      	BCF         STATUS, 0, 0
;__Lib_MathDouble.c,701 :: 		
0x0520	0x3200      	RRCF        R0, 1, 0
;__Lib_MathDouble.c,702 :: 		
0x0522	0x3208      	RRCF        R8, 1, 0
;__Lib_MathDouble.c,703 :: 		
0x0524	0xF002EFF1  	GOTO        BLIGNED32
;__Lib_MathDouble.c,705 :: 		
BNIB32A:
;__Lib_MathDouble.c,706 :: 		
0x0528	0x0E03      	MOVLW       3
;__Lib_MathDouble.c,707 :: 		
0x052A	0x6407      	CPFSGT      R7, 0
;__Lib_MathDouble.c,708 :: 		
0x052C	0xF002EFAB  	GOTO        BLOOP32A
;__Lib_MathDouble.c,709 :: 		
0x0530	0x5E07      	SUBWF       R7, 1, 0
;__Lib_MathDouble.c,710 :: 		
0x0532	0x3808      	SWAPF       R8, 0, 0
;__Lib_MathDouble.c,711 :: 		
0x0534	0x0B0F      	ANDLW       15
;__Lib_MathDouble.c,712 :: 		
0x0536	0x6E08      	MOVWF       R8, 0
;__Lib_MathDouble.c,713 :: 		
0x0538	0x3800      	SWAPF       R0, 0, 0
;__Lib_MathDouble.c,714 :: 		
0x053A	0x0BF0      	ANDLW       240
;__Lib_MathDouble.c,715 :: 		
0x053C	0x2608      	ADDWF       R8, 1, 0
;__Lib_MathDouble.c,716 :: 		
0x053E	0x3800      	SWAPF       R0, 0, 0
;__Lib_MathDouble.c,717 :: 		
0x0540	0x0B0F      	ANDLW       15
;__Lib_MathDouble.c,718 :: 		
0x0542	0x6E00      	MOVWF       R0, 0
;__Lib_MathDouble.c,719 :: 		
0x0544	0x3801      	SWAPF       R1, 0, 0
;__Lib_MathDouble.c,720 :: 		
0x0546	0x0BF0      	ANDLW       240
;__Lib_MathDouble.c,721 :: 		
0x0548	0x2600      	ADDWF       R0, 1, 0
;__Lib_MathDouble.c,722 :: 		
0x054A	0x3801      	SWAPF       R1, 0, 0
;__Lib_MathDouble.c,723 :: 		
0x054C	0x0B0F      	ANDLW       15
;__Lib_MathDouble.c,724 :: 		
0x054E	0x6E01      	MOVWF       R1, 0
;__Lib_MathDouble.c,725 :: 		
0x0550	0x4E07      	DCFSNZ      R7, 1, 0
;__Lib_MathDouble.c,726 :: 		
0x0552	0xF002EFF1  	GOTO        BLIGNED32
;__Lib_MathDouble.c,728 :: 		
BLOOP32A:
;__Lib_MathDouble.c,729 :: 		
0x0556	0x90D8      	BCF         STATUS, 0, 0
;__Lib_MathDouble.c,730 :: 		
0x0558	0x3201      	RRCF        R1, 1, 0
;__Lib_MathDouble.c,731 :: 		
0x055A	0x3200      	RRCF        R0, 1, 0
;__Lib_MathDouble.c,732 :: 		
0x055C	0x3208      	RRCF        R8, 1, 0
;__Lib_MathDouble.c,733 :: 		
0x055E	0x4E07      	DCFSNZ      R7, 1, 0
;__Lib_MathDouble.c,734 :: 		
0x0560	0xF002EFF1  	GOTO        BLIGNED32
;__Lib_MathDouble.c,735 :: 		
0x0564	0x90D8      	BCF         STATUS, 0, 0
;__Lib_MathDouble.c,736 :: 		
0x0566	0x3201      	RRCF        R1, 1, 0
;__Lib_MathDouble.c,737 :: 		
0x0568	0x3200      	RRCF        R0, 1, 0
;__Lib_MathDouble.c,738 :: 		
0x056A	0x3208      	RRCF        R8, 1, 0
;__Lib_MathDouble.c,739 :: 		
0x056C	0x4E07      	DCFSNZ      R7, 1, 0
;__Lib_MathDouble.c,740 :: 		
0x056E	0xF002EFF1  	GOTO        BLIGNED32
;__Lib_MathDouble.c,741 :: 		
0x0572	0x90D8      	BCF         STATUS, 0, 0
;__Lib_MathDouble.c,742 :: 		
0x0574	0x3201      	RRCF        R1, 1, 0
;__Lib_MathDouble.c,743 :: 		
0x0576	0x3200      	RRCF        R0, 1, 0
;__Lib_MathDouble.c,744 :: 		
0x0578	0x3208      	RRCF        R8, 1, 0
;__Lib_MathDouble.c,745 :: 		
0x057A	0xF002EFF1  	GOTO        BLIGNED32
;__Lib_MathDouble.c,747 :: 		
BNIB32:
;__Lib_MathDouble.c,748 :: 		
0x057E	0x0E03      	MOVLW       3
;__Lib_MathDouble.c,749 :: 		
0x0580	0x6407      	CPFSGT      R7, 0
;__Lib_MathDouble.c,750 :: 		
0x0582	0xF002EFDC  	GOTO        BLOOP32
;__Lib_MathDouble.c,751 :: 		
0x0586	0x5E07      	SUBWF       R7, 1, 0
;__Lib_MathDouble.c,752 :: 		
0x0588	0x3808      	SWAPF       R8, 0, 0
;__Lib_MathDouble.c,753 :: 		
0x058A	0x0B0F      	ANDLW       15
;__Lib_MathDouble.c,754 :: 		
0x058C	0x6E08      	MOVWF       R8, 0
;__Lib_MathDouble.c,755 :: 		
0x058E	0x3800      	SWAPF       R0, 0, 0
;__Lib_MathDouble.c,756 :: 		
0x0590	0x0BF0      	ANDLW       240
;__Lib_MathDouble.c,757 :: 		
0x0592	0x2608      	ADDWF       R8, 1, 0
;__Lib_MathDouble.c,758 :: 		
0x0594	0x3800      	SWAPF       R0, 0, 0
;__Lib_MathDouble.c,759 :: 		
0x0596	0x0B0F      	ANDLW       15
;__Lib_MathDouble.c,760 :: 		
0x0598	0x6E00      	MOVWF       R0, 0
;__Lib_MathDouble.c,761 :: 		
0x059A	0x3801      	SWAPF       R1, 0, 0
;__Lib_MathDouble.c,762 :: 		
0x059C	0x0BF0      	ANDLW       240
;__Lib_MathDouble.c,763 :: 		
0x059E	0x2600      	ADDWF       R0, 1, 0
;__Lib_MathDouble.c,764 :: 		
0x05A0	0x3801      	SWAPF       R1, 0, 0
;__Lib_MathDouble.c,765 :: 		
0x05A2	0x0B0F      	ANDLW       15
;__Lib_MathDouble.c,766 :: 		
0x05A4	0x6E01      	MOVWF       R1, 0
;__Lib_MathDouble.c,767 :: 		
0x05A6	0x3802      	SWAPF       R2, 0, 0
;__Lib_MathDouble.c,768 :: 		
0x05A8	0x0BF0      	ANDLW       240
;__Lib_MathDouble.c,769 :: 		
0x05AA	0x2601      	ADDWF       R1, 1, 0
;__Lib_MathDouble.c,770 :: 		
0x05AC	0x3802      	SWAPF       R2, 0, 0
;__Lib_MathDouble.c,771 :: 		
0x05AE	0x0B0F      	ANDLW       15
;__Lib_MathDouble.c,772 :: 		
0x05B0	0x6E02      	MOVWF       R2, 0
;__Lib_MathDouble.c,773 :: 		
0x05B2	0x4E07      	DCFSNZ      R7, 1, 0
;__Lib_MathDouble.c,774 :: 		
0x05B4	0xF002EFF1  	GOTO        BLIGNED32
;__Lib_MathDouble.c,776 :: 		
BLOOP32:
;__Lib_MathDouble.c,777 :: 		
0x05B8	0x90D8      	BCF         STATUS, 0, 0
;__Lib_MathDouble.c,778 :: 		
0x05BA	0x3202      	RRCF        R2, 1, 0
;__Lib_MathDouble.c,779 :: 		
0x05BC	0x3201      	RRCF        R1, 1, 0
;__Lib_MathDouble.c,780 :: 		
0x05BE	0x3200      	RRCF        R0, 1, 0
;__Lib_MathDouble.c,781 :: 		
0x05C0	0x3208      	RRCF        R8, 1, 0
;__Lib_MathDouble.c,782 :: 		
0x05C2	0x4E07      	DCFSNZ      R7, 1, 0
;__Lib_MathDouble.c,783 :: 		
0x05C4	0xF002EFF1  	GOTO        BLIGNED32
;__Lib_MathDouble.c,784 :: 		
0x05C8	0x90D8      	BCF         STATUS, 0, 0
;__Lib_MathDouble.c,785 :: 		
0x05CA	0x3202      	RRCF        R2, 1, 0
;__Lib_MathDouble.c,786 :: 		
0x05CC	0x3201      	RRCF        R1, 1, 0
;__Lib_MathDouble.c,787 :: 		
0x05CE	0x3200      	RRCF        R0, 1, 0
;__Lib_MathDouble.c,788 :: 		
0x05D0	0x3208      	RRCF        R8, 1, 0
;__Lib_MathDouble.c,789 :: 		
0x05D2	0x4E07      	DCFSNZ      R7, 1, 0
;__Lib_MathDouble.c,790 :: 		
0x05D4	0xF002EFF1  	GOTO        BLIGNED32
;__Lib_MathDouble.c,791 :: 		
0x05D8	0x90D8      	BCF         STATUS, 0, 0
;__Lib_MathDouble.c,792 :: 		
0x05DA	0x3202      	RRCF        R2, 1, 0
;__Lib_MathDouble.c,793 :: 		
0x05DC	0x3201      	RRCF        R1, 1, 0
;__Lib_MathDouble.c,794 :: 		
0x05DE	0x3200      	RRCF        R0, 1, 0
;__Lib_MathDouble.c,795 :: 		
0x05E0	0x3208      	RRCF        R8, 1, 0
;__Lib_MathDouble.c,797 :: 		
BLIGNED32:
;__Lib_MathDouble.c,798 :: 		
0x05E2	0x6A09      	CLRF        R9, 0
;__Lib_MathDouble.c,799 :: 		
0x05E4	0x0E00      	MOVLW       0
;__Lib_MathDouble.c,800 :: 		
0x05E6	0xAE0E      	BTFSS       R14, 7, 0
;__Lib_MathDouble.c,801 :: 		
0x05E8	0xF003EFE5  	GOTO        AOK32
;__Lib_MathDouble.c,802 :: 		
0x05EC	0x1E08      	COMF        R8, 1, 0
;__Lib_MathDouble.c,803 :: 		
0x05EE	0x1E00      	COMF        R0, 1, 0
;__Lib_MathDouble.c,804 :: 		
0x05F0	0x1E01      	COMF        R1, 1, 0
;__Lib_MathDouble.c,805 :: 		
0x05F2	0x1E02      	COMF        R2, 1, 0
;__Lib_MathDouble.c,806 :: 		
0x05F4	0x2A08      	INCF        R8, 1, 0
;__Lib_MathDouble.c,807 :: 		
0x05F6	0x2200      	ADDWFC      R0, 1, 0
;__Lib_MathDouble.c,808 :: 		
0x05F8	0x2201      	ADDWFC      R1, 1, 0
;__Lib_MathDouble.c,809 :: 		
0x05FA	0x2202      	ADDWFC      R2, 1, 0
;__Lib_MathDouble.c,810 :: 		
0x05FC	0xF003EFE5  	GOTO        AOK32
;__Lib_MathDouble.c,812 :: 		
USEA32:
;__Lib_MathDouble.c,813 :: 		
0x0600	0x5007      	MOVF        R7, 0, 0
;__Lib_MathDouble.c,814 :: 		
0x0602	0xA4D8      	BTFSS       STATUS, 2, 0
;__Lib_MathDouble.c,815 :: 		
0x0604	0xF003EF06  	GOTO        BNE032
;__Lib_MathDouble.c,816 :: 		
0x0608	0xF004EF1A  	GOTO        ADDEOK
;__Lib_MathDouble.c,818 :: 		
BNE032:
;__Lib_MathDouble.c,819 :: 		
0x060C	0x6A09      	CLRF        R9, 0
;__Lib_MathDouble.c,820 :: 		
0x060E	0xF00AC002  	MOVFF       R2, R10
;__Lib_MathDouble.c,821 :: 		
0x0612	0x8E02      	BSF         R2, 7, 0
;__Lib_MathDouble.c,822 :: 		
0x0614	0x8E06      	BSF         R6, 7, 0
;__Lib_MathDouble.c,824 :: 		
0x0616	0x5007      	MOVF        R7, 0, 0
;__Lib_MathDouble.c,825 :: 		
0x0618	0x5C03      	SUBWF       R3, 0, 0
;__Lib_MathDouble.c,826 :: 		
0x061A	0x6E07      	MOVWF       R7, 0
;__Lib_MathDouble.c,827 :: 		
0x061C	0xB4D8      	BTFSC       STATUS, 2, 0
;__Lib_MathDouble.c,828 :: 		
0x061E	0xF003EFD8  	GOTO        ALIGNED32
;__Lib_MathDouble.c,830 :: 		
0x0622	0x0E07      	MOVLW       7
;__Lib_MathDouble.c,831 :: 		
0x0624	0x6407      	CPFSGT      R7, 0
;__Lib_MathDouble.c,832 :: 		
0x0626	0xF003EFA6  	GOTO        ANIB32
;__Lib_MathDouble.c,833 :: 		
0x062A	0x5E07      	SUBWF       R7, 1, 0
;__Lib_MathDouble.c,834 :: 		
0x062C	0x5004      	MOVF        R4, 0, 0
;__Lib_MathDouble.c,835 :: 		
0x062E	0x6E09      	MOVWF       R9, 0
;__Lib_MathDouble.c,836 :: 		
0x0630	0x5005      	MOVF        R5, 0, 0
;__Lib_MathDouble.c,837 :: 		
0x0632	0x6E04      	MOVWF       R4, 0
;__Lib_MathDouble.c,838 :: 		
0x0634	0x5006      	MOVF        R6, 0, 0
;__Lib_MathDouble.c,839 :: 		
0x0636	0x6E05      	MOVWF       R5, 0
;__Lib_MathDouble.c,840 :: 		
0x0638	0x6A06      	CLRF        R6, 0
;__Lib_MathDouble.c,841 :: 		
0x063A	0x4E07      	DCFSNZ      R7, 1, 0
;__Lib_MathDouble.c,842 :: 		
0x063C	0xF003EFD8  	GOTO        ALIGNED32
;__Lib_MathDouble.c,844 :: 		
0x0640	0x0E07      	MOVLW       7
;__Lib_MathDouble.c,845 :: 		
0x0642	0x6407      	CPFSGT      R7, 0
;__Lib_MathDouble.c,846 :: 		
0x0644	0xF003EF7B  	GOTO        ANIB32A
;__Lib_MathDouble.c,847 :: 		
0x0648	0x5E07      	SUBWF       R7, 1, 0
;__Lib_MathDouble.c,848 :: 		
0x064A	0x5004      	MOVF        R4, 0, 0
;__Lib_MathDouble.c,849 :: 		
0x064C	0x6E09      	MOVWF       R9, 0
;__Lib_MathDouble.c,850 :: 		
0x064E	0x5005      	MOVF        R5, 0, 0
;__Lib_MathDouble.c,851 :: 		
0x0650	0x6E04      	MOVWF       R4, 0
;__Lib_MathDouble.c,852 :: 		
0x0652	0x6A05      	CLRF        R5, 0
;__Lib_MathDouble.c,853 :: 		
0x0654	0x4E07      	DCFSNZ      R7, 1, 0
;__Lib_MathDouble.c,854 :: 		
0x0656	0xF003EFD8  	GOTO        ALIGNED32
;__Lib_MathDouble.c,856 :: 		
0x065A	0x0E07      	MOVLW       7
;__Lib_MathDouble.c,857 :: 		
0x065C	0x6407      	CPFSGT      R7, 0
;__Lib_MathDouble.c,858 :: 		
0x065E	0xF003EF59  	GOTO        ANIB32B
;__Lib_MathDouble.c,859 :: 		
0x0662	0x5E07      	SUBWF       R7, 1, 0
;__Lib_MathDouble.c,860 :: 		
0x0664	0x5004      	MOVF        R4, 0, 0
;__Lib_MathDouble.c,861 :: 		
0x0666	0x6E09      	MOVWF       R9, 0
;__Lib_MathDouble.c,862 :: 		
0x0668	0x6A04      	CLRF        R4, 0
;__Lib_MathDouble.c,863 :: 		
0x066A	0x4E07      	DCFSNZ      R7, 1, 0
;__Lib_MathDouble.c,864 :: 		
0x066C	0xF003EFD8  	GOTO        ALIGNED32
;__Lib_MathDouble.c,866 :: 		
0x0670	0x0E07      	MOVLW       7
;__Lib_MathDouble.c,867 :: 		
0x0672	0x6407      	CPFSGT      R7, 0
;__Lib_MathDouble.c,868 :: 		
0x0674	0xF003EF40  	GOTO        ANIB32C
;__Lib_MathDouble.c,870 :: 		
0x0678	0xF002C00A  	MOVFF       R10, R2
;__Lib_MathDouble.c,871 :: 		
0x067C	0xF004EF1A  	GOTO        ADDEOK
;__Lib_MathDouble.c,873 :: 		
ANIB32C:
;__Lib_MathDouble.c,874 :: 		
0x0680	0x0E03      	MOVLW       3
;__Lib_MathDouble.c,875 :: 		
0x0682	0x6407      	CPFSGT      R7, 0
;__Lib_MathDouble.c,876 :: 		
0x0684	0xF003EF4B  	GOTO        ALOOP32C
;__Lib_MathDouble.c,877 :: 		
0x0688	0x5E07      	SUBWF       R7, 1, 0
;__Lib_MathDouble.c,878 :: 		
0x068A	0x3809      	SWAPF       R9, 0, 0
;__Lib_MathDouble.c,879 :: 		
0x068C	0x0B0F      	ANDLW       15
;__Lib_MathDouble.c,880 :: 		
0x068E	0x6E09      	MOVWF       R9, 0
;__Lib_MathDouble.c,881 :: 		
0x0690	0x4E07      	DCFSNZ      R7, 1, 0
;__Lib_MathDouble.c,882 :: 		
0x0692	0xF003EFD8  	GOTO        ALIGNED32
;__Lib_MathDouble.c,884 :: 		
ALOOP32C:
;__Lib_MathDouble.c,885 :: 		
0x0696	0x90D8      	BCF         STATUS, 0, 0
;__Lib_MathDouble.c,886 :: 		
0x0698	0x3209      	RRCF        R9, 1, 0
;__Lib_MathDouble.c,887 :: 		
0x069A	0x4E07      	DCFSNZ      R7, 1, 0
;__Lib_MathDouble.c,888 :: 		
0x069C	0xF003EFD8  	GOTO        ALIGNED32
;__Lib_MathDouble.c,889 :: 		
0x06A0	0x90D8      	BCF         STATUS, 0, 0
;__Lib_MathDouble.c,890 :: 		
0x06A2	0x3209      	RRCF        R9, 1, 0
;__Lib_MathDouble.c,891 :: 		
0x06A4	0x4E07      	DCFSNZ      R7, 1, 0
;__Lib_MathDouble.c,892 :: 		
0x06A6	0xF003EFD8  	GOTO        ALIGNED32
;__Lib_MathDouble.c,893 :: 		
0x06AA	0x90D8      	BCF         STATUS, 0, 0
;__Lib_MathDouble.c,894 :: 		
0x06AC	0x3209      	RRCF        R9, 1, 0
;__Lib_MathDouble.c,895 :: 		
0x06AE	0xF003EFD8  	GOTO        ALIGNED32
;__Lib_MathDouble.c,897 :: 		
ANIB32B:
;__Lib_MathDouble.c,898 :: 		
0x06B2	0x0E03      	MOVLW       3
;__Lib_MathDouble.c,899 :: 		
0x06B4	0x6407      	CPFSGT      R7, 0
;__Lib_MathDouble.c,900 :: 		
0x06B6	0xF003EF6A  	GOTO        ALOOP32B
;__Lib_MathDouble.c,901 :: 		
0x06BA	0x5E07      	SUBWF       R7, 1, 0
;__Lib_MathDouble.c,902 :: 		
0x06BC	0x3809      	SWAPF       R9, 0, 0
;__Lib_MathDouble.c,903 :: 		
0x06BE	0x0B0F      	ANDLW       15
;__Lib_MathDouble.c,904 :: 		
0x06C0	0x6E09      	MOVWF       R9, 0
;__Lib_MathDouble.c,905 :: 		
0x06C2	0x3804      	SWAPF       R4, 0, 0
;__Lib_MathDouble.c,906 :: 		
0x06C4	0x0BF0      	ANDLW       240
;__Lib_MathDouble.c,907 :: 		
0x06C6	0x2609      	ADDWF       R9, 1, 0
;__Lib_MathDouble.c,908 :: 		
0x06C8	0x3804      	SWAPF       R4, 0, 0
;__Lib_MathDouble.c,909 :: 		
0x06CA	0x0B0F      	ANDLW       15
;__Lib_MathDouble.c,910 :: 		
0x06CC	0x6E04      	MOVWF       R4, 0
;__Lib_MathDouble.c,911 :: 		
0x06CE	0x4E07      	DCFSNZ      R7, 1, 0
;__Lib_MathDouble.c,912 :: 		
0x06D0	0xF003EFD8  	GOTO        ALIGNED32
;__Lib_MathDouble.c,914 :: 		
ALOOP32B:
;__Lib_MathDouble.c,915 :: 		
0x06D4	0x90D8      	BCF         STATUS, 0, 0
;__Lib_MathDouble.c,916 :: 		
0x06D6	0x3204      	RRCF        R4, 1, 0
;__Lib_MathDouble.c,917 :: 		
0x06D8	0x3209      	RRCF        R9, 1, 0
;__Lib_MathDouble.c,918 :: 		
0x06DA	0x4E07      	DCFSNZ      R7, 1, 0
;__Lib_MathDouble.c,919 :: 		
0x06DC	0xF003EFD8  	GOTO        ALIGNED32
;__Lib_MathDouble.c,920 :: 		
0x06E0	0x90D8      	BCF         STATUS, 0, 0
;__Lib_MathDouble.c,921 :: 		
0x06E2	0x3204      	RRCF        R4, 1, 0
;__Lib_MathDouble.c,922 :: 		
0x06E4	0x3209      	RRCF        R9, 1, 0
;__Lib_MathDouble.c,923 :: 		
0x06E6	0x4E07      	DCFSNZ      R7, 1, 0
;__Lib_MathDouble.c,924 :: 		
0x06E8	0xF003EFD8  	GOTO        ALIGNED32
;__Lib_MathDouble.c,925 :: 		
0x06EC	0x90D8      	BCF         STATUS, 0, 0
;__Lib_MathDouble.c,926 :: 		
0x06EE	0x3204      	RRCF        R4, 1, 0
;__Lib_MathDouble.c,927 :: 		
0x06F0	0x3209      	RRCF        R9, 1, 0
;__Lib_MathDouble.c,928 :: 		
0x06F2	0xF003EFD8  	GOTO        ALIGNED32
;__Lib_MathDouble.c,930 :: 		
ANIB32A:
;__Lib_MathDouble.c,931 :: 		
0x06F6	0x0E03      	MOVLW       3
;__Lib_MathDouble.c,932 :: 		
0x06F8	0x6407      	CPFSGT      R7, 0
;__Lib_MathDouble.c,933 :: 		
0x06FA	0xF003EF92  	GOTO        ALOOP32A
;__Lib_MathDouble.c,934 :: 		
0x06FE	0x5E07      	SUBWF       R7, 1, 0
;__Lib_MathDouble.c,935 :: 		
0x0700	0x3809      	SWAPF       R9, 0, 0
;__Lib_MathDouble.c,936 :: 		
0x0702	0x0B0F      	ANDLW       15
;__Lib_MathDouble.c,937 :: 		
0x0704	0x6E09      	MOVWF       R9, 0
;__Lib_MathDouble.c,938 :: 		
0x0706	0x3804      	SWAPF       R4, 0, 0
;__Lib_MathDouble.c,939 :: 		
0x0708	0x0BF0      	ANDLW       240
;__Lib_MathDouble.c,940 :: 		
0x070A	0x2609      	ADDWF       R9, 1, 0
;__Lib_MathDouble.c,941 :: 		
0x070C	0x3804      	SWAPF       R4, 0, 0
;__Lib_MathDouble.c,942 :: 		
0x070E	0x0B0F      	ANDLW       15
;__Lib_MathDouble.c,943 :: 		
0x0710	0x6E04      	MOVWF       R4, 0
;__Lib_MathDouble.c,944 :: 		
0x0712	0x3805      	SWAPF       R5, 0, 0
;__Lib_MathDouble.c,945 :: 		
0x0714	0x0BF0      	ANDLW       240
;__Lib_MathDouble.c,946 :: 		
0x0716	0x2604      	ADDWF       R4, 1, 0
;__Lib_MathDouble.c,947 :: 		
0x0718	0x3805      	SWAPF       R5, 0, 0
;__Lib_MathDouble.c,948 :: 		
0x071A	0x0B0F      	ANDLW       15
;__Lib_MathDouble.c,949 :: 		
0x071C	0x6E05      	MOVWF       R5, 0
;__Lib_MathDouble.c,950 :: 		
0x071E	0x4E07      	DCFSNZ      R7, 1, 0
;__Lib_MathDouble.c,951 :: 		
0x0720	0xF003EFD8  	GOTO        ALIGNED32
;__Lib_MathDouble.c,953 :: 		
ALOOP32A:
;__Lib_MathDouble.c,954 :: 		
0x0724	0x90D8      	BCF         STATUS, 0, 0
;__Lib_MathDouble.c,955 :: 		
0x0726	0x3205      	RRCF        R5, 1, 0
;__Lib_MathDouble.c,956 :: 		
0x0728	0x3204      	RRCF        R4, 1, 0
;__Lib_MathDouble.c,957 :: 		
0x072A	0x3209      	RRCF        R9, 1, 0
;__Lib_MathDouble.c,958 :: 		
0x072C	0x4E07      	DCFSNZ      R7, 1, 0
;__Lib_MathDouble.c,959 :: 		
0x072E	0xF003EFD8  	GOTO        ALIGNED32
;__Lib_MathDouble.c,960 :: 		
0x0732	0x90D8      	BCF         STATUS, 0, 0
;__Lib_MathDouble.c,961 :: 		
0x0734	0x3205      	RRCF        R5, 1, 0
;__Lib_MathDouble.c,962 :: 		
0x0736	0x3204      	RRCF        R4, 1, 0
;__Lib_MathDouble.c,963 :: 		
0x0738	0x3209      	RRCF        R9, 1, 0
;__Lib_MathDouble.c,964 :: 		
0x073A	0x4E07      	DCFSNZ      R7, 1, 0
;__Lib_MathDouble.c,965 :: 		
0x073C	0xF003EFD8  	GOTO        ALIGNED32
;__Lib_MathDouble.c,966 :: 		
0x0740	0x90D8      	BCF         STATUS, 0, 0
;__Lib_MathDouble.c,967 :: 		
0x0742	0x3205      	RRCF        R5, 1, 0
;__Lib_MathDouble.c,968 :: 		
0x0744	0x3204      	RRCF        R4, 1, 0
;__Lib_MathDouble.c,969 :: 		
0x0746	0x3209      	RRCF        R9, 1, 0
;__Lib_MathDouble.c,970 :: 		
0x0748	0xF003EFD8  	GOTO        ALIGNED32
;__Lib_MathDouble.c,972 :: 		
ANIB32:
;__Lib_MathDouble.c,973 :: 		
0x074C	0x0E03      	MOVLW       3
;__Lib_MathDouble.c,974 :: 		
0x074E	0x6407      	CPFSGT      R7, 0
;__Lib_MathDouble.c,975 :: 		
0x0750	0xF003EFC3  	GOTO        ALOOP32
;__Lib_MathDouble.c,976 :: 		
0x0754	0x5E07      	SUBWF       R7, 1, 0
;__Lib_MathDouble.c,977 :: 		
0x0756	0x3809      	SWAPF       R9, 0, 0
;__Lib_MathDouble.c,978 :: 		
0x0758	0x0B0F      	ANDLW       15
;__Lib_MathDouble.c,979 :: 		
0x075A	0x6E09      	MOVWF       R9, 0
;__Lib_MathDouble.c,980 :: 		
0x075C	0x3804      	SWAPF       R4, 0, 0
;__Lib_MathDouble.c,981 :: 		
0x075E	0x0BF0      	ANDLW       240
;__Lib_MathDouble.c,982 :: 		
0x0760	0x2609      	ADDWF       R9, 1, 0
;__Lib_MathDouble.c,983 :: 		
0x0762	0x3804      	SWAPF       R4, 0, 0
;__Lib_MathDouble.c,984 :: 		
0x0764	0x0B0F      	ANDLW       15
;__Lib_MathDouble.c,985 :: 		
0x0766	0x6E04      	MOVWF       R4, 0
;__Lib_MathDouble.c,986 :: 		
0x0768	0x3805      	SWAPF       R5, 0, 0
;__Lib_MathDouble.c,987 :: 		
0x076A	0x0BF0      	ANDLW       240
;__Lib_MathDouble.c,988 :: 		
0x076C	0x2604      	ADDWF       R4, 1, 0
;__Lib_MathDouble.c,989 :: 		
0x076E	0x3805      	SWAPF       R5, 0, 0
;__Lib_MathDouble.c,990 :: 		
0x0770	0x0B0F      	ANDLW       15
;__Lib_MathDouble.c,991 :: 		
0x0772	0x6E05      	MOVWF       R5, 0
;__Lib_MathDouble.c,992 :: 		
0x0774	0x3806      	SWAPF       R6, 0, 0
;__Lib_MathDouble.c,993 :: 		
0x0776	0x0BF0      	ANDLW       240
;__Lib_MathDouble.c,994 :: 		
0x0778	0x2605      	ADDWF       R5, 1, 0
;__Lib_MathDouble.c,995 :: 		
0x077A	0x3806      	SWAPF       R6, 0, 0
;__Lib_MathDouble.c,996 :: 		
0x077C	0x0B0F      	ANDLW       15
;__Lib_MathDouble.c,997 :: 		
0x077E	0x6E06      	MOVWF       R6, 0
;__Lib_MathDouble.c,998 :: 		
0x0780	0x4E07      	DCFSNZ      R7, 1, 0
;__Lib_MathDouble.c,999 :: 		
0x0782	0xF003EFD8  	GOTO        ALIGNED32
;__Lib_MathDouble.c,1001 :: 		
ALOOP32:
;__Lib_MathDouble.c,1002 :: 		
0x0786	0x90D8      	BCF         STATUS, 0, 0
;__Lib_MathDouble.c,1003 :: 		
0x0788	0x3206      	RRCF        R6, 1, 0
;__Lib_MathDouble.c,1004 :: 		
0x078A	0x3205      	RRCF        R5, 1, 0
;__Lib_MathDouble.c,1005 :: 		
0x078C	0x3204      	RRCF        R4, 1, 0
;__Lib_MathDouble.c,1006 :: 		
0x078E	0x3209      	RRCF        R9, 1, 0
;__Lib_MathDouble.c,1007 :: 		
0x0790	0x4E07      	DCFSNZ      R7, 1, 0
;__Lib_MathDouble.c,1008 :: 		
0x0792	0xF003EFD8  	GOTO        ALIGNED32
;__Lib_MathDouble.c,1009 :: 		
0x0796	0x90D8      	BCF         STATUS, 0, 0
;__Lib_MathDouble.c,1010 :: 		
0x0798	0x3206      	RRCF        R6, 1, 0
;__Lib_MathDouble.c,1011 :: 		
0x079A	0x3205      	RRCF        R5, 1, 0
;__Lib_MathDouble.c,1012 :: 		
0x079C	0x3204      	RRCF        R4, 1, 0
;__Lib_MathDouble.c,1013 :: 		
0x079E	0x3209      	RRCF        R9, 1, 0
;__Lib_MathDouble.c,1014 :: 		
0x07A0	0x4E07      	DCFSNZ      R7, 1, 0
;__Lib_MathDouble.c,1015 :: 		
0x07A2	0xF003EFD8  	GOTO        ALIGNED32
;__Lib_MathDouble.c,1016 :: 		
0x07A6	0x90D8      	BCF         STATUS, 0, 0
;__Lib_MathDouble.c,1017 :: 		
0x07A8	0x3206      	RRCF        R6, 1, 0
;__Lib_MathDouble.c,1018 :: 		
0x07AA	0x3205      	RRCF        R5, 1, 0
;__Lib_MathDouble.c,1019 :: 		
0x07AC	0x3204      	RRCF        R4, 1, 0
;__Lib_MathDouble.c,1020 :: 		
0x07AE	0x3209      	RRCF        R9, 1, 0
;__Lib_MathDouble.c,1022 :: 		
ALIGNED32:
;__Lib_MathDouble.c,1023 :: 		
0x07B0	0x6A08      	CLRF        R8, 0
;__Lib_MathDouble.c,1024 :: 		
0x07B2	0x0E00      	MOVLW       0
;__Lib_MathDouble.c,1025 :: 		
0x07B4	0xAE0E      	BTFSS       R14, 7, 0
;__Lib_MathDouble.c,1026 :: 		
0x07B6	0xF003EFE5  	GOTO        AOK32
;__Lib_MathDouble.c,1027 :: 		
0x07BA	0x1E09      	COMF        R9, 1, 0
;__Lib_MathDouble.c,1028 :: 		
0x07BC	0x1E04      	COMF        R4, 1, 0
;__Lib_MathDouble.c,1029 :: 		
0x07BE	0x1E05      	COMF        R5, 1, 0
;__Lib_MathDouble.c,1030 :: 		
0x07C0	0x1E06      	COMF        R6, 1, 0
;__Lib_MathDouble.c,1031 :: 		
0x07C2	0x2A09      	INCF        R9, 1, 0
;__Lib_MathDouble.c,1032 :: 		
0x07C4	0x2204      	ADDWFC      R4, 1, 0
;__Lib_MathDouble.c,1033 :: 		
0x07C6	0x2205      	ADDWFC      R5, 1, 0
;__Lib_MathDouble.c,1034 :: 		
0x07C8	0x2206      	ADDWFC      R6, 1, 0
;__Lib_MathDouble.c,1036 :: 		
AOK32:
;__Lib_MathDouble.c,1037 :: 		
0x07CA	0x5009      	MOVF        R9, 0, 0
;__Lib_MathDouble.c,1038 :: 		
0x07CC	0x2608      	ADDWF       R8, 1, 0
;__Lib_MathDouble.c,1039 :: 		
0x07CE	0x5004      	MOVF        R4, 0, 0
;__Lib_MathDouble.c,1040 :: 		
0x07D0	0x2200      	ADDWFC      R0, 1, 0
;__Lib_MathDouble.c,1041 :: 		
0x07D2	0x5005      	MOVF        R5, 0, 0
;__Lib_MathDouble.c,1042 :: 		
0x07D4	0x2201      	ADDWFC      R1, 1, 0
;__Lib_MathDouble.c,1043 :: 		
0x07D6	0x5006      	MOVF        R6, 0, 0
;__Lib_MathDouble.c,1044 :: 		
0x07D8	0x2202      	ADDWFC      R2, 1, 0
;__Lib_MathDouble.c,1046 :: 		
0x07DA	0xBE0E      	BTFSC       R14, 7, 0
;__Lib_MathDouble.c,1047 :: 		
0x07DC	0xF003EFFC  	GOTO        ACOMP32
;__Lib_MathDouble.c,1048 :: 		
0x07E0	0xA0D8      	BTFSS       STATUS, 0, 0
;__Lib_MathDouble.c,1049 :: 		
0x07E2	0xF004EF0B  	GOTO        ADDJPNRMRND4032
;__Lib_MathDouble.c,1051 :: 		
0x07E6	0x3202      	RRCF        R2, 1, 0
;__Lib_MathDouble.c,1052 :: 		
0x07E8	0x3201      	RRCF        R1, 1, 0
;__Lib_MathDouble.c,1053 :: 		
0x07EA	0x3200      	RRCF        R0, 1, 0
;__Lib_MathDouble.c,1054 :: 		
0x07EC	0x3208      	RRCF        R8, 1, 0
;__Lib_MathDouble.c,1055 :: 		
0x07EE	0x3E03      	INCFSZ      R3, 1, 0
;__Lib_MathDouble.c,1056 :: 		
0x07F0	0xF004EF0B  	GOTO        ADDJPNRMRND4032
;__Lib_MathDouble.c,1057 :: 		
0x07F4	0xF004EF15  	GOTO        ADDJPSETFOV32
;__Lib_MathDouble.c,1059 :: 		
ACOMP32:
;__Lib_MathDouble.c,1060 :: 		
0x07F8	0xB0D8      	BTFSC       STATUS, 0, 0
;__Lib_MathDouble.c,1061 :: 		
0x07FA	0xF004EF10  	GOTO        ADDJPNRM4032
;__Lib_MathDouble.c,1062 :: 		
0x07FE	0x0E00      	MOVLW       0
;__Lib_MathDouble.c,1063 :: 		
0x0800	0x1E08      	COMF        R8, 1, 0
;__Lib_MathDouble.c,1064 :: 		
0x0802	0x1E00      	COMF        R0, 1, 0
;__Lib_MathDouble.c,1065 :: 		
0x0804	0x1E01      	COMF        R1, 1, 0
;__Lib_MathDouble.c,1066 :: 		
0x0806	0x1E02      	COMF        R2, 1, 0
;__Lib_MathDouble.c,1067 :: 		
0x0808	0x2A08      	INCF        R8, 1, 0
;__Lib_MathDouble.c,1068 :: 		
0x080A	0x2200      	ADDWFC      R0, 1, 0
;__Lib_MathDouble.c,1069 :: 		
0x080C	0x2201      	ADDWFC      R1, 1, 0
;__Lib_MathDouble.c,1070 :: 		
0x080E	0x2202      	ADDWFC      R2, 1, 0
;__Lib_MathDouble.c,1071 :: 		
0x0810	0x7E0A      	BTG         R10, 7, 0
;__Lib_MathDouble.c,1072 :: 		
0x0812	0xF004EF10  	GOTO        ADDJPNRM4032
;__Lib_MathDouble.c,1074 :: 		
ADDJPNRMRND4032:
;__Lib_MathDouble.c,1075 :: 		
0x0816	0x0E01      	MOVLW       1
;__Lib_MathDouble.c,1076 :: 		
0x0818	0x6E0C      	MOVWF       R12, 0
;__Lib_MathDouble.c,1078 :: 		
0x081A	0xDCD1      	RCALL       _NRM4032
;__Lib_MathDouble.c,1080 :: 		
0x081C	0xF004EF1C  	GOTO        ADDEEE
;__Lib_MathDouble.c,1081 :: 		
ADDJPNRM4032:
;__Lib_MathDouble.c,1082 :: 		
0x0820	0x0E02      	MOVLW       2
;__Lib_MathDouble.c,1083 :: 		
0x0822	0x6E0C      	MOVWF       R12, 0
;__Lib_MathDouble.c,1085 :: 		
0x0824	0xDCCC      	RCALL       _NRM4032
;__Lib_MathDouble.c,1087 :: 		
0x0826	0xF004EF1C  	GOTO        ADDEEE
;__Lib_MathDouble.c,1088 :: 		
ADDJPSETFOV32:
;__Lib_MathDouble.c,1089 :: 		
0x082A	0x0E04      	MOVLW       4
;__Lib_MathDouble.c,1090 :: 		
0x082C	0x6E0C      	MOVWF       R12, 0
;__Lib_MathDouble.c,1092 :: 		
0x082E	0xDCB4      	RCALL       _SETFOV32
;__Lib_MathDouble.c,1094 :: 		
0x0830	0xF004EF1C  	GOTO        ADDEEE
;__Lib_MathDouble.c,1095 :: 		
ADDEOK:
;__Lib_MathDouble.c,1096 :: 		
0x0834	0x0E00      	MOVLW       0
;__Lib_MathDouble.c,1097 :: 		
0x0836	0x6E0C      	MOVWF       R12, 0
;__Lib_MathDouble.c,1098 :: 		
ADDEEE:
;__Lib_MathDouble.c,1105 :: 		
L_end_Add_32x32_FP:
0x0838	0x0012      	RETURN      0
; end of _Add_32x32_FP
_word2double:
;__Lib_MathDouble.c,2335 :: 		
;__Lib_MathDouble.c,2344 :: 		
0x083A	0x5000      	MOVF        R0, 0, 0
;__Lib_MathDouble.c,2345 :: 		
0x083C	0x6E08      	MOVWF       R8, 0
;__Lib_MathDouble.c,2346 :: 		
0x083E	0x5001      	MOVF        R1, 0, 0
;__Lib_MathDouble.c,2347 :: 		
0x0840	0x6E00      	MOVWF       R0, 0
;__Lib_MathDouble.c,2348 :: 		
0x0842	0x6A01      	CLRF        R1, 0
;__Lib_MathDouble.c,2349 :: 		
0x0844	0x6A02      	CLRF        R2, 0
;__Lib_MathDouble.c,2350 :: 		
0x0846	0x6A03      	CLRF        R3, 0
;__Lib_MathDouble.c,2353 :: 		
0x0848	0x6A0B      	CLRF        R11, 0
;__Lib_MathDouble.c,2354 :: 		
0x084A	0x6A0C      	CLRF        R12, 0
;__Lib_MathDouble.c,2356 :: 		
0x084C	0x0E96      	MOVLW       150
;__Lib_MathDouble.c,2357 :: 		
0x084E	0x6E03      	MOVWF       R3, 0
;__Lib_MathDouble.c,2358 :: 		
0x0850	0x6A0A      	CLRF        R10, 0
;__Lib_MathDouble.c,2360 :: 		
0x0852	0xF001C000  	MOVFF       R0, R1
;__Lib_MathDouble.c,2361 :: 		
0x0856	0xF000C008  	MOVFF       R8, R0
;__Lib_MathDouble.c,2362 :: 		
0x085A	0x6A08      	CLRF        R8, 0
;__Lib_MathDouble.c,2363 :: 		
0x085C	0x6A02      	CLRF        R2, 0
;__Lib_MathDouble.c,2365 :: 		
0x085E	0xDDA0      	RCALL       _NRM3232
;__Lib_MathDouble.c,2366 :: 		
L_end_word2double:
0x0860	0x0012      	RETURN      0
; end of _word2double
___CC2DW:
;__Lib_System.c,21 :: 		
;__Lib_System.c,23 :: 		
_CC2DL_Loop1:
;__Lib_System.c,24 :: 		
0x0862	0x0009      	TBLRD*+
;__Lib_System.c,25 :: 		
0x0864	0xFFE6CFF5  	MOVFF       TABLAT, POSTINC1
;__Lib_System.c,26 :: 		
0x0868	0x0600      	DECF        R0, 1, 0
;__Lib_System.c,27 :: 		
0x086A	0xE1FB      	BNZ         _CC2DL_Loop1
;__Lib_System.c,28 :: 		
0x086C	0x0601      	DECF        R1, 1, 0
;__Lib_System.c,29 :: 		
0x086E	0xE1F9      	BNZ         _CC2DL_Loop1
;__Lib_System.c,31 :: 		
L_end___CC2DW:
0x0870	0x0012      	RETURN      0
; end of ___CC2DW
_UART1_Init:
;__Lib_UART_c67.c,15 :: 		
;__Lib_UART_c67.c,18 :: 		
0x0872	0x0E6E      	MOVLW       _UART1_Write
0x0874	0x6E2C      	MOVWF       _UART_Wr_Ptr 
0x0876	0x0E0B      	MOVLW       hi_addr(_UART1_Write)
0x0878	0x6E2D      	MOVWF       _UART_Wr_Ptr+1 
0x087A	0x0E38      	MOVLW       FARG_UART1_Write_data_
0x087C	0x6E2E      	MOVWF       _UART_Wr_Ptr+2 
0x087E	0x0E00      	MOVLW       hi_addr(FARG_UART1_Write_data_)
0x0880	0x6E2F      	MOVWF       _UART_Wr_Ptr+3 
;__Lib_UART_c67.c,19 :: 		
0x0882	0x0EFF      	MOVLW       _UART1_Read
0x0884	0x6E28      	MOVWF       _UART_Rd_Ptr 
0x0886	0x0EFF      	MOVLW       hi_addr(_UART1_Read)
0x0888	0x6E29      	MOVWF       _UART_Rd_Ptr+1 
0x088A	0x0E00      	MOVLW       0
0x088C	0x6E2A      	MOVWF       _UART_Rd_Ptr+2 
0x088E	0x0E00      	MOVLW       0
0x0890	0x6E2B      	MOVWF       _UART_Rd_Ptr+3 
;__Lib_UART_c67.c,20 :: 		
0x0892	0x0EFF      	MOVLW       _UART1_Data_Ready
0x0894	0x6E34      	MOVWF       _UART_Rdy_Ptr 
0x0896	0x0EFF      	MOVLW       hi_addr(_UART1_Data_Ready)
0x0898	0x6E35      	MOVWF       _UART_Rdy_Ptr+1 
0x089A	0x0E00      	MOVLW       0
0x089C	0x6E36      	MOVWF       _UART_Rdy_Ptr+2 
0x089E	0x0E00      	MOVLW       0
0x08A0	0x6E37      	MOVWF       _UART_Rdy_Ptr+3 
;__Lib_UART_c67.c,21 :: 		
0x08A2	0x0EFF      	MOVLW       _UART1_Tx_Idle
0x08A4	0x6E30      	MOVWF       _UART_Tx_Idle_Ptr 
0x08A6	0x0EFF      	MOVLW       hi_addr(_UART1_Tx_Idle)
0x08A8	0x6E31      	MOVWF       _UART_Tx_Idle_Ptr+1 
0x08AA	0x0E00      	MOVLW       0
0x08AC	0x6E32      	MOVWF       _UART_Tx_Idle_Ptr+2 
0x08AE	0x0E00      	MOVLW       0
0x08B0	0x6E33      	MOVWF       _UART_Tx_Idle_Ptr+3 
;__Lib_UART_c67.c,23 :: 		
0x08B2	0x8AAC      	BSF         TXSTA, 5 
;__Lib_UART_c67.c,24 :: 		
0x08B4	0x0E90      	MOVLW       144
0x08B6	0x6EAB      	MOVWF       RCSTA 
;__Lib_UART_c67.c,25 :: 		
0x08B8	0x8E94      	BSF         TRISC7_bit, BitPos(TRISC7_bit+0) 
;__Lib_UART_c67.c,26 :: 		
0x08BA	0x9C94      	BCF         TRISC6_bit, BitPos(TRISC6_bit+0) 
;__Lib_UART_c67.c,28 :: 		
L_UART1_Init0:
0x08BC	0xAA9E      	BTFSS       PIR1, 5 
0x08BE	0xD003      	BRA         L_UART1_Init1
;__Lib_UART_c67.c,29 :: 		
0x08C0	0xF000CFAE  	MOVFF       RCREG, R0
0x08C4	0xD7FB      	BRA         L_UART1_Init0
L_UART1_Init1:
;__Lib_UART_c67.c,30 :: 		
L_end_UART1_Init:
0x08C6	0x0012      	RETURN      0
; end of _UART1_Init
_Mul_32x32_FP:
;__Lib_MathDouble.c,1130 :: 		
;__Lib_MathDouble.c,1148 :: 		
0x08C8	0x6A08      	CLRF        R8, 0
;__Lib_MathDouble.c,1149 :: 		
0x08CA	0x6A09      	CLRF        R9, 0
;__Lib_MathDouble.c,1151 :: 		
0x08CC	0x0E00      	MOVLW       0
;__Lib_MathDouble.c,1152 :: 		
0x08CE	0x6207      	CPFSEQ      R7, 0
;__Lib_MathDouble.c,1153 :: 		
0x08D0	0x6403      	CPFSGT      R3, 0
;__Lib_MathDouble.c,1154 :: 		
0x08D2	0xF004EFE9  	GOTO        MULJPRES032
;__Lib_MathDouble.c,1157 :: 		
0x08D6	0x5002      	MOVF        R2, 0, 0
;__Lib_MathDouble.c,1158 :: 		
0x08D8	0x1806      	XORWF       R6, 0, 0
;__Lib_MathDouble.c,1159 :: 		
0x08DA	0x6E0A      	MOVWF       R10, 0
;__Lib_MathDouble.c,1161 :: 		
0x08DC	0x5007      	MOVF        R7, 0, 0
;__Lib_MathDouble.c,1162 :: 		
0x08DE	0x2603      	ADDWF       R3, 1, 0
;__Lib_MathDouble.c,1163 :: 		
0x08E0	0x0E7E      	MOVLW       126
;__Lib_MathDouble.c,1164 :: 		
0x08E2	0xA0D8      	BTFSS       STATUS, 0, 0
;__Lib_MathDouble.c,1165 :: 		
0x08E4	0xF004EF7A  	GOTO        MTUN32
;__Lib_MathDouble.c,1167 :: 		
0x08E8	0x5E03      	SUBWF       R3, 1, 0
;__Lib_MathDouble.c,1168 :: 		
0x08EA	0xB0D8      	BTFSC       STATUS, 0, 0
;__Lib_MathDouble.c,1169 :: 		
0x08EC	0xF004EFEE  	GOTO        MULJPSETFOV32
;__Lib_MathDouble.c,1170 :: 		
0x08F0	0xF004EF7E  	GOTO        MOK32
;__Lib_MathDouble.c,1172 :: 		
MTUN32:
;__Lib_MathDouble.c,1173 :: 		
0x08F4	0x5E03      	SUBWF       R3, 1, 0
;__Lib_MathDouble.c,1174 :: 		
0x08F6	0xA0D8      	BTFSS       STATUS, 0, 0
;__Lib_MathDouble.c,1175 :: 		
0x08F8	0xF004EFF3  	GOTO        MULJPSETFUN32
;__Lib_MathDouble.c,1177 :: 		
MOK32:
;__Lib_MathDouble.c,1178 :: 		
0x08FC	0x8E02      	BSF         R2, 7, 0
;__Lib_MathDouble.c,1179 :: 		
0x08FE	0x8E06      	BSF         R6, 7, 0
;__Lib_MathDouble.c,1181 :: 		
0x0900	0xF00EC002  	MOVFF       R2, R14
;__Lib_MathDouble.c,1182 :: 		
0x0904	0xF00BC001  	MOVFF       R1, R11
;__Lib_MathDouble.c,1183 :: 		
0x0908	0xF00DC000  	MOVFF       R0, R13
;__Lib_MathDouble.c,1185 :: 		
0x090C	0x5000      	MOVF        R0, 0, 0
;__Lib_MathDouble.c,1186 :: 		
0x090E	0x0204      	MULWF       R4, 0
;__Lib_MathDouble.c,1187 :: 		
0x0910	0xF00CCFF4  	MOVFF       PRODH, R12
;__Lib_MathDouble.c,1189 :: 		
0x0914	0x5001      	MOVF        R1, 0, 0
;__Lib_MathDouble.c,1190 :: 		
0x0916	0x0205      	MULWF       R5, 0
;__Lib_MathDouble.c,1191 :: 		
0x0918	0xF000CFF4  	MOVFF       PRODH, R0
;__Lib_MathDouble.c,1192 :: 		
0x091C	0xF008CFF3  	MOVFF       PRODL, R8
;__Lib_MathDouble.c,1194 :: 		
0x0920	0x0204      	MULWF       R4, 0
;__Lib_MathDouble.c,1195 :: 		
0x0922	0x50F3      	MOVF        PRODL, 0, 0
;__Lib_MathDouble.c,1196 :: 		
0x0924	0x260C      	ADDWF       R12, 1, 0
;__Lib_MathDouble.c,1197 :: 		
0x0926	0x50F4      	MOVF        PRODH, 0, 0
;__Lib_MathDouble.c,1198 :: 		
0x0928	0x2208      	ADDWFC      R8, 1, 0
;__Lib_MathDouble.c,1199 :: 		
0x092A	0x0E00      	MOVLW       0
;__Lib_MathDouble.c,1200 :: 		
0x092C	0x2200      	ADDWFC      R0, 1, 0
;__Lib_MathDouble.c,1202 :: 		
0x092E	0x500D      	MOVF        R13, 0, 0
;__Lib_MathDouble.c,1203 :: 		
0x0930	0x0205      	MULWF       R5, 0
;__Lib_MathDouble.c,1204 :: 		
0x0932	0x50F3      	MOVF        PRODL, 0, 0
;__Lib_MathDouble.c,1205 :: 		
0x0934	0x260C      	ADDWF       R12, 1, 0
;__Lib_MathDouble.c,1206 :: 		
0x0936	0x50F4      	MOVF        PRODH, 0, 0
;__Lib_MathDouble.c,1207 :: 		
0x0938	0x2208      	ADDWFC      R8, 1, 0
;__Lib_MathDouble.c,1208 :: 		
0x093A	0x0E00      	MOVLW       0
;__Lib_MathDouble.c,1209 :: 		
0x093C	0x2200      	ADDWFC      R0, 1, 0
;__Lib_MathDouble.c,1211 :: 		
0x093E	0x5002      	MOVF        R2, 0, 0
;__Lib_MathDouble.c,1212 :: 		
0x0940	0x0204      	MULWF       R4, 0
;__Lib_MathDouble.c,1213 :: 		
0x0942	0x50F3      	MOVF        PRODL, 0, 0
;__Lib_MathDouble.c,1214 :: 		
0x0944	0x2608      	ADDWF       R8, 1, 0
;__Lib_MathDouble.c,1215 :: 		
0x0946	0x50F4      	MOVF        PRODH, 0, 0
;__Lib_MathDouble.c,1216 :: 		
0x0948	0x2200      	ADDWFC      R0, 1, 0
;__Lib_MathDouble.c,1217 :: 		
0x094A	0x5002      	MOVF        R2, 0, 0
;__Lib_MathDouble.c,1218 :: 		
0x094C	0x0205      	MULWF       R5, 0
;__Lib_MathDouble.c,1219 :: 		
0x094E	0x6A01      	CLRF        R1, 0
;__Lib_MathDouble.c,1220 :: 		
0x0950	0x0E00      	MOVLW       0
;__Lib_MathDouble.c,1221 :: 		
0x0952	0x2201      	ADDWFC      R1, 1, 0
;__Lib_MathDouble.c,1222 :: 		
0x0954	0x50F3      	MOVF        PRODL, 0, 0
;__Lib_MathDouble.c,1223 :: 		
0x0956	0x2600      	ADDWF       R0, 1, 0
;__Lib_MathDouble.c,1224 :: 		
0x0958	0x50F4      	MOVF        PRODH, 0, 0
;__Lib_MathDouble.c,1225 :: 		
0x095A	0x2201      	ADDWFC      R1, 1, 0
;__Lib_MathDouble.c,1227 :: 		
0x095C	0x500D      	MOVF        R13, 0, 0
;__Lib_MathDouble.c,1228 :: 		
0x095E	0x0206      	MULWF       R6, 0
;__Lib_MathDouble.c,1229 :: 		
0x0960	0x50F3      	MOVF        PRODL, 0, 0
;__Lib_MathDouble.c,1230 :: 		
0x0962	0x2608      	ADDWF       R8, 1, 0
;__Lib_MathDouble.c,1231 :: 		
0x0964	0x50F4      	MOVF        PRODH, 0, 0
;__Lib_MathDouble.c,1232 :: 		
0x0966	0x2200      	ADDWFC      R0, 1, 0
;__Lib_MathDouble.c,1233 :: 		
0x0968	0x6A02      	CLRF        R2, 0
;__Lib_MathDouble.c,1234 :: 		
0x096A	0x0E00      	MOVLW       0
;__Lib_MathDouble.c,1235 :: 		
0x096C	0x2201      	ADDWFC      R1, 1, 0
;__Lib_MathDouble.c,1236 :: 		
0x096E	0x2202      	ADDWFC      R2, 1, 0
;__Lib_MathDouble.c,1238 :: 		
0x0970	0x500B      	MOVF        R11, 0, 0
;__Lib_MathDouble.c,1239 :: 		
0x0972	0x0206      	MULWF       R6, 0
;__Lib_MathDouble.c,1240 :: 		
0x0974	0x50F3      	MOVF        PRODL, 0, 0
;__Lib_MathDouble.c,1241 :: 		
0x0976	0x2600      	ADDWF       R0, 1, 0
;__Lib_MathDouble.c,1242 :: 		
0x0978	0x50F4      	MOVF        PRODH, 0, 0
;__Lib_MathDouble.c,1243 :: 		
0x097A	0x2201      	ADDWFC      R1, 1, 0
;__Lib_MathDouble.c,1244 :: 		
0x097C	0x0E00      	MOVLW       0
;__Lib_MathDouble.c,1245 :: 		
0x097E	0x2202      	ADDWFC      R2, 1, 0
;__Lib_MathDouble.c,1247 :: 		
0x0980	0x500E      	MOVF        R14, 0, 0
;__Lib_MathDouble.c,1248 :: 		
0x0982	0x0206      	MULWF       R6, 0
;__Lib_MathDouble.c,1249 :: 		
0x0984	0x50F3      	MOVF        PRODL, 0, 0
;__Lib_MathDouble.c,1250 :: 		
0x0986	0x2601      	ADDWF       R1, 1, 0
;__Lib_MathDouble.c,1251 :: 		
0x0988	0x50F4      	MOVF        PRODH, 0, 0
;__Lib_MathDouble.c,1252 :: 		
0x098A	0x2202      	ADDWFC      R2, 1, 0
;__Lib_MathDouble.c,1254 :: 		
0x098C	0xBE02      	BTFSC       R2, 7, 0
;__Lib_MathDouble.c,1255 :: 		
0x098E	0xF004EFD1  	GOTO        MROUND32
;__Lib_MathDouble.c,1256 :: 		
0x0992	0x3608      	RLCF        R8, 1, 0
;__Lib_MathDouble.c,1257 :: 		
0x0994	0x3600      	RLCF        R0, 1, 0
;__Lib_MathDouble.c,1258 :: 		
0x0996	0x3601      	RLCF        R1, 1, 0
;__Lib_MathDouble.c,1259 :: 		
0x0998	0x3602      	RLCF        R2, 1, 0
;__Lib_MathDouble.c,1260 :: 		
0x099A	0x0603      	DECF        R3, 1, 0
;__Lib_MathDouble.c,1261 :: 		
0x099C	0xB4D8      	BTFSC       STATUS, 2, 0
;__Lib_MathDouble.c,1262 :: 		
0x099E	0xF004EFF3  	GOTO        MULJPSETFUN32
;__Lib_MathDouble.c,1264 :: 		
MROUND32:
;__Lib_MathDouble.c,1267 :: 		
0x09A2	0xF004EFE4  	GOTO        MUL32OK
;__Lib_MathDouble.c,1268 :: 		
0x09A6	0x80D8      	BSF         STATUS, 0, 0
;__Lib_MathDouble.c,1269 :: 		
0x09A8	0x0E80      	MOVLW       128
;__Lib_MathDouble.c,1270 :: 		
0x09AA	0x6408      	CPFSGT      R8, 0
;__Lib_MathDouble.c,1271 :: 		
0x09AC	0x3000      	RRCF        R0, 0, 0
;__Lib_MathDouble.c,1272 :: 		
0x09AE	0x0E00      	MOVLW       0
;__Lib_MathDouble.c,1273 :: 		
0x09B0	0x2200      	ADDWFC      R0, 1, 0
;__Lib_MathDouble.c,1274 :: 		
0x09B2	0x2201      	ADDWFC      R1, 1, 0
;__Lib_MathDouble.c,1275 :: 		
0x09B4	0x2202      	ADDWFC      R2, 1, 0
;__Lib_MathDouble.c,1277 :: 		
0x09B6	0xA0D8      	BTFSS       STATUS, 0, 0
;__Lib_MathDouble.c,1278 :: 		
0x09B8	0xF004EFE4  	GOTO        MUL32OK
;__Lib_MathDouble.c,1279 :: 		
0x09BC	0x3202      	RRCF        R2, 1, 0
;__Lib_MathDouble.c,1280 :: 		
0x09BE	0x3201      	RRCF        R1, 1, 0
;__Lib_MathDouble.c,1281 :: 		
0x09C0	0x3200      	RRCF        R0, 1, 0
;__Lib_MathDouble.c,1282 :: 		
0x09C2	0x4A03      	INFSNZ      R3, 1, 0
;__Lib_MathDouble.c,1283 :: 		
0x09C4	0xF004EFEE  	GOTO        MULJPSETFOV32
;__Lib_MathDouble.c,1285 :: 		
MUL32OK:
;__Lib_MathDouble.c,1286 :: 		
0x09C8	0xAE0A      	BTFSS       R10, 7, 0
;__Lib_MathDouble.c,1287 :: 		
0x09CA	0x9E02      	BCF         R2, 7, 0
;__Lib_MathDouble.c,1289 :: 		
0x09CC	0x0E00      	MOVLW       0
;__Lib_MathDouble.c,1290 :: 		
0x09CE	0xF004EFF6  	GOTO        MULEEE
;__Lib_MathDouble.c,1291 :: 		
MULJPRES032:
;__Lib_MathDouble.c,1292 :: 		
0x09D2	0x0E01      	MOVLW       1
;__Lib_MathDouble.c,1295 :: 		
0x09D4	0xF000ECD8  	CALL        _RES032, 0
;__Lib_MathDouble.c,1297 :: 		
0x09D8	0xF004EFF6  	GOTO        MULEEE
;__Lib_MathDouble.c,1298 :: 		
MULJPSETFOV32:
;__Lib_MathDouble.c,1299 :: 		
0x09DC	0x0E02      	MOVLW       2
;__Lib_MathDouble.c,1302 :: 		
0x09DE	0xF000ECCC  	CALL        _SETFOV32, 0
;__Lib_MathDouble.c,1304 :: 		
0x09E2	0xF004EFF6  	GOTO        MULEEE
;__Lib_MathDouble.c,1305 :: 		
MULJPSETFUN32:
;__Lib_MathDouble.c,1306 :: 		
0x09E6	0x0E04      	MOVLW       4
;__Lib_MathDouble.c,1309 :: 		
0x09E8	0xF000ECBF  	CALL        _SETFUN32, 0
;__Lib_MathDouble.c,1311 :: 		
MULEEE:
;__Lib_MathDouble.c,1318 :: 		
L_end_Mul_32x32_FP:
0x09EC	0x0012      	RETURN      0
; end of _Mul_32x32_FP
_Sub_32x32_FP:
;__Lib_MathDouble.c,1113 :: 		
;__Lib_MathDouble.c,1118 :: 		
0x09EE	0x7E06      	BTG         R6, 7, 0
;__Lib_MathDouble.c,1120 :: 		
0x09F0	0xDD14      	RCALL       _Add_32x32_FP
;__Lib_MathDouble.c,1121 :: 		
L_end_Sub_32x32_FP:
0x09F2	0x0012      	RETURN      0
; end of _Sub_32x32_FP
_Div_32x32_FP:
;__Lib_MathDouble.c,1325 :: 		
;__Lib_MathDouble.c,1339 :: 		
0x09F4	0x5004      	MOVF        R4, 0 
0x09F6	0x0A00      	XORLW       0
0x09F8	0xE112      	BNZ         L_Div_32x32_FP11
;__Lib_MathDouble.c,1340 :: 		
0x09FA	0x5005      	MOVF        R5, 0 
0x09FC	0x0A00      	XORLW       0
0x09FE	0xE10F      	BNZ         L_Div_32x32_FP12
;__Lib_MathDouble.c,1341 :: 		
0x0A00	0x5006      	MOVF        R6, 0 
0x0A02	0x0A00      	XORLW       0
0x0A04	0xE10C      	BNZ         L_Div_32x32_FP13
;__Lib_MathDouble.c,1342 :: 		
0x0A06	0x5007      	MOVF        R7, 0 
0x0A08	0x0A00      	XORLW       0
0x0A0A	0xE109      	BNZ         L_Div_32x32_FP14
;__Lib_MathDouble.c,1343 :: 		
0x0A0C	0x0EFF      	MOVLW       255
0x0A0E	0x6E00      	MOVWF       R0 
;__Lib_MathDouble.c,1344 :: 		
0x0A10	0x0EFF      	MOVLW       255
0x0A12	0x6E01      	MOVWF       R1 
;__Lib_MathDouble.c,1345 :: 		
0x0A14	0x0E7F      	MOVLW       127
0x0A16	0x6E02      	MOVWF       R2 
;__Lib_MathDouble.c,1346 :: 		
0x0A18	0x0EFF      	MOVLW       255
0x0A1A	0x6E03      	MOVWF       R3 
;__Lib_MathDouble.c,1347 :: 		
0x0A1C	0xD0A7      	BRA         L_end_Div_32x32_FP
;__Lib_MathDouble.c,1348 :: 		
L_Div_32x32_FP14:
L_Div_32x32_FP13:
L_Div_32x32_FP12:
L_Div_32x32_FP11:
;__Lib_MathDouble.c,1353 :: 		
0x0A1E	0x6A08      	CLRF        R8, 0
;__Lib_MathDouble.c,1354 :: 		
0x0A20	0x6A09      	CLRF        R9, 0
;__Lib_MathDouble.c,1356 :: 		
0x0A22	0x5007      	MOVF        R7, 0, 0
;__Lib_MathDouble.c,1357 :: 		
0x0A24	0xB4D8      	BTFSC       STATUS, 2, 0
;__Lib_MathDouble.c,1358 :: 		
0x0A26	0xF005EFA5  	GOTO        JPDSETFDZ32
;__Lib_MathDouble.c,1360 :: 		
0x0A2A	0x5003      	MOVF        R3, 0, 0
;__Lib_MathDouble.c,1361 :: 		
0x0A2C	0xB4D8      	BTFSC       STATUS, 2, 0
;__Lib_MathDouble.c,1362 :: 		
0x0A2E	0xF005EFA9  	GOTO        JPDRES032
;__Lib_MathDouble.c,1364 :: 		
0x0A32	0x5002      	MOVF        R2, 0, 0
;__Lib_MathDouble.c,1365 :: 		
0x0A34	0x1806      	XORWF       R6, 0, 0
;__Lib_MathDouble.c,1366 :: 		
0x0A36	0x6E0A      	MOVWF       R10, 0
;__Lib_MathDouble.c,1367 :: 		
0x0A38	0x8E02      	BSF         R2, 7, 0
;__Lib_MathDouble.c,1368 :: 		
0x0A3A	0x8E06      	BSF         R6, 7, 0
;__Lib_MathDouble.c,1370 :: 		
0x0A3C	0x6A0E      	CLRF        R14, 0
;__Lib_MathDouble.c,1371 :: 		
0x0A3E	0xF008C002  	MOVFF       R2, R8
;__Lib_MathDouble.c,1372 :: 		
0x0A42	0xF00CC001  	MOVFF       R1, R12
;__Lib_MathDouble.c,1373 :: 		
0x0A46	0xF00DC000  	MOVFF       R0, R13
;__Lib_MathDouble.c,1375 :: 		
0x0A4A	0x5004      	MOVF        R4, 0, 0
;__Lib_MathDouble.c,1376 :: 		
0x0A4C	0x5E0D      	SUBWF       R13, 1, 0
;__Lib_MathDouble.c,1377 :: 		
0x0A4E	0x5005      	MOVF        R5, 0, 0
;__Lib_MathDouble.c,1378 :: 		
0x0A50	0xA0D8      	BTFSS       STATUS, 0, 0
;__Lib_MathDouble.c,1379 :: 		
0x0A52	0x3C05      	INCFSZ      R5, 0, 0
;__Lib_MathDouble.c,1381 :: 		
0x0A54	0x5E0C      	SUBWF       R12, 1, 0
;__Lib_MathDouble.c,1382 :: 		
0x0A56	0x5006      	MOVF        R6, 0, 0
;__Lib_MathDouble.c,1383 :: 		
0x0A58	0xA0D8      	BTFSS       STATUS, 0, 0
;__Lib_MathDouble.c,1384 :: 		
0x0A5A	0x3C06      	INCFSZ      R6, 0, 0
;__Lib_MathDouble.c,1386 :: 		
0x0A5C	0x5E08      	SUBWF       R8, 1, 0
;__Lib_MathDouble.c,1387 :: 		
0x0A5E	0x6A08      	CLRF        R8, 0
;__Lib_MathDouble.c,1388 :: 		
0x0A60	0x6A0C      	CLRF        R12, 0
;__Lib_MathDouble.c,1389 :: 		
0x0A62	0x6A0D      	CLRF        R13, 0
;__Lib_MathDouble.c,1390 :: 		
0x0A64	0xA0D8      	BTFSS       STATUS, 0, 0
;__Lib_MathDouble.c,1391 :: 		
0x0A66	0xF005EF3C  	GOTO        DALIGN32OK
;__Lib_MathDouble.c,1393 :: 		
0x0A6A	0x90D8      	BCF         STATUS, 0, 0
;__Lib_MathDouble.c,1394 :: 		
0x0A6C	0x3202      	RRCF        R2, 1, 0
;__Lib_MathDouble.c,1395 :: 		
0x0A6E	0x3201      	RRCF        R1, 1, 0
;__Lib_MathDouble.c,1396 :: 		
0x0A70	0x3200      	RRCF        R0, 1, 0
;__Lib_MathDouble.c,1397 :: 		
0x0A72	0x3208      	RRCF        R8, 1, 0
;__Lib_MathDouble.c,1398 :: 		
0x0A74	0x0E01      	MOVLW       1
;__Lib_MathDouble.c,1399 :: 		
0x0A76	0x6E0E      	MOVWF       R14, 0
;__Lib_MathDouble.c,1400 :: 		
DALIGN32OK:
;__Lib_MathDouble.c,1401 :: 		
0x0A78	0x5007      	MOVF        R7, 0, 0
;__Lib_MathDouble.c,1402 :: 		
0x0A7A	0x5E03      	SUBWF       R3, 1, 0
;__Lib_MathDouble.c,1403 :: 		
0x0A7C	0xA0D8      	BTFSS       STATUS, 0, 0
;__Lib_MathDouble.c,1404 :: 		
0x0A7E	0xF005EF49  	GOTO        ALTB32
;__Lib_MathDouble.c,1406 :: 		
0x0A82	0x0E7E      	MOVLW       126
;__Lib_MathDouble.c,1407 :: 		
0x0A84	0x240E      	ADDWF       R14, 0, 0
;__Lib_MathDouble.c,1408 :: 		
0x0A86	0x2603      	ADDWF       R3, 1, 0
;__Lib_MathDouble.c,1409 :: 		
0x0A88	0xB0D8      	BTFSC       STATUS, 0, 0
;__Lib_MathDouble.c,1410 :: 		
0x0A8A	0xF005EFAE  	GOTO        JPDSETFOV32
;__Lib_MathDouble.c,1411 :: 		
0x0A8E	0xF005EF4F  	GOTO        DARGOK32
;__Lib_MathDouble.c,1412 :: 		
ALTB32:
;__Lib_MathDouble.c,1413 :: 		
0x0A92	0x0E7E      	MOVLW       126
;__Lib_MathDouble.c,1414 :: 		
0x0A94	0x240E      	ADDWF       R14, 0, 0
;__Lib_MathDouble.c,1415 :: 		
0x0A96	0x2603      	ADDWF       R3, 1, 0
;__Lib_MathDouble.c,1416 :: 		
0x0A98	0xA0D8      	BTFSS       STATUS, 0, 0
;__Lib_MathDouble.c,1417 :: 		
0x0A9A	0xF005EFB3  	GOTO        JPDSETFUN32
;__Lib_MathDouble.c,1418 :: 		
DARGOK32:
;__Lib_MathDouble.c,1419 :: 		
0x0A9E	0x0E18      	MOVLW       24
;__Lib_MathDouble.c,1420 :: 		
0x0AA0	0x6E0B      	MOVWF       R11, 0
;__Lib_MathDouble.c,1421 :: 		
DLOOP32:
;__Lib_MathDouble.c,1422 :: 		
0x0AA2	0x360D      	RLCF        R13, 1, 0
;__Lib_MathDouble.c,1423 :: 		
0x0AA4	0x360C      	RLCF        R12, 1, 0
;__Lib_MathDouble.c,1424 :: 		
0x0AA6	0x3608      	RLCF        R8, 1, 0
;__Lib_MathDouble.c,1425 :: 		
0x0AA8	0x3600      	RLCF        R0, 1, 0
;__Lib_MathDouble.c,1426 :: 		
0x0AAA	0x3601      	RLCF        R1, 1, 0
;__Lib_MathDouble.c,1427 :: 		
0x0AAC	0x3602      	RLCF        R2, 1, 0
;__Lib_MathDouble.c,1428 :: 		
0x0AAE	0x360E      	RLCF        R14, 1, 0
;__Lib_MathDouble.c,1430 :: 		
0x0AB0	0x5004      	MOVF        R4, 0, 0
;__Lib_MathDouble.c,1431 :: 		
0x0AB2	0x5E00      	SUBWF       R0, 1, 0
;__Lib_MathDouble.c,1432 :: 		
0x0AB4	0x5005      	MOVF        R5, 0, 0
;__Lib_MathDouble.c,1433 :: 		
0x0AB6	0xA0D8      	BTFSS       STATUS, 0, 0
;__Lib_MathDouble.c,1434 :: 		
0x0AB8	0x3C05      	INCFSZ      R5, 0, 0
;__Lib_MathDouble.c,1436 :: 		
0x0ABA	0x5E01      	SUBWF       R1, 1, 0
;__Lib_MathDouble.c,1437 :: 		
0x0ABC	0x5006      	MOVF        R6, 0, 0
;__Lib_MathDouble.c,1438 :: 		
0x0ABE	0xA0D8      	BTFSS       STATUS, 0, 0
;__Lib_MathDouble.c,1439 :: 		
0x0AC0	0x3C06      	INCFSZ      R6, 0, 0
;__Lib_MathDouble.c,1441 :: 		
0x0AC2	0x5E02      	SUBWF       R2, 1, 0
;__Lib_MathDouble.c,1442 :: 		
0x0AC4	0x3406      	RLCF        R6, 0, 0
;__Lib_MathDouble.c,1443 :: 		
0x0AC6	0x120E      	IORWF       R14, 1, 0
;__Lib_MathDouble.c,1444 :: 		
0x0AC8	0xA00E      	BTFSS       R14, 0, 0
;__Lib_MathDouble.c,1445 :: 		
0x0ACA	0xF005EF6A  	GOTO        DREST32
;__Lib_MathDouble.c,1446 :: 		
0x0ACE	0x800D      	BSF         R13, 0, 0
;__Lib_MathDouble.c,1447 :: 		
0x0AD0	0xF005EF75  	GOTO        DOK32
;__Lib_MathDouble.c,1448 :: 		
DREST32:
;__Lib_MathDouble.c,1449 :: 		
0x0AD4	0x5004      	MOVF        R4, 0, 0
;__Lib_MathDouble.c,1450 :: 		
0x0AD6	0x2600      	ADDWF       R0, 1, 0
;__Lib_MathDouble.c,1451 :: 		
0x0AD8	0x5005      	MOVF        R5, 0, 0
;__Lib_MathDouble.c,1452 :: 		
0x0ADA	0xB0D8      	BTFSC       STATUS, 0, 0
;__Lib_MathDouble.c,1453 :: 		
0x0ADC	0x3C05      	INCFSZ      R5, 0, 0
;__Lib_MathDouble.c,1455 :: 		
0x0ADE	0x2601      	ADDWF       R1, 1, 0
;__Lib_MathDouble.c,1456 :: 		
0x0AE0	0x5006      	MOVF        R6, 0, 0
;__Lib_MathDouble.c,1457 :: 		
0x0AE2	0xB0D8      	BTFSC       STATUS, 0, 0
;__Lib_MathDouble.c,1458 :: 		
0x0AE4	0x2806      	INCF        R6, 0, 0
;__Lib_MathDouble.c,1459 :: 		
0x0AE6	0x2602      	ADDWF       R2, 1, 0
;__Lib_MathDouble.c,1460 :: 		
0x0AE8	0x900D      	BCF         R13, 0, 0
;__Lib_MathDouble.c,1461 :: 		
DOK32:
;__Lib_MathDouble.c,1462 :: 		
0x0AEA	0x2E0B      	DECFSZ      R11, 1, 0
;__Lib_MathDouble.c,1463 :: 		
0x0AEC	0xF005EF51  	GOTO        DLOOP32
;__Lib_MathDouble.c,1467 :: 		
0x0AF0	0xF005EF9B  	GOTO        DIV32OK
;__Lib_MathDouble.c,1468 :: 		
0x0AF4	0x90D8      	BCF         STATUS, 0, 0
;__Lib_MathDouble.c,1469 :: 		
0x0AF6	0x3600      	RLCF        R0, 1, 0
;__Lib_MathDouble.c,1470 :: 		
0x0AF8	0x3601      	RLCF        R1, 1, 0
;__Lib_MathDouble.c,1471 :: 		
0x0AFA	0x3602      	RLCF        R2, 1, 0
;__Lib_MathDouble.c,1472 :: 		
0x0AFC	0x360E      	RLCF        R14, 1, 0
;__Lib_MathDouble.c,1474 :: 		
0x0AFE	0x5004      	MOVF        R4, 0, 0
;__Lib_MathDouble.c,1475 :: 		
0x0B00	0x5E00      	SUBWF       R0, 1, 0
;__Lib_MathDouble.c,1476 :: 		
0x0B02	0x5005      	MOVF        R5, 0, 0
;__Lib_MathDouble.c,1477 :: 		
0x0B04	0xA0D8      	BTFSS       STATUS, 0, 0
;__Lib_MathDouble.c,1478 :: 		
0x0B06	0x3C05      	INCFSZ      R5, 0, 0
;__Lib_MathDouble.c,1479 :: 		
0x0B08	0x5E01      	SUBWF       R1, 1, 0
;__Lib_MathDouble.c,1480 :: 		
0x0B0A	0x5006      	MOVF        R6, 0, 0
;__Lib_MathDouble.c,1481 :: 		
0x0B0C	0xA0D8      	BTFSS       STATUS, 0, 0
;__Lib_MathDouble.c,1482 :: 		
0x0B0E	0x3C06      	INCFSZ      R6, 0, 0
;__Lib_MathDouble.c,1483 :: 		
0x0B10	0x5E02      	SUBWF       R2, 1, 0
;__Lib_MathDouble.c,1484 :: 		
0x0B12	0x3406      	RLCF        R6, 0, 0
;__Lib_MathDouble.c,1485 :: 		
0x0B14	0x100E      	IORWF       R14, 0, 0
;__Lib_MathDouble.c,1486 :: 		
0x0B16	0x0B01      	ANDLW       1
;__Lib_MathDouble.c,1487 :: 		
0x0B18	0x260D      	ADDWF       R13, 1, 0
;__Lib_MathDouble.c,1488 :: 		
0x0B1A	0xB0D8      	BTFSC       STATUS, 0, 0
;__Lib_MathDouble.c,1489 :: 		
0x0B1C	0x2A0C      	INCF        R12, 1, 0
;__Lib_MathDouble.c,1490 :: 		
0x0B1E	0xB4D8      	BTFSC       STATUS, 2, 0
;__Lib_MathDouble.c,1491 :: 		
0x0B20	0x2A08      	INCF        R8, 1, 0
;__Lib_MathDouble.c,1492 :: 		
0x0B22	0xA4D8      	BTFSS       STATUS, 2, 0
;__Lib_MathDouble.c,1493 :: 		
0x0B24	0xF005EF9B  	GOTO        DIV32OK
;__Lib_MathDouble.c,1494 :: 		
0x0B28	0x3208      	RRCF        R8, 1, 0
;__Lib_MathDouble.c,1495 :: 		
0x0B2A	0x320C      	RRCF        R12, 1, 0
;__Lib_MathDouble.c,1496 :: 		
0x0B2C	0x320D      	RRCF        R13, 1, 0
;__Lib_MathDouble.c,1497 :: 		
0x0B2E	0x2A03      	INCF        R3, 1, 0
;__Lib_MathDouble.c,1498 :: 		
0x0B30	0xB4D8      	BTFSC       STATUS, 2, 0
;__Lib_MathDouble.c,1499 :: 		
0x0B32	0xF005EFAE  	GOTO        JPDSETFOV32
;__Lib_MathDouble.c,1500 :: 		
DIV32OK:
;__Lib_MathDouble.c,1501 :: 		
0x0B36	0xAE0A      	BTFSS       R10, 7, 0
;__Lib_MathDouble.c,1502 :: 		
0x0B38	0x9E08      	BCF         R8, 7, 0
;__Lib_MathDouble.c,1503 :: 		
0x0B3A	0x5008      	MOVF        R8, 0, 0
;__Lib_MathDouble.c,1504 :: 		
0x0B3C	0x6E02      	MOVWF       R2, 0
;__Lib_MathDouble.c,1505 :: 		
0x0B3E	0x500C      	MOVF        R12, 0, 0
;__Lib_MathDouble.c,1506 :: 		
0x0B40	0x6E01      	MOVWF       R1, 0
;__Lib_MathDouble.c,1507 :: 		
0x0B42	0x500D      	MOVF        R13, 0, 0
;__Lib_MathDouble.c,1508 :: 		
0x0B44	0x6E00      	MOVWF       R0, 0
;__Lib_MathDouble.c,1511 :: 		
0x0B46	0xF005EFB6  	GOTO        DIV32EEE
;__Lib_MathDouble.c,1512 :: 		
JPDSETFDZ32:
;__Lib_MathDouble.c,1513 :: 		
0x0B4A	0x0E01      	MOVLW       1
;__Lib_MathDouble.c,1516 :: 		
0x0B4C	0xDC62      	RCALL       _SETFDZ32
;__Lib_MathDouble.c,1518 :: 		
0x0B4E	0xF005EFB6  	GOTO        DIV32EEE
;__Lib_MathDouble.c,1519 :: 		
JPDRES032:
;__Lib_MathDouble.c,1520 :: 		
0x0B52	0x0E02      	MOVLW       2
;__Lib_MathDouble.c,1523 :: 		
0x0B54	0xF000ECD8  	CALL        _RES032, 0
;__Lib_MathDouble.c,1525 :: 		
0x0B58	0xF005EFB6  	GOTO        DIV32EEE
;__Lib_MathDouble.c,1526 :: 		
JPDSETFOV32:
;__Lib_MathDouble.c,1527 :: 		
0x0B5C	0x0E04      	MOVLW       4
;__Lib_MathDouble.c,1530 :: 		
0x0B5E	0xF000ECCC  	CALL        _SETFOV32, 0
;__Lib_MathDouble.c,1532 :: 		
0x0B62	0xF005EFB6  	GOTO        DIV32EEE
;__Lib_MathDouble.c,1533 :: 		
JPDSETFUN32:
;__Lib_MathDouble.c,1534 :: 		
0x0B66	0x0E08      	MOVLW       8
;__Lib_MathDouble.c,1537 :: 		
0x0B68	0xF000ECBF  	CALL        _SETFUN32, 0
;__Lib_MathDouble.c,1539 :: 		
DIV32EEE:
;__Lib_MathDouble.c,1547 :: 		
L_end_Div_32x32_FP:
0x0B6C	0x0012      	RETURN      0
; end of _Div_32x32_FP
_UART1_Write:
;__Lib_UART_c67.c,58 :: 		
;__Lib_UART_c67.c,59 :: 		
L_UART1_Write3:
0x0B6E	0xB2AC      	BTFSC       TXSTA, 1 
0x0B70	0xD002      	BRA         L_UART1_Write4
;__Lib_UART_c67.c,60 :: 		
0x0B72	0x0000      	NOP
0x0B74	0xD7FC      	BRA         L_UART1_Write3
L_UART1_Write4:
;__Lib_UART_c67.c,61 :: 		
0x0B76	0xFFADC038  	MOVFF       FARG_UART1_Write_data_, TXREG
;__Lib_UART_c67.c,62 :: 		
L_end_UART1_Write:
0x0B7A	0x0012      	RETURN      0
; end of _UART1_Write
_main:
;Ejer2_Emisor.c,37 :: 		void main() {
;Ejer2_Emisor.c,39 :: 		ADCON1 = 0x00;
0x0B7C	0x6AC1      	CLRF        ADCON1 
;Ejer2_Emisor.c,40 :: 		ADCON0 = 0x03;
0x0B7E	0x0E03      	MOVLW       3
0x0B80	0x6EC2      	MOVWF       ADCON0 
;Ejer2_Emisor.c,41 :: 		ADCON2 = 0x8D;
0x0B82	0x0E8D      	MOVLW       141
0x0B84	0x6EC0      	MOVWF       ADCON2 
;Ejer2_Emisor.c,43 :: 		TRISB.B0 = 0;
0x0B86	0x9093      	BCF         TRISB, 0 
;Ejer2_Emisor.c,46 :: 		T0CON = 0X85;
0x0B88	0x0E85      	MOVLW       133
0x0B8A	0x6ED5      	MOVWF       T0CON 
;Ejer2_Emisor.c,47 :: 		TMR0H = (18661>>8);
0x0B8C	0x0E48      	MOVLW       72
0x0B8E	0x6ED7      	MOVWF       TMR0H 
;Ejer2_Emisor.c,48 :: 		TMR0L = 18661;
0x0B90	0x0EE5      	MOVLW       229
0x0B92	0x6ED6      	MOVWF       TMR0L 
;Ejer2_Emisor.c,50 :: 		UART1_Init(9600);
0x0B94	0x86B8      	BSF         BAUDCON, 3, 0
0x0B96	0x6AB0      	CLRF        SPBRGH 
0x0B98	0x0ECF      	MOVLW       207
0x0B9A	0x6EAF      	MOVWF       SPBRG 
0x0B9C	0x84AC      	BSF         TXSTA, 2, 0
0x0B9E	0xDE69      	RCALL       _UART1_Init
;Ejer2_Emisor.c,51 :: 		delay_ms(300);
0x0BA0	0x0E04      	MOVLW       4
0x0BA2	0x6E0B      	MOVWF       R11, 0
0x0BA4	0x0E0C      	MOVLW       12
0x0BA6	0x6E0C      	MOVWF       R12, 0
0x0BA8	0x0E33      	MOVLW       51
0x0BAA	0x6E0D      	MOVWF       R13, 0
L_main6:
0x0BAC	0x2E0D      	DECFSZ      R13, 1, 0
0x0BAE	0xD7FE      	BRA         L_main6
0x0BB0	0x2E0C      	DECFSZ      R12, 1, 0
0x0BB2	0xD7FC      	BRA         L_main6
0x0BB4	0x2E0B      	DECFSZ      R11, 1, 0
0x0BB6	0xD7FA      	BRA         L_main6
0x0BB8	0x0000      	NOP
0x0BBA	0x0000      	NOP
;Ejer2_Emisor.c,52 :: 		TRISB =0x00;
0x0BBC	0x6A93      	CLRF        TRISB 
;Ejer2_Emisor.c,54 :: 		INTCON.TMR0IF = 0;   // se pone el flaga 0
0x0BBE	0x94F2      	BCF         INTCON, 2 
;Ejer2_Emisor.c,55 :: 		INTCON.TMR0IE = 1;    // se habilita la interrupcin del Timer 0
0x0BC0	0x8AF2      	BSF         INTCON, 5 
;Ejer2_Emisor.c,57 :: 		PIR1.ADIF = 0;   //el bit PIR1.ADIF se pone a 1 siempre que el convertidor AD finaliza una conversin
0x0BC2	0x9C9E      	BCF         PIR1, 6 
;Ejer2_Emisor.c,61 :: 		una conversion AD*/
0x0BC4	0x8C9D      	BSF         PIE1, 6 
;Ejer2_Emisor.c,63 :: 		INTCON.PEIE = 1;
0x0BC6	0x8CF2      	BSF         INTCON, 6 
;Ejer2_Emisor.c,64 :: 		INTCON.GIE = 1;    // se habilitan las interrupciones en general
0x0BC8	0x8EF2      	BSF         INTCON, 7 
;Ejer2_Emisor.c,67 :: 		ADCON0.B1 = 1;
0x0BCA	0x82C2      	BSF         ADCON0, 1 
;Ejer2_Emisor.c,70 :: 		while(1){
L_main7:
;Ejer2_Emisor.c,71 :: 		asm nop;
0x0BCC	0x0000      	NOP
;Ejer2_Emisor.c,72 :: 		}
0x0BCE	0xD7FE      	BRA         L_main7
;Ejer2_Emisor.c,73 :: 		}
L_end_main:
0x0BD0	0xD7FF      	BRA         $+0
; end of _main
Symbol List:
//** Routines locations **
//ADDRESS    SIZE    PROCEDURE
//----------------------------------------------
0x0008     [366]    _interrupt
0x0176       [8]    _FIXSIGN32
0x017E      [26]    _SETFUN32
0x0198      [24]    _SETFOV32
0x01B0      [14]    _RES032
0x01BE     [482]    _NRM4032
0x03A0     [114]    _NRM3232
0x0412       [8]    _SETFDZ32
0x041A    [1056]    _Add_32x32_FP
0x083A      [40]    _word2double
0x0862      [16]    ___CC2DW
0x0872      [86]    _UART1_Init
0x08C8     [294]    _Mul_32x32_FP
0x09EE       [6]    _Sub_32x32_FP
0x09F4     [378]    _Div_32x32_FP
0x0B6E      [14]    _UART1_Write
0x0B7C      [86]    _main
//** Variables locations ** 
//ADDRESS    SIZE    VARIABLE
//----------------------------------------------
0x0000       [1]    EEPROM_Write_SaveINTCON_L0
0x0000       [1]    __Lib_SoftI2C_PutZerosToLATSda_temp_sda_L0
0x0000       [1]    UART1_Init_tmp_L0
0x0000       [1]    FLASH_Erase_64_SaveINTCON_L0
0x0000       [1]    R0
0x0000       [1]    SPI1_Write_tmp_L0
0x0000       [1]    __Lib_SoftI2C_PutZerosToLATScl_temp_scl_L0
0x0001       [1]    UART1_Read___tmp_UART1_Read_L0
0x0001       [1]    FLASH_Write_32_i_L0
0x0001       [1]    __Lib_USB_genHID_?FLOC____Lib_USB_genHID_USB_Handle_BusyT1
0x0001       [1]    ispunct_rslt_L0
0x0001       [1]    FLASH_Erase_Write_64_i_L0
0x0001       [1]    __Lib_TFT_16bit_JPEG_FileRead_i_L0
0x0001       [1]    __Lib_TFT_16bit_JPEG_FileReadBytes_Result_L0
0x0001       [2]    FLASH_Read_N_Bytes_i_L0
0x0001       [1]    __Lib_TFT_JPEG_FileRead_i_L0
0x0001       [1]    __Lib_TFT_JPEG_FileReadBytes_Result_L0
0x0001       [1]    R1
0x0001       [1]    __Lib_PS2_Wait_Falling_nsample_L0
0x0002       [2]    memchr_s_L0
0x0002       [2]    __Lib_FT812_alt_strlen_cp_L0
0x0002       [2]    __Lib_FT810_alt_memcpy_dd_L0
0x0002       [1]    R2
0x0002       [2]    __Lib_FT800_alt_strlen_cp_L0
0x0002       [2]    __Lib_FT800_alt_memcpy_dd_L0
0x0002       [2]    memcpy_dd_L0
0x0002       [2]    __Lib_FT800_alt_memset_pp_L0
0x0002       [1]    FLASH_Write_32_SaveINTCON_L0
0x0002       [2]    memset_pp_L0
0x0002       [2]    strlen_cp_L0
0x0002       [2]    __Lib_FT810_alt_strlen_cp_L0
0x0002       [1]    __Lib_USB_genHID_USB_CtrlTrf_Rx_Service_byteToRead_L0
0x0002       [2]    __Lib_FT810_alt_memset_pp_L0
0x0002       [2]    __Lib_FT812_alt_memcpy_dd_L0
0x0002       [2]    __Lib_FT812_alt_memset_pp_L0
0x0002       [1]    FLASH_Erase_Write_64_j_L0
0x0003       [4]    FT800_Canvas_SurrRect_minX_L0
0x0003       [2]    Ltrim_original_L0
0x0003       [2]    memmove_tt_L0
0x0003       [1]    FLASH_Erase_Write_64_SaveINTCON_L0
0x0003       [1]    __Lib_Sprinti_?FLOC____Lib_Sprinti_Do_FillT29
0x0003       [2]    MM_TotalFreeMemSize_Tot_L0
0x0003       [1]    R3
0x0003       [4]    FT812_Canvas_SurrRect_minX_L0
0x0003       [1]    __Lib_USB_genHID_USB_CtrlTrf_Rx_Service_i_L0
0x0003       [2]    __Lib_USB_genHID_USB_CtrlTrf_Tx_Service_byteToSend_L0
0x0003       [1]    MM_Init_i_L0
0x0003       [4]    FT810_Canvas_SurrRect_minX_L0
0x0003       [2]    __Lib_MmcFat16_f16_toInt_l_L0
0x0004       [2]    __Lib_USB_genHID_USB_Std_Feature_Req_Handler_p_L0
0x0004       [2]    __Lib_FT810_alt_memcpy_ss_L0
0x0004       [3]    __Lib_FT800_alt_strlen_const_cp_L0
0x0004       [2]    __Lib_FT800_alt_memcpy_ss_L0
0x0004       [2]    __Lib_USB_genHID_USB_Transfer_Packet_handle_L0
0x0004       [2]    __Lib_USB_genHID_USB_Get_Status_Handler_p_L2
0x0004       [2]    strncat_cp_L0
0x0004       [2]    strcpy_cp_L0
0x0004       [2]    frexp_pom_L0
0x0004       [3]    __Lib_FT810_alt_strlen_const_cp_L0
0x0004       [2]    strcat_cp_L0
0x0004       [2]    __Lib_MemManager_MM_GetMemAlign_P_L0
0x0004       [2]    memcpy_ss_L0
0x0004       [1]    __Lib_Sprinti_?FLOC____Lib_Sprinti_Do_FillT40
0x0004       [3]    __Lib_FT812_alt_strlen_const_cp_L0
0x0004       [1]    R4
0x0004       [2]    strncpy_cp_L0
0x0004       [1]    __Lib_USB_genHID_GetMaxIndexInDevDsc_index_L0
0x0004       [2]    __Lib_FT812_alt_memcpy_ss_L0
0x0005       [2]    LongWordToHex_input_half_L0
0x0005       [2]    Ltrim_p_L0
0x0005       [1]    R5
0x0005       [1]    __Lib_Sprinti_?FLOC____Lib_Sprinti_Do_FillT54
0x0005       [1]    MM_TotalFreeMemSize_i_L0
0x0005       [2]    memmove_ff_L0
0x0005       [2]    LongIntToHex_input_half_L0
0x0006       [1]    __Lib_Sprinti_?FLOC____Lib_Sprinti_Do_FillT69
0x0006       [1]    R6
0x0006       [2]    __Lib_USB_genHID_GetMaxIndexInConfigDsc_totalLen_L0
0x0006       [1]    __Lib_MemManager_MM_GetMemAlign_i_L0
0x0007       [4]    FT812_Canvas_SurrRect_minY_L0
0x0007       [4]    FT810_Canvas_SurrRect_minY_L0
0x0007       [4]    FT800_Canvas_SurrRect_minY_L0
0x0007       [1]    __Lib_TFT_JPEG_GenerateHuffmanTables_bLength_L0
0x0007       [1]    R7
0x0007       [1]    __Lib_TFT_16bit_JPEG_GenerateHuffmanTables_bLength_L0
0x0008       [1]    __Lib_TFT_JPEG_GenerateHuffmanTables_bTable_L0
0x0008       [1]    __Lib_TFT_16bit_JPEG_GenerateHuffmanTables_bTable_L0
0x0008       [1]    R8
0x0008       [3]    __Lib_USB_genHID_GetMaxIndexInConfigDsc_ptr_L0
0x0009       [4]    __Lib_MmcFat16_f16_toLong_l_L0
0x0009       [1]    R9
0x000A       [1]    R10
0x000B       [4]    FT800_Canvas_SurrRect_maxX_L0
0x000B       [4]    FT812_Canvas_SurrRect_maxX_L0
0x000B       [1]    R11
0x000B       [4]    FT810_Canvas_SurrRect_maxX_L0
0x000C       [1]    R12
0x000D       [1]    R13
0x000E       [1]    R14
0x000F       [1]    R15
0x000F       [4]    FT800_Canvas_SurrRect_maxY_L0
0x000F       [4]    FT812_Canvas_SurrRect_maxY_L0
0x000F       [4]    FT810_Canvas_SurrRect_maxY_L0
0x0010       [1]    R16
0x0011       [1]    R17
0x0012       [1]    R18
0x0013       [1]    R19
0x0014       [1]    R20
0x001A       [4]    _volt
0x001E       [4]    _x
0x0022       [2]    _puntero
0x0024       [4]    _temp
0x0028       [4]    _UART_Rd_Ptr
0x002C       [4]    _UART_Wr_Ptr
0x0030       [4]    _UART_Tx_Idle_Ptr
0x0034       [4]    _UART_Rdy_Ptr
0x0038       [1]    FARG_UART1_Write_data_
0x0F81       [1]    PORTB
0x0F93       [1]    TRISB
0x0F94       [0]    TRISC7_bit
0x0F94       [0]    TRISC6_bit
0x0F9D       [1]    PIE1
0x0F9E       [1]    PIR1
0x0FAB       [1]    RCSTA
0x0FAC       [1]    TXSTA
0x0FAD       [1]    TXREG
0x0FAE       [1]    RCREG
0x0FAF       [1]    SPBRG
0x0FB0       [1]    SPBRGH
0x0FB8       [1]    BAUDCON
0x0FC0       [1]    ADCON2
0x0FC1       [1]    ADCON1
0x0FC2       [1]    ADCON0
0x0FC3       [1]    ADRESL
0x0FC4       [1]    ADRESH
0x0FD5       [1]    T0CON
0x0FD6       [1]    TMR0L
0x0FD7       [1]    TMR0H
0x0FD8       [1]    STATUS
0x0FD9       [1]    FSR2L
0x0FDA       [1]    FSR2H
0x0FDE       [1]    POSTINC2
0x0FE0       [1]    BSR
0x0FE1       [1]    FSR1L
0x0FE2       [1]    FSR1H
0x0FE4       [1]    PREINC1
0x0FE6       [1]    POSTINC1
0x0FE7       [1]    INDF1
0x0FE8       [1]    WREG
0x0FE9       [1]    FSR0L
0x0FEA       [1]    FSR0H
0x0FEE       [1]    POSTINC0
0x0FF2       [1]    INTCON
0x0FF3       [1]    PRODL
0x0FF4       [1]    PRODH
0x0FF5       [1]    TABLAT
0x0FF6       [1]    TBLPTRL
0x0FF7       [1]    TBLPTRH
0x0FF8       [1]    TBLPTRU
