Running: C:\Xilinx\13.2\ISE_DS\ISE\bin\nt\unwrapped\fuse.exe -intstyle ise -incremental -o D:/p13c/tb_isim_beh.exe -prj D:/p13c/tb_beh.prj work.tb 
ISim O.61xd (signature 0x6dd86d03)
Number of CPUs detected in this system: 2
Turning on mult-threading, number of parallel sub-compilation jobs: 4 
Determining compilation order of HDL files
Parsing VHDL file "D:/p13c/p13c.vhd" into library work
Parsing VHDL file "D:/p13c/tb.vhd" into library work
Starting static elaboration
Completed static elaboration
Fuse Memory Usage: 59840 KB
Fuse CPU Usage: 108 ms
Compiling package standard
Compiling package std_logic_1164
Compiling architecture behavioral of entity p13c [p13c_default]
Compiling architecture behavior of entity tb
Time Resolution for simulation is 1ps.
Compiled 5 VHDL Units
Built simulation executable D:/p13c/tb_isim_beh.exe
Fuse Memory Usage: 68676 KB
Fuse CPU Usage: 155 ms
