;  LST file generated by mikroListExporter - v.2.0 
; Date/Time: 05/04/2018 9:32:01
;----------------------------------------------

;Address Opcode 	ASM
0x0000	0xF000EF1A  	GOTO        52
_interrupt:
;p6a.c,1 :: 		void interrupt() // rutina de servicio de la interrupción (MikroC)
;p6a.c,3 :: 		INTCON.TMR0IF = 0; // se borra el flag
0x0008	0x94F2      	BCF         INTCON, 2 
;p6a.c,4 :: 		if(PORTC.B0 == 0){
0x000A	0xB082      	BTFSC       PORTC, 0 
0x000C	0xD005      	BRA         L_interrupt0
;p6a.c,5 :: 		T0CON = 0xC1;
0x000E	0x0EC1      	MOVLW       193
0x0010	0x6ED5      	MOVWF       T0CON 
;p6a.c,6 :: 		TMR0L = 106;
0x0012	0x0E6A      	MOVLW       106
0x0014	0x6ED6      	MOVWF       TMR0L 
;p6a.c,7 :: 		}
0x0016	0xD004      	BRA         L_interrupt1
L_interrupt0:
;p6a.c,9 :: 		T0CON = 0xC2;
0x0018	0x0EC2      	MOVLW       194
0x001A	0x6ED5      	MOVWF       T0CON 
;p6a.c,10 :: 		TMR0L = 81;
0x001C	0x0E51      	MOVLW       81
0x001E	0x6ED6      	MOVWF       TMR0L 
;p6a.c,11 :: 		}
L_interrupt1:
;p6a.c,12 :: 		PORTC.B0 =~ PORTC.B0;
0x0020	0x7082      	BTG         PORTC, 0 
;p6a.c,13 :: 		}
L_end_interrupt:
L__interrupt3:
0x0022	0x0011      	RETFIE      1
; end of _interrupt
___CC2DW:
;__Lib_System.c,21 :: 		
;__Lib_System.c,23 :: 		
_CC2DL_Loop1:
;__Lib_System.c,24 :: 		
0x0024	0x0009      	TBLRD*+
;__Lib_System.c,25 :: 		
0x0026	0xFFE6CFF5  	MOVFF       TABLAT, POSTINC1
;__Lib_System.c,26 :: 		
0x002A	0x0600      	DECF        R0, 1, 0
;__Lib_System.c,27 :: 		
0x002C	0xE1FB      	BNZ         _CC2DL_Loop1
;__Lib_System.c,28 :: 		
0x002E	0x0601      	DECF        R1, 1, 0
;__Lib_System.c,29 :: 		
0x0030	0xE1F9      	BNZ         _CC2DL_Loop1
;__Lib_System.c,31 :: 		
L_end___CC2DW:
0x0032	0x0012      	RETURN      0
; end of ___CC2DW
_main:
;p6a.c,14 :: 		void main()
;p6a.c,16 :: 		TRISC.B0 = 0;
0x0034	0x9094      	BCF         TRISC, 0 
;p6a.c,17 :: 		PORTC.B0 = 0;
0x0036	0x9082      	BCF         PORTC, 0 
;p6a.c,19 :: 		T0CON = 0xC1;
0x0038	0x0EC1      	MOVLW       193
0x003A	0x6ED5      	MOVWF       T0CON 
;p6a.c,20 :: 		INTCON.TMR0IF = 0; // se pone el flag a 0
0x003C	0x94F2      	BCF         INTCON, 2 
;p6a.c,21 :: 		INTCON.TMR0IE = 1; // se habilita la interrupción del Timer 0
0x003E	0x8AF2      	BSF         INTCON, 5 
;p6a.c,22 :: 		INTCON.GIE = 1; // se habilitan las interrupciones en general
0x0040	0x8EF2      	BSF         INTCON, 7 
;p6a.c,24 :: 		TMR0L = 106; //se carga el valor inicial (alfa) del ‘contador’
0x0042	0x0E6A      	MOVLW       106
0x0044	0x6ED6      	MOVWF       TMR0L 
;p6a.c,26 :: 		}
L_end_main:
0x0046	0xD7FF      	BRA         $+0
; end of _main
Symbol List:
//** Routines locations **
//ADDRESS    SIZE    PROCEDURE
//----------------------------------------------
0x0008      [28]    _interrupt
0x0024      [16]    ___CC2DW
0x0034      [20]    _main
//** Variables locations ** 
//ADDRESS    SIZE    VARIABLE
//----------------------------------------------
0x0000       [1]    __Lib_SoftI2C_PutZerosToLATScl_temp_scl_L0
0x0000       [1]    __Lib_SoftI2C_PutZerosToLATSda_temp_sda_L0
0x0000       [1]    FLASH_Erase_64_SaveINTCON_L0
0x0000       [1]    SPI1_Write_tmp_L0
0x0000       [1]    R0
0x0000       [1]    EEPROM_Write_SaveINTCON_L0
0x0000       [1]    UART1_Init_tmp_L0
0x0001       [1]    __Lib_TFT_JPEG_FileRead_i_L0
0x0001       [1]    __Lib_TFT_JPEG_FileReadBytes_Result_L0
0x0001       [1]    UART1_Read___tmp_UART1_Read_L0
0x0001       [1]    FLASH_Erase_Write_64_i_L0
0x0001       [1]    __Lib_TFT_16bit_JPEG_FileReadBytes_Result_L0
0x0001       [1]    FLASH_Write_8_i_L0
0x0001       [1]    __Lib_PS2_Wait_Falling_nsample_L0
0x0001       [1]    __Lib_TFT_16bit_JPEG_FileRead_i_L0
0x0001       [1]    ispunct_rslt_L0
0x0001       [1]    R1
0x0001       [2]    FLASH_Read_N_Bytes_i_L0
0x0002       [2]    __Lib_FT812_alt_memset_pp_L0
0x0002       [2]    __Lib_FT800_alt_strlen_cp_L0
0x0002       [2]    __Lib_FT800_alt_memset_pp_L0
0x0002       [2]    __Lib_FT810_alt_memcpy_dd_L0
0x0002       [2]    __Lib_FT800_alt_memcpy_dd_L0
0x0002       [1]    R2
0x0002       [2]    memset_pp_L0
0x0002       [2]    __Lib_FT810_alt_strlen_cp_L0
0x0002       [2]    memcpy_dd_L0
0x0002       [2]    __Lib_FT812_alt_memcpy_dd_L0
0x0002       [2]    __Lib_FT812_alt_strlen_cp_L0
0x0002       [2]    __Lib_FT810_alt_memset_pp_L0
0x0002       [2]    strlen_cp_L0
0x0002       [1]    FLASH_Erase_Write_64_j_L0
0x0002       [1]    FLASH_Write_8_SaveINTCON_L0
0x0002       [2]    memchr_s_L0
0x0003       [4]    FT800_Canvas_SurrRect_minX_L0
0x0003       [2]    __Lib_MmcFat16_f16_toInt_l_L0
0x0003       [4]    FT812_Canvas_SurrRect_minX_L0
0x0003       [1]    R3
0x0003       [1]    FLASH_Erase_Write_64_SaveINTCON_L0
0x0003       [2]    MM_TotalFreeMemSize_Tot_L0
0x0003       [1]    MM_Init_i_L0
0x0003       [4]    FT810_Canvas_SurrRect_minX_L0
0x0003       [2]    memmove_tt_L0
0x0003       [2]    Ltrim_original_L0
0x0003       [1]    __Lib_Sprinti_?FLOC____Lib_Sprinti_Do_FillT29
0x0004       [2]    frexp_pom_L0
0x0004       [1]    __Lib_Sprinti_?FLOC____Lib_Sprinti_Do_FillT40
0x0004       [3]    __Lib_FT812_alt_strlen_const_cp_L0
0x0004       [3]    __Lib_FT800_alt_strlen_const_cp_L0
0x0004       [2]    __Lib_FT800_alt_memcpy_ss_L0
0x0004       [1]    R4
0x0004       [3]    __Lib_FT810_alt_strlen_const_cp_L0
0x0004       [2]    strncpy_cp_L0
0x0004       [2]    __Lib_FT810_alt_memcpy_ss_L0
0x0004       [2]    memcpy_ss_L0
0x0004       [2]    strcpy_cp_L0
0x0004       [2]    strncat_cp_L0
0x0004       [2]    __Lib_MemManager_MM_GetMemAlign_P_L0
0x0004       [2]    strcat_cp_L0
0x0004       [2]    __Lib_FT812_alt_memcpy_ss_L0
0x0005       [2]    LongWordToHex_input_half_L0
0x0005       [2]    Ltrim_p_L0
0x0005       [2]    memmove_ff_L0
0x0005       [1]    __Lib_Sprinti_?FLOC____Lib_Sprinti_Do_FillT54
0x0005       [1]    MM_TotalFreeMemSize_i_L0
0x0005       [1]    R5
0x0005       [2]    LongIntToHex_input_half_L0
0x0006       [1]    R6
0x0006       [1]    __Lib_Sprinti_?FLOC____Lib_Sprinti_Do_FillT69
0x0006       [1]    __Lib_MemManager_MM_GetMemAlign_i_L0
0x0007       [4]    FT810_Canvas_SurrRect_minY_L0
0x0007       [4]    FT800_Canvas_SurrRect_minY_L0
0x0007       [1]    R7
0x0007       [1]    __Lib_TFT_16bit_JPEG_GenerateHuffmanTables_bLength_L0
0x0007       [4]    FT812_Canvas_SurrRect_minY_L0
0x0007       [1]    __Lib_TFT_JPEG_GenerateHuffmanTables_bLength_L0
0x0008       [1]    __Lib_TFT_JPEG_GenerateHuffmanTables_bTable_L0
0x0008       [1]    R8
0x0008       [1]    __Lib_TFT_16bit_JPEG_GenerateHuffmanTables_bTable_L0
0x0009       [4]    __Lib_MmcFat16_f16_toLong_l_L0
0x0009       [1]    R9
0x000A       [1]    R10
0x000B       [4]    FT800_Canvas_SurrRect_maxX_L0
0x000B       [1]    R11
0x000B       [4]    FT812_Canvas_SurrRect_maxX_L0
0x000B       [4]    FT810_Canvas_SurrRect_maxX_L0
0x000C       [1]    R12
0x000D       [1]    R13
0x000E       [1]    R14
0x000F       [4]    FT810_Canvas_SurrRect_maxY_L0
0x000F       [1]    R15
0x000F       [4]    FT812_Canvas_SurrRect_maxY_L0
0x000F       [4]    FT800_Canvas_SurrRect_maxY_L0
0x0010       [1]    R16
0x0011       [1]    R17
0x0012       [1]    R18
0x0013       [1]    R19
0x0014       [1]    R20
0x0F82       [1]    PORTC
0x0F94       [1]    TRISC
0x0FD5       [1]    T0CON
0x0FD6       [1]    TMR0L
0x0FD8       [1]    STATUS
0x0FD9       [1]    FSR2L
0x0FDA       [1]    FSR2H
0x0FDE       [1]    POSTINC2
0x0FE0       [1]    BSR
0x0FE1       [1]    FSR1L
0x0FE2       [1]    FSR1H
0x0FE4       [1]    PREINC1
0x0FE6       [1]    POSTINC1
0x0FE7       [1]    INDF1
0x0FE8       [1]    WREG
0x0FE9       [1]    FSR0L
0x0FEA       [1]    FSR0H
0x0FEE       [1]    POSTINC0
0x0FF2       [1]    INTCON
0x0FF3       [1]    PRODL
0x0FF4       [1]    PRODH
0x0FF5       [1]    TABLAT
0x0FF6       [1]    TBLPTRL
0x0FF7       [1]    TBLPTRH
0x0FF8       [1]    TBLPTRU
