;  LST file generated by mikroListExporter - v.2.0 
; Date/Time: 07/02/2018 14:13:36
;----------------------------------------------

;Address Opcode 	ASM
0x0000	0xF000EF27  	GOTO        78
_interrupt:
;P3c.c,3 :: 		void interrupt(){
0x0008	0xF015C000  	MOVFF       R0, 21
;P3c.c,4 :: 		INTCON.INT0IF=0;
0x000C	0x92F2      	BCF         INTCON, 1 
;P3c.c,5 :: 		if(cont >= 99){
0x000E	0x0E63      	MOVLW       99
0x0010	0x5C16      	SUBWF       _cont, 0 
0x0012	0xE302      	BNC         L_interrupt0
;P3c.c,6 :: 		cont = 0;
0x0014	0x6A16      	CLRF        _cont 
;P3c.c,7 :: 		}else{
0x0016	0xD001      	BRA         L_interrupt1
L_interrupt0:
;P3c.c,8 :: 		cont++;
0x0018	0x2A16      	INCF        _cont, 1 
;P3c.c,9 :: 		}
L_interrupt1:
;P3c.c,10 :: 		}
L_end_interrupt:
L__interrupt7:
0x001A	0xF000C015  	MOVFF       21, R0
0x001E	0x0011      	RETFIE      1
; end of _interrupt
_Div_8X8_U:
;__Lib_Math.c,77 :: 		
;__Lib_Math.c,84 :: 		
0x0020	0x6A08      	CLRF        R8, 0
;__Lib_Math.c,85 :: 		
0x0022	0x0E08      	MOVLW       8
;__Lib_Math.c,86 :: 		
0x0024	0x6E0C      	MOVWF       R12, 0
;__Lib_Math.c,87 :: 		
0x0026	0x3400      	RLCF        R0, 0, 0
;__Lib_Math.c,88 :: 		
0x0028	0x3608      	RLCF        R8, 1, 0
;__Lib_Math.c,89 :: 		
0x002A	0x5004      	MOVF        R4, 0, 0
;__Lib_Math.c,90 :: 		
0x002C	0x5E08      	SUBWF       R8, 1, 0
;__Lib_Math.c,91 :: 		
0x002E	0xB0D8      	BTFSC       STATUS, 0, 0
;__Lib_Math.c,92 :: 		
0x0030	0xD002      	BRA         $+6
;__Lib_Math.c,93 :: 		
0x0032	0x2608      	ADDWF       R8, 1, 0
;__Lib_Math.c,94 :: 		
0x0034	0x90D8      	BCF         STATUS, 0, 0
;__Lib_Math.c,95 :: 		
0x0036	0x3600      	RLCF        R0, 1, 0
;__Lib_Math.c,96 :: 		
0x0038	0x2E0C      	DECFSZ      R12, 1, 0
;__Lib_Math.c,97 :: 		
0x003A	0xD7F5      	BRA         $-20
;__Lib_Math.c,99 :: 		
L_end_Div_8X8_U:
0x003C	0x0012      	RETURN      0
; end of _Div_8X8_U
___CC2DW:
;__Lib_System.c,21 :: 		
;__Lib_System.c,23 :: 		
_CC2DL_Loop1:
;__Lib_System.c,24 :: 		
0x003E	0x0009      	TBLRD*+
;__Lib_System.c,25 :: 		
0x0040	0xFFE6CFF5  	MOVFF       TABLAT, POSTINC1
;__Lib_System.c,26 :: 		
0x0044	0x0600      	DECF        R0, 1, 0
;__Lib_System.c,27 :: 		
0x0046	0xE1FB      	BNZ         _CC2DL_Loop1
;__Lib_System.c,28 :: 		
0x0048	0x0601      	DECF        R1, 1, 0
;__Lib_System.c,29 :: 		
0x004A	0xE1F9      	BNZ         _CC2DL_Loop1
;__Lib_System.c,31 :: 		
L_end___CC2DW:
0x004C	0x0012      	RETURN      0
; end of ___CC2DW
_main:
0x004E	0x6A16      	CLRF        _cont 
0x0050	0x0E3F      	MOVLW       63
0x0052	0x6E17      	MOVWF       _numeros 
0x0054	0x0E06      	MOVLW       6
0x0056	0x6E18      	MOVWF       24 
0x0058	0x0E5B      	MOVLW       91
0x005A	0x6E19      	MOVWF       25 
0x005C	0x0E4F      	MOVLW       79
0x005E	0x6E1A      	MOVWF       26 
0x0060	0x0E66      	MOVLW       102
0x0062	0x6E1B      	MOVWF       27 
0x0064	0x0E6D      	MOVLW       109
0x0066	0x6E1C      	MOVWF       28 
0x0068	0x0E7D      	MOVLW       125
0x006A	0x6E1D      	MOVWF       29 
0x006C	0x0E07      	MOVLW       7
0x006E	0x6E1E      	MOVWF       30 
0x0070	0x0E7F      	MOVLW       127
0x0072	0x6E1F      	MOVWF       31 
0x0074	0x0E67      	MOVLW       103
0x0076	0x6E20      	MOVWF       32 
;P3c.c,11 :: 		void main() {
;P3c.c,12 :: 		ADCON1 = 0x07;
0x0078	0x0E07      	MOVLW       7
0x007A	0x6EC1      	MOVWF       ADCON1 
;P3c.c,13 :: 		TRISB.B0 = 1;
0x007C	0x8093      	BSF         TRISB, 0 
;P3c.c,14 :: 		TRISB.B1 = 0;
0x007E	0x9293      	BCF         TRISB, 1 
;P3c.c,15 :: 		PORTB.B1 = 0;
0x0080	0x9281      	BCF         PORTB, 1 
;P3c.c,16 :: 		INTCON2.RBPU = 0;
0x0082	0x9EF1      	BCF         INTCON2, 7 
;P3c.c,17 :: 		INTCON2.INTEDG0 = 0; //flaco de bajada o subida
0x0084	0x9CF1      	BCF         INTCON2, 6 
;P3c.c,18 :: 		INTCON.INT0IF = 0;
0x0086	0x92F2      	BCF         INTCON, 1 
;P3c.c,19 :: 		INTCON.INT0IE = 1;
0x0088	0x88F2      	BSF         INTCON, 4 
;P3c.c,20 :: 		INTCON.GIE = 1;
0x008A	0x8EF2      	BSF         INTCON, 7 
;P3c.c,23 :: 		TRISC.B0 = 0;
0x008C	0x9094      	BCF         TRISC, 0 
;P3c.c,24 :: 		TRISC.B1 = 0;
0x008E	0x9294      	BCF         TRISC, 1 
;P3c.c,25 :: 		PORTC.B0 = 0;
0x0090	0x9082      	BCF         PORTC, 0 
;P3c.c,26 :: 		PORTC.B1 = 0;
0x0092	0x9282      	BCF         PORTC, 1 
;P3c.c,27 :: 		TRISD = 0;
0x0094	0x6A95      	CLRF        TRISD 
;P3c.c,28 :: 		PORTD = 0;
0x0096	0x6A83      	CLRF        PORTD 
;P3c.c,30 :: 		while(1){
L_main2:
;P3c.c,31 :: 		PORTD = numeros[cont/10];
0x0098	0x0E0A      	MOVLW       10
0x009A	0x6E04      	MOVWF       R4 
0x009C	0xF000C016  	MOVFF       _cont, R0
0x00A0	0xDFBF      	RCALL       _Div_8X8_U
0x00A2	0x0E17      	MOVLW       _numeros
0x00A4	0x6EE9      	MOVWF       FSR0L 
0x00A6	0x0E00      	MOVLW       hi_addr(_numeros)
0x00A8	0x6EEA      	MOVWF       FSR0H 
0x00AA	0x5000      	MOVF        R0, 0 
0x00AC	0x26E9      	ADDWF       FSR0L, 1 
0x00AE	0xB0D8      	BTFSC       STATUS, 0 
0x00B0	0x2AEA      	INCF        FSR0H, 1 
0x00B2	0xFF83CFEE  	MOVFF       POSTINC0, PORTD
;P3c.c,32 :: 		PORTC.B0 = 0;
0x00B6	0x9082      	BCF         PORTC, 0 
;P3c.c,33 :: 		delay_ms(20);
0x00B8	0x0E34      	MOVLW       52
0x00BA	0x6E0C      	MOVWF       R12, 0
0x00BC	0x0EF1      	MOVLW       241
0x00BE	0x6E0D      	MOVWF       R13, 0
L_main4:
0x00C0	0x2E0D      	DECFSZ      R13, 1, 0
0x00C2	0xD7FE      	BRA         L_main4
0x00C4	0x2E0C      	DECFSZ      R12, 1, 0
0x00C6	0xD7FC      	BRA         L_main4
0x00C8	0x0000      	NOP
0x00CA	0x0000      	NOP
;P3c.c,34 :: 		PORTC.B0 = 1;
0x00CC	0x8082      	BSF         PORTC, 0 
;P3c.c,36 :: 		PORTD = numeros[cont%10];
0x00CE	0x0E0A      	MOVLW       10
0x00D0	0x6E04      	MOVWF       R4 
0x00D2	0xF000C016  	MOVFF       _cont, R0
0x00D6	0xDFA4      	RCALL       _Div_8X8_U
0x00D8	0xF000C008  	MOVFF       R8, R0
0x00DC	0x0E17      	MOVLW       _numeros
0x00DE	0x6EE9      	MOVWF       FSR0L 
0x00E0	0x0E00      	MOVLW       hi_addr(_numeros)
0x00E2	0x6EEA      	MOVWF       FSR0H 
0x00E4	0x5000      	MOVF        R0, 0 
0x00E6	0x26E9      	ADDWF       FSR0L, 1 
0x00E8	0xB0D8      	BTFSC       STATUS, 0 
0x00EA	0x2AEA      	INCF        FSR0H, 1 
0x00EC	0xFF83CFEE  	MOVFF       POSTINC0, PORTD
;P3c.c,37 :: 		PORTC.B1 = 0;
0x00F0	0x9282      	BCF         PORTC, 1 
;P3c.c,38 :: 		delay_ms(20);
0x00F2	0x0E34      	MOVLW       52
0x00F4	0x6E0C      	MOVWF       R12, 0
0x00F6	0x0EF1      	MOVLW       241
0x00F8	0x6E0D      	MOVWF       R13, 0
L_main5:
0x00FA	0x2E0D      	DECFSZ      R13, 1, 0
0x00FC	0xD7FE      	BRA         L_main5
0x00FE	0x2E0C      	DECFSZ      R12, 1, 0
0x0100	0xD7FC      	BRA         L_main5
0x0102	0x0000      	NOP
0x0104	0x0000      	NOP
;P3c.c,39 :: 		PORTC.B1 = 1;
0x0106	0x8282      	BSF         PORTC, 1 
;P3c.c,40 :: 		}
0x0108	0xD7C7      	BRA         L_main2
;P3c.c,41 :: 		}
L_end_main:
0x010A	0xD7FF      	BRA         $+0
; end of _main
Symbol List:
//** Routines locations **
//ADDRESS    SIZE    PROCEDURE
//----------------------------------------------
0x0008      [24]    _interrupt
0x0020      [30]    _Div_8X8_U
0x003E      [16]    ___CC2DW
0x004E     [190]    _main
//** Variables locations ** 
//ADDRESS    SIZE    VARIABLE
//----------------------------------------------
0x0000       [1]    __Lib_SoftI2C_PutZerosToLATScl_temp_scl_L0
0x0000       [1]    FLASH_Erase_64_SaveINTCON_L0
0x0000       [1]    EEPROM_Write_SaveINTCON_L0
0x0000       [1]    SPI1_Write_tmp_L0
0x0000       [1]    __Lib_SoftI2C_PutZerosToLATSda_temp_sda_L0
0x0000       [1]    UART1_Init_tmp_L0
0x0000       [1]    R0
0x0001       [1]    __Lib_TFT_16bit_JPEG_FileReadBytes_Result_L0
0x0001       [1]    __Lib_TFT_JPEG_FileReadBytes_Result_L0
0x0001       [1]    FLASH_Erase_Write_64_i_L0
0x0001       [1]    R1
0x0001       [1]    __Lib_PS2_Wait_Falling_nsample_L0
0x0001       [1]    __Lib_TFT_16bit_JPEG_FileRead_i_L0
0x0001       [1]    ispunct_rslt_L0
0x0001       [1]    __Lib_TFT_JPEG_FileRead_i_L0
0x0001       [1]    FLASH_Write_8_i_L0
0x0001       [1]    UART1_Read___tmp_UART1_Read_L0
0x0001       [2]    FLASH_Read_N_Bytes_i_L0
0x0002       [2]    __Lib_FT800_alt_memcpy_dd_L0
0x0002       [1]    R2
0x0002       [2]    __Lib_FT812_alt_strlen_cp_L0
0x0002       [1]    FLASH_Write_8_SaveINTCON_L0
0x0002       [2]    __Lib_FT810_alt_strlen_cp_L0
0x0002       [2]    memchr_s_L0
0x0002       [2]    __Lib_FT812_alt_memcpy_dd_L0
0x0002       [2]    memcpy_dd_L0
0x0002       [2]    __Lib_FT812_alt_memset_pp_L0
0x0002       [2]    strlen_cp_L0
0x0002       [2]    __Lib_FT810_alt_memcpy_dd_L0
0x0002       [2]    memset_pp_L0
0x0002       [2]    __Lib_FT800_alt_strlen_cp_L0
0x0002       [2]    __Lib_FT800_alt_memset_pp_L0
0x0002       [1]    FLASH_Erase_Write_64_j_L0
0x0002       [2]    __Lib_FT810_alt_memset_pp_L0
0x0003       [2]    __Lib_MmcFat16_f16_toInt_l_L0
0x0003       [4]    FT800_Canvas_SurrRect_minX_L0
0x0003       [2]    Ltrim_original_L0
0x0003       [1]    R3
0x0003       [2]    memmove_tt_L0
0x0003       [4]    FT812_Canvas_SurrRect_minX_L0
0x0003       [2]    MM_TotalFreeMemSize_Tot_L0
0x0003       [1]    FLASH_Erase_Write_64_SaveINTCON_L0
0x0003       [4]    FT810_Canvas_SurrRect_minX_L0
0x0003       [1]    __Lib_Sprinti_?FLOC____Lib_Sprinti_Do_FillT29
0x0003       [1]    MM_Init_i_L0
0x0004       [2]    frexp_pom_L0
0x0004       [3]    __Lib_FT810_alt_strlen_const_cp_L0
0x0004       [2]    __Lib_FT810_alt_memcpy_ss_L0
0x0004       [2]    __Lib_FT812_alt_memcpy_ss_L0
0x0004       [3]    __Lib_FT812_alt_strlen_const_cp_L0
0x0004       [3]    __Lib_FT800_alt_strlen_const_cp_L0
0x0004       [2]    strcpy_cp_L0
0x0004       [2]    strncpy_cp_L0
0x0004       [2]    strncat_cp_L0
0x0004       [1]    R4
0x0004       [2]    memcpy_ss_L0
0x0004       [2]    __Lib_FT800_alt_memcpy_ss_L0
0x0004       [1]    __Lib_Sprinti_?FLOC____Lib_Sprinti_Do_FillT40
0x0004       [2]    __Lib_MemManager_MM_GetMemAlign_P_L0
0x0004       [2]    strcat_cp_L0
0x0005       [1]    R5
0x0005       [2]    memmove_ff_L0
0x0005       [1]    MM_TotalFreeMemSize_i_L0
0x0005       [2]    LongWordToHex_input_half_L0
0x0005       [2]    LongIntToHex_input_half_L0
0x0005       [2]    Ltrim_p_L0
0x0005       [1]    __Lib_Sprinti_?FLOC____Lib_Sprinti_Do_FillT54
0x0006       [1]    R6
0x0006       [1]    __Lib_MemManager_MM_GetMemAlign_i_L0
0x0006       [1]    __Lib_Sprinti_?FLOC____Lib_Sprinti_Do_FillT69
0x0007       [1]    __Lib_TFT_JPEG_GenerateHuffmanTables_bLength_L0
0x0007       [1]    R7
0x0007       [4]    FT800_Canvas_SurrRect_minY_L0
0x0007       [1]    __Lib_TFT_16bit_JPEG_GenerateHuffmanTables_bLength_L0
0x0007       [4]    FT810_Canvas_SurrRect_minY_L0
0x0007       [4]    FT812_Canvas_SurrRect_minY_L0
0x0008       [1]    __Lib_TFT_16bit_JPEG_GenerateHuffmanTables_bTable_L0
0x0008       [1]    R8
0x0008       [1]    __Lib_TFT_JPEG_GenerateHuffmanTables_bTable_L0
0x0009       [4]    __Lib_MmcFat16_f16_toLong_l_L0
0x0009       [1]    R9
0x000A       [1]    R10
0x000B       [4]    FT800_Canvas_SurrRect_maxX_L0
0x000B       [1]    R11
0x000B       [4]    FT812_Canvas_SurrRect_maxX_L0
0x000B       [4]    FT810_Canvas_SurrRect_maxX_L0
0x000C       [1]    R12
0x000D       [1]    R13
0x000E       [1]    R14
0x000F       [1]    R15
0x000F       [4]    FT800_Canvas_SurrRect_maxY_L0
0x000F       [4]    FT810_Canvas_SurrRect_maxY_L0
0x000F       [4]    FT812_Canvas_SurrRect_maxY_L0
0x0010       [1]    R16
0x0011       [1]    R17
0x0012       [1]    R18
0x0013       [1]    R19
0x0014       [1]    R20
0x0016       [1]    _cont
0x0017      [10]    _numeros
0x0F81       [1]    PORTB
0x0F82       [1]    PORTC
0x0F83       [1]    PORTD
0x0F93       [1]    TRISB
0x0F94       [1]    TRISC
0x0F95       [1]    TRISD
0x0FC1       [1]    ADCON1
0x0FD8       [1]    STATUS
0x0FD9       [1]    FSR2L
0x0FDA       [1]    FSR2H
0x0FDE       [1]    POSTINC2
0x0FE0       [1]    BSR
0x0FE1       [1]    FSR1L
0x0FE2       [1]    FSR1H
0x0FE4       [1]    PREINC1
0x0FE6       [1]    POSTINC1
0x0FE7       [1]    INDF1
0x0FE8       [1]    WREG
0x0FE9       [1]    FSR0L
0x0FEA       [1]    FSR0H
0x0FEE       [1]    POSTINC0
0x0FF1       [1]    INTCON2
0x0FF2       [1]    INTCON
0x0FF3       [1]    PRODL
0x0FF4       [1]    PRODH
0x0FF5       [1]    TABLAT
0x0FF6       [1]    TBLPTRL
0x0FF7       [1]    TBLPTRH
0x0FF8       [1]    TBLPTRU
