Command line:
   tb_isim_beh.exe
     -simmode  gui
     -simrunnum  0
     -socket  1124

Wed May 02 13:38:32 2018


 Elaboration Time: 0.015625 sec

 Current Memory Usage: 306.393 Meg

 Total Signals          : 6
 Total Nets             : 9
 Total Signal Drivers   : 3
 Total Blocks           : 3
 Total Primitive Blocks : 2
 Total Processes        : 2
 Total Traceable Variables  : 8
 Total Scalar Nets and Variables : 369
Total Line Count : 14

 Total Simulation Time: 0.03125 sec

 Current Memory Usage: 306.393 Meg

Wed May 02 13:52:52 2018

