;  LST file generated by mikroListExporter - v.2.0 
; Date/Time: 26/04/2018 13:49:01
;----------------------------------------------

;Address Opcode 	ASM
0x0000	0xF000EF2D  	GOTO        90
_interrupt:
;P10B.c,13 :: 		void interrupt(){
;P10B.c,14 :: 		if(INTCON3.INT1IF){
0x0008	0xA0F0      	BTFSS       INTCON3, 0 
0x000A	0xD000      	BRA         L_interrupt1
;P10B.c,16 :: 		}
L_interrupt1:
;P10B.c,17 :: 		if(INTCON.INT1IF){
0x000C	0xA0F2      	BTFSS       INTCON, 0 
0x000E	0xD004      	BRA         L_interrupt2
;P10B.c,18 :: 		value -= 0x10;
0x0010	0x0E10      	MOVLW       16
0x0012	0x5E15      	SUBWF       _value, 1 
0x0014	0x0E00      	MOVLW       0
0x0016	0x5A16      	SUBWFB      _value+1, 1 
;P10B.c,20 :: 		}
L_interrupt2:
;P10B.c,23 :: 		}
L_end_interrupt:
L__interrupt7:
0x0018	0x0011      	RETFIE      1
; end of _interrupt
_SPI1_Init:
;__Lib_SPI_b10c7.c,23 :: 		
;__Lib_SPI_b10c7.c,24 :: 		
0x001A	0x0EFF      	MOVLW       _SPI1_Read
0x001C	0x6E1B      	MOVWF       _SPI_Rd_Ptr 
0x001E	0x0EFF      	MOVLW       hi_addr(_SPI1_Read)
0x0020	0x6E1C      	MOVWF       _SPI_Rd_Ptr+1 
0x0022	0x0EFF      	MOVLW       FARG_SPI1_Read_buffer
0x0024	0x6E1D      	MOVWF       _SPI_Rd_Ptr+2 
0x0026	0x0EFF      	MOVLW       hi_addr(FARG_SPI1_Read_buffer)
0x0028	0x6E1E      	MOVWF       _SPI_Rd_Ptr+3 
;__Lib_SPI_b10c7.c,25 :: 		
0x002A	0x0EFF      	MOVLW       _SPI1_Write
0x002C	0x6E17      	MOVWF       _SPI_Wr_Ptr 
0x002E	0x0EFF      	MOVLW       hi_addr(_SPI1_Write)
0x0030	0x6E18      	MOVWF       _SPI_Wr_Ptr+1 
0x0032	0x0EFF      	MOVLW       FARG_SPI1_Write_data_
0x0034	0x6E19      	MOVWF       _SPI_Wr_Ptr+2 
0x0036	0x0EFF      	MOVLW       hi_addr(FARG_SPI1_Write_data_)
0x0038	0x6E1A      	MOVWF       _SPI_Wr_Ptr+3 
;__Lib_SPI_b10c7.c,27 :: 		
0x003A	0x9E94      	BCF         TRISC7_bit, BitPos(TRISC7_bit+0) 
;__Lib_SPI_b10c7.c,28 :: 		
0x003C	0x9293      	BCF         TRISB1_bit, BitPos(TRISB1_bit+0) 
;__Lib_SPI_b10c7.c,29 :: 		
0x003E	0x8093      	BSF         TRISB0_bit, BitPos(TRISB0_bit+0) 
;__Lib_SPI_b10c7.c,31 :: 		
0x0040	0x6AC6      	CLRF        SSPCON1 
;__Lib_SPI_b10c7.c,32 :: 		
0x0042	0x0E40      	MOVLW       64
0x0044	0x6EC7      	MOVWF       SSPSTAT 
;__Lib_SPI_b10c7.c,33 :: 		
0x0046	0x8AC6      	BSF         SSPCON1, 5 
;__Lib_SPI_b10c7.c,35 :: 		
L_end_SPI1_Init:
0x0048	0x0012      	RETURN      0
; end of _SPI1_Init
___CC2DW:
;__Lib_System.c,21 :: 		
;__Lib_System.c,23 :: 		
_CC2DL_Loop1:
;__Lib_System.c,24 :: 		
0x004A	0x0009      	TBLRD*+
;__Lib_System.c,25 :: 		
0x004C	0xFFE6CFF5  	MOVFF       TABLAT, POSTINC1
;__Lib_System.c,26 :: 		
0x0050	0x0600      	DECF        R0, 1, 0
;__Lib_System.c,27 :: 		
0x0052	0xE1FB      	BNZ         _CC2DL_Loop1
;__Lib_System.c,28 :: 		
0x0054	0x0601      	DECF        R1, 1, 0
;__Lib_System.c,29 :: 		
0x0056	0xE1F9      	BNZ         _CC2DL_Loop1
;__Lib_System.c,31 :: 		
L_end___CC2DW:
0x0058	0x0012      	RETURN      0
; end of ___CC2DW
_main:
0x005A	0x6A15      	CLRF        _value 
0x005C	0x0E30      	MOVLW       48
0x005E	0x6E16      	MOVWF       22 
;P10B.c,25 :: 		void main() {
;P10B.c,26 :: 		TRISC = 0;
0x0060	0x6A94      	CLRF        TRISC 
;P10B.c,27 :: 		TRISB = 1;
0x0062	0x0E01      	MOVLW       1
0x0064	0x6E93      	MOVWF       TRISB 
;P10B.c,28 :: 		PORTC.B0=0;
0x0066	0x9082      	BCF         PORTC, 0 
;P10B.c,29 :: 		SPI1_INIT();//Inicia el convertidor D/A
0x0068	0xDFD8      	RCALL       _SPI1_Init
;P10B.c,31 :: 		INTCON.INT0IE = 1;
0x006A	0x88F2      	BSF         INTCON, 4 
;P10B.c,32 :: 		INTCON.INT0IF = 0;
0x006C	0x92F2      	BCF         INTCON, 1 
;P10B.c,34 :: 		INTCON.GIE = 1; //habilitar interrupciones en general
0x006E	0x8EF2      	BSF         INTCON, 7 
;P10B.c,36 :: 		while(1){
L_main3:
;P10B.c,46 :: 		asm nop;
0x0070	0x0000      	NOP
;P10B.c,47 :: 		}
0x0072	0xD7FE      	BRA         L_main3
;P10B.c,48 :: 		}
L_end_main:
0x0074	0xD7FF      	BRA         $+0
; end of _main
Symbol List:
//** Routines locations **
//ADDRESS    SIZE    PROCEDURE
//----------------------------------------------
0x0008      [18]    _interrupt
0x001A      [48]    _SPI1_Init
0x004A      [16]    ___CC2DW
0x005A      [28]    _main
//** Variables locations ** 
//ADDRESS    SIZE    VARIABLE
//----------------------------------------------
0x0000       [1]    SPI1_Write_tmp_L0
0x0000       [1]    R0
0x0001       [1]    R1
0x0002       [1]    R2
0x0003       [1]    R3
0x0004       [1]    R4
0x0005       [1]    R5
0x0006       [1]    R6
0x0007       [1]    R7
0x0008       [1]    R8
0x0009       [1]    R9
0x000A       [1]    R10
0x000B       [1]    R11
0x000C       [1]    R12
0x000D       [1]    R13
0x000E       [1]    R14
0x000F       [1]    R15
0x0010       [1]    R16
0x0011       [1]    R17
0x0012       [1]    R18
0x0013       [1]    R19
0x0014       [1]    R20
0x0015       [2]    _value
0x0017       [4]    _SPI_Wr_Ptr
0x001B       [4]    _SPI_Rd_Ptr
0x0F82       [1]    PORTC
0x0F93       [1]    TRISB
0x0F93       [0]    TRISB1_bit
0x0F93       [0]    TRISB0_bit
0x0F94       [0]    TRISC7_bit
0x0F94       [1]    TRISC
0x0FC6       [1]    SSPCON1
0x0FC7       [1]    SSPSTAT
0x0FD8       [1]    STATUS
0x0FD9       [1]    FSR2L
0x0FDA       [1]    FSR2H
0x0FDE       [1]    POSTINC2
0x0FE0       [1]    BSR
0x0FE1       [1]    FSR1L
0x0FE2       [1]    FSR1H
0x0FE4       [1]    PREINC1
0x0FE6       [1]    POSTINC1
0x0FE7       [1]    INDF1
0x0FE8       [1]    WREG
0x0FE9       [1]    FSR0L
0x0FEA       [1]    FSR0H
0x0FEE       [1]    POSTINC0
0x0FF0       [1]    INTCON3
0x0FF2       [1]    INTCON
0x0FF3       [1]    PRODL
0x0FF4       [1]    PRODH
0x0FF5       [1]    TABLAT
0x0FF6       [1]    TBLPTRL
0x0FF7       [1]    TBLPTRH
0x0FF8       [1]    TBLPTRU
