;  LST file generated by mikroListExporter - v.2.0 
; Date/Time: 18/04/2018 19:13:22
;----------------------------------------------

;Address Opcode 	ASM
0x0000	0xF003EFDE  	GOTO        1980
_interrupt:
;latidos_ejer1.c,21 :: 		void interrupt(){
0x0008	0xF018C000  	MOVFF       R0, 24
0x000C	0xF017C001  	MOVFF       R1, 23
0x0010	0xF016C00C  	MOVFF       R12, 22
0x0014	0xF015C00D  	MOVFF       R13, 21
;latidos_ejer1.c,22 :: 		ciclos = TMR0L;
0x0018	0xF022CFD6  	MOVFF       TMR0L, _ciclos
0x001C	0x0E00      	MOVLW       0
0x001E	0x6E23      	MOVWF       _ciclos+1 
;latidos_ejer1.c,23 :: 		ciclos = ciclos+(TMR0H<<8);
0x0020	0xF001CFD7  	MOVFF       TMR0H, R1
0x0024	0x6A00      	CLRF        R0 
0x0026	0x5022      	MOVF        _ciclos, 0 
0x0028	0x2600      	ADDWF       R0, 1 
0x002A	0x5023      	MOVF        _ciclos+1, 0 
0x002C	0x2201      	ADDWFC      R1, 1 
0x002E	0xF022C000  	MOVFF       R0, _ciclos
0x0032	0xF023C001  	MOVFF       R1, _ciclos+1
;latidos_ejer1.c,24 :: 		TMR0H = 0;
0x0036	0x6AD7      	CLRF        TMR0H 
;latidos_ejer1.c,25 :: 		TMR0L = 0;
0x0038	0x6AD6      	CLRF        TMR0L 
;latidos_ejer1.c,26 :: 		frec = 60.0e6/(64.0 * ciclos);
0x003A	0xD91D      	RCALL       _word2double
0x003C	0x0E00      	MOVLW       0
0x003E	0x6E04      	MOVWF       R4 
0x0040	0x0E00      	MOVLW       0
0x0042	0x6E05      	MOVWF       R5 
0x0044	0x0E00      	MOVLW       0
0x0046	0x6E06      	MOVWF       R6 
0x0048	0x0E85      	MOVLW       133
0x004A	0x6E07      	MOVWF       R7 
0x004C	0xDA30      	RCALL       _Mul_32x32_FP
0x004E	0xF004C000  	MOVFF       R0, R4
0x0052	0xF005C001  	MOVFF       R1, R5
0x0056	0xF006C002  	MOVFF       R2, R6
0x005A	0xF007C003  	MOVFF       R3, R7
0x005E	0x0EC0      	MOVLW       192
0x0060	0x6E00      	MOVWF       R0 
0x0062	0x0EE1      	MOVLW       225
0x0064	0x6E01      	MOVWF       R1 
0x0066	0x0E64      	MOVLW       100
0x0068	0x6E02      	MOVWF       R2 
0x006A	0x0E98      	MOVLW       152
0x006C	0x6E03      	MOVWF       R3 
0x006E	0xDAEC      	RCALL       _Div_32x32_FP
0x0070	0xD916      	RCALL       _double2word
0x0072	0xF019C000  	MOVFF       R0, _frec
0x0076	0xF01AC001  	MOVFF       R1, _frec+1
;latidos_ejer1.c,29 :: 		WordToStr(frec, txt);
0x007A	0xF024C000  	MOVFF       R0, FARG_WordToStr_input
0x007E	0xF025C001  	MOVFF       R1, FARG_WordToStr_input+1
0x0082	0x0E1B      	MOVLW       _txt
0x0084	0x6E26      	MOVWF       FARG_WordToStr_output 
0x0086	0x0E00      	MOVLW       hi_addr(_txt)
0x0088	0x6E27      	MOVWF       FARG_WordToStr_output+1 
0x008A	0xD9C9      	RCALL       _WordToStr
;latidos_ejer1.c,30 :: 		Lcd_out(1,1, txt);
0x008C	0x0E01      	MOVLW       1
0x008E	0x6E24      	MOVWF       FARG_Lcd_Out_row 
0x0090	0x0E01      	MOVLW       1
0x0092	0x6E25      	MOVWF       FARG_Lcd_Out_column 
0x0094	0x0E1B      	MOVLW       _txt
0x0096	0x6E26      	MOVWF       FARG_Lcd_Out_text 
0x0098	0x0E00      	MOVLW       hi_addr(_txt)
0x009A	0x6E27      	MOVWF       FARG_Lcd_Out_text+1 
0x009C	0xDA98      	RCALL       _Lcd_Out
;latidos_ejer1.c,33 :: 		T0CON.TMR0ON = 1;
0x009E	0x8ED5      	BSF         T0CON, 7 
;latidos_ejer1.c,34 :: 		INTCON.INT0IF = 0;
0x00A0	0x92F2      	BCF         INTCON, 1 
;latidos_ejer1.c,35 :: 		}
L_end_interrupt:
L__interrupt3:
0x00A2	0xF000C018  	MOVFF       24, R0
0x00A6	0xF001C017  	MOVFF       23, R1
0x00AA	0xF00CC016  	MOVFF       22, R12
0x00AE	0xF00DC015  	MOVFF       21, R13
0x00B2	0x0011      	RETFIE      1
; end of _interrupt
_Delay_5500us:
;__Lib_Delays.c,31 :: 		void Delay_5500us() {
;__Lib_Delays.c,32 :: 		Delay_us(5500);
0x00B4	0x0E0F      	MOVLW       15
0x00B6	0x6E0C      	MOVWF       R12, 0
0x00B8	0x0E47      	MOVLW       71
0x00BA	0x6E0D      	MOVWF       R13, 0
L_Delay_5500us5:
0x00BC	0x2E0D      	DECFSZ      R13, 1, 0
0x00BE	0xD7FE      	BRA         L_Delay_5500us5
0x00C0	0x2E0C      	DECFSZ      R12, 1, 0
0x00C2	0xD7FC      	BRA         L_Delay_5500us5
0x00C4	0x0000      	NOP
0x00C6	0x0000      	NOP
;__Lib_Delays.c,33 :: 		}
L_end_Delay_5500us:
0x00C8	0x0012      	RETURN      0
; end of _Delay_5500us
_Delay_1us:
;__Lib_Delays.c,7 :: 		void Delay_1us() {
;__Lib_Delays.c,8 :: 		Delay_us(1);
0x00CA	0x0000      	NOP
0x00CC	0x0000      	NOP
;__Lib_Delays.c,9 :: 		}
L_end_Delay_1us:
0x00CE	0x0012      	RETURN      0
; end of _Delay_1us
_Delay_50us:
;__Lib_Delays.c,19 :: 		void Delay_50us() {
;__Lib_Delays.c,20 :: 		Delay_us(50);
0x00D0	0x0E21      	MOVLW       33
0x00D2	0x6E0D      	MOVWF       R13, 0
L_Delay_50us2:
0x00D4	0x2E0D      	DECFSZ      R13, 1, 0
0x00D6	0xD7FE      	BRA         L_Delay_50us2
;__Lib_Delays.c,21 :: 		}
L_end_Delay_50us:
0x00D8	0x0012      	RETURN      0
; end of _Delay_50us
_FIXSIGN32:
;__Lib_MathDouble.c,117 :: 		
;__Lib_MathDouble.c,121 :: 		
0x00DA	0xAE0A      	BTFSS       R10, 7, 0
;__Lib_MathDouble.c,122 :: 		
0x00DC	0x9E02      	BCF         R2, 7, 0
;__Lib_MathDouble.c,123 :: 		
0x00DE	0x0E00      	MOVLW       0
;__Lib_MathDouble.c,125 :: 		
L_end_FIXSIGN32:
0x00E0	0x0012      	RETURN      0
; end of _FIXSIGN32
_SETFUN32:
;__Lib_MathDouble.c,144 :: 		
;__Lib_MathDouble.c,152 :: 		
0x00E2	0x840B      	BSF         R11, 2, 0
;__Lib_MathDouble.c,153 :: 		
0x00E4	0xAE0B      	BTFSS       R11, 7, 0
;__Lib_MathDouble.c,154 :: 		
0x00E6	0xF000EF7C  	GOTO        SETFUN32EEE
;__Lib_MathDouble.c,156 :: 		
0x00EA	0x0E01      	MOVLW       1
;__Lib_MathDouble.c,157 :: 		
0x00EC	0x6E03      	MOVWF       R3, 0
;__Lib_MathDouble.c,158 :: 		
0x00EE	0x6A02      	CLRF        R2, 0
;__Lib_MathDouble.c,159 :: 		
0x00F0	0x6A01      	CLRF        R1, 0
;__Lib_MathDouble.c,160 :: 		
0x00F2	0x6A00      	CLRF        R0, 0
;__Lib_MathDouble.c,161 :: 		
0x00F4	0x360A      	RLCF        R10, 1, 0
;__Lib_MathDouble.c,162 :: 		
0x00F6	0x3202      	RRCF        R2, 1, 0
;__Lib_MathDouble.c,163 :: 		
SETFUN32EEE:
;__Lib_MathDouble.c,164 :: 		
0x00F8	0x0EFF      	MOVLW       255
;__Lib_MathDouble.c,166 :: 		
L_end_SETFUN32:
0x00FA	0x0012      	RETURN      0
; end of _SETFUN32
_RES032:
;__Lib_MathDouble.c,128 :: 		
;__Lib_MathDouble.c,134 :: 		
0x00FC	0x6A02      	CLRF        R2, 0
;__Lib_MathDouble.c,135 :: 		
0x00FE	0x6A01      	CLRF        R1, 0
;__Lib_MathDouble.c,136 :: 		
0x0100	0x6A00      	CLRF        R0, 0
;__Lib_MathDouble.c,137 :: 		
0x0102	0x6A08      	CLRF        R8, 0
;__Lib_MathDouble.c,138 :: 		
0x0104	0x6A03      	CLRF        R3, 0
;__Lib_MathDouble.c,139 :: 		
0x0106	0x0E00      	MOVLW       0
;__Lib_MathDouble.c,141 :: 		
L_end_RES032:
0x0108	0x0012      	RETURN      0
; end of _RES032
_Lcd_Cmd:
;__Lib_Lcd.c,18 :: 		
;__Lib_Lcd.c,20 :: 		
0x010A	0xBE2C      	BTFSC       FARG_Lcd_Cmd_out_char, 7 
0x010C	0xD002      	BRA         L__Lcd_Cmd21
0x010E	0x9E81      	BCF         LCD_D7, BitPos(LCD_D7+0) 
0x0110	0xD001      	BRA         L__Lcd_Cmd22
L__Lcd_Cmd21:
0x0112	0x8E81      	BSF         LCD_D7, BitPos(LCD_D7+0) 
L__Lcd_Cmd22:
;__Lib_Lcd.c,21 :: 		
0x0114	0xBC2C      	BTFSC       FARG_Lcd_Cmd_out_char, 6 
0x0116	0xD002      	BRA         L__Lcd_Cmd23
0x0118	0x9C81      	BCF         LCD_D6, BitPos(LCD_D6+0) 
0x011A	0xD001      	BRA         L__Lcd_Cmd24
L__Lcd_Cmd23:
0x011C	0x8C81      	BSF         LCD_D6, BitPos(LCD_D6+0) 
L__Lcd_Cmd24:
;__Lib_Lcd.c,22 :: 		
0x011E	0xBA2C      	BTFSC       FARG_Lcd_Cmd_out_char, 5 
0x0120	0xD002      	BRA         L__Lcd_Cmd25
0x0122	0x9A81      	BCF         LCD_D5, BitPos(LCD_D5+0) 
0x0124	0xD001      	BRA         L__Lcd_Cmd26
L__Lcd_Cmd25:
0x0126	0x8A81      	BSF         LCD_D5, BitPos(LCD_D5+0) 
L__Lcd_Cmd26:
;__Lib_Lcd.c,23 :: 		
0x0128	0xB82C      	BTFSC       FARG_Lcd_Cmd_out_char, 4 
0x012A	0xD002      	BRA         L__Lcd_Cmd27
0x012C	0x9881      	BCF         LCD_D4, BitPos(LCD_D4+0) 
0x012E	0xD001      	BRA         L__Lcd_Cmd28
L__Lcd_Cmd27:
0x0130	0x8881      	BSF         LCD_D4, BitPos(LCD_D4+0) 
L__Lcd_Cmd28:
;__Lib_Lcd.c,25 :: 		
0x0132	0xB021      	BTFSC       __Lib_Lcd_cmd_status, BitPos(__Lib_Lcd_cmd_status+0) 
0x0134	0xD002      	BRA         L__Lcd_Cmd29
0x0136	0x8481      	BSF         LCD_RS, BitPos(LCD_RS+0) 
0x0138	0xD001      	BRA         L__Lcd_Cmd30
L__Lcd_Cmd29:
0x013A	0x9481      	BCF         LCD_RS, BitPos(LCD_RS+0) 
L__Lcd_Cmd30:
;__Lib_Lcd.c,28 :: 		
0x013C	0x8681      	BSF         LCD_EN, BitPos(LCD_EN+0) 
;__Lib_Lcd.c,29 :: 		
0x013E	0xDFC5      	RCALL       _Delay_1us
;__Lib_Lcd.c,30 :: 		
0x0140	0x9681      	BCF         LCD_EN, BitPos(LCD_EN+0) 
;__Lib_Lcd.c,33 :: 		
0x0142	0xB62C      	BTFSC       FARG_Lcd_Cmd_out_char, 3 
0x0144	0xD002      	BRA         L__Lcd_Cmd31
0x0146	0x9E81      	BCF         LCD_D7, BitPos(LCD_D7+0) 
0x0148	0xD001      	BRA         L__Lcd_Cmd32
L__Lcd_Cmd31:
0x014A	0x8E81      	BSF         LCD_D7, BitPos(LCD_D7+0) 
L__Lcd_Cmd32:
;__Lib_Lcd.c,34 :: 		
0x014C	0xB42C      	BTFSC       FARG_Lcd_Cmd_out_char, 2 
0x014E	0xD002      	BRA         L__Lcd_Cmd33
0x0150	0x9C81      	BCF         LCD_D6, BitPos(LCD_D6+0) 
0x0152	0xD001      	BRA         L__Lcd_Cmd34
L__Lcd_Cmd33:
0x0154	0x8C81      	BSF         LCD_D6, BitPos(LCD_D6+0) 
L__Lcd_Cmd34:
;__Lib_Lcd.c,35 :: 		
0x0156	0xB22C      	BTFSC       FARG_Lcd_Cmd_out_char, 1 
0x0158	0xD002      	BRA         L__Lcd_Cmd35
0x015A	0x9A81      	BCF         LCD_D5, BitPos(LCD_D5+0) 
0x015C	0xD001      	BRA         L__Lcd_Cmd36
L__Lcd_Cmd35:
0x015E	0x8A81      	BSF         LCD_D5, BitPos(LCD_D5+0) 
L__Lcd_Cmd36:
;__Lib_Lcd.c,36 :: 		
0x0160	0xB02C      	BTFSC       FARG_Lcd_Cmd_out_char, 0 
0x0162	0xD002      	BRA         L__Lcd_Cmd37
0x0164	0x9881      	BCF         LCD_D4, BitPos(LCD_D4+0) 
0x0166	0xD001      	BRA         L__Lcd_Cmd38
L__Lcd_Cmd37:
0x0168	0x8881      	BSF         LCD_D4, BitPos(LCD_D4+0) 
L__Lcd_Cmd38:
;__Lib_Lcd.c,38 :: 		
0x016A	0xB021      	BTFSC       __Lib_Lcd_cmd_status, BitPos(__Lib_Lcd_cmd_status+0) 
0x016C	0xD002      	BRA         L__Lcd_Cmd39
0x016E	0x8481      	BSF         LCD_RS, BitPos(LCD_RS+0) 
0x0170	0xD001      	BRA         L__Lcd_Cmd40
L__Lcd_Cmd39:
0x0172	0x9481      	BCF         LCD_RS, BitPos(LCD_RS+0) 
L__Lcd_Cmd40:
;__Lib_Lcd.c,40 :: 		
0x0174	0x8681      	BSF         LCD_EN, BitPos(LCD_EN+0) 
;__Lib_Lcd.c,41 :: 		
0x0176	0xDFA9      	RCALL       _Delay_1us
;__Lib_Lcd.c,42 :: 		
0x0178	0x9681      	BCF         LCD_EN, BitPos(LCD_EN+0) 
;__Lib_Lcd.c,44 :: 		
0x017A	0xA021      	BTFSS       __Lib_Lcd_cmd_status, BitPos(__Lib_Lcd_cmd_status+0) 
0x017C	0xD002      	BRA         L_Lcd_Cmd0
;__Lib_Lcd.c,45 :: 		
0x017E	0xDF9A      	RCALL       _Delay_5500us
0x0180	0xD001      	BRA         L_Lcd_Cmd1
L_Lcd_Cmd0:
;__Lib_Lcd.c,47 :: 		
0x0182	0xDFA6      	RCALL       _Delay_50us
L_Lcd_Cmd1:
;__Lib_Lcd.c,48 :: 		
L_end_Lcd_Cmd:
0x0184	0x0012      	RETURN      0
; end of _Lcd_Cmd
_SETFDZ32:
;__Lib_MathDouble.c,106 :: 		
;__Lib_MathDouble.c,110 :: 		
0x0186	0x6A0B      	CLRF        R11, 0
;__Lib_MathDouble.c,111 :: 		
0x0188	0x860B      	BSF         R11, 3, 0
;__Lib_MathDouble.c,112 :: 		
0x018A	0x0EFF      	MOVLW       255
;__Lib_MathDouble.c,114 :: 		
L_end_SETFDZ32:
0x018C	0x0012      	RETURN      0
; end of _SETFDZ32
_NRM3232:
;__Lib_MathDouble.c,455 :: 		
;__Lib_MathDouble.c,463 :: 		
0x018E	0x6A0C      	CLRF        R12, 0
;__Lib_MathDouble.c,464 :: 		
0x0190	0x6A0E      	CLRF        R14, 0
;__Lib_MathDouble.c,465 :: 		
0x0192	0x5002      	MOVF        R2, 0, 0
;__Lib_MathDouble.c,466 :: 		
0x0194	0xA4D8      	BTFSS       STATUS, 2, 0
;__Lib_MathDouble.c,467 :: 		
0x0196	0xF000EFE0  	GOTO        NORM3232
;__Lib_MathDouble.c,468 :: 		
0x019A	0xF002C001  	MOVFF       R1, R2
;__Lib_MathDouble.c,469 :: 		
0x019E	0xF001C000  	MOVFF       R0, R1
;__Lib_MathDouble.c,470 :: 		
0x01A2	0x6A00      	CLRF        R0, 0
;__Lib_MathDouble.c,471 :: 		
0x01A4	0x860E      	BSF         R14, 3, 0
;__Lib_MathDouble.c,473 :: 		
0x01A6	0x5002      	MOVF        R2, 0, 0
;__Lib_MathDouble.c,474 :: 		
0x01A8	0xA4D8      	BTFSS       STATUS, 2, 0
;__Lib_MathDouble.c,475 :: 		
0x01AA	0xF000EFE0  	GOTO        NORM3232
;__Lib_MathDouble.c,476 :: 		
0x01AE	0xF002C001  	MOVFF       R1, R2
;__Lib_MathDouble.c,477 :: 		
0x01B2	0x6A01      	CLRF        R1, 0
;__Lib_MathDouble.c,478 :: 		
0x01B4	0x960E      	BCF         R14, 3, 0
;__Lib_MathDouble.c,479 :: 		
0x01B6	0x880E      	BSF         R14, 4, 0
;__Lib_MathDouble.c,481 :: 		
0x01B8	0x5002      	MOVF        R2, 0, 0
;__Lib_MathDouble.c,482 :: 		
0x01BA	0xB4D8      	BTFSC       STATUS, 2, 0
;__Lib_MathDouble.c,483 :: 		
0x01BC	0xF000EFF2  	GOTO        JPNRES032
;__Lib_MathDouble.c,484 :: 		
NORM3232:
;__Lib_MathDouble.c,485 :: 		
0x01C0	0x500E      	MOVF        R14, 0, 0
;__Lib_MathDouble.c,486 :: 		
0x01C2	0x5E03      	SUBWF       R3, 1, 0
;__Lib_MathDouble.c,487 :: 		
0x01C4	0xA4D8      	BTFSS       STATUS, 2, 0
;__Lib_MathDouble.c,488 :: 		
0x01C6	0xA0D8      	BTFSS       STATUS, 0, 0
;__Lib_MathDouble.c,489 :: 		
0x01C8	0xF000EFF7  	GOTO        JPNSETFUN32
;__Lib_MathDouble.c,490 :: 		
0x01CC	0x90D8      	BCF         STATUS, 0, 0
;__Lib_MathDouble.c,491 :: 		
NORM3232A:
;__Lib_MathDouble.c,492 :: 		
0x01CE	0xBE02      	BTFSC       R2, 7, 0
;__Lib_MathDouble.c,493 :: 		
0x01D0	0xF000EFFC  	GOTO        JMPNFIXSIGN32
;__Lib_MathDouble.c,494 :: 		
0x01D4	0x3600      	RLCF        R0, 1, 0
;__Lib_MathDouble.c,495 :: 		
0x01D6	0x3601      	RLCF        R1, 1, 0
;__Lib_MathDouble.c,496 :: 		
0x01D8	0x3602      	RLCF        R2, 1, 0
;__Lib_MathDouble.c,497 :: 		
0x01DA	0x2E03      	DECFSZ      R3, 1, 0
;__Lib_MathDouble.c,498 :: 		
0x01DC	0xF000EFE7  	GOTO        NORM3232A
;__Lib_MathDouble.c,499 :: 		
0x01E0	0xF000EFF7  	GOTO        JPNSETFUN32
;__Lib_MathDouble.c,500 :: 		
JPNRES032:
;__Lib_MathDouble.c,501 :: 		
0x01E4	0x0E01      	MOVLW       1
;__Lib_MathDouble.c,502 :: 		
0x01E6	0x6E0C      	MOVWF       R12, 0
;__Lib_MathDouble.c,504 :: 		
0x01E8	0xDF89      	RCALL       _RES032
;__Lib_MathDouble.c,506 :: 		
0x01EA	0xF000EFFF  	GOTO        NORM32EEE
;__Lib_MathDouble.c,507 :: 		
JPNSETFUN32:
;__Lib_MathDouble.c,508 :: 		
0x01EE	0x0E02      	MOVLW       2
;__Lib_MathDouble.c,509 :: 		
0x01F0	0x6E0C      	MOVWF       R12, 0
;__Lib_MathDouble.c,511 :: 		
0x01F2	0xDF77      	RCALL       _SETFUN32
;__Lib_MathDouble.c,513 :: 		
0x01F4	0xF000EFFF  	GOTO        NORM32EEE
;__Lib_MathDouble.c,514 :: 		
JMPNFIXSIGN32:
;__Lib_MathDouble.c,515 :: 		
0x01F8	0x0E04      	MOVLW       4
;__Lib_MathDouble.c,516 :: 		
0x01FA	0x6E0C      	MOVWF       R12, 0
;__Lib_MathDouble.c,518 :: 		
0x01FC	0xDF6E      	RCALL       _FIXSIGN32
;__Lib_MathDouble.c,520 :: 		
NORM32EEE:
;__Lib_MathDouble.c,527 :: 		
L_end_NRM3232:
0x01FE	0x0012      	RETURN      0
; end of _NRM3232
_SETFOV32:
;__Lib_MathDouble.c,82 :: 		
;__Lib_MathDouble.c,90 :: 		
0x0200	0x820B      	BSF         R11, 1, 0
;__Lib_MathDouble.c,91 :: 		
0x0202	0xAE0B      	BTFSS       R11, 7, 0
;__Lib_MathDouble.c,92 :: 		
0x0204	0xF001EF0A  	GOTO        SETFOV32EEE
;__Lib_MathDouble.c,94 :: 		
0x0208	0x6803      	SETF        R3, 0
;__Lib_MathDouble.c,95 :: 		
0x020A	0x6802      	SETF        R2, 0
;__Lib_MathDouble.c,96 :: 		
0x020C	0x6801      	SETF        R1, 0
;__Lib_MathDouble.c,97 :: 		
0x020E	0x6800      	SETF        R0, 0
;__Lib_MathDouble.c,98 :: 		
0x0210	0x360A      	RLCF        R10, 1, 0
;__Lib_MathDouble.c,99 :: 		
0x0212	0x3202      	RRCF        R2, 1, 0
;__Lib_MathDouble.c,100 :: 		
SETFOV32EEE:
;__Lib_MathDouble.c,101 :: 		
0x0214	0x0EFF      	MOVLW       255
;__Lib_MathDouble.c,103 :: 		
L_end_SETFOV32:
0x0216	0x0012      	RETURN      0
; end of _SETFOV32
_Div_16X16_U:
;__Lib_Math.c,102 :: 		
;__Lib_Math.c,109 :: 		
0x0218	0x6A08      	CLRF        R8, 0
;__Lib_Math.c,110 :: 		
0x021A	0x6A09      	CLRF        R9, 0
;__Lib_Math.c,111 :: 		
0x021C	0x0E10      	MOVLW       16
;__Lib_Math.c,112 :: 		
0x021E	0x6E0C      	MOVWF       R12, 0
;__Lib_Math.c,113 :: 		
0x0220	0x3401      	RLCF        R1, 0, 0
;__Lib_Math.c,114 :: 		
0x0222	0x3608      	RLCF        R8, 1, 0
;__Lib_Math.c,115 :: 		
0x0224	0x3609      	RLCF        R9, 1, 0
;__Lib_Math.c,116 :: 		
0x0226	0x5004      	MOVF        R4, 0, 0
;__Lib_Math.c,117 :: 		
0x0228	0x5E08      	SUBWF       R8, 1, 0
;__Lib_Math.c,118 :: 		
0x022A	0x5005      	MOVF        R5, 0, 0
;__Lib_Math.c,119 :: 		
0x022C	0xA0D8      	BTFSS       STATUS, 0, 0
;__Lib_Math.c,120 :: 		
0x022E	0x3C05      	INCFSZ      R5, 0, 0
;__Lib_Math.c,121 :: 		
0x0230	0x5E09      	SUBWF       R9, 1, 0
;__Lib_Math.c,122 :: 		
0x0232	0xB0D8      	BTFSC       STATUS, 0, 0
;__Lib_Math.c,123 :: 		
0x0234	0xD007      	BRA         $+16
;__Lib_Math.c,124 :: 		
0x0236	0x5004      	MOVF        R4, 0, 0
;__Lib_Math.c,125 :: 		
0x0238	0x2608      	ADDWF       R8, 1, 0
;__Lib_Math.c,126 :: 		
0x023A	0x5005      	MOVF        R5, 0, 0
;__Lib_Math.c,127 :: 		
0x023C	0xB0D8      	BTFSC       STATUS, 0, 0
;__Lib_Math.c,128 :: 		
0x023E	0x3C05      	INCFSZ      R5, 0, 0
;__Lib_Math.c,129 :: 		
0x0240	0x2609      	ADDWF       R9, 1, 0
;__Lib_Math.c,130 :: 		
0x0242	0x90D8      	BCF         STATUS, 0, 0
;__Lib_Math.c,131 :: 		
0x0244	0x3600      	RLCF        R0, 1, 0
;__Lib_Math.c,132 :: 		
0x0246	0x3601      	RLCF        R1, 1, 0
;__Lib_Math.c,133 :: 		
0x0248	0x2E0C      	DECFSZ      R12, 1, 0
;__Lib_Math.c,134 :: 		
0x024A	0xD7EA      	BRA         $-42
;__Lib_Math.c,136 :: 		
L_end_Div_16X16_U:
0x024C	0x0012      	RETURN      0
; end of _Div_16X16_U
_Lcd_Chr_CP:
;__Lib_Lcd.c,50 :: 		
;__Lib_Lcd.c,52 :: 		
0x024E	0x9021      	BCF         __Lib_Lcd_cmd_status, BitPos(__Lib_Lcd_cmd_status+0) 
;__Lib_Lcd.c,53 :: 		
0x0250	0xF02CC02B  	MOVFF       FARG_Lcd_Chr_CP_out_char, FARG_Lcd_Cmd_out_char
0x0254	0xDF5A      	RCALL       _Lcd_Cmd
;__Lib_Lcd.c,54 :: 		
0x0256	0x8021      	BSF         __Lib_Lcd_cmd_status, BitPos(__Lib_Lcd_cmd_status+0) 
;__Lib_Lcd.c,55 :: 		
L_end_Lcd_Chr_CP:
0x0258	0x0012      	RETURN      0
; end of _Lcd_Chr_CP
_SETIOV3224:
;__Lib_MathDouble.c,530 :: 		
;__Lib_MathDouble.c,537 :: 		
0x025A	0x800B      	BSF         R11, 0, 0
;__Lib_MathDouble.c,538 :: 		
0x025C	0xAE0B      	BTFSS       R11, 7, 0
;__Lib_MathDouble.c,539 :: 		
0x025E	0xF001EF39  	GOTO        SETIOV3224EEE
;__Lib_MathDouble.c,541 :: 		
0x0262	0x6A02      	CLRF        R2, 0
;__Lib_MathDouble.c,542 :: 		
0x0264	0xAE0A      	BTFSS       R10, 7, 0
;__Lib_MathDouble.c,543 :: 		
0x0266	0x0EFF      	MOVLW       255
;__Lib_MathDouble.c,544 :: 		
0x0268	0x6E02      	MOVWF       R2, 0
;__Lib_MathDouble.c,545 :: 		
0x026A	0x6E01      	MOVWF       R1, 0
;__Lib_MathDouble.c,546 :: 		
0x026C	0x6E00      	MOVWF       R0, 0
;__Lib_MathDouble.c,547 :: 		
0x026E	0x360A      	RLCF        R10, 1, 0
;__Lib_MathDouble.c,548 :: 		
0x0270	0x3202      	RRCF        R2, 1, 0
;__Lib_MathDouble.c,549 :: 		
SETIOV3224EEE:
;__Lib_MathDouble.c,550 :: 		
0x0272	0x0EFF      	MOVLW       255
;__Lib_MathDouble.c,552 :: 		
L_end_SETIOV3224:
0x0274	0x0012      	RETURN      0
; end of _SETIOV3224
_word2double:
;__Lib_MathDouble.c,2335 :: 		
;__Lib_MathDouble.c,2344 :: 		
0x0276	0x5000      	MOVF        R0, 0, 0
;__Lib_MathDouble.c,2345 :: 		
0x0278	0x6E08      	MOVWF       R8, 0
;__Lib_MathDouble.c,2346 :: 		
0x027A	0x5001      	MOVF        R1, 0, 0
;__Lib_MathDouble.c,2347 :: 		
0x027C	0x6E00      	MOVWF       R0, 0
;__Lib_MathDouble.c,2348 :: 		
0x027E	0x6A01      	CLRF        R1, 0
;__Lib_MathDouble.c,2349 :: 		
0x0280	0x6A02      	CLRF        R2, 0
;__Lib_MathDouble.c,2350 :: 		
0x0282	0x6A03      	CLRF        R3, 0
;__Lib_MathDouble.c,2353 :: 		
0x0284	0x6A0B      	CLRF        R11, 0
;__Lib_MathDouble.c,2354 :: 		
0x0286	0x6A0C      	CLRF        R12, 0
;__Lib_MathDouble.c,2356 :: 		
0x0288	0x0E96      	MOVLW       150
;__Lib_MathDouble.c,2357 :: 		
0x028A	0x6E03      	MOVWF       R3, 0
;__Lib_MathDouble.c,2358 :: 		
0x028C	0x6A0A      	CLRF        R10, 0
;__Lib_MathDouble.c,2360 :: 		
0x028E	0xF001C000  	MOVFF       R0, R1
;__Lib_MathDouble.c,2361 :: 		
0x0292	0xF000C008  	MOVFF       R8, R0
;__Lib_MathDouble.c,2362 :: 		
0x0296	0x6A08      	CLRF        R8, 0
;__Lib_MathDouble.c,2363 :: 		
0x0298	0x6A02      	CLRF        R2, 0
;__Lib_MathDouble.c,2365 :: 		
0x029A	0xDF79      	RCALL       _NRM3232
;__Lib_MathDouble.c,2366 :: 		
L_end_word2double:
0x029C	0x0012      	RETURN      0
; end of _word2double
_double2word:
;__Lib_MathDouble.c,2023 :: 		
;__Lib_MathDouble.c,2032 :: 		
0x029E	0x6A0B      	CLRF        R11, 0
;__Lib_MathDouble.c,2033 :: 		
0x02A0	0x6A0C      	CLRF        R12, 0
;__Lib_MathDouble.c,2034 :: 		
0x02A2	0x6A0A      	CLRF        R10, 0
;__Lib_MathDouble.c,2036 :: 		
0x02A4	0x5003      	MOVF        R3, 0, 0
;__Lib_MathDouble.c,2037 :: 		
0x02A6	0xB4D8      	BTFSC       STATUS, 2, 0
;__Lib_MathDouble.c,2038 :: 		
0x02A8	0xF001EF99  	GOTO        IRES016U
;__Lib_MathDouble.c,2040 :: 		
0x02AC	0x8E02      	BSF         R2, 7, 0
;__Lib_MathDouble.c,2042 :: 		
0x02AE	0x0E8E      	MOVLW       142
;__Lib_MathDouble.c,2043 :: 		
0x02B0	0x5E03      	SUBWF       R3, 1, 0
;__Lib_MathDouble.c,2044 :: 		
0x02B2	0xBE03      	BTFSC       R3, 7, 0
;__Lib_MathDouble.c,2045 :: 		
0x02B4	0xF001EF61  	GOTO        SETEXP16U
;__Lib_MathDouble.c,2046 :: 		
0x02B8	0xB4D8      	BTFSC       STATUS, 2, 0
;__Lib_MathDouble.c,2047 :: 		
0x02BA	0xF001EF61  	GOTO        SETEXP16U
;__Lib_MathDouble.c,2048 :: 		
0x02BE	0xF001EF9D  	GOTO        SETIOV16U
;__Lib_MathDouble.c,2049 :: 		
SETEXP16U:
;__Lib_MathDouble.c,2050 :: 		
0x02C2	0x6C03      	NEGF        R3, 0
;__Lib_MathDouble.c,2052 :: 		
0x02C4	0x0E08      	MOVLW       8
;__Lib_MathDouble.c,2053 :: 		
0x02C6	0x5C03      	SUBWF       R3, 0, 0
;__Lib_MathDouble.c,2054 :: 		
0x02C8	0xA0D8      	BTFSS       STATUS, 0, 0
;__Lib_MathDouble.c,2055 :: 		
0x02CA	0xF001EF78  	GOTO        TSHIFT3216U
;__Lib_MathDouble.c,2056 :: 		
0x02CE	0x6E03      	MOVWF       R3, 0
;__Lib_MathDouble.c,2057 :: 		
0x02D0	0x3601      	RLCF        R1, 1, 0
;__Lib_MathDouble.c,2058 :: 		
0x02D2	0xF001C002  	MOVFF       R2, R1
;__Lib_MathDouble.c,2059 :: 		
0x02D6	0x6A02      	CLRF        R2, 0
;__Lib_MathDouble.c,2061 :: 		
0x02D8	0x0E08      	MOVLW       8
;__Lib_MathDouble.c,2062 :: 		
0x02DA	0x5C03      	SUBWF       R3, 0, 0
;__Lib_MathDouble.c,2063 :: 		
0x02DC	0xA0D8      	BTFSS       STATUS, 0, 0
;__Lib_MathDouble.c,2064 :: 		
0x02DE	0xF001EF78  	GOTO        TSHIFT3216U
;__Lib_MathDouble.c,2065 :: 		
0x02E2	0x3601      	RLCF        R1, 1, 0
;__Lib_MathDouble.c,2066 :: 		
0x02E4	0x6A01      	CLRF        R1, 0
;__Lib_MathDouble.c,2068 :: 		
0x02E6	0x5003      	MOVF        R3, 0, 0
;__Lib_MathDouble.c,2069 :: 		
0x02E8	0xA4D8      	BTFSS       STATUS, 2, 0
;__Lib_MathDouble.c,2070 :: 		
0x02EA	0x90D8      	BCF         STATUS, 0, 0
;__Lib_MathDouble.c,2071 :: 		
0x02EC	0xF001EF82  	GOTO        SHIFT3216UOK
;__Lib_MathDouble.c,2072 :: 		
TSHIFT3216U:
;__Lib_MathDouble.c,2073 :: 		
0x02F0	0x5003      	MOVF        R3, 0, 0
;__Lib_MathDouble.c,2074 :: 		
0x02F2	0xB4D8      	BTFSC       STATUS, 2, 0
;__Lib_MathDouble.c,2075 :: 		
0x02F4	0xF001EF82  	GOTO        SHIFT3216UOK
;__Lib_MathDouble.c,2076 :: 		
SHIFT3216U:
;__Lib_MathDouble.c,2077 :: 		
0x02F8	0x90D8      	BCF         STATUS, 0, 0
;__Lib_MathDouble.c,2078 :: 		
0x02FA	0x3202      	RRCF        R2, 1, 0
;__Lib_MathDouble.c,2079 :: 		
0x02FC	0x3201      	RRCF        R1, 1, 0
;__Lib_MathDouble.c,2080 :: 		
0x02FE	0x2E03      	DECFSZ      R3, 1, 0
;__Lib_MathDouble.c,2081 :: 		
0x0300	0xF001EF7C  	GOTO        SHIFT3216U
;__Lib_MathDouble.c,2082 :: 		
SHIFT3216UOK:
;__Lib_MathDouble.c,2083 :: 		
0x0304	0xBC0B      	BTFSC       R11, 6, 0
;__Lib_MathDouble.c,2084 :: 		
0x0306	0xA001      	BTFSS       R1, 0, 0
;__Lib_MathDouble.c,2085 :: 		
0x0308	0xF001EF8F  	GOTO        INT3216UOK
;__Lib_MathDouble.c,2086 :: 		
0x030C	0xA0D8      	BTFSS       STATUS, 0, 0
;__Lib_MathDouble.c,2087 :: 		
0x030E	0xF001EF8F  	GOTO        INT3216UOK
;__Lib_MathDouble.c,2088 :: 		
0x0312	0x2A01      	INCF        R1, 1, 0
;__Lib_MathDouble.c,2089 :: 		
0x0314	0xB4D8      	BTFSC       STATUS, 2, 0
;__Lib_MathDouble.c,2090 :: 		
0x0316	0x2A02      	INCF        R2, 1, 0
;__Lib_MathDouble.c,2091 :: 		
0x0318	0xBE02      	BTFSC       R2, 7, 0
;__Lib_MathDouble.c,2092 :: 		
0x031A	0xF001EFAC  	GOTO        JPKSETIOV3224
;__Lib_MathDouble.c,2093 :: 		
INT3216UOK:
;__Lib_MathDouble.c,2094 :: 		
0x031E	0xAE0A      	BTFSS       R10, 7, 0
;__Lib_MathDouble.c,2095 :: 		
0x0320	0xF001EFB1  	GOTO        INT3216UEOK
;__Lib_MathDouble.c,2097 :: 		
0x0324	0x1E02      	COMF        R2, 1, 0
;__Lib_MathDouble.c,2098 :: 		
0x0326	0x1E01      	COMF        R1, 1, 0
;__Lib_MathDouble.c,2099 :: 		
0x0328	0x2A01      	INCF        R1, 1, 0
;__Lib_MathDouble.c,2100 :: 		
0x032A	0xB4D8      	BTFSC       STATUS, 2, 0
;__Lib_MathDouble.c,2101 :: 		
0x032C	0x2A02      	INCF        R2, 1, 0
;__Lib_MathDouble.c,2102 :: 		
0x032E	0xF001EFB1  	GOTO        INT3216UEOK
;__Lib_MathDouble.c,2104 :: 		
IRES016U:
;__Lib_MathDouble.c,2105 :: 		
0x0332	0x6A02      	CLRF        R2, 0
;__Lib_MathDouble.c,2106 :: 		
0x0334	0x6A01      	CLRF        R1, 0
;__Lib_MathDouble.c,2107 :: 		
0x0336	0xF001EFB1  	GOTO        INT3216UEOK
;__Lib_MathDouble.c,2108 :: 		
SETIOV16U:
;__Lib_MathDouble.c,2109 :: 		
0x033A	0x800B      	BSF         R11, 0, 0
;__Lib_MathDouble.c,2110 :: 		
0x033C	0xAE0B      	BTFSS       R11, 7, 0
;__Lib_MathDouble.c,2111 :: 		
0x033E	0xF001EFB5  	GOTO        INT3216UEER
;__Lib_MathDouble.c,2113 :: 		
0x0342	0x6A02      	CLRF        R2, 0
;__Lib_MathDouble.c,2114 :: 		
0x0344	0xAE0A      	BTFSS       R10, 7, 0
;__Lib_MathDouble.c,2115 :: 		
0x0346	0xF001EFB5  	GOTO        INT3216UEER
;__Lib_MathDouble.c,2116 :: 		
0x034A	0x0EFF      	MOVLW       255
;__Lib_MathDouble.c,2117 :: 		
0x034C	0x6E02      	MOVWF       R2, 0
;__Lib_MathDouble.c,2118 :: 		
0x034E	0x6E01      	MOVWF       R1, 0
;__Lib_MathDouble.c,2119 :: 		
0x0350	0x360A      	RLCF        R10, 1, 0
;__Lib_MathDouble.c,2120 :: 		
0x0352	0x3202      	RRCF        R2, 1, 0
;__Lib_MathDouble.c,2121 :: 		
0x0354	0xF001EFB5  	GOTO        INT3216UEER
;__Lib_MathDouble.c,2123 :: 		
JPKSETIOV3224:
;__Lib_MathDouble.c,2124 :: 		
0x0358	0x0E01      	MOVLW       1
;__Lib_MathDouble.c,2125 :: 		
0x035A	0x6E0C      	MOVWF       R12, 0
;__Lib_MathDouble.c,2127 :: 		
0x035C	0xDF7E      	RCALL       _SETIOV3224
;__Lib_MathDouble.c,2129 :: 		
0x035E	0xF001EFB7  	GOTO        INT3216UEEE
;__Lib_MathDouble.c,2130 :: 		
INT3216UEOK:
;__Lib_MathDouble.c,2131 :: 		
0x0362	0x0E00      	MOVLW       0
;__Lib_MathDouble.c,2132 :: 		
0x0364	0x6E0C      	MOVWF       R12, 0
;__Lib_MathDouble.c,2133 :: 		
0x0366	0xF001EFB7  	GOTO        INT3216UEEE
;__Lib_MathDouble.c,2134 :: 		
INT3216UEER:
;__Lib_MathDouble.c,2135 :: 		
0x036A	0x0EFF      	MOVLW       255
;__Lib_MathDouble.c,2136 :: 		
0x036C	0x6E0C      	MOVWF       R12, 0
;__Lib_MathDouble.c,2137 :: 		
INT3216UEEE:
;__Lib_MathDouble.c,2138 :: 		
0x036E	0x5001      	MOVF        R1, 0, 0
;__Lib_MathDouble.c,2139 :: 		
0x0370	0x6E00      	MOVWF       R0, 0
;__Lib_MathDouble.c,2140 :: 		
0x0372	0x5002      	MOVF        R2, 0, 0
;__Lib_MathDouble.c,2141 :: 		
0x0374	0x6E01      	MOVWF       R1, 0
;__Lib_MathDouble.c,2146 :: 		
L_end_double2word:
0x0376	0x0012      	RETURN      0
; end of _double2word
_Lcd_Init:
;__Lib_Lcd.c,84 :: 		
;__Lib_Lcd.c,86 :: 		
0x0378	0x9693      	BCF         LCD_EN_Direction, BitPos(LCD_EN_Direction+0) 
;__Lib_Lcd.c,87 :: 		
0x037A	0x9493      	BCF         LCD_RS_Direction, BitPos(LCD_RS_Direction+0) 
;__Lib_Lcd.c,88 :: 		
0x037C	0x9893      	BCF         LCD_D4_Direction, BitPos(LCD_D4_Direction+0) 
;__Lib_Lcd.c,89 :: 		
0x037E	0x9A93      	BCF         LCD_D5_Direction, BitPos(LCD_D5_Direction+0) 
;__Lib_Lcd.c,90 :: 		
0x0380	0x9C93      	BCF         LCD_D6_Direction, BitPos(LCD_D6_Direction+0) 
;__Lib_Lcd.c,91 :: 		
0x0382	0x9E93      	BCF         LCD_D7_Direction, BitPos(LCD_D7_Direction+0) 
;__Lib_Lcd.c,93 :: 		
0x0384	0x9681      	BCF         LCD_EN, BitPos(LCD_EN+0) 
;__Lib_Lcd.c,94 :: 		
0x0386	0x9481      	BCF         LCD_RS, BitPos(LCD_RS+0) 
;__Lib_Lcd.c,95 :: 		
0x0388	0x9E81      	BCF         LCD_D7, BitPos(LCD_D7+0) 
;__Lib_Lcd.c,96 :: 		
0x038A	0x9C81      	BCF         LCD_D6, BitPos(LCD_D6+0) 
;__Lib_Lcd.c,97 :: 		
0x038C	0x9A81      	BCF         LCD_D5, BitPos(LCD_D5+0) 
;__Lib_Lcd.c,98 :: 		
0x038E	0x9881      	BCF         LCD_D4, BitPos(LCD_D4+0) 
;__Lib_Lcd.c,100 :: 		
0x0390	0xDE91      	RCALL       _Delay_5500us
;__Lib_Lcd.c,101 :: 		
0x0392	0xDE90      	RCALL       _Delay_5500us
;__Lib_Lcd.c,102 :: 		
0x0394	0xDE8F      	RCALL       _Delay_5500us
;__Lib_Lcd.c,105 :: 		
0x0396	0x8A81      	BSF         LCD_D5, BitPos(LCD_D5+0) 
;__Lib_Lcd.c,106 :: 		
0x0398	0x8881      	BSF         LCD_D4, BitPos(LCD_D4+0) 
;__Lib_Lcd.c,107 :: 		
0x039A	0x8681      	BSF         LCD_EN, BitPos(LCD_EN+0) 
;__Lib_Lcd.c,108 :: 		
0x039C	0xDE96      	RCALL       _Delay_1us
;__Lib_Lcd.c,109 :: 		
0x039E	0x9681      	BCF         LCD_EN, BitPos(LCD_EN+0) 
;__Lib_Lcd.c,110 :: 		
0x03A0	0xDE89      	RCALL       _Delay_5500us
;__Lib_Lcd.c,112 :: 		
0x03A2	0x8681      	BSF         LCD_EN, BitPos(LCD_EN+0) 
;__Lib_Lcd.c,113 :: 		
0x03A4	0xDE92      	RCALL       _Delay_1us
;__Lib_Lcd.c,114 :: 		
0x03A6	0x9681      	BCF         LCD_EN, BitPos(LCD_EN+0) 
;__Lib_Lcd.c,115 :: 		
0x03A8	0xDE85      	RCALL       _Delay_5500us
;__Lib_Lcd.c,117 :: 		
0x03AA	0x8681      	BSF         LCD_EN, BitPos(LCD_EN+0) 
;__Lib_Lcd.c,118 :: 		
0x03AC	0xDE8E      	RCALL       _Delay_1us
;__Lib_Lcd.c,119 :: 		
0x03AE	0x9681      	BCF         LCD_EN, BitPos(LCD_EN+0) 
;__Lib_Lcd.c,120 :: 		
0x03B0	0xDE81      	RCALL       _Delay_5500us
;__Lib_Lcd.c,123 :: 		
0x03B2	0x9881      	BCF         LCD_D4, BitPos(LCD_D4+0) 
;__Lib_Lcd.c,124 :: 		
0x03B4	0x8681      	BSF         LCD_EN, BitPos(LCD_EN+0) 
;__Lib_Lcd.c,125 :: 		
0x03B6	0xDE89      	RCALL       _Delay_1us
;__Lib_Lcd.c,126 :: 		
0x03B8	0x9681      	BCF         LCD_EN, BitPos(LCD_EN+0) 
;__Lib_Lcd.c,127 :: 		
0x03BA	0xDE7C      	RCALL       _Delay_5500us
;__Lib_Lcd.c,130 :: 		
0x03BC	0x8681      	BSF         LCD_EN, BitPos(LCD_EN+0) 
;__Lib_Lcd.c,131 :: 		
0x03BE	0xDE85      	RCALL       _Delay_1us
;__Lib_Lcd.c,132 :: 		
0x03C0	0x9681      	BCF         LCD_EN, BitPos(LCD_EN+0) 
;__Lib_Lcd.c,134 :: 		
0x03C2	0x9A81      	BCF         LCD_D5, BitPos(LCD_D5+0) 
;__Lib_Lcd.c,135 :: 		
0x03C4	0x8E81      	BSF         LCD_D7, BitPos(LCD_D7+0) 
;__Lib_Lcd.c,136 :: 		
0x03C6	0x8681      	BSF         LCD_EN, BitPos(LCD_EN+0) 
;__Lib_Lcd.c,137 :: 		
0x03C8	0xDE80      	RCALL       _Delay_1us
;__Lib_Lcd.c,138 :: 		
0x03CA	0x9681      	BCF         LCD_EN, BitPos(LCD_EN+0) 
;__Lib_Lcd.c,139 :: 		
0x03CC	0xDE73      	RCALL       _Delay_5500us
;__Lib_Lcd.c,142 :: 		
0x03CE	0x9E81      	BCF         LCD_D7, BitPos(LCD_D7+0) 
;__Lib_Lcd.c,143 :: 		
0x03D0	0x8881      	BSF         LCD_D4, BitPos(LCD_D4+0) 
;__Lib_Lcd.c,144 :: 		
0x03D2	0x8681      	BSF         LCD_EN, BitPos(LCD_EN+0) 
;__Lib_Lcd.c,145 :: 		
0x03D4	0xDE7A      	RCALL       _Delay_1us
;__Lib_Lcd.c,146 :: 		
0x03D6	0x9681      	BCF         LCD_EN, BitPos(LCD_EN+0) 
;__Lib_Lcd.c,148 :: 		
0x03D8	0x9881      	BCF         LCD_D4, BitPos(LCD_D4+0) 
;__Lib_Lcd.c,149 :: 		
0x03DA	0x8681      	BSF         LCD_EN, BitPos(LCD_EN+0) 
;__Lib_Lcd.c,150 :: 		
0x03DC	0xDE76      	RCALL       _Delay_1us
;__Lib_Lcd.c,151 :: 		
0x03DE	0x9681      	BCF         LCD_EN, BitPos(LCD_EN+0) 
;__Lib_Lcd.c,152 :: 		
0x03E0	0xDE69      	RCALL       _Delay_5500us
;__Lib_Lcd.c,155 :: 		
0x03E2	0x8681      	BSF         LCD_EN, BitPos(LCD_EN+0) 
;__Lib_Lcd.c,156 :: 		
0x03E4	0xDE72      	RCALL       _Delay_1us
;__Lib_Lcd.c,157 :: 		
0x03E6	0x9681      	BCF         LCD_EN, BitPos(LCD_EN+0) 
;__Lib_Lcd.c,159 :: 		
0x03E8	0x8881      	BSF         LCD_D4, BitPos(LCD_D4+0) 
;__Lib_Lcd.c,160 :: 		
0x03EA	0x8681      	BSF         LCD_EN, BitPos(LCD_EN+0) 
;__Lib_Lcd.c,161 :: 		
0x03EC	0xDE6E      	RCALL       _Delay_1us
;__Lib_Lcd.c,162 :: 		
0x03EE	0x9681      	BCF         LCD_EN, BitPos(LCD_EN+0) 
;__Lib_Lcd.c,163 :: 		
0x03F0	0xDE61      	RCALL       _Delay_5500us
;__Lib_Lcd.c,166 :: 		
0x03F2	0x9881      	BCF         LCD_D4, BitPos(LCD_D4+0) 
;__Lib_Lcd.c,167 :: 		
0x03F4	0x8681      	BSF         LCD_EN, BitPos(LCD_EN+0) 
;__Lib_Lcd.c,168 :: 		
0x03F6	0xDE69      	RCALL       _Delay_1us
;__Lib_Lcd.c,169 :: 		
0x03F8	0x9681      	BCF         LCD_EN, BitPos(LCD_EN+0) 
;__Lib_Lcd.c,171 :: 		
0x03FA	0x8E81      	BSF         LCD_D7, BitPos(LCD_D7+0) 
;__Lib_Lcd.c,172 :: 		
0x03FC	0x8C81      	BSF         LCD_D6, BitPos(LCD_D6+0) 
;__Lib_Lcd.c,173 :: 		
0x03FE	0x8A81      	BSF         LCD_D5, BitPos(LCD_D5+0) 
;__Lib_Lcd.c,174 :: 		
0x0400	0x8881      	BSF         LCD_D4, BitPos(LCD_D4+0) 
;__Lib_Lcd.c,175 :: 		
0x0402	0x8681      	BSF         LCD_EN, BitPos(LCD_EN+0) 
;__Lib_Lcd.c,176 :: 		
0x0404	0xDE62      	RCALL       _Delay_1us
;__Lib_Lcd.c,177 :: 		
0x0406	0x9681      	BCF         LCD_EN, BitPos(LCD_EN+0) 
;__Lib_Lcd.c,179 :: 		
0x0408	0xDE55      	RCALL       _Delay_5500us
;__Lib_Lcd.c,181 :: 		
0x040A	0x8021      	BSF         __Lib_Lcd_cmd_status, BitPos(__Lib_Lcd_cmd_status+0) 
;__Lib_Lcd.c,182 :: 		
L_end_Lcd_Init:
0x040C	0x0012      	RETURN      0
; end of _Lcd_Init
___CC2DW:
;__Lib_System.c,21 :: 		
;__Lib_System.c,23 :: 		
_CC2DL_Loop1:
;__Lib_System.c,24 :: 		
0x040E	0x0009      	TBLRD*+
;__Lib_System.c,25 :: 		
0x0410	0xFFE6CFF5  	MOVFF       TABLAT, POSTINC1
;__Lib_System.c,26 :: 		
0x0414	0x0600      	DECF        R0, 1, 0
;__Lib_System.c,27 :: 		
0x0416	0xE1FB      	BNZ         _CC2DL_Loop1
;__Lib_System.c,28 :: 		
0x0418	0x0601      	DECF        R1, 1, 0
;__Lib_System.c,29 :: 		
0x041A	0xE1F9      	BNZ         _CC2DL_Loop1
;__Lib_System.c,31 :: 		
L_end___CC2DW:
0x041C	0x0012      	RETURN      0
; end of ___CC2DW
_WordToStr:
;__Lib_Conversions.c,98 :: 		
;__Lib_Conversions.c,103 :: 		
0x041E	0x6A28      	CLRF        WordToStr_len_L0 
L_WordToStr11:
0x0420	0x0E05      	MOVLW       5
0x0422	0x5C28      	SUBWF       WordToStr_len_L0, 0 
0x0424	0xE20A      	BC          L_WordToStr12
;__Lib_Conversions.c,104 :: 		
0x0426	0x5028      	MOVF        WordToStr_len_L0, 0 
0x0428	0x2426      	ADDWF       FARG_WordToStr_output, 0 
0x042A	0x6EE1      	MOVWF       FSR1L 
0x042C	0x0E00      	MOVLW       0
0x042E	0x2027      	ADDWFC      FARG_WordToStr_output+1, 0 
0x0430	0x6EE2      	MOVWF       FSR1H 
0x0432	0x0E20      	MOVLW       32
0x0434	0x6EE6      	MOVWF       POSTINC1 
;__Lib_Conversions.c,103 :: 		
0x0436	0x2A28      	INCF        WordToStr_len_L0, 1 
;__Lib_Conversions.c,104 :: 		
0x0438	0xD7F3      	BRA         L_WordToStr11
L_WordToStr12:
;__Lib_Conversions.c,105 :: 		
0x043A	0x5028      	MOVF        WordToStr_len_L0, 0 
0x043C	0x2426      	ADDWF       FARG_WordToStr_output, 0 
0x043E	0x6EE1      	MOVWF       FSR1L 
0x0440	0x0E00      	MOVLW       0
0x0442	0x2027      	ADDWFC      FARG_WordToStr_output+1, 0 
0x0444	0x6EE2      	MOVWF       FSR1H 
0x0446	0x6AE6      	CLRF        POSTINC1 
0x0448	0x0628      	DECF        WordToStr_len_L0, 1 
;__Lib_Conversions.c,107 :: 		
L_WordToStr14:
;__Lib_Conversions.c,108 :: 		
0x044A	0x5028      	MOVF        WordToStr_len_L0, 0 
0x044C	0x2426      	ADDWF       FARG_WordToStr_output, 0 
0x044E	0x6E29      	MOVWF       FLOC__WordToStr 
0x0450	0x0E00      	MOVLW       0
0x0452	0x2027      	ADDWFC      FARG_WordToStr_output+1, 0 
0x0454	0x6E2A      	MOVWF       FLOC__WordToStr+1 
0x0456	0x0E0A      	MOVLW       10
0x0458	0x6E04      	MOVWF       R4 
0x045A	0x0E00      	MOVLW       0
0x045C	0x6E05      	MOVWF       R5 
0x045E	0xF000C024  	MOVFF       FARG_WordToStr_input, R0
0x0462	0xF001C025  	MOVFF       FARG_WordToStr_input+1, R1
0x0466	0xDED8      	RCALL       _Div_16X16_U
0x0468	0xF000C008  	MOVFF       R8, R0
0x046C	0xF001C009  	MOVFF       R9, R1
0x0470	0x0E30      	MOVLW       48
0x0472	0x2600      	ADDWF       R0, 1 
0x0474	0xFFE1C029  	MOVFF       FLOC__WordToStr, FSR1L
0x0478	0xFFE2C02A  	MOVFF       FLOC__WordToStr+1, FSR1H
0x047C	0xFFE6C000  	MOVFF       R0, POSTINC1
;__Lib_Conversions.c,109 :: 		
0x0480	0x0E0A      	MOVLW       10
0x0482	0x6E04      	MOVWF       R4 
0x0484	0x0E00      	MOVLW       0
0x0486	0x6E05      	MOVWF       R5 
0x0488	0xF000C024  	MOVFF       FARG_WordToStr_input, R0
0x048C	0xF001C025  	MOVFF       FARG_WordToStr_input+1, R1
0x0490	0xDEC3      	RCALL       _Div_16X16_U
0x0492	0xF024C000  	MOVFF       R0, FARG_WordToStr_input
0x0496	0xF025C001  	MOVFF       R1, FARG_WordToStr_input+1
;__Lib_Conversions.c,110 :: 		
0x049A	0x0E00      	MOVLW       0
0x049C	0x1801      	XORWF       R1, 0 
0x049E	0xE102      	BNZ         L__WordToStr159
0x04A0	0x0E00      	MOVLW       0
0x04A2	0x1800      	XORWF       R0, 0 
L__WordToStr159:
0x04A4	0xE101      	BNZ         L_WordToStr16
;__Lib_Conversions.c,111 :: 		
0x04A6	0xD002      	BRA         L_WordToStr15
L_WordToStr16:
;__Lib_Conversions.c,112 :: 		
0x04A8	0x0628      	DECF        WordToStr_len_L0, 1 
;__Lib_Conversions.c,113 :: 		
0x04AA	0xD7CF      	BRA         L_WordToStr14
L_WordToStr15:
;__Lib_Conversions.c,114 :: 		
L_end_WordToStr:
0x04AC	0x0012      	RETURN      0
; end of _WordToStr
_Mul_32x32_FP:
;__Lib_MathDouble.c,1130 :: 		
;__Lib_MathDouble.c,1148 :: 		
0x04AE	0x6A08      	CLRF        R8, 0
;__Lib_MathDouble.c,1149 :: 		
0x04B0	0x6A09      	CLRF        R9, 0
;__Lib_MathDouble.c,1151 :: 		
0x04B2	0x0E00      	MOVLW       0
;__Lib_MathDouble.c,1152 :: 		
0x04B4	0x6207      	CPFSEQ      R7, 0
;__Lib_MathDouble.c,1153 :: 		
0x04B6	0x6403      	CPFSGT      R3, 0
;__Lib_MathDouble.c,1154 :: 		
0x04B8	0xF002EFDC  	GOTO        MULJPRES032
;__Lib_MathDouble.c,1157 :: 		
0x04BC	0x5002      	MOVF        R2, 0, 0
;__Lib_MathDouble.c,1158 :: 		
0x04BE	0x1806      	XORWF       R6, 0, 0
;__Lib_MathDouble.c,1159 :: 		
0x04C0	0x6E0A      	MOVWF       R10, 0
;__Lib_MathDouble.c,1161 :: 		
0x04C2	0x5007      	MOVF        R7, 0, 0
;__Lib_MathDouble.c,1162 :: 		
0x04C4	0x2603      	ADDWF       R3, 1, 0
;__Lib_MathDouble.c,1163 :: 		
0x04C6	0x0E7E      	MOVLW       126
;__Lib_MathDouble.c,1164 :: 		
0x04C8	0xA0D8      	BTFSS       STATUS, 0, 0
;__Lib_MathDouble.c,1165 :: 		
0x04CA	0xF002EF6D  	GOTO        MTUN32
;__Lib_MathDouble.c,1167 :: 		
0x04CE	0x5E03      	SUBWF       R3, 1, 0
;__Lib_MathDouble.c,1168 :: 		
0x04D0	0xB0D8      	BTFSC       STATUS, 0, 0
;__Lib_MathDouble.c,1169 :: 		
0x04D2	0xF002EFE0  	GOTO        MULJPSETFOV32
;__Lib_MathDouble.c,1170 :: 		
0x04D6	0xF002EF71  	GOTO        MOK32
;__Lib_MathDouble.c,1172 :: 		
MTUN32:
;__Lib_MathDouble.c,1173 :: 		
0x04DA	0x5E03      	SUBWF       R3, 1, 0
;__Lib_MathDouble.c,1174 :: 		
0x04DC	0xA0D8      	BTFSS       STATUS, 0, 0
;__Lib_MathDouble.c,1175 :: 		
0x04DE	0xF002EFE4  	GOTO        MULJPSETFUN32
;__Lib_MathDouble.c,1177 :: 		
MOK32:
;__Lib_MathDouble.c,1178 :: 		
0x04E2	0x8E02      	BSF         R2, 7, 0
;__Lib_MathDouble.c,1179 :: 		
0x04E4	0x8E06      	BSF         R6, 7, 0
;__Lib_MathDouble.c,1181 :: 		
0x04E6	0xF00EC002  	MOVFF       R2, R14
;__Lib_MathDouble.c,1182 :: 		
0x04EA	0xF00BC001  	MOVFF       R1, R11
;__Lib_MathDouble.c,1183 :: 		
0x04EE	0xF00DC000  	MOVFF       R0, R13
;__Lib_MathDouble.c,1185 :: 		
0x04F2	0x5000      	MOVF        R0, 0, 0
;__Lib_MathDouble.c,1186 :: 		
0x04F4	0x0204      	MULWF       R4, 0
;__Lib_MathDouble.c,1187 :: 		
0x04F6	0xF00CCFF4  	MOVFF       PRODH, R12
;__Lib_MathDouble.c,1189 :: 		
0x04FA	0x5001      	MOVF        R1, 0, 0
;__Lib_MathDouble.c,1190 :: 		
0x04FC	0x0205      	MULWF       R5, 0
;__Lib_MathDouble.c,1191 :: 		
0x04FE	0xF000CFF4  	MOVFF       PRODH, R0
;__Lib_MathDouble.c,1192 :: 		
0x0502	0xF008CFF3  	MOVFF       PRODL, R8
;__Lib_MathDouble.c,1194 :: 		
0x0506	0x0204      	MULWF       R4, 0
;__Lib_MathDouble.c,1195 :: 		
0x0508	0x50F3      	MOVF        PRODL, 0, 0
;__Lib_MathDouble.c,1196 :: 		
0x050A	0x260C      	ADDWF       R12, 1, 0
;__Lib_MathDouble.c,1197 :: 		
0x050C	0x50F4      	MOVF        PRODH, 0, 0
;__Lib_MathDouble.c,1198 :: 		
0x050E	0x2208      	ADDWFC      R8, 1, 0
;__Lib_MathDouble.c,1199 :: 		
0x0510	0x0E00      	MOVLW       0
;__Lib_MathDouble.c,1200 :: 		
0x0512	0x2200      	ADDWFC      R0, 1, 0
;__Lib_MathDouble.c,1202 :: 		
0x0514	0x500D      	MOVF        R13, 0, 0
;__Lib_MathDouble.c,1203 :: 		
0x0516	0x0205      	MULWF       R5, 0
;__Lib_MathDouble.c,1204 :: 		
0x0518	0x50F3      	MOVF        PRODL, 0, 0
;__Lib_MathDouble.c,1205 :: 		
0x051A	0x260C      	ADDWF       R12, 1, 0
;__Lib_MathDouble.c,1206 :: 		
0x051C	0x50F4      	MOVF        PRODH, 0, 0
;__Lib_MathDouble.c,1207 :: 		
0x051E	0x2208      	ADDWFC      R8, 1, 0
;__Lib_MathDouble.c,1208 :: 		
0x0520	0x0E00      	MOVLW       0
;__Lib_MathDouble.c,1209 :: 		
0x0522	0x2200      	ADDWFC      R0, 1, 0
;__Lib_MathDouble.c,1211 :: 		
0x0524	0x5002      	MOVF        R2, 0, 0
;__Lib_MathDouble.c,1212 :: 		
0x0526	0x0204      	MULWF       R4, 0
;__Lib_MathDouble.c,1213 :: 		
0x0528	0x50F3      	MOVF        PRODL, 0, 0
;__Lib_MathDouble.c,1214 :: 		
0x052A	0x2608      	ADDWF       R8, 1, 0
;__Lib_MathDouble.c,1215 :: 		
0x052C	0x50F4      	MOVF        PRODH, 0, 0
;__Lib_MathDouble.c,1216 :: 		
0x052E	0x2200      	ADDWFC      R0, 1, 0
;__Lib_MathDouble.c,1217 :: 		
0x0530	0x5002      	MOVF        R2, 0, 0
;__Lib_MathDouble.c,1218 :: 		
0x0532	0x0205      	MULWF       R5, 0
;__Lib_MathDouble.c,1219 :: 		
0x0534	0x6A01      	CLRF        R1, 0
;__Lib_MathDouble.c,1220 :: 		
0x0536	0x0E00      	MOVLW       0
;__Lib_MathDouble.c,1221 :: 		
0x0538	0x2201      	ADDWFC      R1, 1, 0
;__Lib_MathDouble.c,1222 :: 		
0x053A	0x50F3      	MOVF        PRODL, 0, 0
;__Lib_MathDouble.c,1223 :: 		
0x053C	0x2600      	ADDWF       R0, 1, 0
;__Lib_MathDouble.c,1224 :: 		
0x053E	0x50F4      	MOVF        PRODH, 0, 0
;__Lib_MathDouble.c,1225 :: 		
0x0540	0x2201      	ADDWFC      R1, 1, 0
;__Lib_MathDouble.c,1227 :: 		
0x0542	0x500D      	MOVF        R13, 0, 0
;__Lib_MathDouble.c,1228 :: 		
0x0544	0x0206      	MULWF       R6, 0
;__Lib_MathDouble.c,1229 :: 		
0x0546	0x50F3      	MOVF        PRODL, 0, 0
;__Lib_MathDouble.c,1230 :: 		
0x0548	0x2608      	ADDWF       R8, 1, 0
;__Lib_MathDouble.c,1231 :: 		
0x054A	0x50F4      	MOVF        PRODH, 0, 0
;__Lib_MathDouble.c,1232 :: 		
0x054C	0x2200      	ADDWFC      R0, 1, 0
;__Lib_MathDouble.c,1233 :: 		
0x054E	0x6A02      	CLRF        R2, 0
;__Lib_MathDouble.c,1234 :: 		
0x0550	0x0E00      	MOVLW       0
;__Lib_MathDouble.c,1235 :: 		
0x0552	0x2201      	ADDWFC      R1, 1, 0
;__Lib_MathDouble.c,1236 :: 		
0x0554	0x2202      	ADDWFC      R2, 1, 0
;__Lib_MathDouble.c,1238 :: 		
0x0556	0x500B      	MOVF        R11, 0, 0
;__Lib_MathDouble.c,1239 :: 		
0x0558	0x0206      	MULWF       R6, 0
;__Lib_MathDouble.c,1240 :: 		
0x055A	0x50F3      	MOVF        PRODL, 0, 0
;__Lib_MathDouble.c,1241 :: 		
0x055C	0x2600      	ADDWF       R0, 1, 0
;__Lib_MathDouble.c,1242 :: 		
0x055E	0x50F4      	MOVF        PRODH, 0, 0
;__Lib_MathDouble.c,1243 :: 		
0x0560	0x2201      	ADDWFC      R1, 1, 0
;__Lib_MathDouble.c,1244 :: 		
0x0562	0x0E00      	MOVLW       0
;__Lib_MathDouble.c,1245 :: 		
0x0564	0x2202      	ADDWFC      R2, 1, 0
;__Lib_MathDouble.c,1247 :: 		
0x0566	0x500E      	MOVF        R14, 0, 0
;__Lib_MathDouble.c,1248 :: 		
0x0568	0x0206      	MULWF       R6, 0
;__Lib_MathDouble.c,1249 :: 		
0x056A	0x50F3      	MOVF        PRODL, 0, 0
;__Lib_MathDouble.c,1250 :: 		
0x056C	0x2601      	ADDWF       R1, 1, 0
;__Lib_MathDouble.c,1251 :: 		
0x056E	0x50F4      	MOVF        PRODH, 0, 0
;__Lib_MathDouble.c,1252 :: 		
0x0570	0x2202      	ADDWFC      R2, 1, 0
;__Lib_MathDouble.c,1254 :: 		
0x0572	0xBE02      	BTFSC       R2, 7, 0
;__Lib_MathDouble.c,1255 :: 		
0x0574	0xF002EFC4  	GOTO        MROUND32
;__Lib_MathDouble.c,1256 :: 		
0x0578	0x3608      	RLCF        R8, 1, 0
;__Lib_MathDouble.c,1257 :: 		
0x057A	0x3600      	RLCF        R0, 1, 0
;__Lib_MathDouble.c,1258 :: 		
0x057C	0x3601      	RLCF        R1, 1, 0
;__Lib_MathDouble.c,1259 :: 		
0x057E	0x3602      	RLCF        R2, 1, 0
;__Lib_MathDouble.c,1260 :: 		
0x0580	0x0603      	DECF        R3, 1, 0
;__Lib_MathDouble.c,1261 :: 		
0x0582	0xB4D8      	BTFSC       STATUS, 2, 0
;__Lib_MathDouble.c,1262 :: 		
0x0584	0xF002EFE4  	GOTO        MULJPSETFUN32
;__Lib_MathDouble.c,1264 :: 		
MROUND32:
;__Lib_MathDouble.c,1267 :: 		
0x0588	0xF002EFD7  	GOTO        MUL32OK
;__Lib_MathDouble.c,1268 :: 		
0x058C	0x80D8      	BSF         STATUS, 0, 0
;__Lib_MathDouble.c,1269 :: 		
0x058E	0x0E80      	MOVLW       128
;__Lib_MathDouble.c,1270 :: 		
0x0590	0x6408      	CPFSGT      R8, 0
;__Lib_MathDouble.c,1271 :: 		
0x0592	0x3000      	RRCF        R0, 0, 0
;__Lib_MathDouble.c,1272 :: 		
0x0594	0x0E00      	MOVLW       0
;__Lib_MathDouble.c,1273 :: 		
0x0596	0x2200      	ADDWFC      R0, 1, 0
;__Lib_MathDouble.c,1274 :: 		
0x0598	0x2201      	ADDWFC      R1, 1, 0
;__Lib_MathDouble.c,1275 :: 		
0x059A	0x2202      	ADDWFC      R2, 1, 0
;__Lib_MathDouble.c,1277 :: 		
0x059C	0xA0D8      	BTFSS       STATUS, 0, 0
;__Lib_MathDouble.c,1278 :: 		
0x059E	0xF002EFD7  	GOTO        MUL32OK
;__Lib_MathDouble.c,1279 :: 		
0x05A2	0x3202      	RRCF        R2, 1, 0
;__Lib_MathDouble.c,1280 :: 		
0x05A4	0x3201      	RRCF        R1, 1, 0
;__Lib_MathDouble.c,1281 :: 		
0x05A6	0x3200      	RRCF        R0, 1, 0
;__Lib_MathDouble.c,1282 :: 		
0x05A8	0x4A03      	INFSNZ      R3, 1, 0
;__Lib_MathDouble.c,1283 :: 		
0x05AA	0xF002EFE0  	GOTO        MULJPSETFOV32
;__Lib_MathDouble.c,1285 :: 		
MUL32OK:
;__Lib_MathDouble.c,1286 :: 		
0x05AE	0xAE0A      	BTFSS       R10, 7, 0
;__Lib_MathDouble.c,1287 :: 		
0x05B0	0x9E02      	BCF         R2, 7, 0
;__Lib_MathDouble.c,1289 :: 		
0x05B2	0x0E00      	MOVLW       0
;__Lib_MathDouble.c,1290 :: 		
0x05B4	0xF002EFE6  	GOTO        MULEEE
;__Lib_MathDouble.c,1291 :: 		
MULJPRES032:
;__Lib_MathDouble.c,1292 :: 		
0x05B8	0x0E01      	MOVLW       1
;__Lib_MathDouble.c,1295 :: 		
0x05BA	0xDDA0      	RCALL       _RES032
;__Lib_MathDouble.c,1297 :: 		
0x05BC	0xF002EFE6  	GOTO        MULEEE
;__Lib_MathDouble.c,1298 :: 		
MULJPSETFOV32:
;__Lib_MathDouble.c,1299 :: 		
0x05C0	0x0E02      	MOVLW       2
;__Lib_MathDouble.c,1302 :: 		
0x05C2	0xDE1E      	RCALL       _SETFOV32
;__Lib_MathDouble.c,1304 :: 		
0x05C4	0xF002EFE6  	GOTO        MULEEE
;__Lib_MathDouble.c,1305 :: 		
MULJPSETFUN32:
;__Lib_MathDouble.c,1306 :: 		
0x05C8	0x0E04      	MOVLW       4
;__Lib_MathDouble.c,1309 :: 		
0x05CA	0xDD8B      	RCALL       _SETFUN32
;__Lib_MathDouble.c,1311 :: 		
MULEEE:
;__Lib_MathDouble.c,1318 :: 		
L_end_Mul_32x32_FP:
0x05CC	0x0012      	RETURN      0
; end of _Mul_32x32_FP
_Lcd_Out:
;__Lib_Lcd.c,184 :: 		
;__Lib_Lcd.c,187 :: 		
0x05CE	0xD00F      	BRA         L_Lcd_Out11
;__Lib_Lcd.c,188 :: 		
L_Lcd_Out13:
0x05D0	0x0E80      	MOVLW       128
0x05D2	0x6E24      	MOVWF       FARG_Lcd_Out_row 
0x05D4	0xD019      	BRA         L_Lcd_Out12
;__Lib_Lcd.c,189 :: 		
L_Lcd_Out14:
0x05D6	0x0EC0      	MOVLW       192
0x05D8	0x6E24      	MOVWF       FARG_Lcd_Out_row 
0x05DA	0xD016      	BRA         L_Lcd_Out12
;__Lib_Lcd.c,190 :: 		
L_Lcd_Out15:
0x05DC	0x0E94      	MOVLW       148
0x05DE	0x6E24      	MOVWF       FARG_Lcd_Out_row 
0x05E0	0xD013      	BRA         L_Lcd_Out12
;__Lib_Lcd.c,191 :: 		
L_Lcd_Out16:
0x05E2	0x0ED4      	MOVLW       212
0x05E4	0x6E24      	MOVWF       FARG_Lcd_Out_row 
0x05E6	0xD010      	BRA         L_Lcd_Out12
;__Lib_Lcd.c,192 :: 		
L_Lcd_Out17:
0x05E8	0x0E80      	MOVLW       128
0x05EA	0x6E24      	MOVWF       FARG_Lcd_Out_row 
;__Lib_Lcd.c,193 :: 		
0x05EC	0xD00D      	BRA         L_Lcd_Out12
L_Lcd_Out11:
0x05EE	0x5024      	MOVF        FARG_Lcd_Out_row, 0 
0x05F0	0x0A01      	XORLW       1
0x05F2	0xE0EE      	BZ          L_Lcd_Out13
0x05F4	0x5024      	MOVF        FARG_Lcd_Out_row, 0 
0x05F6	0x0A02      	XORLW       2
0x05F8	0xE0EE      	BZ          L_Lcd_Out14
0x05FA	0x5024      	MOVF        FARG_Lcd_Out_row, 0 
0x05FC	0x0A03      	XORLW       3
0x05FE	0xE0EE      	BZ          L_Lcd_Out15
0x0600	0x5024      	MOVF        FARG_Lcd_Out_row, 0 
0x0602	0x0A04      	XORLW       4
0x0604	0xE0EE      	BZ          L_Lcd_Out16
0x0606	0xD7F0      	BRA         L_Lcd_Out17
L_Lcd_Out12:
;__Lib_Lcd.c,194 :: 		
0x0608	0x0425      	DECF        FARG_Lcd_Out_column, 0 
0x060A	0x6E00      	MOVWF       R0 
0x060C	0x5024      	MOVF        FARG_Lcd_Out_row, 0 
0x060E	0x2600      	ADDWF       R0, 1 
0x0610	0xF024C000  	MOVFF       R0, FARG_Lcd_Out_row
;__Lib_Lcd.c,196 :: 		
0x0614	0xF02CC000  	MOVFF       R0, FARG_Lcd_Cmd_out_char
0x0618	0xDD78      	RCALL       _Lcd_Cmd
;__Lib_Lcd.c,197 :: 		
0x061A	0x9021      	BCF         __Lib_Lcd_cmd_status, BitPos(__Lib_Lcd_cmd_status+0) 
;__Lib_Lcd.c,198 :: 		
0x061C	0x6A28      	CLRF        Lcd_Out_i_L0 
;__Lib_Lcd.c,199 :: 		
L_Lcd_Out18:
0x061E	0x5028      	MOVF        Lcd_Out_i_L0, 0 
0x0620	0x2426      	ADDWF       FARG_Lcd_Out_text, 0 
0x0622	0x6EE9      	MOVWF       FSR0L 
0x0624	0x0E00      	MOVLW       0
0x0626	0x2027      	ADDWFC      FARG_Lcd_Out_text+1, 0 
0x0628	0x6EEA      	MOVWF       FSR0H 
0x062A	0x52EE      	MOVF        POSTINC0, 1 
0x062C	0xE00B      	BZ          L_Lcd_Out19
;__Lib_Lcd.c,200 :: 		
0x062E	0x5028      	MOVF        Lcd_Out_i_L0, 0 
0x0630	0x2426      	ADDWF       FARG_Lcd_Out_text, 0 
0x0632	0x6EE9      	MOVWF       FSR0L 
0x0634	0x0E00      	MOVLW       0
0x0636	0x2027      	ADDWFC      FARG_Lcd_Out_text+1, 0 
0x0638	0x6EEA      	MOVWF       FSR0H 
0x063A	0xF02BCFEE  	MOVFF       POSTINC0, FARG_Lcd_Chr_CP_out_char
0x063E	0xDE07      	RCALL       _Lcd_Chr_CP
0x0640	0x2A28      	INCF        Lcd_Out_i_L0, 1 
0x0642	0xD7ED      	BRA         L_Lcd_Out18
L_Lcd_Out19:
;__Lib_Lcd.c,201 :: 		
0x0644	0x8021      	BSF         __Lib_Lcd_cmd_status, BitPos(__Lib_Lcd_cmd_status+0) 
;__Lib_Lcd.c,202 :: 		
L_end_Lcd_Out:
0x0646	0x0012      	RETURN      0
; end of _Lcd_Out
_Div_32x32_FP:
;__Lib_MathDouble.c,1325 :: 		
;__Lib_MathDouble.c,1339 :: 		
0x0648	0x5004      	MOVF        R4, 0 
0x064A	0x0A00      	XORLW       0
0x064C	0xE112      	BNZ         L_Div_32x32_FP11
;__Lib_MathDouble.c,1340 :: 		
0x064E	0x5005      	MOVF        R5, 0 
0x0650	0x0A00      	XORLW       0
0x0652	0xE10F      	BNZ         L_Div_32x32_FP12
;__Lib_MathDouble.c,1341 :: 		
0x0654	0x5006      	MOVF        R6, 0 
0x0656	0x0A00      	XORLW       0
0x0658	0xE10C      	BNZ         L_Div_32x32_FP13
;__Lib_MathDouble.c,1342 :: 		
0x065A	0x5007      	MOVF        R7, 0 
0x065C	0x0A00      	XORLW       0
0x065E	0xE109      	BNZ         L_Div_32x32_FP14
;__Lib_MathDouble.c,1343 :: 		
0x0660	0x0EFF      	MOVLW       255
0x0662	0x6E00      	MOVWF       R0 
;__Lib_MathDouble.c,1344 :: 		
0x0664	0x0EFF      	MOVLW       255
0x0666	0x6E01      	MOVWF       R1 
;__Lib_MathDouble.c,1345 :: 		
0x0668	0x0E7F      	MOVLW       127
0x066A	0x6E02      	MOVWF       R2 
;__Lib_MathDouble.c,1346 :: 		
0x066C	0x0EFF      	MOVLW       255
0x066E	0x6E03      	MOVWF       R3 
;__Lib_MathDouble.c,1347 :: 		
0x0670	0xD0A4      	BRA         L_end_Div_32x32_FP
;__Lib_MathDouble.c,1348 :: 		
L_Div_32x32_FP14:
L_Div_32x32_FP13:
L_Div_32x32_FP12:
L_Div_32x32_FP11:
;__Lib_MathDouble.c,1353 :: 		
0x0672	0x6A08      	CLRF        R8, 0
;__Lib_MathDouble.c,1354 :: 		
0x0674	0x6A09      	CLRF        R9, 0
;__Lib_MathDouble.c,1356 :: 		
0x0676	0x5007      	MOVF        R7, 0, 0
;__Lib_MathDouble.c,1357 :: 		
0x0678	0xB4D8      	BTFSC       STATUS, 2, 0
;__Lib_MathDouble.c,1358 :: 		
0x067A	0xF003EFCF  	GOTO        JPDSETFDZ32
;__Lib_MathDouble.c,1360 :: 		
0x067E	0x5003      	MOVF        R3, 0, 0
;__Lib_MathDouble.c,1361 :: 		
0x0680	0xB4D8      	BTFSC       STATUS, 2, 0
;__Lib_MathDouble.c,1362 :: 		
0x0682	0xF003EFD3  	GOTO        JPDRES032
;__Lib_MathDouble.c,1364 :: 		
0x0686	0x5002      	MOVF        R2, 0, 0
;__Lib_MathDouble.c,1365 :: 		
0x0688	0x1806      	XORWF       R6, 0, 0
;__Lib_MathDouble.c,1366 :: 		
0x068A	0x6E0A      	MOVWF       R10, 0
;__Lib_MathDouble.c,1367 :: 		
0x068C	0x8E02      	BSF         R2, 7, 0
;__Lib_MathDouble.c,1368 :: 		
0x068E	0x8E06      	BSF         R6, 7, 0
;__Lib_MathDouble.c,1370 :: 		
0x0690	0x6A0E      	CLRF        R14, 0
;__Lib_MathDouble.c,1371 :: 		
0x0692	0xF008C002  	MOVFF       R2, R8
;__Lib_MathDouble.c,1372 :: 		
0x0696	0xF00CC001  	MOVFF       R1, R12
;__Lib_MathDouble.c,1373 :: 		
0x069A	0xF00DC000  	MOVFF       R0, R13
;__Lib_MathDouble.c,1375 :: 		
0x069E	0x5004      	MOVF        R4, 0, 0
;__Lib_MathDouble.c,1376 :: 		
0x06A0	0x5E0D      	SUBWF       R13, 1, 0
;__Lib_MathDouble.c,1377 :: 		
0x06A2	0x5005      	MOVF        R5, 0, 0
;__Lib_MathDouble.c,1378 :: 		
0x06A4	0xA0D8      	BTFSS       STATUS, 0, 0
;__Lib_MathDouble.c,1379 :: 		
0x06A6	0x3C05      	INCFSZ      R5, 0, 0
;__Lib_MathDouble.c,1381 :: 		
0x06A8	0x5E0C      	SUBWF       R12, 1, 0
;__Lib_MathDouble.c,1382 :: 		
0x06AA	0x5006      	MOVF        R6, 0, 0
;__Lib_MathDouble.c,1383 :: 		
0x06AC	0xA0D8      	BTFSS       STATUS, 0, 0
;__Lib_MathDouble.c,1384 :: 		
0x06AE	0x3C06      	INCFSZ      R6, 0, 0
;__Lib_MathDouble.c,1386 :: 		
0x06B0	0x5E08      	SUBWF       R8, 1, 0
;__Lib_MathDouble.c,1387 :: 		
0x06B2	0x6A08      	CLRF        R8, 0
;__Lib_MathDouble.c,1388 :: 		
0x06B4	0x6A0C      	CLRF        R12, 0
;__Lib_MathDouble.c,1389 :: 		
0x06B6	0x6A0D      	CLRF        R13, 0
;__Lib_MathDouble.c,1390 :: 		
0x06B8	0xA0D8      	BTFSS       STATUS, 0, 0
;__Lib_MathDouble.c,1391 :: 		
0x06BA	0xF003EF66  	GOTO        DALIGN32OK
;__Lib_MathDouble.c,1393 :: 		
0x06BE	0x90D8      	BCF         STATUS, 0, 0
;__Lib_MathDouble.c,1394 :: 		
0x06C0	0x3202      	RRCF        R2, 1, 0
;__Lib_MathDouble.c,1395 :: 		
0x06C2	0x3201      	RRCF        R1, 1, 0
;__Lib_MathDouble.c,1396 :: 		
0x06C4	0x3200      	RRCF        R0, 1, 0
;__Lib_MathDouble.c,1397 :: 		
0x06C6	0x3208      	RRCF        R8, 1, 0
;__Lib_MathDouble.c,1398 :: 		
0x06C8	0x0E01      	MOVLW       1
;__Lib_MathDouble.c,1399 :: 		
0x06CA	0x6E0E      	MOVWF       R14, 0
;__Lib_MathDouble.c,1400 :: 		
DALIGN32OK:
;__Lib_MathDouble.c,1401 :: 		
0x06CC	0x5007      	MOVF        R7, 0, 0
;__Lib_MathDouble.c,1402 :: 		
0x06CE	0x5E03      	SUBWF       R3, 1, 0
;__Lib_MathDouble.c,1403 :: 		
0x06D0	0xA0D8      	BTFSS       STATUS, 0, 0
;__Lib_MathDouble.c,1404 :: 		
0x06D2	0xF003EF73  	GOTO        ALTB32
;__Lib_MathDouble.c,1406 :: 		
0x06D6	0x0E7E      	MOVLW       126
;__Lib_MathDouble.c,1407 :: 		
0x06D8	0x240E      	ADDWF       R14, 0, 0
;__Lib_MathDouble.c,1408 :: 		
0x06DA	0x2603      	ADDWF       R3, 1, 0
;__Lib_MathDouble.c,1409 :: 		
0x06DC	0xB0D8      	BTFSC       STATUS, 0, 0
;__Lib_MathDouble.c,1410 :: 		
0x06DE	0xF003EFD7  	GOTO        JPDSETFOV32
;__Lib_MathDouble.c,1411 :: 		
0x06E2	0xF003EF79  	GOTO        DARGOK32
;__Lib_MathDouble.c,1412 :: 		
ALTB32:
;__Lib_MathDouble.c,1413 :: 		
0x06E6	0x0E7E      	MOVLW       126
;__Lib_MathDouble.c,1414 :: 		
0x06E8	0x240E      	ADDWF       R14, 0, 0
;__Lib_MathDouble.c,1415 :: 		
0x06EA	0x2603      	ADDWF       R3, 1, 0
;__Lib_MathDouble.c,1416 :: 		
0x06EC	0xA0D8      	BTFSS       STATUS, 0, 0
;__Lib_MathDouble.c,1417 :: 		
0x06EE	0xF003EFDB  	GOTO        JPDSETFUN32
;__Lib_MathDouble.c,1418 :: 		
DARGOK32:
;__Lib_MathDouble.c,1419 :: 		
0x06F2	0x0E18      	MOVLW       24
;__Lib_MathDouble.c,1420 :: 		
0x06F4	0x6E0B      	MOVWF       R11, 0
;__Lib_MathDouble.c,1421 :: 		
DLOOP32:
;__Lib_MathDouble.c,1422 :: 		
0x06F6	0x360D      	RLCF        R13, 1, 0
;__Lib_MathDouble.c,1423 :: 		
0x06F8	0x360C      	RLCF        R12, 1, 0
;__Lib_MathDouble.c,1424 :: 		
0x06FA	0x3608      	RLCF        R8, 1, 0
;__Lib_MathDouble.c,1425 :: 		
0x06FC	0x3600      	RLCF        R0, 1, 0
;__Lib_MathDouble.c,1426 :: 		
0x06FE	0x3601      	RLCF        R1, 1, 0
;__Lib_MathDouble.c,1427 :: 		
0x0700	0x3602      	RLCF        R2, 1, 0
;__Lib_MathDouble.c,1428 :: 		
0x0702	0x360E      	RLCF        R14, 1, 0
;__Lib_MathDouble.c,1430 :: 		
0x0704	0x5004      	MOVF        R4, 0, 0
;__Lib_MathDouble.c,1431 :: 		
0x0706	0x5E00      	SUBWF       R0, 1, 0
;__Lib_MathDouble.c,1432 :: 		
0x0708	0x5005      	MOVF        R5, 0, 0
;__Lib_MathDouble.c,1433 :: 		
0x070A	0xA0D8      	BTFSS       STATUS, 0, 0
;__Lib_MathDouble.c,1434 :: 		
0x070C	0x3C05      	INCFSZ      R5, 0, 0
;__Lib_MathDouble.c,1436 :: 		
0x070E	0x5E01      	SUBWF       R1, 1, 0
;__Lib_MathDouble.c,1437 :: 		
0x0710	0x5006      	MOVF        R6, 0, 0
;__Lib_MathDouble.c,1438 :: 		
0x0712	0xA0D8      	BTFSS       STATUS, 0, 0
;__Lib_MathDouble.c,1439 :: 		
0x0714	0x3C06      	INCFSZ      R6, 0, 0
;__Lib_MathDouble.c,1441 :: 		
0x0716	0x5E02      	SUBWF       R2, 1, 0
;__Lib_MathDouble.c,1442 :: 		
0x0718	0x3406      	RLCF        R6, 0, 0
;__Lib_MathDouble.c,1443 :: 		
0x071A	0x120E      	IORWF       R14, 1, 0
;__Lib_MathDouble.c,1444 :: 		
0x071C	0xA00E      	BTFSS       R14, 0, 0
;__Lib_MathDouble.c,1445 :: 		
0x071E	0xF003EF94  	GOTO        DREST32
;__Lib_MathDouble.c,1446 :: 		
0x0722	0x800D      	BSF         R13, 0, 0
;__Lib_MathDouble.c,1447 :: 		
0x0724	0xF003EF9F  	GOTO        DOK32
;__Lib_MathDouble.c,1448 :: 		
DREST32:
;__Lib_MathDouble.c,1449 :: 		
0x0728	0x5004      	MOVF        R4, 0, 0
;__Lib_MathDouble.c,1450 :: 		
0x072A	0x2600      	ADDWF       R0, 1, 0
;__Lib_MathDouble.c,1451 :: 		
0x072C	0x5005      	MOVF        R5, 0, 0
;__Lib_MathDouble.c,1452 :: 		
0x072E	0xB0D8      	BTFSC       STATUS, 0, 0
;__Lib_MathDouble.c,1453 :: 		
0x0730	0x3C05      	INCFSZ      R5, 0, 0
;__Lib_MathDouble.c,1455 :: 		
0x0732	0x2601      	ADDWF       R1, 1, 0
;__Lib_MathDouble.c,1456 :: 		
0x0734	0x5006      	MOVF        R6, 0, 0
;__Lib_MathDouble.c,1457 :: 		
0x0736	0xB0D8      	BTFSC       STATUS, 0, 0
;__Lib_MathDouble.c,1458 :: 		
0x0738	0x2806      	INCF        R6, 0, 0
;__Lib_MathDouble.c,1459 :: 		
0x073A	0x2602      	ADDWF       R2, 1, 0
;__Lib_MathDouble.c,1460 :: 		
0x073C	0x900D      	BCF         R13, 0, 0
;__Lib_MathDouble.c,1461 :: 		
DOK32:
;__Lib_MathDouble.c,1462 :: 		
0x073E	0x2E0B      	DECFSZ      R11, 1, 0
;__Lib_MathDouble.c,1463 :: 		
0x0740	0xF003EF7B  	GOTO        DLOOP32
;__Lib_MathDouble.c,1467 :: 		
0x0744	0xF003EFC5  	GOTO        DIV32OK
;__Lib_MathDouble.c,1468 :: 		
0x0748	0x90D8      	BCF         STATUS, 0, 0
;__Lib_MathDouble.c,1469 :: 		
0x074A	0x3600      	RLCF        R0, 1, 0
;__Lib_MathDouble.c,1470 :: 		
0x074C	0x3601      	RLCF        R1, 1, 0
;__Lib_MathDouble.c,1471 :: 		
0x074E	0x3602      	RLCF        R2, 1, 0
;__Lib_MathDouble.c,1472 :: 		
0x0750	0x360E      	RLCF        R14, 1, 0
;__Lib_MathDouble.c,1474 :: 		
0x0752	0x5004      	MOVF        R4, 0, 0
;__Lib_MathDouble.c,1475 :: 		
0x0754	0x5E00      	SUBWF       R0, 1, 0
;__Lib_MathDouble.c,1476 :: 		
0x0756	0x5005      	MOVF        R5, 0, 0
;__Lib_MathDouble.c,1477 :: 		
0x0758	0xA0D8      	BTFSS       STATUS, 0, 0
;__Lib_MathDouble.c,1478 :: 		
0x075A	0x3C05      	INCFSZ      R5, 0, 0
;__Lib_MathDouble.c,1479 :: 		
0x075C	0x5E01      	SUBWF       R1, 1, 0
;__Lib_MathDouble.c,1480 :: 		
0x075E	0x5006      	MOVF        R6, 0, 0
;__Lib_MathDouble.c,1481 :: 		
0x0760	0xA0D8      	BTFSS       STATUS, 0, 0
;__Lib_MathDouble.c,1482 :: 		
0x0762	0x3C06      	INCFSZ      R6, 0, 0
;__Lib_MathDouble.c,1483 :: 		
0x0764	0x5E02      	SUBWF       R2, 1, 0
;__Lib_MathDouble.c,1484 :: 		
0x0766	0x3406      	RLCF        R6, 0, 0
;__Lib_MathDouble.c,1485 :: 		
0x0768	0x100E      	IORWF       R14, 0, 0
;__Lib_MathDouble.c,1486 :: 		
0x076A	0x0B01      	ANDLW       1
;__Lib_MathDouble.c,1487 :: 		
0x076C	0x260D      	ADDWF       R13, 1, 0
;__Lib_MathDouble.c,1488 :: 		
0x076E	0xB0D8      	BTFSC       STATUS, 0, 0
;__Lib_MathDouble.c,1489 :: 		
0x0770	0x2A0C      	INCF        R12, 1, 0
;__Lib_MathDouble.c,1490 :: 		
0x0772	0xB4D8      	BTFSC       STATUS, 2, 0
;__Lib_MathDouble.c,1491 :: 		
0x0774	0x2A08      	INCF        R8, 1, 0
;__Lib_MathDouble.c,1492 :: 		
0x0776	0xA4D8      	BTFSS       STATUS, 2, 0
;__Lib_MathDouble.c,1493 :: 		
0x0778	0xF003EFC5  	GOTO        DIV32OK
;__Lib_MathDouble.c,1494 :: 		
0x077C	0x3208      	RRCF        R8, 1, 0
;__Lib_MathDouble.c,1495 :: 		
0x077E	0x320C      	RRCF        R12, 1, 0
;__Lib_MathDouble.c,1496 :: 		
0x0780	0x320D      	RRCF        R13, 1, 0
;__Lib_MathDouble.c,1497 :: 		
0x0782	0x2A03      	INCF        R3, 1, 0
;__Lib_MathDouble.c,1498 :: 		
0x0784	0xB4D8      	BTFSC       STATUS, 2, 0
;__Lib_MathDouble.c,1499 :: 		
0x0786	0xF003EFD7  	GOTO        JPDSETFOV32
;__Lib_MathDouble.c,1500 :: 		
DIV32OK:
;__Lib_MathDouble.c,1501 :: 		
0x078A	0xAE0A      	BTFSS       R10, 7, 0
;__Lib_MathDouble.c,1502 :: 		
0x078C	0x9E08      	BCF         R8, 7, 0
;__Lib_MathDouble.c,1503 :: 		
0x078E	0x5008      	MOVF        R8, 0, 0
;__Lib_MathDouble.c,1504 :: 		
0x0790	0x6E02      	MOVWF       R2, 0
;__Lib_MathDouble.c,1505 :: 		
0x0792	0x500C      	MOVF        R12, 0, 0
;__Lib_MathDouble.c,1506 :: 		
0x0794	0x6E01      	MOVWF       R1, 0
;__Lib_MathDouble.c,1507 :: 		
0x0796	0x500D      	MOVF        R13, 0, 0
;__Lib_MathDouble.c,1508 :: 		
0x0798	0x6E00      	MOVWF       R0, 0
;__Lib_MathDouble.c,1511 :: 		
0x079A	0xF003EFDD  	GOTO        DIV32EEE
;__Lib_MathDouble.c,1512 :: 		
JPDSETFDZ32:
;__Lib_MathDouble.c,1513 :: 		
0x079E	0x0E01      	MOVLW       1
;__Lib_MathDouble.c,1516 :: 		
0x07A0	0xDCF2      	RCALL       _SETFDZ32
;__Lib_MathDouble.c,1518 :: 		
0x07A2	0xF003EFDD  	GOTO        DIV32EEE
;__Lib_MathDouble.c,1519 :: 		
JPDRES032:
;__Lib_MathDouble.c,1520 :: 		
0x07A6	0x0E02      	MOVLW       2
;__Lib_MathDouble.c,1523 :: 		
0x07A8	0xDCA9      	RCALL       _RES032
;__Lib_MathDouble.c,1525 :: 		
0x07AA	0xF003EFDD  	GOTO        DIV32EEE
;__Lib_MathDouble.c,1526 :: 		
JPDSETFOV32:
;__Lib_MathDouble.c,1527 :: 		
0x07AE	0x0E04      	MOVLW       4
;__Lib_MathDouble.c,1530 :: 		
0x07B0	0xDD27      	RCALL       _SETFOV32
;__Lib_MathDouble.c,1532 :: 		
0x07B2	0xF003EFDD  	GOTO        DIV32EEE
;__Lib_MathDouble.c,1533 :: 		
JPDSETFUN32:
;__Lib_MathDouble.c,1534 :: 		
0x07B6	0x0E08      	MOVLW       8
;__Lib_MathDouble.c,1537 :: 		
0x07B8	0xDC94      	RCALL       _SETFUN32
;__Lib_MathDouble.c,1539 :: 		
DIV32EEE:
;__Lib_MathDouble.c,1547 :: 		
L_end_Div_32x32_FP:
0x07BA	0x0012      	RETURN      0
; end of _Div_32x32_FP
_main:
;latidos_ejer1.c,38 :: 		void main() {
;latidos_ejer1.c,39 :: 		ADCON1 = 0x0F;
0x07BC	0x0E0F      	MOVLW       15
0x07BE	0x6EC1      	MOVWF       ADCON1 
;latidos_ejer1.c,40 :: 		CMCON = 0x07;        //Configuramos los comparadores analgicos
0x07C0	0x0E07      	MOVLW       7
0x07C2	0x6EB4      	MOVWF       CMCON 
;latidos_ejer1.c,42 :: 		TRISB.B0 = 1;
0x07C4	0x8093      	BSF         TRISB, 0 
;latidos_ejer1.c,44 :: 		T0CON=0x86;
0x07C6	0x0E86      	MOVLW       134
0x07C8	0x6ED5      	MOVWF       T0CON 
;latidos_ejer1.c,45 :: 		Lcd_Init();
0x07CA	0xDDD6      	RCALL       _Lcd_Init
;latidos_ejer1.c,46 :: 		INTCON2.INTEDG0 = 1; //la interrupcin la provoca un flanco de subida (x=1)/ bajada (x=0)
0x07CC	0x8CF1      	BSF         INTCON2, 6 
;latidos_ejer1.c,47 :: 		INTCON.INT0IF = 0;   // se pone el flaga 0
0x07CE	0x92F2      	BCF         INTCON, 1 
;latidos_ejer1.c,48 :: 		INTCON.INT0IE = 1;   // se habilita la interrupcin del Timer 0
0x07D0	0x88F2      	BSF         INTCON, 4 
;latidos_ejer1.c,49 :: 		INTCON.GIE = 1;      // se habilitan las interrupciones en general
0x07D2	0x8EF2      	BSF         INTCON, 7 
;latidos_ejer1.c,51 :: 		while(1){
L_main0:
;latidos_ejer1.c,52 :: 		asm nop;
0x07D4	0x0000      	NOP
;latidos_ejer1.c,53 :: 		}
0x07D6	0xD7FE      	BRA         L_main0
;latidos_ejer1.c,54 :: 		}
L_end_main:
0x07D8	0xD7FF      	BRA         $+0
; end of _main
Symbol List:
//** Routines locations **
//ADDRESS    SIZE    PROCEDURE
//----------------------------------------------
0x0008     [172]    _interrupt
0x00B4      [22]    _Delay_5500us
0x00CA       [6]    _Delay_1us
0x00D0      [10]    _Delay_50us
0x00DA       [8]    _FIXSIGN32
0x00E2      [26]    _SETFUN32
0x00FC      [14]    _RES032
0x010A     [124]    _Lcd_Cmd
0x0186       [8]    _SETFDZ32
0x018E     [114]    _NRM3232
0x0200      [24]    _SETFOV32
0x0218      [54]    _Div_16X16_U
0x024E      [12]    _Lcd_Chr_CP
0x025A      [28]    _SETIOV3224
0x0276      [40]    _word2double
0x029E     [218]    _double2word
0x0378     [150]    _Lcd_Init
0x040E      [16]    ___CC2DW
0x041E     [144]    _WordToStr
0x04AE     [288]    _Mul_32x32_FP
0x05CE     [122]    _Lcd_Out
0x0648     [372]    _Div_32x32_FP
0x07BC      [30]    _main
//** Variables locations ** 
//ADDRESS    SIZE    VARIABLE
//----------------------------------------------
0x0000       [1]    __Lib_SoftI2C_PutZerosToLATSda_temp_sda_L0
0x0000       [1]    EEPROM_Write_SaveINTCON_L0
0x0000       [1]    FLASH_Erase_64_SaveINTCON_L0
0x0000       [1]    __Lib_SoftI2C_PutZerosToLATScl_temp_scl_L0
0x0000       [1]    UART1_Init_tmp_L0
0x0000       [1]    SPI1_Write_tmp_L0
0x0000       [1]    R0
0x0001       [1]    R1
0x0001       [2]    FLASH_Read_N_Bytes_i_L0
0x0001       [1]    __Lib_TFT_JPEG_FileReadBytes_Result_L0
0x0001       [1]    ispunct_rslt_L0
0x0001       [1]    FLASH_Erase_Write_64_i_L0
0x0001       [1]    __Lib_TFT_16bit_JPEG_FileReadBytes_Result_L0
0x0001       [1]    FLASH_Write_32_i_L0
0x0001       [1]    __Lib_TFT_JPEG_FileRead_i_L0
0x0001       [1]    __Lib_TFT_16bit_JPEG_FileRead_i_L0
0x0001       [1]    __Lib_PS2_Wait_Falling_nsample_L0
0x0001       [1]    UART1_Read___tmp_UART1_Read_L0
0x0002       [2]    memchr_s_L0
0x0002       [2]    __Lib_FT812_alt_strlen_cp_L0
0x0002       [2]    __Lib_FT812_alt_memset_pp_L0
0x0002       [2]    strlen_cp_L0
0x0002       [1]    FLASH_Erase_Write_64_j_L0
0x0002       [2]    __Lib_FT800_alt_strlen_cp_L0
0x0002       [1]    FLASH_Write_32_SaveINTCON_L0
0x0002       [2]    __Lib_FT810_alt_strlen_cp_L0
0x0002       [2]    __Lib_FT810_alt_memset_pp_L0
0x0002       [2]    __Lib_FT812_alt_memcpy_dd_L0
0x0002       [1]    R2
0x0002       [2]    __Lib_FT800_alt_memcpy_dd_L0
0x0002       [2]    memcpy_dd_L0
0x0002       [2]    __Lib_FT800_alt_memset_pp_L0
0x0002       [2]    __Lib_FT810_alt_memcpy_dd_L0
0x0002       [2]    memset_pp_L0
0x0003       [2]    MM_TotalFreeMemSize_Tot_L0
0x0003       [2]    Ltrim_original_L0
0x0003       [1]    FLASH_Erase_Write_64_SaveINTCON_L0
0x0003       [2]    __Lib_MmcFat16_f16_toInt_l_L0
0x0003       [2]    memmove_tt_L0
0x0003       [1]    MM_Init_i_L0
0x0003       [1]    __Lib_Sprinti_?FLOC____Lib_Sprinti_Do_FillT29
0x0003       [4]    FT800_Canvas_SurrRect_minX_L0
0x0003       [1]    R3
0x0003       [4]    FT812_Canvas_SurrRect_minX_L0
0x0003       [4]    FT810_Canvas_SurrRect_minX_L0
0x0004       [1]    R4
0x0004       [2]    memcpy_ss_L0
0x0004       [2]    strncpy_cp_L0
0x0004       [1]    __Lib_Sprinti_?FLOC____Lib_Sprinti_Do_FillT40
0x0004       [3]    __Lib_FT800_alt_strlen_const_cp_L0
0x0004       [3]    __Lib_FT810_alt_strlen_const_cp_L0
0x0004       [2]    __Lib_FT810_alt_memcpy_ss_L0
0x0004       [2]    __Lib_MemManager_MM_GetMemAlign_P_L0
0x0004       [2]    __Lib_FT812_alt_memcpy_ss_L0
0x0004       [2]    strcpy_cp_L0
0x0004       [2]    __Lib_FT800_alt_memcpy_ss_L0
0x0004       [2]    strcat_cp_L0
0x0004       [2]    frexp_pom_L0
0x0004       [3]    __Lib_FT812_alt_strlen_const_cp_L0
0x0004       [2]    strncat_cp_L0
0x0005       [2]    memmove_ff_L0
0x0005       [2]    LongWordToHex_input_half_L0
0x0005       [2]    Ltrim_p_L0
0x0005       [2]    LongIntToHex_input_half_L0
0x0005       [1]    __Lib_Sprinti_?FLOC____Lib_Sprinti_Do_FillT54
0x0005       [1]    R5
0x0005       [1]    MM_TotalFreeMemSize_i_L0
0x0006       [1]    __Lib_Sprinti_?FLOC____Lib_Sprinti_Do_FillT69
0x0006       [1]    R6
0x0006       [1]    __Lib_MemManager_MM_GetMemAlign_i_L0
0x0007       [4]    FT810_Canvas_SurrRect_minY_L0
0x0007       [1]    __Lib_TFT_JPEG_GenerateHuffmanTables_bLength_L0
0x0007       [1]    __Lib_TFT_16bit_JPEG_GenerateHuffmanTables_bLength_L0
0x0007       [4]    FT812_Canvas_SurrRect_minY_L0
0x0007       [4]    FT800_Canvas_SurrRect_minY_L0
0x0007       [1]    R7
0x0008       [1]    __Lib_TFT_16bit_JPEG_GenerateHuffmanTables_bTable_L0
0x0008       [1]    R8
0x0008       [1]    __Lib_TFT_JPEG_GenerateHuffmanTables_bTable_L0
0x0009       [1]    R9
0x0009       [4]    __Lib_MmcFat16_f16_toLong_l_L0
0x000A       [1]    R10
0x000B       [4]    FT800_Canvas_SurrRect_maxX_L0
0x000B       [4]    FT812_Canvas_SurrRect_maxX_L0
0x000B       [4]    FT810_Canvas_SurrRect_maxX_L0
0x000B       [1]    R11
0x000C       [1]    R12
0x000D       [1]    R13
0x000E       [1]    R14
0x000F       [4]    FT810_Canvas_SurrRect_maxY_L0
0x000F       [4]    FT800_Canvas_SurrRect_maxY_L0
0x000F       [1]    R15
0x000F       [4]    FT812_Canvas_SurrRect_maxY_L0
0x0010       [1]    R16
0x0011       [1]    R17
0x0012       [1]    R18
0x0013       [1]    R19
0x0014       [1]    R20
0x0019       [2]    _frec
0x001B       [6]    _txt
0x0021       [0]    __Lib_Lcd_cmd_status
0x0022       [2]    _ciclos
0x0024       [1]    FARG_Lcd_Out_row
0x0024       [2]    FARG_WordToStr_input
0x0025       [1]    FARG_Lcd_Out_column
0x0026       [2]    FARG_WordToStr_output
0x0026       [2]    FARG_Lcd_Out_text
0x0028       [1]    WordToStr_len_L0
0x0028       [1]    Lcd_Out_i_L0
0x0029       [2]    FLOC__WordToStr
0x002B       [1]    FARG_Lcd_Chr_CP_out_char
0x002C       [1]    FARG_Lcd_Cmd_out_char
0x0F81       [0]    RB3_bit
0x0F81       [0]    RB2_bit
0x0F81       [0]    RB5_bit
0x0F81       [0]    LCD_RS
0x0F81       [0]    RB7_bit
0x0F81       [0]    RB4_bit
0x0F81       [0]    RB6_bit
0x0F81       [0]    LCD_D6
0x0F81       [0]    LCD_D5
0x0F81       [0]    LCD_D4
0x0F81       [0]    LCD_D7
0x0F81       [0]    LCD_EN
0x0F93       [0]    LCD_RS_Direction
0x0F93       [1]    TRISB
0x0F93       [0]    LCD_D7_Direction
0x0F93       [0]    TRISB4_bit
0x0F93       [0]    TRISB6_bit
0x0F93       [0]    TRISB5_bit
0x0F93       [0]    LCD_D6_Direction
0x0F93       [0]    LCD_D5_Direction
0x0F93       [0]    LCD_D4_Direction
0x0F93       [0]    TRISB2_bit
0x0F93       [0]    TRISB3_bit
0x0F93       [0]    TRISB7_bit
0x0F93       [0]    LCD_EN_Direction
0x0FB4       [1]    CMCON
0x0FC1       [1]    ADCON1
0x0FD5       [1]    T0CON
0x0FD6       [1]    TMR0L
0x0FD7       [1]    TMR0H
0x0FD8       [1]    STATUS
0x0FD9       [1]    FSR2L
0x0FDA       [1]    FSR2H
0x0FDE       [1]    POSTINC2
0x0FE0       [1]    BSR
0x0FE1       [1]    FSR1L
0x0FE2       [1]    FSR1H
0x0FE4       [1]    PREINC1
0x0FE6       [1]    POSTINC1
0x0FE7       [1]    INDF1
0x0FE8       [1]    WREG
0x0FE9       [1]    FSR0L
0x0FEA       [1]    FSR0H
0x0FEE       [1]    POSTINC0
0x0FF1       [1]    INTCON2
0x0FF2       [1]    INTCON
0x0FF3       [1]    PRODL
0x0FF4       [1]    PRODH
0x0FF5       [1]    TABLAT
0x0FF6       [1]    TBLPTRL
0x0FF7       [1]    TBLPTRH
0x0FF8       [1]    TBLPTRU
