;  LST file generated by mikroListExporter - v.2.0 
; Date/Time: 2018/04/25 18:57:33
;----------------------------------------------

;Address Opcode 	ASM
0x0000	0xF005EF06  	GOTO        2572
_interrupt:
;Ejer2_Receptor.c,21 :: 		void interrupt(){
0x0008	0xF019C000  	MOVFF       R0, 25
0x000C	0xF018C001  	MOVFF       R1, 24
0x0010	0xF017C00B  	MOVFF       R11, 23
0x0014	0xF016C00C  	MOVFF       R12, 22
0x0018	0xF015C00D  	MOVFF       R13, 21
;Ejer2_Receptor.c,23 :: 		if(PIR1.RCIF){
0x001C	0xAA9E      	BTFSS       PIR1, 5 
0x001E	0xD038      	BRA         L_interrupt0
;Ejer2_Receptor.c,24 :: 		*(puntero+cont)=UART1_READ();
0x0020	0x5024      	MOVF        _cont, 0 
0x0022	0x2432      	ADDWF       _puntero, 0 
0x0024	0x6E4B      	MOVWF       FLOC__interrupt 
0x0026	0x5025      	MOVF        _cont+1, 0 
0x0028	0x2033      	ADDWFC      _puntero+1, 0 
0x002A	0x6E4C      	MOVWF       FLOC__interrupt+1 
0x002C	0xF004ECFD  	CALL        _UART1_Read, 0
0x0030	0xFFE1C04B  	MOVFF       FLOC__interrupt, FSR1L
0x0034	0xFFE2C04C  	MOVFF       FLOC__interrupt+1, FSR1H
0x0038	0xFFE6C000  	MOVFF       R0, POSTINC1
;Ejer2_Receptor.c,25 :: 		cont++;
0x003C	0x4A24      	INFSNZ      _cont, 1 
0x003E	0x2A25      	INCF        _cont+1, 1 
;Ejer2_Receptor.c,27 :: 		if(cont==4){
0x0040	0x0E00      	MOVLW       0
0x0042	0x1825      	XORWF       _cont+1, 0 
0x0044	0xE102      	BNZ         L__interrupt7
0x0046	0x0E04      	MOVLW       4
0x0048	0x1824      	XORWF       _cont, 0 
L__interrupt7:
0x004A	0xE121      	BNZ         L_interrupt1
;Ejer2_Receptor.c,28 :: 		Lcd_Cmd(_LCD_CLEAR);
0x004C	0x0E01      	MOVLW       1
0x004E	0x6E5F      	MOVWF       FARG_Lcd_Cmd_out_char 
0x0050	0xD83D      	RCALL       _Lcd_Cmd
;Ejer2_Receptor.c,29 :: 		FloatToStr(temperatura,txt);
0x0052	0xF04DC034  	MOVFF       _temperatura, FARG_FloatToStr_fnum
0x0056	0xF04EC035  	MOVFF       _temperatura+1, FARG_FloatToStr_fnum+1
0x005A	0xF04FC036  	MOVFF       _temperatura+2, FARG_FloatToStr_fnum+2
0x005E	0xF050C037  	MOVFF       _temperatura+3, FARG_FloatToStr_fnum+3
0x0062	0x0E3D      	MOVLW       _txt
0x0064	0x6E51      	MOVWF       FARG_FloatToStr_str 
0x0066	0x0E00      	MOVLW       hi_addr(_txt)
0x0068	0x6E52      	MOVWF       FARG_FloatToStr_str+1 
0x006A	0xDABB      	RCALL       _FloatToStr
;Ejer2_Receptor.c,30 :: 		lcd_out(1,1,txt);
0x006C	0x0E01      	MOVLW       1
0x006E	0x6E4D      	MOVWF       FARG_Lcd_Out_row 
0x0070	0x0E01      	MOVLW       1
0x0072	0x6E4E      	MOVWF       FARG_Lcd_Out_column 
0x0074	0x0E3D      	MOVLW       _txt
0x0076	0x6E4F      	MOVWF       FARG_Lcd_Out_text 
0x0078	0x0E00      	MOVLW       hi_addr(_txt)
0x007A	0x6E50      	MOVWF       FARG_Lcd_Out_text+1 
0x007C	0xDA75      	RCALL       _Lcd_Out
;Ejer2_Receptor.c,31 :: 		Lcd_Chr_cp(223);
0x007E	0x0EDF      	MOVLW       223
0x0080	0x6E5B      	MOVWF       FARG_Lcd_Chr_CP_out_char 
0x0082	0xD8E9      	RCALL       _Lcd_Chr_CP
;Ejer2_Receptor.c,32 :: 		Lcd_Chr_cp('C');
0x0084	0x0E43      	MOVLW       67
0x0086	0x6E5B      	MOVWF       FARG_Lcd_Chr_CP_out_char 
0x0088	0xD8E6      	RCALL       _Lcd_Chr_CP
;Ejer2_Receptor.c,33 :: 		cont=0;
0x008A	0x6A24      	CLRF        _cont 
0x008C	0x6A25      	CLRF        _cont+1 
;Ejer2_Receptor.c,34 :: 		}
L_interrupt1:
;Ejer2_Receptor.c,35 :: 		PIR1.RCIF=0;
0x008E	0x9A9E      	BCF         PIR1, 5 
;Ejer2_Receptor.c,36 :: 		}
L_interrupt0:
;Ejer2_Receptor.c,38 :: 		}
L_end_interrupt:
L__interrupt6:
0x0090	0xF000C019  	MOVFF       25, R0
0x0094	0xF001C018  	MOVFF       24, R1
0x0098	0xF00BC017  	MOVFF       23, R11
0x009C	0xF00CC016  	MOVFF       22, R12
0x00A0	0xF00DC015  	MOVFF       21, R13
0x00A4	0x0011      	RETFIE      1
; end of _interrupt
_Delay_5500us:
;__Lib_Delays.c,31 :: 		void Delay_5500us() {
;__Lib_Delays.c,32 :: 		Delay_us(5500);
0x00A6	0x0E0F      	MOVLW       15
0x00A8	0x6E0C      	MOVWF       R12, 0
0x00AA	0x0E47      	MOVLW       71
0x00AC	0x6E0D      	MOVWF       R13, 0
L_Delay_5500us5:
0x00AE	0x2E0D      	DECFSZ      R13, 1, 0
0x00B0	0xD7FE      	BRA         L_Delay_5500us5
0x00B2	0x2E0C      	DECFSZ      R12, 1, 0
0x00B4	0xD7FC      	BRA         L_Delay_5500us5
0x00B6	0x0000      	NOP
0x00B8	0x0000      	NOP
;__Lib_Delays.c,33 :: 		}
L_end_Delay_5500us:
0x00BA	0x0012      	RETURN      0
; end of _Delay_5500us
_Delay_1us:
;__Lib_Delays.c,7 :: 		void Delay_1us() {
;__Lib_Delays.c,8 :: 		Delay_us(1);
0x00BC	0x0000      	NOP
0x00BE	0x0000      	NOP
;__Lib_Delays.c,9 :: 		}
L_end_Delay_1us:
0x00C0	0x0012      	RETURN      0
; end of _Delay_1us
_Delay_50us:
;__Lib_Delays.c,19 :: 		void Delay_50us() {
;__Lib_Delays.c,20 :: 		Delay_us(50);
0x00C2	0x0E21      	MOVLW       33
0x00C4	0x6E0D      	MOVWF       R13, 0
L_Delay_50us2:
0x00C6	0x2E0D      	DECFSZ      R13, 1, 0
0x00C8	0xD7FE      	BRA         L_Delay_50us2
;__Lib_Delays.c,21 :: 		}
L_end_Delay_50us:
0x00CA	0x0012      	RETURN      0
; end of _Delay_50us
_Lcd_Cmd:
;__Lib_Lcd.c,18 :: 		
;__Lib_Lcd.c,20 :: 		
0x00CC	0xBE5F      	BTFSC       FARG_Lcd_Cmd_out_char, 7 
0x00CE	0xD002      	BRA         L__Lcd_Cmd21
0x00D0	0x9E81      	BCF         LCD_D7, BitPos(LCD_D7+0) 
0x00D2	0xD001      	BRA         L__Lcd_Cmd22
L__Lcd_Cmd21:
0x00D4	0x8E81      	BSF         LCD_D7, BitPos(LCD_D7+0) 
L__Lcd_Cmd22:
;__Lib_Lcd.c,21 :: 		
0x00D6	0xBC5F      	BTFSC       FARG_Lcd_Cmd_out_char, 6 
0x00D8	0xD002      	BRA         L__Lcd_Cmd23
0x00DA	0x9C81      	BCF         LCD_D6, BitPos(LCD_D6+0) 
0x00DC	0xD001      	BRA         L__Lcd_Cmd24
L__Lcd_Cmd23:
0x00DE	0x8C81      	BSF         LCD_D6, BitPos(LCD_D6+0) 
L__Lcd_Cmd24:
;__Lib_Lcd.c,22 :: 		
0x00E0	0xBA5F      	BTFSC       FARG_Lcd_Cmd_out_char, 5 
0x00E2	0xD002      	BRA         L__Lcd_Cmd25
0x00E4	0x9A81      	BCF         LCD_D5, BitPos(LCD_D5+0) 
0x00E6	0xD001      	BRA         L__Lcd_Cmd26
L__Lcd_Cmd25:
0x00E8	0x8A81      	BSF         LCD_D5, BitPos(LCD_D5+0) 
L__Lcd_Cmd26:
;__Lib_Lcd.c,23 :: 		
0x00EA	0xB85F      	BTFSC       FARG_Lcd_Cmd_out_char, 4 
0x00EC	0xD002      	BRA         L__Lcd_Cmd27
0x00EE	0x9881      	BCF         LCD_D4, BitPos(LCD_D4+0) 
0x00F0	0xD001      	BRA         L__Lcd_Cmd28
L__Lcd_Cmd27:
0x00F2	0x8881      	BSF         LCD_D4, BitPos(LCD_D4+0) 
L__Lcd_Cmd28:
;__Lib_Lcd.c,25 :: 		
0x00F4	0xB038      	BTFSC       __Lib_Lcd_cmd_status, BitPos(__Lib_Lcd_cmd_status+0) 
0x00F6	0xD002      	BRA         L__Lcd_Cmd29
0x00F8	0x8481      	BSF         LCD_RS, BitPos(LCD_RS+0) 
0x00FA	0xD001      	BRA         L__Lcd_Cmd30
L__Lcd_Cmd29:
0x00FC	0x9481      	BCF         LCD_RS, BitPos(LCD_RS+0) 
L__Lcd_Cmd30:
;__Lib_Lcd.c,28 :: 		
0x00FE	0x8681      	BSF         LCD_EN, BitPos(LCD_EN+0) 
;__Lib_Lcd.c,29 :: 		
0x0100	0xDFDD      	RCALL       _Delay_1us
;__Lib_Lcd.c,30 :: 		
0x0102	0x9681      	BCF         LCD_EN, BitPos(LCD_EN+0) 
;__Lib_Lcd.c,33 :: 		
0x0104	0xB65F      	BTFSC       FARG_Lcd_Cmd_out_char, 3 
0x0106	0xD002      	BRA         L__Lcd_Cmd31
0x0108	0x9E81      	BCF         LCD_D7, BitPos(LCD_D7+0) 
0x010A	0xD001      	BRA         L__Lcd_Cmd32
L__Lcd_Cmd31:
0x010C	0x8E81      	BSF         LCD_D7, BitPos(LCD_D7+0) 
L__Lcd_Cmd32:
;__Lib_Lcd.c,34 :: 		
0x010E	0xB45F      	BTFSC       FARG_Lcd_Cmd_out_char, 2 
0x0110	0xD002      	BRA         L__Lcd_Cmd33
0x0112	0x9C81      	BCF         LCD_D6, BitPos(LCD_D6+0) 
0x0114	0xD001      	BRA         L__Lcd_Cmd34
L__Lcd_Cmd33:
0x0116	0x8C81      	BSF         LCD_D6, BitPos(LCD_D6+0) 
L__Lcd_Cmd34:
;__Lib_Lcd.c,35 :: 		
0x0118	0xB25F      	BTFSC       FARG_Lcd_Cmd_out_char, 1 
0x011A	0xD002      	BRA         L__Lcd_Cmd35
0x011C	0x9A81      	BCF         LCD_D5, BitPos(LCD_D5+0) 
0x011E	0xD001      	BRA         L__Lcd_Cmd36
L__Lcd_Cmd35:
0x0120	0x8A81      	BSF         LCD_D5, BitPos(LCD_D5+0) 
L__Lcd_Cmd36:
;__Lib_Lcd.c,36 :: 		
0x0122	0xB05F      	BTFSC       FARG_Lcd_Cmd_out_char, 0 
0x0124	0xD002      	BRA         L__Lcd_Cmd37
0x0126	0x9881      	BCF         LCD_D4, BitPos(LCD_D4+0) 
0x0128	0xD001      	BRA         L__Lcd_Cmd38
L__Lcd_Cmd37:
0x012A	0x8881      	BSF         LCD_D4, BitPos(LCD_D4+0) 
L__Lcd_Cmd38:
;__Lib_Lcd.c,38 :: 		
0x012C	0xB038      	BTFSC       __Lib_Lcd_cmd_status, BitPos(__Lib_Lcd_cmd_status+0) 
0x012E	0xD002      	BRA         L__Lcd_Cmd39
0x0130	0x8481      	BSF         LCD_RS, BitPos(LCD_RS+0) 
0x0132	0xD001      	BRA         L__Lcd_Cmd40
L__Lcd_Cmd39:
0x0134	0x9481      	BCF         LCD_RS, BitPos(LCD_RS+0) 
L__Lcd_Cmd40:
;__Lib_Lcd.c,40 :: 		
0x0136	0x8681      	BSF         LCD_EN, BitPos(LCD_EN+0) 
;__Lib_Lcd.c,41 :: 		
0x0138	0xDFC1      	RCALL       _Delay_1us
;__Lib_Lcd.c,42 :: 		
0x013A	0x9681      	BCF         LCD_EN, BitPos(LCD_EN+0) 
;__Lib_Lcd.c,44 :: 		
0x013C	0xA038      	BTFSS       __Lib_Lcd_cmd_status, BitPos(__Lib_Lcd_cmd_status+0) 
0x013E	0xD002      	BRA         L_Lcd_Cmd0
;__Lib_Lcd.c,45 :: 		
0x0140	0xDFB2      	RCALL       _Delay_5500us
0x0142	0xD001      	BRA         L_Lcd_Cmd1
L_Lcd_Cmd0:
;__Lib_Lcd.c,47 :: 		
0x0144	0xDFBE      	RCALL       _Delay_50us
L_Lcd_Cmd1:
;__Lib_Lcd.c,48 :: 		
L_end_Lcd_Cmd:
0x0146	0x0012      	RETURN      0
; end of _Lcd_Cmd
_SETFOV32:
;__Lib_MathDouble.c,82 :: 		
;__Lib_MathDouble.c,90 :: 		
0x0148	0x820B      	BSF         R11, 1, 0
;__Lib_MathDouble.c,91 :: 		
0x014A	0xAE0B      	BTFSS       R11, 7, 0
;__Lib_MathDouble.c,92 :: 		
0x014C	0xF000EFAE  	GOTO        SETFOV32EEE
;__Lib_MathDouble.c,94 :: 		
0x0150	0x6803      	SETF        R3, 0
;__Lib_MathDouble.c,95 :: 		
0x0152	0x6802      	SETF        R2, 0
;__Lib_MathDouble.c,96 :: 		
0x0154	0x6801      	SETF        R1, 0
;__Lib_MathDouble.c,97 :: 		
0x0156	0x6800      	SETF        R0, 0
;__Lib_MathDouble.c,98 :: 		
0x0158	0x360A      	RLCF        R10, 1, 0
;__Lib_MathDouble.c,99 :: 		
0x015A	0x3202      	RRCF        R2, 1, 0
;__Lib_MathDouble.c,100 :: 		
SETFOV32EEE:
;__Lib_MathDouble.c,101 :: 		
0x015C	0x0EFF      	MOVLW       255
;__Lib_MathDouble.c,103 :: 		
L_end_SETFOV32:
0x015E	0x0012      	RETURN      0
; end of _SETFOV32
_SETFUN32:
;__Lib_MathDouble.c,144 :: 		
;__Lib_MathDouble.c,152 :: 		
0x0160	0x840B      	BSF         R11, 2, 0
;__Lib_MathDouble.c,153 :: 		
0x0162	0xAE0B      	BTFSS       R11, 7, 0
;__Lib_MathDouble.c,154 :: 		
0x0164	0xF000EFBB  	GOTO        SETFUN32EEE
;__Lib_MathDouble.c,156 :: 		
0x0168	0x0E01      	MOVLW       1
;__Lib_MathDouble.c,157 :: 		
0x016A	0x6E03      	MOVWF       R3, 0
;__Lib_MathDouble.c,158 :: 		
0x016C	0x6A02      	CLRF        R2, 0
;__Lib_MathDouble.c,159 :: 		
0x016E	0x6A01      	CLRF        R1, 0
;__Lib_MathDouble.c,160 :: 		
0x0170	0x6A00      	CLRF        R0, 0
;__Lib_MathDouble.c,161 :: 		
0x0172	0x360A      	RLCF        R10, 1, 0
;__Lib_MathDouble.c,162 :: 		
0x0174	0x3202      	RRCF        R2, 1, 0
;__Lib_MathDouble.c,163 :: 		
SETFUN32EEE:
;__Lib_MathDouble.c,164 :: 		
0x0176	0x0EFF      	MOVLW       255
;__Lib_MathDouble.c,166 :: 		
L_end_SETFUN32:
0x0178	0x0012      	RETURN      0
; end of _SETFUN32
_RES032:
;__Lib_MathDouble.c,128 :: 		
;__Lib_MathDouble.c,134 :: 		
0x017A	0x6A02      	CLRF        R2, 0
;__Lib_MathDouble.c,135 :: 		
0x017C	0x6A01      	CLRF        R1, 0
;__Lib_MathDouble.c,136 :: 		
0x017E	0x6A00      	CLRF        R0, 0
;__Lib_MathDouble.c,137 :: 		
0x0180	0x6A08      	CLRF        R8, 0
;__Lib_MathDouble.c,138 :: 		
0x0182	0x6A03      	CLRF        R3, 0
;__Lib_MathDouble.c,139 :: 		
0x0184	0x0E00      	MOVLW       0
;__Lib_MathDouble.c,141 :: 		
L_end_RES032:
0x0186	0x0012      	RETURN      0
; end of _RES032
_Compare_Double:
;__Lib_MathDouble.c,2518 :: 		
;__Lib_MathDouble.c,2529 :: 		
0x0188	0x6A0A      	CLRF        R10, 0
;__Lib_MathDouble.c,2530 :: 		
0x018A	0x5003      	MOVF        R3, 0, 0
;__Lib_MathDouble.c,2531 :: 		
0x018C	0xA4D8      	BTFSS       STATUS, 2, 0
;__Lib_MathDouble.c,2532 :: 		
0x018E	0x800A      	BSF         R10, 0, 0
;__Lib_MathDouble.c,2533 :: 		
0x0190	0x5007      	MOVF        R7, 0, 0
;__Lib_MathDouble.c,2534 :: 		
0x0192	0xA4D8      	BTFSS       STATUS, 2, 0
;__Lib_MathDouble.c,2535 :: 		
0x0194	0x820A      	BSF         R10, 1, 0
;__Lib_MathDouble.c,2537 :: 		
0x0196	0x500A      	MOVF        R10, 0, 0
;__Lib_MathDouble.c,2538 :: 		
0x0198	0xB4D8      	BTFSC       STATUS, 2, 0
;__Lib_MathDouble.c,2539 :: 		
0x019A	0xF001EF27  	GOTO        COMPARE_EQU
;__Lib_MathDouble.c,2540 :: 		
0x019E	0x0A03      	XORLW       3
;__Lib_MathDouble.c,2541 :: 		
0x01A0	0xB4D8      	BTFSC       STATUS, 2, 0
;__Lib_MathDouble.c,2542 :: 		
0x01A2	0xF000EFE0  	GOTO        COMPARE_NOTZERO
;__Lib_MathDouble.c,2544 :: 		
0x01A6	0xB00A      	BTFSC       R10, 0, 0
;__Lib_MathDouble.c,2545 :: 		
0x01A8	0xF000EFDB  	GOTO        COMPARE_XNOTZERO
;__Lib_MathDouble.c,2547 :: 		
0x01AC	0xAE06      	BTFSS       R6, 7, 0
;__Lib_MathDouble.c,2548 :: 		
0x01AE	0xF001EF25  	GOTO        COMPARE_LT
;__Lib_MathDouble.c,2549 :: 		
0x01B2	0xF001EF23  	GOTO        COMPARE_GT
;__Lib_MathDouble.c,2550 :: 		
COMPARE_XNOTZERO:
;__Lib_MathDouble.c,2551 :: 		
0x01B6	0xAE02      	BTFSS       R2, 7, 0
;__Lib_MathDouble.c,2552 :: 		
0x01B8	0xF001EF23  	GOTO        COMPARE_GT
;__Lib_MathDouble.c,2553 :: 		
0x01BC	0xF001EF25  	GOTO        COMPARE_LT
;__Lib_MathDouble.c,2555 :: 		
COMPARE_NOTZERO:
;__Lib_MathDouble.c,2556 :: 		
0x01C0	0x5002      	MOVF        R2, 0, 0
;__Lib_MathDouble.c,2557 :: 		
0x01C2	0x0B80      	ANDLW       128
;__Lib_MathDouble.c,2558 :: 		
0x01C4	0x6E0A      	MOVWF       R10, 0
;__Lib_MathDouble.c,2559 :: 		
0x01C6	0x9E02      	BCF         R2, 7, 0
;__Lib_MathDouble.c,2561 :: 		
0x01C8	0x5006      	MOVF        R6, 0, 0
;__Lib_MathDouble.c,2562 :: 		
0x01CA	0x0B80      	ANDLW       128
;__Lib_MathDouble.c,2563 :: 		
0x01CC	0x9E06      	BCF         R6, 7, 0
;__Lib_MathDouble.c,2565 :: 		
0x01CE	0x180A      	XORWF       R10, 0, 0
;__Lib_MathDouble.c,2566 :: 		
0x01D0	0xB4D8      	BTFSC       STATUS, 2, 0
;__Lib_MathDouble.c,2567 :: 		
0x01D2	0xF000EFF1  	GOTO        COMPARE_TESTALL
;__Lib_MathDouble.c,2569 :: 		
0x01D6	0x500A      	MOVF        R10, 0, 0
;__Lib_MathDouble.c,2570 :: 		
0x01D8	0xB4D8      	BTFSC       STATUS, 2, 0
;__Lib_MathDouble.c,2571 :: 		
0x01DA	0xF001EF23  	GOTO        COMPARE_GT
;__Lib_MathDouble.c,2572 :: 		
0x01DE	0xF001EF25  	GOTO        COMPARE_LT
;__Lib_MathDouble.c,2574 :: 		
COMPARE_TESTALL:
;__Lib_MathDouble.c,2575 :: 		
0x01E2	0x5007      	MOVF        R7, 0, 0
;__Lib_MathDouble.c,2576 :: 		
0x01E4	0x5C03      	SUBWF       R3, 0, 0
;__Lib_MathDouble.c,2577 :: 		
0x01E6	0xB4D8      	BTFSC       STATUS, 2, 0
;__Lib_MathDouble.c,2578 :: 		
0x01E8	0xF000EFFB  	GOTO        COMPARE_C1
;__Lib_MathDouble.c,2579 :: 		
0x01EC	0xA0D8      	BTFSS       STATUS, 0, 0
;__Lib_MathDouble.c,2580 :: 		
0x01EE	0xF001EF17  	GOTO        GT_FALSE
;__Lib_MathDouble.c,2581 :: 		
0x01F2	0xF001EF1D  	GOTO        GT_TRUE
;__Lib_MathDouble.c,2582 :: 		
COMPARE_C1:
;__Lib_MathDouble.c,2583 :: 		
0x01F6	0x5006      	MOVF        R6, 0, 0
;__Lib_MathDouble.c,2584 :: 		
0x01F8	0x5C02      	SUBWF       R2, 0, 0
;__Lib_MathDouble.c,2585 :: 		
0x01FA	0xB4D8      	BTFSC       STATUS, 2, 0
;__Lib_MathDouble.c,2586 :: 		
0x01FC	0xF001EF05  	GOTO        COMPARE_C2
;__Lib_MathDouble.c,2587 :: 		
0x0200	0xA0D8      	BTFSS       STATUS, 0, 0
;__Lib_MathDouble.c,2588 :: 		
0x0202	0xF001EF17  	GOTO        GT_FALSE
;__Lib_MathDouble.c,2589 :: 		
0x0206	0xF001EF1D  	GOTO        GT_TRUE
;__Lib_MathDouble.c,2590 :: 		
COMPARE_C2:
;__Lib_MathDouble.c,2591 :: 		
0x020A	0x5005      	MOVF        R5, 0, 0
;__Lib_MathDouble.c,2592 :: 		
0x020C	0x5C01      	SUBWF       R1, 0, 0
;__Lib_MathDouble.c,2593 :: 		
0x020E	0xB4D8      	BTFSC       STATUS, 2, 0
;__Lib_MathDouble.c,2594 :: 		
0x0210	0xF001EF0F  	GOTO        COMPARE_C3
;__Lib_MathDouble.c,2595 :: 		
0x0214	0xA0D8      	BTFSS       STATUS, 0, 0
;__Lib_MathDouble.c,2596 :: 		
0x0216	0xF001EF17  	GOTO        GT_FALSE
;__Lib_MathDouble.c,2597 :: 		
0x021A	0xF001EF1D  	GOTO        GT_TRUE
;__Lib_MathDouble.c,2598 :: 		
COMPARE_C3:
;__Lib_MathDouble.c,2599 :: 		
0x021E	0x5004      	MOVF        R4, 0, 0
;__Lib_MathDouble.c,2600 :: 		
0x0220	0x5C00      	SUBWF       R0, 0, 0
;__Lib_MathDouble.c,2601 :: 		
0x0222	0xB4D8      	BTFSC       STATUS, 2, 0
;__Lib_MathDouble.c,2602 :: 		
0x0224	0xF001EF27  	GOTO        COMPARE_EQU
;__Lib_MathDouble.c,2603 :: 		
0x0228	0xB0D8      	BTFSC       STATUS, 0, 0
;__Lib_MathDouble.c,2604 :: 		
0x022A	0xF001EF1D  	GOTO        GT_TRUE
;__Lib_MathDouble.c,2606 :: 		
GT_FALSE:
;__Lib_MathDouble.c,2607 :: 		
0x022E	0x520A      	MOVF        R10, 1, 0
;__Lib_MathDouble.c,2608 :: 		
0x0230	0xB4D8      	BTFSC       STATUS, 2, 0
;__Lib_MathDouble.c,2609 :: 		
0x0232	0xF001EF25  	GOTO        COMPARE_LT
;__Lib_MathDouble.c,2610 :: 		
0x0236	0xF001EF23  	GOTO        COMPARE_GT
;__Lib_MathDouble.c,2611 :: 		
GT_TRUE:
;__Lib_MathDouble.c,2612 :: 		
0x023A	0x520A      	MOVF        R10, 1, 0
;__Lib_MathDouble.c,2613 :: 		
0x023C	0xB4D8      	BTFSC       STATUS, 2, 0
;__Lib_MathDouble.c,2614 :: 		
0x023E	0xF001EF23  	GOTO        COMPARE_GT
;__Lib_MathDouble.c,2615 :: 		
0x0242	0xF001EF25  	GOTO        COMPARE_LT
;__Lib_MathDouble.c,2617 :: 		
COMPARE_GT:
;__Lib_MathDouble.c,2620 :: 		
0x0246	0x80D8      	BSF         STATUS, 0, 0
;__Lib_MathDouble.c,2621 :: 		
0x0248	0x0012      	RETURN      0
;__Lib_MathDouble.c,2622 :: 		
COMPARE_LT:
;__Lib_MathDouble.c,2625 :: 		
0x024A	0x90D8      	BCF         STATUS, 0, 0
;__Lib_MathDouble.c,2626 :: 		
0x024C	0x0012      	RETURN      0
;__Lib_MathDouble.c,2627 :: 		
COMPARE_EQU:
;__Lib_MathDouble.c,2630 :: 		
0x024E	0x80D8      	BSF         STATUS, 0, 0
;__Lib_MathDouble.c,2631 :: 		
0x0250	0x84D8      	BSF         STATUS, 2, 0
;__Lib_MathDouble.c,2632 :: 		
0x0252	0x0012      	RETURN      0
;__Lib_MathDouble.c,2634 :: 		
L_end_Compare_Double:
0x0254	0x0012      	RETURN      0
; end of _Compare_Double
_Lcd_Chr_CP:
;__Lib_Lcd.c,50 :: 		
;__Lib_Lcd.c,52 :: 		
0x0256	0x9038      	BCF         __Lib_Lcd_cmd_status, BitPos(__Lib_Lcd_cmd_status+0) 
;__Lib_Lcd.c,53 :: 		
0x0258	0xF05FC05B  	MOVFF       FARG_Lcd_Chr_CP_out_char, FARG_Lcd_Cmd_out_char
0x025C	0xDF37      	RCALL       _Lcd_Cmd
;__Lib_Lcd.c,54 :: 		
0x025E	0x8038      	BSF         __Lib_Lcd_cmd_status, BitPos(__Lib_Lcd_cmd_status+0) 
;__Lib_Lcd.c,55 :: 		
L_end_Lcd_Chr_CP:
0x0260	0x0012      	RETURN      0
; end of _Lcd_Chr_CP
_Div_8X8_S:
;__Lib_Math.c,326 :: 		
;__Lib_Math.c,335 :: 		
0x0262	0x6A0D      	CLRF        R13, 0
;__Lib_Math.c,336 :: 		
0x0264	0x6A08      	CLRF        R8, 0
;__Lib_Math.c,337 :: 		
0x0266	0x5000      	MOVF        R0, 0, 0
;__Lib_Math.c,338 :: 		
0x0268	0xB4D8      	BTFSC       STATUS, 2, 0
;__Lib_Math.c,339 :: 		
0x026A	0x0C00      	RETLW       0
;__Lib_Math.c,340 :: 		
0x026C	0x1804      	XORWF       R4, 0, 0
;__Lib_Math.c,341 :: 		
0x026E	0x6E0A      	MOVWF       R10, 0
;__Lib_Math.c,342 :: 		
0x0270	0xBE0A      	BTFSC       R10, 7, 0
;__Lib_Math.c,343 :: 		
0x0272	0x1E0D      	COMF        R13, 1, 0
;__Lib_Math.c,344 :: 		
0x0274	0x6A0B      	CLRF        R11, 0
;__Lib_Math.c,345 :: 		
0x0276	0xAE04      	BTFSS       R4, 7, 0
;__Lib_Math.c,346 :: 		
0x0278	0xD002      	BRA         $+6
;__Lib_Math.c,347 :: 		
0x027A	0x1E04      	COMF        R4, 1, 0
;__Lib_Math.c,348 :: 		
0x027C	0x2A04      	INCF        R4, 1, 0
;__Lib_Math.c,349 :: 		
0x027E	0xAE00      	BTFSS       R0, 7, 0
;__Lib_Math.c,350 :: 		
0x0280	0xD002      	BRA         $+6
;__Lib_Math.c,351 :: 		
0x0282	0x1E00      	COMF        R0, 1, 0
;__Lib_Math.c,352 :: 		
0x0284	0x2A00      	INCF        R0, 1, 0
;__Lib_Math.c,353 :: 		
0x0286	0x5000      	MOVF        R0, 0, 0
;__Lib_Math.c,354 :: 		
0x0288	0x1004      	IORWF       R4, 0, 0
;__Lib_Math.c,355 :: 		
0x028A	0x6E0A      	MOVWF       R10, 0
;__Lib_Math.c,356 :: 		
0x028C	0xBE0A      	BTFSC       R10, 7, 0
;__Lib_Math.c,357 :: 		
0x028E	0xD01F      	BRA         $+64
;__Lib_Math.c,358 :: 		
0x0290	0x5004      	MOVF        R4, 0, 0
;__Lib_Math.c,359 :: 		
0x0292	0x5E08      	SUBWF       R8, 1, 0
;__Lib_Math.c,360 :: 		
0x0294	0x3600      	RLCF        R0, 1, 0
;__Lib_Math.c,361 :: 		
0x0296	0x3400      	RLCF        R0, 0, 0
;__Lib_Math.c,362 :: 		
0x0298	0x3608      	RLCF        R8, 1, 0
;__Lib_Math.c,363 :: 		
0x029A	0x5004      	MOVF        R4, 0, 0
;__Lib_Math.c,364 :: 		
0x029C	0x2608      	ADDWF       R8, 1, 0
;__Lib_Math.c,365 :: 		
0x029E	0x3600      	RLCF        R0, 1, 0
;__Lib_Math.c,366 :: 		
0x02A0	0x0E06      	MOVLW       6
;__Lib_Math.c,367 :: 		
0x02A2	0x6E0C      	MOVWF       R12, 0
;__Lib_Math.c,368 :: 		
0x02A4	0x3400      	RLCF        R0, 0, 0
;__Lib_Math.c,369 :: 		
0x02A6	0x3608      	RLCF        R8, 1, 0
;__Lib_Math.c,370 :: 		
0x02A8	0x5004      	MOVF        R4, 0, 0
;__Lib_Math.c,371 :: 		
0x02AA	0xB000      	BTFSC       R0, 0, 0
;__Lib_Math.c,372 :: 		
0x02AC	0x5E08      	SUBWF       R8, 1, 0
;__Lib_Math.c,373 :: 		
0x02AE	0xA000      	BTFSS       R0, 0, 0
;__Lib_Math.c,374 :: 		
0x02B0	0x2608      	ADDWF       R8, 1, 0
;__Lib_Math.c,375 :: 		
0x02B2	0x3600      	RLCF        R0, 1, 0
;__Lib_Math.c,376 :: 		
0x02B4	0x2E0C      	DECFSZ      R12, 1, 0
;__Lib_Math.c,377 :: 		
0x02B6	0xD7F6      	BRA         $-18
;__Lib_Math.c,378 :: 		
0x02B8	0xA000      	BTFSS       R0, 0, 0
;__Lib_Math.c,379 :: 		
0x02BA	0x2608      	ADDWF       R8, 1, 0
;__Lib_Math.c,380 :: 		
0x02BC	0xB00B      	BTFSC       R11, 0, 0
;__Lib_Math.c,381 :: 		
0x02BE	0xD015      	BRA         $+44
;__Lib_Math.c,382 :: 		
0x02C0	0xAE0D      	BTFSS       R13, 7, 0
;__Lib_Math.c,383 :: 		
0x02C2	0x0C00      	RETLW       0
;__Lib_Math.c,384 :: 		
0x02C4	0x1E00      	COMF        R0, 1, 0
;__Lib_Math.c,385 :: 		
0x02C6	0x2A00      	INCF        R0, 1, 0
;__Lib_Math.c,386 :: 		
0x02C8	0x1E08      	COMF        R8, 1, 0
;__Lib_Math.c,387 :: 		
0x02CA	0x2A08      	INCF        R8, 1, 0
;__Lib_Math.c,388 :: 		
0x02CC	0x0C00      	RETLW       0
;__Lib_Math.c,389 :: 		
0x02CE	0xAE04      	BTFSS       R4, 7, 0
;__Lib_Math.c,390 :: 		
0x02D0	0xD009      	BRA         $+20
;__Lib_Math.c,391 :: 		
0x02D2	0xBE00      	BTFSC       R0, 7, 0
;__Lib_Math.c,392 :: 		
0x02D4	0xD004      	BRA         $+10
;__Lib_Math.c,393 :: 		
0x02D6	0x5000      	MOVF        R0, 0, 0
;__Lib_Math.c,394 :: 		
0x02D8	0x6E08      	MOVWF       R8, 0
;__Lib_Math.c,395 :: 		
0x02DA	0x6A00      	CLRF        R0, 0
;__Lib_Math.c,396 :: 		
0x02DC	0xD7F1      	BRA         $-28
;__Lib_Math.c,397 :: 		
0x02DE	0x6A00      	CLRF        R0, 0
;__Lib_Math.c,398 :: 		
0x02E0	0x2A00      	INCF        R0, 1, 0
;__Lib_Math.c,399 :: 		
0x02E2	0x0C00      	RETLW       0
;__Lib_Math.c,400 :: 		
0x02E4	0x1E00      	COMF        R0, 1, 0
;__Lib_Math.c,401 :: 		
0x02E6	0x2A0B      	INCF        R11, 1, 0
;__Lib_Math.c,402 :: 		
0x02E8	0xD7D3      	BRA         $-88
;__Lib_Math.c,403 :: 		
0x02EA	0x2A08      	INCF        R8, 1, 0
;__Lib_Math.c,404 :: 		
0x02EC	0x5004      	MOVF        R4, 0, 0
;__Lib_Math.c,405 :: 		
0x02EE	0x5C08      	SUBWF       R8, 0, 0
;__Lib_Math.c,406 :: 		
0x02F0	0xA4D8      	BTFSS       STATUS, 2, 0
;__Lib_Math.c,407 :: 		
0x02F2	0xD7E6      	BRA         $-50
;__Lib_Math.c,408 :: 		
0x02F4	0x6A08      	CLRF        R8, 0
;__Lib_Math.c,409 :: 		
0x02F6	0x2A00      	INCF        R0, 1, 0
;__Lib_Math.c,410 :: 		
0x02F8	0xAE00      	BTFSS       R0, 7, 0
;__Lib_Math.c,411 :: 		
0x02FA	0xD7E2      	BRA         $-58
;__Lib_Math.c,412 :: 		
0x02FC	0x0CFF      	RETLW       255
;__Lib_Math.c,414 :: 		
L_end_Div_8X8_S:
0x02FE	0x0012      	RETURN      0
; end of _Div_8X8_S
_Mul_32x32_FP:
;__Lib_MathDouble.c,1130 :: 		
;__Lib_MathDouble.c,1148 :: 		
0x0300	0x6A08      	CLRF        R8, 0
;__Lib_MathDouble.c,1149 :: 		
0x0302	0x6A09      	CLRF        R9, 0
;__Lib_MathDouble.c,1151 :: 		
0x0304	0x0E00      	MOVLW       0
;__Lib_MathDouble.c,1152 :: 		
0x0306	0x6207      	CPFSEQ      R7, 0
;__Lib_MathDouble.c,1153 :: 		
0x0308	0x6403      	CPFSGT      R3, 0
;__Lib_MathDouble.c,1154 :: 		
0x030A	0xF002EF05  	GOTO        MULJPRES032
;__Lib_MathDouble.c,1157 :: 		
0x030E	0x5002      	MOVF        R2, 0, 0
;__Lib_MathDouble.c,1158 :: 		
0x0310	0x1806      	XORWF       R6, 0, 0
;__Lib_MathDouble.c,1159 :: 		
0x0312	0x6E0A      	MOVWF       R10, 0
;__Lib_MathDouble.c,1161 :: 		
0x0314	0x5007      	MOVF        R7, 0, 0
;__Lib_MathDouble.c,1162 :: 		
0x0316	0x2603      	ADDWF       R3, 1, 0
;__Lib_MathDouble.c,1163 :: 		
0x0318	0x0E7E      	MOVLW       126
;__Lib_MathDouble.c,1164 :: 		
0x031A	0xA0D8      	BTFSS       STATUS, 0, 0
;__Lib_MathDouble.c,1165 :: 		
0x031C	0xF001EF96  	GOTO        MTUN32
;__Lib_MathDouble.c,1167 :: 		
0x0320	0x5E03      	SUBWF       R3, 1, 0
;__Lib_MathDouble.c,1168 :: 		
0x0322	0xB0D8      	BTFSC       STATUS, 0, 0
;__Lib_MathDouble.c,1169 :: 		
0x0324	0xF002EF09  	GOTO        MULJPSETFOV32
;__Lib_MathDouble.c,1170 :: 		
0x0328	0xF001EF9A  	GOTO        MOK32
;__Lib_MathDouble.c,1172 :: 		
MTUN32:
;__Lib_MathDouble.c,1173 :: 		
0x032C	0x5E03      	SUBWF       R3, 1, 0
;__Lib_MathDouble.c,1174 :: 		
0x032E	0xA0D8      	BTFSS       STATUS, 0, 0
;__Lib_MathDouble.c,1175 :: 		
0x0330	0xF002EF0D  	GOTO        MULJPSETFUN32
;__Lib_MathDouble.c,1177 :: 		
MOK32:
;__Lib_MathDouble.c,1178 :: 		
0x0334	0x8E02      	BSF         R2, 7, 0
;__Lib_MathDouble.c,1179 :: 		
0x0336	0x8E06      	BSF         R6, 7, 0
;__Lib_MathDouble.c,1181 :: 		
0x0338	0xF00EC002  	MOVFF       R2, R14
;__Lib_MathDouble.c,1182 :: 		
0x033C	0xF00BC001  	MOVFF       R1, R11
;__Lib_MathDouble.c,1183 :: 		
0x0340	0xF00DC000  	MOVFF       R0, R13
;__Lib_MathDouble.c,1185 :: 		
0x0344	0x5000      	MOVF        R0, 0, 0
;__Lib_MathDouble.c,1186 :: 		
0x0346	0x0204      	MULWF       R4, 0
;__Lib_MathDouble.c,1187 :: 		
0x0348	0xF00CCFF4  	MOVFF       PRODH, R12
;__Lib_MathDouble.c,1189 :: 		
0x034C	0x5001      	MOVF        R1, 0, 0
;__Lib_MathDouble.c,1190 :: 		
0x034E	0x0205      	MULWF       R5, 0
;__Lib_MathDouble.c,1191 :: 		
0x0350	0xF000CFF4  	MOVFF       PRODH, R0
;__Lib_MathDouble.c,1192 :: 		
0x0354	0xF008CFF3  	MOVFF       PRODL, R8
;__Lib_MathDouble.c,1194 :: 		
0x0358	0x0204      	MULWF       R4, 0
;__Lib_MathDouble.c,1195 :: 		
0x035A	0x50F3      	MOVF        PRODL, 0, 0
;__Lib_MathDouble.c,1196 :: 		
0x035C	0x260C      	ADDWF       R12, 1, 0
;__Lib_MathDouble.c,1197 :: 		
0x035E	0x50F4      	MOVF        PRODH, 0, 0
;__Lib_MathDouble.c,1198 :: 		
0x0360	0x2208      	ADDWFC      R8, 1, 0
;__Lib_MathDouble.c,1199 :: 		
0x0362	0x0E00      	MOVLW       0
;__Lib_MathDouble.c,1200 :: 		
0x0364	0x2200      	ADDWFC      R0, 1, 0
;__Lib_MathDouble.c,1202 :: 		
0x0366	0x500D      	MOVF        R13, 0, 0
;__Lib_MathDouble.c,1203 :: 		
0x0368	0x0205      	MULWF       R5, 0
;__Lib_MathDouble.c,1204 :: 		
0x036A	0x50F3      	MOVF        PRODL, 0, 0
;__Lib_MathDouble.c,1205 :: 		
0x036C	0x260C      	ADDWF       R12, 1, 0
;__Lib_MathDouble.c,1206 :: 		
0x036E	0x50F4      	MOVF        PRODH, 0, 0
;__Lib_MathDouble.c,1207 :: 		
0x0370	0x2208      	ADDWFC      R8, 1, 0
;__Lib_MathDouble.c,1208 :: 		
0x0372	0x0E00      	MOVLW       0
;__Lib_MathDouble.c,1209 :: 		
0x0374	0x2200      	ADDWFC      R0, 1, 0
;__Lib_MathDouble.c,1211 :: 		
0x0376	0x5002      	MOVF        R2, 0, 0
;__Lib_MathDouble.c,1212 :: 		
0x0378	0x0204      	MULWF       R4, 0
;__Lib_MathDouble.c,1213 :: 		
0x037A	0x50F3      	MOVF        PRODL, 0, 0
;__Lib_MathDouble.c,1214 :: 		
0x037C	0x2608      	ADDWF       R8, 1, 0
;__Lib_MathDouble.c,1215 :: 		
0x037E	0x50F4      	MOVF        PRODH, 0, 0
;__Lib_MathDouble.c,1216 :: 		
0x0380	0x2200      	ADDWFC      R0, 1, 0
;__Lib_MathDouble.c,1217 :: 		
0x0382	0x5002      	MOVF        R2, 0, 0
;__Lib_MathDouble.c,1218 :: 		
0x0384	0x0205      	MULWF       R5, 0
;__Lib_MathDouble.c,1219 :: 		
0x0386	0x6A01      	CLRF        R1, 0
;__Lib_MathDouble.c,1220 :: 		
0x0388	0x0E00      	MOVLW       0
;__Lib_MathDouble.c,1221 :: 		
0x038A	0x2201      	ADDWFC      R1, 1, 0
;__Lib_MathDouble.c,1222 :: 		
0x038C	0x50F3      	MOVF        PRODL, 0, 0
;__Lib_MathDouble.c,1223 :: 		
0x038E	0x2600      	ADDWF       R0, 1, 0
;__Lib_MathDouble.c,1224 :: 		
0x0390	0x50F4      	MOVF        PRODH, 0, 0
;__Lib_MathDouble.c,1225 :: 		
0x0392	0x2201      	ADDWFC      R1, 1, 0
;__Lib_MathDouble.c,1227 :: 		
0x0394	0x500D      	MOVF        R13, 0, 0
;__Lib_MathDouble.c,1228 :: 		
0x0396	0x0206      	MULWF       R6, 0
;__Lib_MathDouble.c,1229 :: 		
0x0398	0x50F3      	MOVF        PRODL, 0, 0
;__Lib_MathDouble.c,1230 :: 		
0x039A	0x2608      	ADDWF       R8, 1, 0
;__Lib_MathDouble.c,1231 :: 		
0x039C	0x50F4      	MOVF        PRODH, 0, 0
;__Lib_MathDouble.c,1232 :: 		
0x039E	0x2200      	ADDWFC      R0, 1, 0
;__Lib_MathDouble.c,1233 :: 		
0x03A0	0x6A02      	CLRF        R2, 0
;__Lib_MathDouble.c,1234 :: 		
0x03A2	0x0E00      	MOVLW       0
;__Lib_MathDouble.c,1235 :: 		
0x03A4	0x2201      	ADDWFC      R1, 1, 0
;__Lib_MathDouble.c,1236 :: 		
0x03A6	0x2202      	ADDWFC      R2, 1, 0
;__Lib_MathDouble.c,1238 :: 		
0x03A8	0x500B      	MOVF        R11, 0, 0
;__Lib_MathDouble.c,1239 :: 		
0x03AA	0x0206      	MULWF       R6, 0
;__Lib_MathDouble.c,1240 :: 		
0x03AC	0x50F3      	MOVF        PRODL, 0, 0
;__Lib_MathDouble.c,1241 :: 		
0x03AE	0x2600      	ADDWF       R0, 1, 0
;__Lib_MathDouble.c,1242 :: 		
0x03B0	0x50F4      	MOVF        PRODH, 0, 0
;__Lib_MathDouble.c,1243 :: 		
0x03B2	0x2201      	ADDWFC      R1, 1, 0
;__Lib_MathDouble.c,1244 :: 		
0x03B4	0x0E00      	MOVLW       0
;__Lib_MathDouble.c,1245 :: 		
0x03B6	0x2202      	ADDWFC      R2, 1, 0
;__Lib_MathDouble.c,1247 :: 		
0x03B8	0x500E      	MOVF        R14, 0, 0
;__Lib_MathDouble.c,1248 :: 		
0x03BA	0x0206      	MULWF       R6, 0
;__Lib_MathDouble.c,1249 :: 		
0x03BC	0x50F3      	MOVF        PRODL, 0, 0
;__Lib_MathDouble.c,1250 :: 		
0x03BE	0x2601      	ADDWF       R1, 1, 0
;__Lib_MathDouble.c,1251 :: 		
0x03C0	0x50F4      	MOVF        PRODH, 0, 0
;__Lib_MathDouble.c,1252 :: 		
0x03C2	0x2202      	ADDWFC      R2, 1, 0
;__Lib_MathDouble.c,1254 :: 		
0x03C4	0xBE02      	BTFSC       R2, 7, 0
;__Lib_MathDouble.c,1255 :: 		
0x03C6	0xF001EFED  	GOTO        MROUND32
;__Lib_MathDouble.c,1256 :: 		
0x03CA	0x3608      	RLCF        R8, 1, 0
;__Lib_MathDouble.c,1257 :: 		
0x03CC	0x3600      	RLCF        R0, 1, 0
;__Lib_MathDouble.c,1258 :: 		
0x03CE	0x3601      	RLCF        R1, 1, 0
;__Lib_MathDouble.c,1259 :: 		
0x03D0	0x3602      	RLCF        R2, 1, 0
;__Lib_MathDouble.c,1260 :: 		
0x03D2	0x0603      	DECF        R3, 1, 0
;__Lib_MathDouble.c,1261 :: 		
0x03D4	0xB4D8      	BTFSC       STATUS, 2, 0
;__Lib_MathDouble.c,1262 :: 		
0x03D6	0xF002EF0D  	GOTO        MULJPSETFUN32
;__Lib_MathDouble.c,1264 :: 		
MROUND32:
;__Lib_MathDouble.c,1267 :: 		
0x03DA	0xF002EF00  	GOTO        MUL32OK
;__Lib_MathDouble.c,1268 :: 		
0x03DE	0x80D8      	BSF         STATUS, 0, 0
;__Lib_MathDouble.c,1269 :: 		
0x03E0	0x0E80      	MOVLW       128
;__Lib_MathDouble.c,1270 :: 		
0x03E2	0x6408      	CPFSGT      R8, 0
;__Lib_MathDouble.c,1271 :: 		
0x03E4	0x3000      	RRCF        R0, 0, 0
;__Lib_MathDouble.c,1272 :: 		
0x03E6	0x0E00      	MOVLW       0
;__Lib_MathDouble.c,1273 :: 		
0x03E8	0x2200      	ADDWFC      R0, 1, 0
;__Lib_MathDouble.c,1274 :: 		
0x03EA	0x2201      	ADDWFC      R1, 1, 0
;__Lib_MathDouble.c,1275 :: 		
0x03EC	0x2202      	ADDWFC      R2, 1, 0
;__Lib_MathDouble.c,1277 :: 		
0x03EE	0xA0D8      	BTFSS       STATUS, 0, 0
;__Lib_MathDouble.c,1278 :: 		
0x03F0	0xF002EF00  	GOTO        MUL32OK
;__Lib_MathDouble.c,1279 :: 		
0x03F4	0x3202      	RRCF        R2, 1, 0
;__Lib_MathDouble.c,1280 :: 		
0x03F6	0x3201      	RRCF        R1, 1, 0
;__Lib_MathDouble.c,1281 :: 		
0x03F8	0x3200      	RRCF        R0, 1, 0
;__Lib_MathDouble.c,1282 :: 		
0x03FA	0x4A03      	INFSNZ      R3, 1, 0
;__Lib_MathDouble.c,1283 :: 		
0x03FC	0xF002EF09  	GOTO        MULJPSETFOV32
;__Lib_MathDouble.c,1285 :: 		
MUL32OK:
;__Lib_MathDouble.c,1286 :: 		
0x0400	0xAE0A      	BTFSS       R10, 7, 0
;__Lib_MathDouble.c,1287 :: 		
0x0402	0x9E02      	BCF         R2, 7, 0
;__Lib_MathDouble.c,1289 :: 		
0x0404	0x0E00      	MOVLW       0
;__Lib_MathDouble.c,1290 :: 		
0x0406	0xF002EF0F  	GOTO        MULEEE
;__Lib_MathDouble.c,1291 :: 		
MULJPRES032:
;__Lib_MathDouble.c,1292 :: 		
0x040A	0x0E01      	MOVLW       1
;__Lib_MathDouble.c,1295 :: 		
0x040C	0xDEB6      	RCALL       _RES032
;__Lib_MathDouble.c,1297 :: 		
0x040E	0xF002EF0F  	GOTO        MULEEE
;__Lib_MathDouble.c,1298 :: 		
MULJPSETFOV32:
;__Lib_MathDouble.c,1299 :: 		
0x0412	0x0E02      	MOVLW       2
;__Lib_MathDouble.c,1302 :: 		
0x0414	0xDE99      	RCALL       _SETFOV32
;__Lib_MathDouble.c,1304 :: 		
0x0416	0xF002EF0F  	GOTO        MULEEE
;__Lib_MathDouble.c,1305 :: 		
MULJPSETFUN32:
;__Lib_MathDouble.c,1306 :: 		
0x041A	0x0E04      	MOVLW       4
;__Lib_MathDouble.c,1309 :: 		
0x041C	0xDEA1      	RCALL       _SETFUN32
;__Lib_MathDouble.c,1311 :: 		
MULEEE:
;__Lib_MathDouble.c,1318 :: 		
L_end_Mul_32x32_FP:
0x041E	0x0012      	RETURN      0
; end of _Mul_32x32_FP
_strcpy:
;__Lib_CString.c,133 :: 		
;__Lib_CString.c,136 :: 		
0x0420	0xF004C05B  	MOVFF       FARG_strcpy_to, R4
0x0424	0xF005C05C  	MOVFF       FARG_strcpy_to+1, R5
;__Lib_CString.c,137 :: 		
L_strcpy34:
0x0428	0xF002C004  	MOVFF       R4, R2
0x042C	0xF003C005  	MOVFF       R5, R3
0x0430	0x4A04      	INFSNZ      R4, 1 
0x0432	0x2A05      	INCF        R5, 1 
0x0434	0xF000C05D  	MOVFF       FARG_strcpy_from, R0
0x0438	0xF001C05E  	MOVFF       FARG_strcpy_from+1, R1
0x043C	0x4A5D      	INFSNZ      FARG_strcpy_from, 1 
0x043E	0x2A5E      	INCF        FARG_strcpy_from+1, 1 
0x0440	0xFFE9C000  	MOVFF       R0, FSR0L
0x0444	0xFFEAC001  	MOVFF       R1, FSR0H
0x0448	0xFFE1C002  	MOVFF       R2, FSR1L
0x044C	0xFFE2C003  	MOVFF       R3, FSR1H
0x0450	0xFFE6CFEE  	MOVFF       POSTINC0, POSTINC1
0x0454	0xFFE9C002  	MOVFF       R2, FSR0L
0x0458	0xFFEAC003  	MOVFF       R3, FSR0H
0x045C	0x52EE      	MOVF        POSTINC0, 1 
0x045E	0xE001      	BZ          L_strcpy35
;__Lib_CString.c,138 :: 		
0x0460	0xD7E3      	BRA         L_strcpy34
L_strcpy35:
;__Lib_CString.c,139 :: 		
0x0462	0xF000C05B  	MOVFF       FARG_strcpy_to, R0
0x0466	0xF001C05C  	MOVFF       FARG_strcpy_to+1, R1
;__Lib_CString.c,140 :: 		
L_end_strcpy:
0x046A	0x0012      	RETURN      0
; end of _strcpy
_UART1_Init:
;__Lib_UART_c67.c,15 :: 		
;__Lib_UART_c67.c,18 :: 		
0x046C	0x0EFF      	MOVLW       _UART1_Write
0x046E	0x6E26      	MOVWF       _UART_Wr_Ptr 
0x0470	0x0EFF      	MOVLW       hi_addr(_UART1_Write)
0x0472	0x6E27      	MOVWF       _UART_Wr_Ptr+1 
0x0474	0x0EFF      	MOVLW       FARG_UART1_Write_data_
0x0476	0x6E28      	MOVWF       _UART_Wr_Ptr+2 
0x0478	0x0EFF      	MOVLW       hi_addr(FARG_UART1_Write_data_)
0x047A	0x6E29      	MOVWF       _UART_Wr_Ptr+3 
;__Lib_UART_c67.c,19 :: 		
0x047C	0x0EFA      	MOVLW       _UART1_Read
0x047E	0x6E2A      	MOVWF       _UART_Rd_Ptr 
0x0480	0x0E09      	MOVLW       hi_addr(_UART1_Read)
0x0482	0x6E2B      	MOVWF       _UART_Rd_Ptr+1 
0x0484	0x0E00      	MOVLW       0
0x0486	0x6E2C      	MOVWF       _UART_Rd_Ptr+2 
0x0488	0x0E00      	MOVLW       0
0x048A	0x6E2D      	MOVWF       _UART_Rd_Ptr+3 
;__Lib_UART_c67.c,20 :: 		
0x048C	0x0EFF      	MOVLW       _UART1_Data_Ready
0x048E	0x6E2E      	MOVWF       _UART_Rdy_Ptr 
0x0490	0x0EFF      	MOVLW       hi_addr(_UART1_Data_Ready)
0x0492	0x6E2F      	MOVWF       _UART_Rdy_Ptr+1 
0x0494	0x0E00      	MOVLW       0
0x0496	0x6E30      	MOVWF       _UART_Rdy_Ptr+2 
0x0498	0x0E00      	MOVLW       0
0x049A	0x6E31      	MOVWF       _UART_Rdy_Ptr+3 
;__Lib_UART_c67.c,21 :: 		
0x049C	0x0EFF      	MOVLW       _UART1_Tx_Idle
0x049E	0x6E39      	MOVWF       _UART_Tx_Idle_Ptr 
0x04A0	0x0EFF      	MOVLW       hi_addr(_UART1_Tx_Idle)
0x04A2	0x6E3A      	MOVWF       _UART_Tx_Idle_Ptr+1 
0x04A4	0x0E00      	MOVLW       0
0x04A6	0x6E3B      	MOVWF       _UART_Tx_Idle_Ptr+2 
0x04A8	0x0E00      	MOVLW       0
0x04AA	0x6E3C      	MOVWF       _UART_Tx_Idle_Ptr+3 
;__Lib_UART_c67.c,23 :: 		
0x04AC	0x8AAC      	BSF         TXSTA, 5 
;__Lib_UART_c67.c,24 :: 		
0x04AE	0x0E90      	MOVLW       144
0x04B0	0x6EAB      	MOVWF       RCSTA 
;__Lib_UART_c67.c,25 :: 		
0x04B2	0x8E94      	BSF         TRISC7_bit, BitPos(TRISC7_bit+0) 
;__Lib_UART_c67.c,26 :: 		
0x04B4	0x9C94      	BCF         TRISC6_bit, BitPos(TRISC6_bit+0) 
;__Lib_UART_c67.c,28 :: 		
L_UART1_Init0:
0x04B6	0xAA9E      	BTFSS       PIR1, 5 
0x04B8	0xD003      	BRA         L_UART1_Init1
;__Lib_UART_c67.c,29 :: 		
0x04BA	0xF000CFAE  	MOVFF       RCREG, R0
0x04BE	0xD7FB      	BRA         L_UART1_Init0
L_UART1_Init1:
;__Lib_UART_c67.c,30 :: 		
L_end_UART1_Init:
0x04C0	0x0012      	RETURN      0
; end of _UART1_Init
_Lcd_Init:
;__Lib_Lcd.c,84 :: 		
;__Lib_Lcd.c,86 :: 		
0x04C2	0x9693      	BCF         LCD_EN_Direction, BitPos(LCD_EN_Direction+0) 
;__Lib_Lcd.c,87 :: 		
0x04C4	0x9493      	BCF         LCD_RS_Direction, BitPos(LCD_RS_Direction+0) 
;__Lib_Lcd.c,88 :: 		
0x04C6	0x9893      	BCF         LCD_D4_Direction, BitPos(LCD_D4_Direction+0) 
;__Lib_Lcd.c,89 :: 		
0x04C8	0x9A93      	BCF         LCD_D5_Direction, BitPos(LCD_D5_Direction+0) 
;__Lib_Lcd.c,90 :: 		
0x04CA	0x9C93      	BCF         LCD_D6_Direction, BitPos(LCD_D6_Direction+0) 
;__Lib_Lcd.c,91 :: 		
0x04CC	0x9E93      	BCF         LCD_D7_Direction, BitPos(LCD_D7_Direction+0) 
;__Lib_Lcd.c,93 :: 		
0x04CE	0x9681      	BCF         LCD_EN, BitPos(LCD_EN+0) 
;__Lib_Lcd.c,94 :: 		
0x04D0	0x9481      	BCF         LCD_RS, BitPos(LCD_RS+0) 
;__Lib_Lcd.c,95 :: 		
0x04D2	0x9E81      	BCF         LCD_D7, BitPos(LCD_D7+0) 
;__Lib_Lcd.c,96 :: 		
0x04D4	0x9C81      	BCF         LCD_D6, BitPos(LCD_D6+0) 
;__Lib_Lcd.c,97 :: 		
0x04D6	0x9A81      	BCF         LCD_D5, BitPos(LCD_D5+0) 
;__Lib_Lcd.c,98 :: 		
0x04D8	0x9881      	BCF         LCD_D4, BitPos(LCD_D4+0) 
;__Lib_Lcd.c,100 :: 		
0x04DA	0xDDE5      	RCALL       _Delay_5500us
;__Lib_Lcd.c,101 :: 		
0x04DC	0xDDE4      	RCALL       _Delay_5500us
;__Lib_Lcd.c,102 :: 		
0x04DE	0xDDE3      	RCALL       _Delay_5500us
;__Lib_Lcd.c,105 :: 		
0x04E0	0x8A81      	BSF         LCD_D5, BitPos(LCD_D5+0) 
;__Lib_Lcd.c,106 :: 		
0x04E2	0x8881      	BSF         LCD_D4, BitPos(LCD_D4+0) 
;__Lib_Lcd.c,107 :: 		
0x04E4	0x8681      	BSF         LCD_EN, BitPos(LCD_EN+0) 
;__Lib_Lcd.c,108 :: 		
0x04E6	0xDDEA      	RCALL       _Delay_1us
;__Lib_Lcd.c,109 :: 		
0x04E8	0x9681      	BCF         LCD_EN, BitPos(LCD_EN+0) 
;__Lib_Lcd.c,110 :: 		
0x04EA	0xDDDD      	RCALL       _Delay_5500us
;__Lib_Lcd.c,112 :: 		
0x04EC	0x8681      	BSF         LCD_EN, BitPos(LCD_EN+0) 
;__Lib_Lcd.c,113 :: 		
0x04EE	0xDDE6      	RCALL       _Delay_1us
;__Lib_Lcd.c,114 :: 		
0x04F0	0x9681      	BCF         LCD_EN, BitPos(LCD_EN+0) 
;__Lib_Lcd.c,115 :: 		
0x04F2	0xDDD9      	RCALL       _Delay_5500us
;__Lib_Lcd.c,117 :: 		
0x04F4	0x8681      	BSF         LCD_EN, BitPos(LCD_EN+0) 
;__Lib_Lcd.c,118 :: 		
0x04F6	0xDDE2      	RCALL       _Delay_1us
;__Lib_Lcd.c,119 :: 		
0x04F8	0x9681      	BCF         LCD_EN, BitPos(LCD_EN+0) 
;__Lib_Lcd.c,120 :: 		
0x04FA	0xDDD5      	RCALL       _Delay_5500us
;__Lib_Lcd.c,123 :: 		
0x04FC	0x9881      	BCF         LCD_D4, BitPos(LCD_D4+0) 
;__Lib_Lcd.c,124 :: 		
0x04FE	0x8681      	BSF         LCD_EN, BitPos(LCD_EN+0) 
;__Lib_Lcd.c,125 :: 		
0x0500	0xDDDD      	RCALL       _Delay_1us
;__Lib_Lcd.c,126 :: 		
0x0502	0x9681      	BCF         LCD_EN, BitPos(LCD_EN+0) 
;__Lib_Lcd.c,127 :: 		
0x0504	0xDDD0      	RCALL       _Delay_5500us
;__Lib_Lcd.c,130 :: 		
0x0506	0x8681      	BSF         LCD_EN, BitPos(LCD_EN+0) 
;__Lib_Lcd.c,131 :: 		
0x0508	0xDDD9      	RCALL       _Delay_1us
;__Lib_Lcd.c,132 :: 		
0x050A	0x9681      	BCF         LCD_EN, BitPos(LCD_EN+0) 
;__Lib_Lcd.c,134 :: 		
0x050C	0x9A81      	BCF         LCD_D5, BitPos(LCD_D5+0) 
;__Lib_Lcd.c,135 :: 		
0x050E	0x8E81      	BSF         LCD_D7, BitPos(LCD_D7+0) 
;__Lib_Lcd.c,136 :: 		
0x0510	0x8681      	BSF         LCD_EN, BitPos(LCD_EN+0) 
;__Lib_Lcd.c,137 :: 		
0x0512	0xDDD4      	RCALL       _Delay_1us
;__Lib_Lcd.c,138 :: 		
0x0514	0x9681      	BCF         LCD_EN, BitPos(LCD_EN+0) 
;__Lib_Lcd.c,139 :: 		
0x0516	0xDDC7      	RCALL       _Delay_5500us
;__Lib_Lcd.c,142 :: 		
0x0518	0x9E81      	BCF         LCD_D7, BitPos(LCD_D7+0) 
;__Lib_Lcd.c,143 :: 		
0x051A	0x8881      	BSF         LCD_D4, BitPos(LCD_D4+0) 
;__Lib_Lcd.c,144 :: 		
0x051C	0x8681      	BSF         LCD_EN, BitPos(LCD_EN+0) 
;__Lib_Lcd.c,145 :: 		
0x051E	0xDDCE      	RCALL       _Delay_1us
;__Lib_Lcd.c,146 :: 		
0x0520	0x9681      	BCF         LCD_EN, BitPos(LCD_EN+0) 
;__Lib_Lcd.c,148 :: 		
0x0522	0x9881      	BCF         LCD_D4, BitPos(LCD_D4+0) 
;__Lib_Lcd.c,149 :: 		
0x0524	0x8681      	BSF         LCD_EN, BitPos(LCD_EN+0) 
;__Lib_Lcd.c,150 :: 		
0x0526	0xDDCA      	RCALL       _Delay_1us
;__Lib_Lcd.c,151 :: 		
0x0528	0x9681      	BCF         LCD_EN, BitPos(LCD_EN+0) 
;__Lib_Lcd.c,152 :: 		
0x052A	0xDDBD      	RCALL       _Delay_5500us
;__Lib_Lcd.c,155 :: 		
0x052C	0x8681      	BSF         LCD_EN, BitPos(LCD_EN+0) 
;__Lib_Lcd.c,156 :: 		
0x052E	0xDDC6      	RCALL       _Delay_1us
;__Lib_Lcd.c,157 :: 		
0x0530	0x9681      	BCF         LCD_EN, BitPos(LCD_EN+0) 
;__Lib_Lcd.c,159 :: 		
0x0532	0x8881      	BSF         LCD_D4, BitPos(LCD_D4+0) 
;__Lib_Lcd.c,160 :: 		
0x0534	0x8681      	BSF         LCD_EN, BitPos(LCD_EN+0) 
;__Lib_Lcd.c,161 :: 		
0x0536	0xDDC2      	RCALL       _Delay_1us
;__Lib_Lcd.c,162 :: 		
0x0538	0x9681      	BCF         LCD_EN, BitPos(LCD_EN+0) 
;__Lib_Lcd.c,163 :: 		
0x053A	0xDDB5      	RCALL       _Delay_5500us
;__Lib_Lcd.c,166 :: 		
0x053C	0x9881      	BCF         LCD_D4, BitPos(LCD_D4+0) 
;__Lib_Lcd.c,167 :: 		
0x053E	0x8681      	BSF         LCD_EN, BitPos(LCD_EN+0) 
;__Lib_Lcd.c,168 :: 		
0x0540	0xDDBD      	RCALL       _Delay_1us
;__Lib_Lcd.c,169 :: 		
0x0542	0x9681      	BCF         LCD_EN, BitPos(LCD_EN+0) 
;__Lib_Lcd.c,171 :: 		
0x0544	0x8E81      	BSF         LCD_D7, BitPos(LCD_D7+0) 
;__Lib_Lcd.c,172 :: 		
0x0546	0x8C81      	BSF         LCD_D6, BitPos(LCD_D6+0) 
;__Lib_Lcd.c,173 :: 		
0x0548	0x8A81      	BSF         LCD_D5, BitPos(LCD_D5+0) 
;__Lib_Lcd.c,174 :: 		
0x054A	0x8881      	BSF         LCD_D4, BitPos(LCD_D4+0) 
;__Lib_Lcd.c,175 :: 		
0x054C	0x8681      	BSF         LCD_EN, BitPos(LCD_EN+0) 
;__Lib_Lcd.c,176 :: 		
0x054E	0xDDB6      	RCALL       _Delay_1us
;__Lib_Lcd.c,177 :: 		
0x0550	0x9681      	BCF         LCD_EN, BitPos(LCD_EN+0) 
;__Lib_Lcd.c,179 :: 		
0x0552	0xDDA9      	RCALL       _Delay_5500us
;__Lib_Lcd.c,181 :: 		
0x0554	0x8038      	BSF         __Lib_Lcd_cmd_status, BitPos(__Lib_Lcd_cmd_status+0) 
;__Lib_Lcd.c,182 :: 		
L_end_Lcd_Init:
0x0556	0x0012      	RETURN      0
; end of _Lcd_Init
___CC2DW:
;__Lib_System.c,21 :: 		
;__Lib_System.c,23 :: 		
_CC2DL_Loop1:
;__Lib_System.c,24 :: 		
0x0558	0x0009      	TBLRD*+
;__Lib_System.c,25 :: 		
0x055A	0xFFE6CFF5  	MOVFF       TABLAT, POSTINC1
;__Lib_System.c,26 :: 		
0x055E	0x0600      	DECF        R0, 1, 0
;__Lib_System.c,27 :: 		
0x0560	0xE1FB      	BNZ         _CC2DL_Loop1
;__Lib_System.c,28 :: 		
0x0562	0x0601      	DECF        R1, 1, 0
;__Lib_System.c,29 :: 		
0x0564	0xE1F9      	BNZ         _CC2DL_Loop1
;__Lib_System.c,31 :: 		
L_end___CC2DW:
0x0566	0x0012      	RETURN      0
; end of ___CC2DW
_Lcd_Out:
;__Lib_Lcd.c,184 :: 		
;__Lib_Lcd.c,187 :: 		
0x0568	0xD00F      	BRA         L_Lcd_Out11
;__Lib_Lcd.c,188 :: 		
L_Lcd_Out13:
0x056A	0x0E80      	MOVLW       128
0x056C	0x6E4D      	MOVWF       FARG_Lcd_Out_row 
0x056E	0xD019      	BRA         L_Lcd_Out12
;__Lib_Lcd.c,189 :: 		
L_Lcd_Out14:
0x0570	0x0EC0      	MOVLW       192
0x0572	0x6E4D      	MOVWF       FARG_Lcd_Out_row 
0x0574	0xD016      	BRA         L_Lcd_Out12
;__Lib_Lcd.c,190 :: 		
L_Lcd_Out15:
0x0576	0x0E94      	MOVLW       148
0x0578	0x6E4D      	MOVWF       FARG_Lcd_Out_row 
0x057A	0xD013      	BRA         L_Lcd_Out12
;__Lib_Lcd.c,191 :: 		
L_Lcd_Out16:
0x057C	0x0ED4      	MOVLW       212
0x057E	0x6E4D      	MOVWF       FARG_Lcd_Out_row 
0x0580	0xD010      	BRA         L_Lcd_Out12
;__Lib_Lcd.c,192 :: 		
L_Lcd_Out17:
0x0582	0x0E80      	MOVLW       128
0x0584	0x6E4D      	MOVWF       FARG_Lcd_Out_row 
;__Lib_Lcd.c,193 :: 		
0x0586	0xD00D      	BRA         L_Lcd_Out12
L_Lcd_Out11:
0x0588	0x504D      	MOVF        FARG_Lcd_Out_row, 0 
0x058A	0x0A01      	XORLW       1
0x058C	0xE0EE      	BZ          L_Lcd_Out13
0x058E	0x504D      	MOVF        FARG_Lcd_Out_row, 0 
0x0590	0x0A02      	XORLW       2
0x0592	0xE0EE      	BZ          L_Lcd_Out14
0x0594	0x504D      	MOVF        FARG_Lcd_Out_row, 0 
0x0596	0x0A03      	XORLW       3
0x0598	0xE0EE      	BZ          L_Lcd_Out15
0x059A	0x504D      	MOVF        FARG_Lcd_Out_row, 0 
0x059C	0x0A04      	XORLW       4
0x059E	0xE0EE      	BZ          L_Lcd_Out16
0x05A0	0xD7F0      	BRA         L_Lcd_Out17
L_Lcd_Out12:
;__Lib_Lcd.c,194 :: 		
0x05A2	0x044E      	DECF        FARG_Lcd_Out_column, 0 
0x05A4	0x6E00      	MOVWF       R0 
0x05A6	0x504D      	MOVF        FARG_Lcd_Out_row, 0 
0x05A8	0x2600      	ADDWF       R0, 1 
0x05AA	0xF04DC000  	MOVFF       R0, FARG_Lcd_Out_row
;__Lib_Lcd.c,196 :: 		
0x05AE	0xF05FC000  	MOVFF       R0, FARG_Lcd_Cmd_out_char
0x05B2	0xDD8C      	RCALL       _Lcd_Cmd
;__Lib_Lcd.c,197 :: 		
0x05B4	0x9038      	BCF         __Lib_Lcd_cmd_status, BitPos(__Lib_Lcd_cmd_status+0) 
;__Lib_Lcd.c,198 :: 		
0x05B6	0x6A51      	CLRF        Lcd_Out_i_L0 
;__Lib_Lcd.c,199 :: 		
L_Lcd_Out18:
0x05B8	0x5051      	MOVF        Lcd_Out_i_L0, 0 
0x05BA	0x244F      	ADDWF       FARG_Lcd_Out_text, 0 
0x05BC	0x6EE9      	MOVWF       FSR0L 
0x05BE	0x0E00      	MOVLW       0
0x05C0	0x2050      	ADDWFC      FARG_Lcd_Out_text+1, 0 
0x05C2	0x6EEA      	MOVWF       FSR0H 
0x05C4	0x52EE      	MOVF        POSTINC0, 1 
0x05C6	0xE00B      	BZ          L_Lcd_Out19
;__Lib_Lcd.c,200 :: 		
0x05C8	0x5051      	MOVF        Lcd_Out_i_L0, 0 
0x05CA	0x244F      	ADDWF       FARG_Lcd_Out_text, 0 
0x05CC	0x6EE9      	MOVWF       FSR0L 
0x05CE	0x0E00      	MOVLW       0
0x05D0	0x2050      	ADDWFC      FARG_Lcd_Out_text+1, 0 
0x05D2	0x6EEA      	MOVWF       FSR0H 
0x05D4	0xF05BCFEE  	MOVFF       POSTINC0, FARG_Lcd_Chr_CP_out_char
0x05D8	0xDE3E      	RCALL       _Lcd_Chr_CP
0x05DA	0x2A51      	INCF        Lcd_Out_i_L0, 1 
0x05DC	0xD7ED      	BRA         L_Lcd_Out18
L_Lcd_Out19:
;__Lib_Lcd.c,201 :: 		
0x05DE	0x8038      	BSF         __Lib_Lcd_cmd_status, BitPos(__Lib_Lcd_cmd_status+0) 
;__Lib_Lcd.c,202 :: 		
L_end_Lcd_Out:
0x05E0	0x0012      	RETURN      0
; end of _Lcd_Out
_FloatToStr:
;__Lib_Conversions.c,521 :: 		
;__Lib_Conversions.c,523 :: 		
0x05E2	0x6A59      	CLRF        FloatToStr_bpoint_L0 
0x05E4	0x6A5A      	CLRF        FloatToStr_dexpon_L0 
;__Lib_Conversions.c,528 :: 		
0x05E6	0xF055C04D  	MOVFF       FARG_FloatToStr_fnum, FloatToStr_un_L0
0x05EA	0xF056C04E  	MOVFF       FARG_FloatToStr_fnum+1, FloatToStr_un_L0+1
0x05EE	0xF057C04F  	MOVFF       FARG_FloatToStr_fnum+2, FloatToStr_un_L0+2
0x05F2	0xF058C050  	MOVFF       FARG_FloatToStr_fnum+3, FloatToStr_un_L0+3
;__Lib_Conversions.c,529 :: 		
0x05F6	0x5058      	MOVF        FloatToStr_un_L0+3, 0 
0x05F8	0x0AFF      	XORLW       255
0x05FA	0xE108      	BNZ         L__FloatToStr197
0x05FC	0x5057      	MOVF        FloatToStr_un_L0+2, 0 
0x05FE	0x0AFF      	XORLW       255
0x0600	0xE105      	BNZ         L__FloatToStr197
0x0602	0x5056      	MOVF        FloatToStr_un_L0+1, 0 
0x0604	0x0AFF      	XORLW       255
0x0606	0xE102      	BNZ         L__FloatToStr197
0x0608	0x5055      	MOVF        FloatToStr_un_L0, 0 
0x060A	0x0AFF      	XORLW       255
L__FloatToStr197:
0x060C	0xE10C      	BNZ         L_FloatToStr90
;__Lib_Conversions.c,530 :: 		
0x060E	0xF05BC051  	MOVFF       FARG_FloatToStr_str, FARG_strcpy_to
0x0612	0xF05CC052  	MOVFF       FARG_FloatToStr_str+1, FARG_strcpy_to+1
0x0616	0x0E1A      	MOVLW       ?lstr1___Lib_Conversions
0x0618	0x6E5D      	MOVWF       FARG_strcpy_from 
0x061A	0x0E00      	MOVLW       hi_addr(?lstr1___Lib_Conversions)
0x061C	0x6E5E      	MOVWF       FARG_strcpy_from+1 
0x061E	0xDF00      	RCALL       _strcpy
;__Lib_Conversions.c,531 :: 		
0x0620	0x0E03      	MOVLW       3
0x0622	0x6E00      	MOVWF       R0 
0x0624	0xD1E9      	BRA         L_end_FloatToStr
;__Lib_Conversions.c,532 :: 		
L_FloatToStr90:
;__Lib_Conversions.c,533 :: 		
0x0626	0x0E01      	MOVLW       1
0x0628	0x6E53      	MOVWF       FloatToStr_i_L0 
;__Lib_Conversions.c,534 :: 		
0x062A	0xAE57      	BTFSS       FloatToStr_un_L0+2, 7 
0x062C	0xD00E      	BRA         L_FloatToStr91
;__Lib_Conversions.c,535 :: 		
0x062E	0x0E80      	MOVLW       128
0x0630	0x1857      	XORWF       FloatToStr_un_L0+2, 0 
0x0632	0x6E00      	MOVWF       R0 
0x0634	0xF057C000  	MOVFF       R0, FloatToStr_un_L0+2
;__Lib_Conversions.c,536 :: 		
0x0638	0x2A53      	INCF        FloatToStr_i_L0, 1 
;__Lib_Conversions.c,537 :: 		
0x063A	0xFFE1C051  	MOVFF       FARG_FloatToStr_str, FSR1L
0x063E	0xFFE2C052  	MOVFF       FARG_FloatToStr_str+1, FSR1H
0x0642	0x0E2D      	MOVLW       45
0x0644	0x6EE6      	MOVWF       POSTINC1 
0x0646	0x4A51      	INFSNZ      FARG_FloatToStr_str, 1 
0x0648	0x2A52      	INCF        FARG_FloatToStr_str+1, 1 
;__Lib_Conversions.c,538 :: 		
L_FloatToStr91:
;__Lib_Conversions.c,539 :: 		
0x064A	0x0E00      	MOVLW       0
0x064C	0x6E00      	MOVWF       R0 
0x064E	0x1858      	XORWF       FloatToStr_un_L0+3, 0 
0x0650	0xE108      	BNZ         L__FloatToStr198
0x0652	0x5000      	MOVF        R0, 0 
0x0654	0x1857      	XORWF       FloatToStr_un_L0+2, 0 
0x0656	0xE105      	BNZ         L__FloatToStr198
0x0658	0x5000      	MOVF        R0, 0 
0x065A	0x1856      	XORWF       FloatToStr_un_L0+1, 0 
0x065C	0xE102      	BNZ         L__FloatToStr198
0x065E	0x5055      	MOVF        FloatToStr_un_L0, 0 
0x0660	0x0A00      	XORLW       0
L__FloatToStr198:
0x0662	0xE10B      	BNZ         L_FloatToStr92
;__Lib_Conversions.c,540 :: 		
0x0664	0xF05BC051  	MOVFF       FARG_FloatToStr_str, FARG_strcpy_to
0x0668	0xF05CC052  	MOVFF       FARG_FloatToStr_str+1, FARG_strcpy_to+1
0x066C	0x0E1E      	MOVLW       ?lstr2___Lib_Conversions
0x066E	0x6E5D      	MOVWF       FARG_strcpy_from 
0x0670	0x0E00      	MOVLW       hi_addr(?lstr2___Lib_Conversions)
0x0672	0x6E5E      	MOVWF       FARG_strcpy_from+1 
0x0674	0xDED5      	RCALL       _strcpy
;__Lib_Conversions.c,541 :: 		
0x0676	0x6A00      	CLRF        R0 
0x0678	0xD1BF      	BRA         L_end_FloatToStr
;__Lib_Conversions.c,542 :: 		
L_FloatToStr92:
;__Lib_Conversions.c,543 :: 		
0x067A	0x5058      	MOVF        FloatToStr_un_L0+3, 0 
0x067C	0x0AFF      	XORLW       255
0x067E	0xE108      	BNZ         L__FloatToStr199
0x0680	0x5057      	MOVF        FloatToStr_un_L0+2, 0 
0x0682	0x0A00      	XORLW       0
0x0684	0xE105      	BNZ         L__FloatToStr199
0x0686	0x5056      	MOVF        FloatToStr_un_L0+1, 0 
0x0688	0x0A00      	XORLW       0
0x068A	0xE102      	BNZ         L__FloatToStr199
0x068C	0x5055      	MOVF        FloatToStr_un_L0, 0 
0x068E	0x0A00      	XORLW       0
L__FloatToStr199:
0x0690	0xE10C      	BNZ         L_FloatToStr93
;__Lib_Conversions.c,544 :: 		
0x0692	0xF05BC051  	MOVFF       FARG_FloatToStr_str, FARG_strcpy_to
0x0696	0xF05CC052  	MOVFF       FARG_FloatToStr_str+1, FARG_strcpy_to+1
0x069A	0x0E20      	MOVLW       ?lstr3___Lib_Conversions
0x069C	0x6E5D      	MOVWF       FARG_strcpy_from 
0x069E	0x0E00      	MOVLW       hi_addr(?lstr3___Lib_Conversions)
0x06A0	0x6E5E      	MOVWF       FARG_strcpy_from+1 
0x06A2	0xDEBE      	RCALL       _strcpy
;__Lib_Conversions.c,545 :: 		
0x06A4	0xF000C053  	MOVFF       FloatToStr_i_L0, R0
0x06A8	0xD1A7      	BRA         L_end_FloatToStr
;__Lib_Conversions.c,546 :: 		
L_FloatToStr93:
;__Lib_Conversions.c,554 :: 		
L_FloatToStr94:
0x06AA	0x0E00      	MOVLW       0
0x06AC	0x6E04      	MOVWF       R4 
0x06AE	0x0E00      	MOVLW       0
0x06B0	0x6E05      	MOVWF       R5 
0x06B2	0x0E00      	MOVLW       0
0x06B4	0x6E06      	MOVWF       R6 
0x06B6	0x0E7F      	MOVLW       127
0x06B8	0x6E07      	MOVWF       R7 
0x06BA	0xF000C055  	MOVFF       FloatToStr_un_L0, R0
0x06BE	0xF001C056  	MOVFF       FloatToStr_un_L0+1, R1
0x06C2	0xF002C057  	MOVFF       FloatToStr_un_L0+2, R2
0x06C6	0xF003C058  	MOVFF       FloatToStr_un_L0+3, R3
0x06CA	0xDD5E      	RCALL       _Compare_Double
0x06CC	0x0E01      	MOVLW       1
0x06CE	0xB0D8      	BTFSC       STATUS, 0 
0x06D0	0x0E00      	MOVLW       0
0x06D2	0x6E00      	MOVWF       R0 
0x06D4	0x5200      	MOVF        R0, 1 
0x06D6	0xE01B      	BZ          L_FloatToStr95
;__Lib_Conversions.c,555 :: 		
0x06D8	0xF000C055  	MOVFF       FloatToStr_un_L0, R0
0x06DC	0xF001C056  	MOVFF       FloatToStr_un_L0+1, R1
0x06E0	0xF002C057  	MOVFF       FloatToStr_un_L0+2, R2
0x06E4	0xF003C058  	MOVFF       FloatToStr_un_L0+3, R3
0x06E8	0x0E00      	MOVLW       0
0x06EA	0x6E04      	MOVWF       R4 
0x06EC	0x0E00      	MOVLW       0
0x06EE	0x6E05      	MOVWF       R5 
0x06F0	0x0E20      	MOVLW       32
0x06F2	0x6E06      	MOVWF       R6 
0x06F4	0x0E82      	MOVLW       130
0x06F6	0x6E07      	MOVWF       R7 
0x06F8	0xDE03      	RCALL       _Mul_32x32_FP
0x06FA	0xF055C000  	MOVFF       R0, FloatToStr_un_L0
0x06FE	0xF056C001  	MOVFF       R1, FloatToStr_un_L0+1
0x0702	0xF057C002  	MOVFF       R2, FloatToStr_un_L0+2
0x0706	0xF058C003  	MOVFF       R3, FloatToStr_un_L0+3
;__Lib_Conversions.c,556 :: 		
0x070A	0x065A      	DECF        FloatToStr_dexpon_L0, 1 
;__Lib_Conversions.c,557 :: 		
0x070C	0xD7CE      	BRA         L_FloatToStr94
L_FloatToStr95:
;__Lib_Conversions.c,562 :: 		
L_FloatToStr96:
0x070E	0x0E00      	MOVLW       0
0x0710	0x6E04      	MOVWF       R4 
0x0712	0x0E00      	MOVLW       0
0x0714	0x6E05      	MOVWF       R5 
0x0716	0x0E20      	MOVLW       32
0x0718	0x6E06      	MOVWF       R6 
0x071A	0x0E82      	MOVLW       130
0x071C	0x6E07      	MOVWF       R7 
0x071E	0xF000C055  	MOVFF       FloatToStr_un_L0, R0
0x0722	0xF001C056  	MOVFF       FloatToStr_un_L0+1, R1
0x0726	0xF002C057  	MOVFF       FloatToStr_un_L0+2, R2
0x072A	0xF003C058  	MOVFF       FloatToStr_un_L0+3, R3
0x072E	0xDD2C      	RCALL       _Compare_Double
0x0730	0x0E00      	MOVLW       0
0x0732	0xB0D8      	BTFSC       STATUS, 0 
0x0734	0x0E01      	MOVLW       1
0x0736	0x6E00      	MOVWF       R0 
0x0738	0x5200      	MOVF        R0, 1 
0x073A	0xE01B      	BZ          L_FloatToStr97
;__Lib_Conversions.c,563 :: 		
0x073C	0xF000C055  	MOVFF       FloatToStr_un_L0, R0
0x0740	0xF001C056  	MOVFF       FloatToStr_un_L0+1, R1
0x0744	0xF002C057  	MOVFF       FloatToStr_un_L0+2, R2
0x0748	0xF003C058  	MOVFF       FloatToStr_un_L0+3, R3
0x074C	0x0ECD      	MOVLW       205
0x074E	0x6E04      	MOVWF       R4 
0x0750	0x0ECC      	MOVLW       204
0x0752	0x6E05      	MOVWF       R5 
0x0754	0x0E4C      	MOVLW       76
0x0756	0x6E06      	MOVWF       R6 
0x0758	0x0E7B      	MOVLW       123
0x075A	0x6E07      	MOVWF       R7 
0x075C	0xDDD1      	RCALL       _Mul_32x32_FP
0x075E	0xF055C000  	MOVFF       R0, FloatToStr_un_L0
0x0762	0xF056C001  	MOVFF       R1, FloatToStr_un_L0+1
0x0766	0xF057C002  	MOVFF       R2, FloatToStr_un_L0+2
0x076A	0xF058C003  	MOVFF       R3, FloatToStr_un_L0+3
;__Lib_Conversions.c,564 :: 		
0x076E	0x2A5A      	INCF        FloatToStr_dexpon_L0, 1 
;__Lib_Conversions.c,565 :: 		
0x0770	0xD7CE      	BRA         L_FloatToStr96
L_FloatToStr97:
;__Lib_Conversions.c,574 :: 		
0x0772	0x0EFF      	MOVLW       255
0x0774	0x1455      	ANDWF       FloatToStr_un_L0, 0 
0x0776	0x6E08      	MOVWF       R8 
0x0778	0x0EFF      	MOVLW       255
0x077A	0x1456      	ANDWF       FloatToStr_un_L0+1, 0 
0x077C	0x6E09      	MOVWF       R9 
0x077E	0x0E7F      	MOVLW       127
0x0780	0x1457      	ANDWF       FloatToStr_un_L0+2, 0 
0x0782	0x6E0A      	MOVWF       R10 
0x0784	0x0E00      	MOVLW       0
0x0786	0x1458      	ANDWF       FloatToStr_un_L0+3, 0 
0x0788	0x6E0B      	MOVWF       R11 
;__Lib_Conversions.c,575 :: 		
0x078A	0xF004C008  	MOVFF       R8, R4
0x078E	0xF005C009  	MOVFF       R9, R5
0x0792	0xF006C00A  	MOVFF       R10, R6
0x0796	0xF007C00B  	MOVFF       R11, R7
0x079A	0x3604      	RLCF        R4, 1 
0x079C	0x9004      	BCF         R4, 0 
0x079E	0x3605      	RLCF        R5, 1 
0x07A0	0x3606      	RLCF        R6, 1 
0x07A2	0x3607      	RLCF        R7, 1 
;__Lib_Conversions.c,576 :: 		
0x07A4	0x0E00      	MOVLW       0
0x07A6	0x1455      	ANDWF       FloatToStr_un_L0, 0 
0x07A8	0x6E00      	MOVWF       R0 
0x07AA	0x0E00      	MOVLW       0
0x07AC	0x1456      	ANDWF       FloatToStr_un_L0+1, 0 
0x07AE	0x6E01      	MOVWF       R1 
0x07B0	0x0E00      	MOVLW       0
0x07B2	0x1457      	ANDWF       FloatToStr_un_L0+2, 0 
0x07B4	0x6E02      	MOVWF       R2 
0x07B6	0x0EFF      	MOVLW       255
0x07B8	0x1458      	ANDWF       FloatToStr_un_L0+3, 0 
0x07BA	0x6E03      	MOVWF       R3 
0x07BC	0xF055C000  	MOVFF       R0, FloatToStr_un_L0
0x07C0	0xF056C001  	MOVFF       R1, FloatToStr_un_L0+1
0x07C4	0xF057C002  	MOVFF       R2, FloatToStr_un_L0+2
0x07C8	0xF058C003  	MOVFF       R3, FloatToStr_un_L0+3
;__Lib_Conversions.c,577 :: 		
0x07CC	0x5004      	MOVF        R4, 0 
0x07CE	0x1055      	IORWF       FloatToStr_un_L0, 0 
0x07D0	0x6E00      	MOVWF       R0 
0x07D2	0x5005      	MOVF        R5, 0 
0x07D4	0x1056      	IORWF       FloatToStr_un_L0+1, 0 
0x07D6	0x6E01      	MOVWF       R1 
0x07D8	0x5006      	MOVF        R6, 0 
0x07DA	0x1057      	IORWF       FloatToStr_un_L0+2, 0 
0x07DC	0x6E02      	MOVWF       R2 
0x07DE	0x5007      	MOVF        R7, 0 
0x07E0	0x1058      	IORWF       FloatToStr_un_L0+3, 0 
0x07E2	0x6E03      	MOVWF       R3 
0x07E4	0xF055C000  	MOVFF       R0, FloatToStr_un_L0
0x07E8	0xF056C001  	MOVFF       R1, FloatToStr_un_L0+1
0x07EC	0xF057C002  	MOVFF       R2, FloatToStr_un_L0+2
0x07F0	0xF058C003  	MOVFF       R3, FloatToStr_un_L0+3
;__Lib_Conversions.c,579 :: 		
0x07F4	0x0E7F      	MOVLW       127
0x07F6	0x5C58      	SUBWF       FloatToStr_un_L0+3, 0 
0x07F8	0x6E00      	MOVWF       R0 
0x07FA	0xF054C000  	MOVFF       R0, FloatToStr_d_L0
;__Lib_Conversions.c,582 :: 		
0x07FE	0x0E01      	MOVLW       1
0x0800	0x6E58      	MOVWF       FloatToStr_un_L0+3 
;__Lib_Conversions.c,583 :: 		
0x0802	0xF004C000  	MOVFF       R0, R4
0x0806	0xF000C055  	MOVFF       FloatToStr_un_L0, R0
0x080A	0xF001C056  	MOVFF       FloatToStr_un_L0+1, R1
0x080E	0xF002C057  	MOVFF       FloatToStr_un_L0+2, R2
0x0812	0xF003C058  	MOVFF       FloatToStr_un_L0+3, R3
0x0816	0x5004      	MOVF        R4, 0 
L__FloatToStr200:
0x0818	0xE007      	BZ          L__FloatToStr201
0x081A	0x3600      	RLCF        R0, 1 
0x081C	0x9000      	BCF         R0, 0 
0x081E	0x3601      	RLCF        R1, 1 
0x0820	0x3602      	RLCF        R2, 1 
0x0822	0x3603      	RLCF        R3, 1 
0x0824	0x0FFF      	ADDLW       255
0x0826	0xD7F8      	BRA         L__FloatToStr200
L__FloatToStr201:
0x0828	0xF055C000  	MOVFF       R0, FloatToStr_un_L0
0x082C	0xF056C001  	MOVFF       R1, FloatToStr_un_L0+1
0x0830	0xF057C002  	MOVFF       R2, FloatToStr_un_L0+2
0x0834	0xF058C003  	MOVFF       R3, FloatToStr_un_L0+3
;__Lib_Conversions.c,584 :: 		
0x0838	0xFFE1C051  	MOVFF       FARG_FloatToStr_str, FSR1L
0x083C	0xFFE2C052  	MOVFF       FARG_FloatToStr_str+1, FSR1H
0x0840	0x5058      	MOVF        FloatToStr_un_L0+3, 0 
0x0842	0x0F30      	ADDLW       48
0x0844	0x6EE6      	MOVWF       POSTINC1 
0x0846	0x4A51      	INFSNZ      FARG_FloatToStr_str, 1 
0x0848	0x2A52      	INCF        FARG_FloatToStr_str+1, 1 
;__Lib_Conversions.c,585 :: 		
0x084A	0x0E80      	MOVLW       128
0x084C	0x185A      	XORWF       FloatToStr_dexpon_L0, 0 
0x084E	0x6E00      	MOVWF       R0 
0x0850	0x0E80      	MOVLW       128
0x0852	0x0A01      	XORLW       1
0x0854	0x5C00      	SUBWF       R0, 0 
0x0856	0xE308      	BNC         L__FloatToStr148
0x0858	0x0E80      	MOVLW       128
0x085A	0x0A06      	XORLW       6
0x085C	0x6E00      	MOVWF       R0 
0x085E	0x0E80      	MOVLW       128
0x0860	0x185A      	XORWF       FloatToStr_dexpon_L0, 0 
0x0862	0x5C00      	SUBWF       R0, 0 
0x0864	0xE301      	BNC         L__FloatToStr148
0x0866	0xD00A      	BRA         L_FloatToStr100
L__FloatToStr148:
;__Lib_Conversions.c,586 :: 		
0x0868	0xFFE1C051  	MOVFF       FARG_FloatToStr_str, FSR1L
0x086C	0xFFE2C052  	MOVFF       FARG_FloatToStr_str+1, FSR1H
0x0870	0x0E2E      	MOVLW       46
0x0872	0x6EE6      	MOVWF       POSTINC1 
0x0874	0x4A51      	INFSNZ      FARG_FloatToStr_str, 1 
0x0876	0x2A52      	INCF        FARG_FloatToStr_str+1, 1 
;__Lib_Conversions.c,587 :: 		
0x0878	0x0E01      	MOVLW       1
0x087A	0x6E59      	MOVWF       FloatToStr_bpoint_L0 
;__Lib_Conversions.c,588 :: 		
L_FloatToStr100:
;__Lib_Conversions.c,589 :: 		
0x087C	0x0E06      	MOVLW       6
0x087E	0x6E54      	MOVWF       FloatToStr_d_L0 
L_FloatToStr101:
0x0880	0x5054      	MOVF        FloatToStr_d_L0, 0 
0x0882	0x0A00      	XORLW       0
0x0884	0xE054      	BZ          L_FloatToStr102
;__Lib_Conversions.c,590 :: 		
0x0886	0x6A58      	CLRF        FloatToStr_un_L0+3 
;__Lib_Conversions.c,591 :: 		
0x0888	0xF000C055  	MOVFF       FloatToStr_un_L0, R0
0x088C	0xF001C056  	MOVFF       FloatToStr_un_L0+1, R1
0x0890	0xF002C057  	MOVFF       FloatToStr_un_L0+2, R2
0x0894	0xF003C058  	MOVFF       FloatToStr_un_L0+3, R3
0x0898	0x3600      	RLCF        R0, 1 
0x089A	0x9000      	BCF         R0, 0 
0x089C	0x3601      	RLCF        R1, 1 
0x089E	0x3602      	RLCF        R2, 1 
0x08A0	0x3603      	RLCF        R3, 1 
0x08A2	0x3600      	RLCF        R0, 1 
0x08A4	0x9000      	BCF         R0, 0 
0x08A6	0x3601      	RLCF        R1, 1 
0x08A8	0x3602      	RLCF        R2, 1 
0x08AA	0x3603      	RLCF        R3, 1 
0x08AC	0x5055      	MOVF        FloatToStr_un_L0, 0 
0x08AE	0x2600      	ADDWF       R0, 1 
0x08B0	0x5056      	MOVF        FloatToStr_un_L0+1, 0 
0x08B2	0x2201      	ADDWFC      R1, 1 
0x08B4	0x5057      	MOVF        FloatToStr_un_L0+2, 0 
0x08B6	0x2202      	ADDWFC      R2, 1 
0x08B8	0x5058      	MOVF        FloatToStr_un_L0+3, 0 
0x08BA	0x2203      	ADDWFC      R3, 1 
0x08BC	0xF055C000  	MOVFF       R0, FloatToStr_un_L0
0x08C0	0xF056C001  	MOVFF       R1, FloatToStr_un_L0+1
0x08C4	0xF057C002  	MOVFF       R2, FloatToStr_un_L0+2
0x08C8	0xF058C003  	MOVFF       R3, FloatToStr_un_L0+3
;__Lib_Conversions.c,592 :: 		
0x08CC	0xF000C055  	MOVFF       FloatToStr_un_L0, R0
0x08D0	0xF001C056  	MOVFF       FloatToStr_un_L0+1, R1
0x08D4	0xF002C057  	MOVFF       FloatToStr_un_L0+2, R2
0x08D8	0xF003C058  	MOVFF       FloatToStr_un_L0+3, R3
0x08DC	0x3600      	RLCF        R0, 1 
0x08DE	0x9000      	BCF         R0, 0 
0x08E0	0x3601      	RLCF        R1, 1 
0x08E2	0x3602      	RLCF        R2, 1 
0x08E4	0x3603      	RLCF        R3, 1 
0x08E6	0xF055C000  	MOVFF       R0, FloatToStr_un_L0
0x08EA	0xF056C001  	MOVFF       R1, FloatToStr_un_L0+1
0x08EE	0xF057C002  	MOVFF       R2, FloatToStr_un_L0+2
0x08F2	0xF058C003  	MOVFF       R3, FloatToStr_un_L0+3
;__Lib_Conversions.c,593 :: 		
0x08F6	0xFFE1C051  	MOVFF       FARG_FloatToStr_str, FSR1L
0x08FA	0xFFE2C052  	MOVFF       FARG_FloatToStr_str+1, FSR1H
0x08FE	0x5058      	MOVF        FloatToStr_un_L0+3, 0 
0x0900	0x0F30      	ADDLW       48
0x0902	0x6EE6      	MOVWF       POSTINC1 
0x0904	0x4A51      	INFSNZ      FARG_FloatToStr_str, 1 
0x0906	0x2A52      	INCF        FARG_FloatToStr_str+1, 1 
;__Lib_Conversions.c,594 :: 		
0x0908	0x5059      	MOVF        FloatToStr_bpoint_L0, 0 
0x090A	0x0A00      	XORLW       0
0x090C	0xE10E      	BNZ         L_FloatToStr104
;__Lib_Conversions.c,595 :: 		
0x090E	0x065A      	DECF        FloatToStr_dexpon_L0, 1 
0x0910	0x505A      	MOVF        FloatToStr_dexpon_L0, 0 
0x0912	0x0A00      	XORLW       0
0x0914	0xE10A      	BNZ         L_FloatToStr105
;__Lib_Conversions.c,596 :: 		
0x0916	0xFFE1C051  	MOVFF       FARG_FloatToStr_str, FSR1L
0x091A	0xFFE2C052  	MOVFF       FARG_FloatToStr_str+1, FSR1H
0x091E	0x0E2E      	MOVLW       46
0x0920	0x6EE6      	MOVWF       POSTINC1 
0x0922	0x4A51      	INFSNZ      FARG_FloatToStr_str, 1 
0x0924	0x2A52      	INCF        FARG_FloatToStr_str+1, 1 
;__Lib_Conversions.c,597 :: 		
0x0926	0x0E01      	MOVLW       1
0x0928	0x6E59      	MOVWF       FloatToStr_bpoint_L0 
;__Lib_Conversions.c,598 :: 		
L_FloatToStr105:
L_FloatToStr104:
;__Lib_Conversions.c,589 :: 		
0x092A	0x0654      	DECF        FloatToStr_d_L0, 1 
;__Lib_Conversions.c,599 :: 		
0x092C	0xD7A9      	BRA         L_FloatToStr101
L_FloatToStr102:
;__Lib_Conversions.c,600 :: 		
L_FloatToStr106:
0x092E	0x0EFF      	MOVLW       255
0x0930	0x2451      	ADDWF       FARG_FloatToStr_str, 0 
0x0932	0x6EE9      	MOVWF       FSR0L 
0x0934	0x0EFF      	MOVLW       255
0x0936	0x2052      	ADDWFC      FARG_FloatToStr_str+1, 0 
0x0938	0x6EEA      	MOVWF       FSR0H 
0x093A	0x50EE      	MOVF        POSTINC0, 0 
0x093C	0x0A30      	XORLW       48
0x093E	0xE105      	BNZ         L_FloatToStr107
;__Lib_Conversions.c,601 :: 		
0x0940	0x0E01      	MOVLW       1
0x0942	0x5E51      	SUBWF       FARG_FloatToStr_str, 1 
0x0944	0x0E00      	MOVLW       0
0x0946	0x5A52      	SUBWFB      FARG_FloatToStr_str+1, 1 
0x0948	0xD7F2      	BRA         L_FloatToStr106
L_FloatToStr107:
;__Lib_Conversions.c,602 :: 		
0x094A	0x0EFF      	MOVLW       255
0x094C	0x2451      	ADDWF       FARG_FloatToStr_str, 0 
0x094E	0x6EE9      	MOVWF       FSR0L 
0x0950	0x0EFF      	MOVLW       255
0x0952	0x2052      	ADDWFC      FARG_FloatToStr_str+1, 0 
0x0954	0x6EEA      	MOVWF       FSR0H 
0x0956	0x50EE      	MOVF        POSTINC0, 0 
0x0958	0x0A2E      	XORLW       46
0x095A	0xE104      	BNZ         L_FloatToStr108
;__Lib_Conversions.c,603 :: 		
0x095C	0x0E01      	MOVLW       1
0x095E	0x5E51      	SUBWF       FARG_FloatToStr_str, 1 
0x0960	0x0E00      	MOVLW       0
0x0962	0x5A52      	SUBWFB      FARG_FloatToStr_str+1, 1 
L_FloatToStr108:
;__Lib_Conversions.c,604 :: 		
0x0964	0x505A      	MOVF        FloatToStr_dexpon_L0, 0 
0x0966	0x0A00      	XORLW       0
0x0968	0xE041      	BZ          L_FloatToStr109
;__Lib_Conversions.c,605 :: 		
0x096A	0xFFE1C051  	MOVFF       FARG_FloatToStr_str, FSR1L
0x096E	0xFFE2C052  	MOVFF       FARG_FloatToStr_str+1, FSR1H
0x0972	0x0E65      	MOVLW       101
0x0974	0x6EE6      	MOVWF       POSTINC1 
0x0976	0x4A51      	INFSNZ      FARG_FloatToStr_str, 1 
0x0978	0x2A52      	INCF        FARG_FloatToStr_str+1, 1 
;__Lib_Conversions.c,606 :: 		
0x097A	0x0E80      	MOVLW       128
0x097C	0x185A      	XORWF       FloatToStr_dexpon_L0, 0 
0x097E	0x6E00      	MOVWF       R0 
0x0980	0x0E80      	MOVLW       128
0x0982	0x0A00      	XORLW       0
0x0984	0x5C00      	SUBWF       R0, 0 
0x0986	0xE20B      	BC          L_FloatToStr110
;__Lib_Conversions.c,607 :: 		
0x0988	0xFFE1C051  	MOVFF       FARG_FloatToStr_str, FSR1L
0x098C	0xFFE2C052  	MOVFF       FARG_FloatToStr_str+1, FSR1H
0x0990	0x0E2D      	MOVLW       45
0x0992	0x6EE6      	MOVWF       POSTINC1 
0x0994	0x4A51      	INFSNZ      FARG_FloatToStr_str, 1 
0x0996	0x2A52      	INCF        FARG_FloatToStr_str+1, 1 
;__Lib_Conversions.c,608 :: 		
0x0998	0x505A      	MOVF        FloatToStr_dexpon_L0, 0 
0x099A	0x0800      	SUBLW       0
0x099C	0x6E5A      	MOVWF       FloatToStr_dexpon_L0 
;__Lib_Conversions.c,609 :: 		
L_FloatToStr110:
;__Lib_Conversions.c,610 :: 		
0x099E	0xF054C05A  	MOVFF       FloatToStr_dexpon_L0, FloatToStr_d_L0
;__Lib_Conversions.c,611 :: 		
0x09A2	0x0E80      	MOVLW       128
0x09A4	0x0A09      	XORLW       9
0x09A6	0x6E00      	MOVWF       R0 
0x09A8	0x0E80      	MOVLW       128
0x09AA	0x185A      	XORWF       FloatToStr_dexpon_L0, 0 
0x09AC	0x5C00      	SUBWF       R0, 0 
0x09AE	0xE20E      	BC          L_FloatToStr111
;__Lib_Conversions.c,612 :: 		
0x09B0	0x0E0A      	MOVLW       10
0x09B2	0x6E04      	MOVWF       R4 
0x09B4	0xF000C054  	MOVFF       FloatToStr_d_L0, R0
0x09B8	0xDC54      	RCALL       _Div_8X8_S
0x09BA	0xFFE1C051  	MOVFF       FARG_FloatToStr_str, FSR1L
0x09BE	0xFFE2C052  	MOVFF       FARG_FloatToStr_str+1, FSR1H
0x09C2	0x5000      	MOVF        R0, 0 
0x09C4	0x0F30      	ADDLW       48
0x09C6	0x6EE6      	MOVWF       POSTINC1 
0x09C8	0x4A51      	INFSNZ      FARG_FloatToStr_str, 1 
0x09CA	0x2A52      	INCF        FARG_FloatToStr_str+1, 1 
L_FloatToStr111:
;__Lib_Conversions.c,613 :: 		
0x09CC	0x0E0A      	MOVLW       10
0x09CE	0x6E04      	MOVWF       R4 
0x09D0	0xF000C054  	MOVFF       FloatToStr_d_L0, R0
0x09D4	0xDC46      	RCALL       _Div_8X8_S
0x09D6	0xF000C008  	MOVFF       R8, R0
0x09DA	0xFFE1C051  	MOVFF       FARG_FloatToStr_str, FSR1L
0x09DE	0xFFE2C052  	MOVFF       FARG_FloatToStr_str+1, FSR1H
0x09E2	0x5000      	MOVF        R0, 0 
0x09E4	0x0F30      	ADDLW       48
0x09E6	0x6EE6      	MOVWF       POSTINC1 
0x09E8	0x4A51      	INFSNZ      FARG_FloatToStr_str, 1 
0x09EA	0x2A52      	INCF        FARG_FloatToStr_str+1, 1 
;__Lib_Conversions.c,614 :: 		
L_FloatToStr109:
;__Lib_Conversions.c,615 :: 		
0x09EC	0xFFE1C051  	MOVFF       FARG_FloatToStr_str, FSR1L
0x09F0	0xFFE2C052  	MOVFF       FARG_FloatToStr_str+1, FSR1H
0x09F4	0x6AE6      	CLRF        POSTINC1 
;__Lib_Conversions.c,616 :: 		
0x09F6	0x6A00      	CLRF        R0 
;__Lib_Conversions.c,617 :: 		
L_end_FloatToStr:
0x09F8	0x0012      	RETURN      0
; end of _FloatToStr
_UART1_Read:
;__Lib_UART_c67.c,39 :: 		
;__Lib_UART_c67.c,42 :: 		
0x09FA	0xF001CFAE  	MOVFF       RCREG, R1
;__Lib_UART_c67.c,43 :: 		
0x09FE	0xA2AB      	BTFSS       RCSTA, 1 
0x0A00	0xD002      	BRA         L_UART1_Read2
;__Lib_UART_c67.c,44 :: 		
0x0A02	0x98AB      	BCF         RCSTA, 4 
;__Lib_UART_c67.c,45 :: 		
0x0A04	0x88AB      	BSF         RCSTA, 4 
;__Lib_UART_c67.c,46 :: 		
L_UART1_Read2:
;__Lib_UART_c67.c,47 :: 		
0x0A06	0xF000C001  	MOVFF       R1, R0
;__Lib_UART_c67.c,48 :: 		
L_end_UART1_Read:
0x0A0A	0x0012      	RETURN      0
; end of _UART1_Read
_main:
0x0A0C	0xF005EC32  	CALL        2660, 0
;Ejer2_Receptor.c,39 :: 		void main() {
;Ejer2_Receptor.c,40 :: 		ADCON1 = 0x0f;
0x0A10	0x0E0F      	MOVLW       15
0x0A12	0x6EC1      	MOVWF       ADCON1 
;Ejer2_Receptor.c,41 :: 		cmcon = 0X07;
0x0A14	0x0E07      	MOVLW       7
0x0A16	0x6EB4      	MOVWF       CMCON 
;Ejer2_Receptor.c,42 :: 		puntero = &temperatura;
0x0A18	0x0E34      	MOVLW       _temperatura
0x0A1A	0x6E32      	MOVWF       _puntero 
0x0A1C	0x0E00      	MOVLW       hi_addr(_temperatura)
0x0A1E	0x6E33      	MOVWF       _puntero+1 
;Ejer2_Receptor.c,44 :: 		PIR1.RCIF = 0;
0x0A20	0x9A9E      	BCF         PIR1, 5 
;Ejer2_Receptor.c,45 :: 		PIE1.RCIE = 1;
0x0A22	0x8A9D      	BSF         PIE1, 5 
;Ejer2_Receptor.c,46 :: 		INTCON.PEIE = 1;
0x0A24	0x8CF2      	BSF         INTCON, 6 
;Ejer2_Receptor.c,47 :: 		INTCON.GIE = 1;
0x0A26	0x8EF2      	BSF         INTCON, 7 
;Ejer2_Receptor.c,48 :: 		Lcd_Init();
0x0A28	0xDD4C      	RCALL       _Lcd_Init
;Ejer2_Receptor.c,49 :: 		UART1_Init(9600);
0x0A2A	0x86B8      	BSF         BAUDCON, 3, 0
0x0A2C	0x6AB0      	CLRF        SPBRGH 
0x0A2E	0x0ECF      	MOVLW       207
0x0A30	0x6EAF      	MOVWF       SPBRG 
0x0A32	0x84AC      	BSF         TXSTA, 2, 0
0x0A34	0xDD1B      	RCALL       _UART1_Init
;Ejer2_Receptor.c,50 :: 		delay_ms(300);
0x0A36	0x0E04      	MOVLW       4
0x0A38	0x6E0B      	MOVWF       R11, 0
0x0A3A	0x0E0C      	MOVLW       12
0x0A3C	0x6E0C      	MOVWF       R12, 0
0x0A3E	0x0E33      	MOVLW       51
0x0A40	0x6E0D      	MOVWF       R13, 0
L_main2:
0x0A42	0x2E0D      	DECFSZ      R13, 1, 0
0x0A44	0xD7FE      	BRA         L_main2
0x0A46	0x2E0C      	DECFSZ      R12, 1, 0
0x0A48	0xD7FC      	BRA         L_main2
0x0A4A	0x2E0B      	DECFSZ      R11, 1, 0
0x0A4C	0xD7FA      	BRA         L_main2
0x0A4E	0x0000      	NOP
0x0A50	0x0000      	NOP
;Ejer2_Receptor.c,51 :: 		while(1){
L_main3:
;Ejer2_Receptor.c,52 :: 		asm nop;
0x0A52	0x0000      	NOP
;Ejer2_Receptor.c,53 :: 		}
0x0A54	0xD7FE      	BRA         L_main3
;Ejer2_Receptor.c,54 :: 		}
L_end_main:
0x0A56	0xD7FF      	BRA         $+0
; end of _main
0x0A64	0xF01AEE10  	LFSR        1, 26
0x0A68	0x0E0C      	MOVLW       12
0x0A6A	0x6E00      	MOVWF       R0 
0x0A6C	0x0E01      	MOVLW       1
0x0A6E	0x6E01      	MOVWF       R1 
0x0A70	0x0E58      	MOVLW       88
0x0A72	0x6EF6      	MOVWF       4086 
0x0A74	0x0E0A      	MOVLW       10
0x0A76	0x6EF7      	MOVWF       TBLPTRH 
0x0A78	0x0E00      	MOVLW       0
0x0A7A	0x6EF8      	MOVWF       TBLPTRU 
0x0A7C	0xF002ECAC  	CALL        1368, 0
0x0A80	0x0012      	RETURN      0
;__Lib_Conversions.c,0 :: ?ICS?lstr1___Lib_Conversions
0x0A58	0x614E ;?ICS?lstr1___Lib_Conversions+0
0x0A5A	0x004E ;?ICS?lstr1___Lib_Conversions+2
; end of ?ICS?lstr1___Lib_Conversions
;__Lib_Conversions.c,0 :: ?ICS?lstr2___Lib_Conversions
0x0A5C	0x0030 ;?ICS?lstr2___Lib_Conversions+0
; end of ?ICS?lstr2___Lib_Conversions
;__Lib_Conversions.c,0 :: ?ICS?lstr3___Lib_Conversions
0x0A5E	0x4E49 ;?ICS?lstr3___Lib_Conversions+0
0x0A60	0x0046 ;?ICS?lstr3___Lib_Conversions+2
; end of ?ICS?lstr3___Lib_Conversions
;Ejer2_Receptor.c,0 :: ?ICS_cont
0x0A62	0x0000 ;?ICS_cont+0
; end of ?ICS_cont
Symbol List:
//** Routines locations **
//ADDRESS    SIZE    PROCEDURE
//----------------------------------------------
0x0008     [158]    _interrupt
0x00A6      [22]    _Delay_5500us
0x00BC       [6]    _Delay_1us
0x00C2      [10]    _Delay_50us
0x00CC     [124]    _Lcd_Cmd
0x0148      [24]    _SETFOV32
0x0160      [26]    _SETFUN32
0x017A      [14]    _RES032
0x0188     [206]    _Compare_Double
0x0256      [12]    _Lcd_Chr_CP
0x0262     [158]    _Div_8X8_S
0x0300     [288]    _Mul_32x32_FP
0x0420      [76]    _strcpy
0x046C      [86]    _UART1_Init
0x04C2     [150]    _Lcd_Init
0x0558      [16]    ___CC2DW
0x0568     [122]    _Lcd_Out
0x05E2    [1048]    _FloatToStr
0x09FA      [18]    _UART1_Read
0x0A0C      [76]    _main
//** Variables locations ** 
//ADDRESS    SIZE    VARIABLE
//----------------------------------------------
0x0000       [1]    EEPROM_Write_SaveINTCON_L0
0x0000       [1]    __Lib_SoftI2C_PutZerosToLATSda_temp_sda_L0
0x0000       [1]    UART1_Init_tmp_L0
0x0000       [1]    R0
0x0000       [1]    FLASH_Erase_64_SaveINTCON_L0
0x0000       [1]    __Lib_SoftI2C_PutZerosToLATScl_temp_scl_L0
0x0000       [1]    SPI1_Write_tmp_L0
0x0001       [1]    UART1_Read___tmp_UART1_Read_L0
0x0001       [2]    FLASH_Read_N_Bytes_i_L0
0x0001       [1]    R1
0x0001       [1]    __Lib_TFT_JPEG_FileReadBytes_Result_L0
0x0001       [1]    __Lib_USB_genHID_?FLOC____Lib_USB_genHID_USB_Handle_BusyT1
0x0001       [1]    __Lib_PS2_Wait_Falling_nsample_L0
0x0001       [1]    FLASH_Write_32_i_L0
0x0001       [1]    __Lib_TFT_16bit_JPEG_FileRead_i_L0
0x0001       [1]    __Lib_TFT_JPEG_FileRead_i_L0
0x0001       [1]    FLASH_Erase_Write_64_i_L0
0x0001       [1]    __Lib_TFT_16bit_JPEG_FileReadBytes_Result_L0
0x0001       [1]    ispunct_rslt_L0
0x0002       [2]    __Lib_FT810_alt_memset_pp_L0
0x0002       [1]    FLASH_Write_32_SaveINTCON_L0
0x0002       [1]    R2
0x0002       [1]    FLASH_Erase_Write_64_j_L0
0x0002       [2]    memcpy_dd_L0
0x0002       [2]    __Lib_FT812_alt_memset_pp_L0
0x0002       [2]    __Lib_FT810_alt_memcpy_dd_L0
0x0002       [1]    __Lib_USB_genHID_USB_CtrlTrf_Rx_Service_byteToRead_L0
0x0002       [2]    __Lib_FT800_alt_strlen_cp_L0
0x0002       [2]    strlen_cp_L0
0x0002       [2]    __Lib_FT812_alt_strlen_cp_L0
0x0002       [2]    __Lib_FT812_alt_memcpy_dd_L0
0x0002       [2]    __Lib_FT800_alt_memcpy_dd_L0
0x0002       [2]    __Lib_FT810_alt_strlen_cp_L0
0x0002       [2]    __Lib_FT800_alt_memset_pp_L0
0x0002       [2]    memset_pp_L0
0x0002       [2]    memchr_s_L0
0x0003       [2]    Ltrim_original_L0
0x0003       [2]    __Lib_MmcFat16_f16_toInt_l_L0
0x0003       [4]    FT812_Canvas_SurrRect_minX_L0
0x0003       [1]    __Lib_Sprinti_?FLOC____Lib_Sprinti_Do_FillT29
0x0003       [2]    __Lib_USB_genHID_USB_CtrlTrf_Tx_Service_byteToSend_L0
0x0003       [1]    __Lib_USB_genHID_USB_CtrlTrf_Rx_Service_i_L0
0x0003       [4]    FT810_Canvas_SurrRect_minX_L0
0x0003       [2]    MM_TotalFreeMemSize_Tot_L0
0x0003       [1]    R3
0x0003       [1]    FLASH_Erase_Write_64_SaveINTCON_L0
0x0003       [1]    MM_Init_i_L0
0x0003       [2]    memmove_tt_L0
0x0003       [4]    FT800_Canvas_SurrRect_minX_L0
0x0004       [2]    __Lib_USB_genHID_USB_Get_Status_Handler_p_L2
0x0004       [2]    strncat_cp_L0
0x0004       [2]    __Lib_MemManager_MM_GetMemAlign_P_L0
0x0004       [2]    __Lib_USB_genHID_USB_Std_Feature_Req_Handler_p_L0
0x0004       [3]    __Lib_FT800_alt_strlen_const_cp_L0
0x0004       [1]    __Lib_USB_genHID_GetMaxIndexInDevDsc_index_L0
0x0004       [1]    R4
0x0004       [2]    __Lib_FT800_alt_memcpy_ss_L0
0x0004       [2]    strncpy_cp_L0
0x0004       [2]    frexp_pom_L0
0x0004       [1]    __Lib_Sprinti_?FLOC____Lib_Sprinti_Do_FillT40
0x0004       [2]    __Lib_USB_genHID_USB_Transfer_Packet_handle_L0
0x0004       [2]    strcpy_cp_L0
0x0004       [2]    strcat_cp_L0
0x0004       [3]    __Lib_FT810_alt_strlen_const_cp_L0
0x0004       [2]    __Lib_FT812_alt_memcpy_ss_L0
0x0004       [2]    __Lib_FT810_alt_memcpy_ss_L0
0x0004       [2]    memcpy_ss_L0
0x0004       [3]    __Lib_FT812_alt_strlen_const_cp_L0
0x0005       [1]    __Lib_Sprinti_?FLOC____Lib_Sprinti_Do_FillT54
0x0005       [2]    Ltrim_p_L0
0x0005       [1]    R5
0x0005       [1]    MM_TotalFreeMemSize_i_L0
0x0005       [2]    memmove_ff_L0
0x0005       [2]    LongIntToHex_input_half_L0
0x0005       [2]    LongWordToHex_input_half_L0
0x0006       [2]    __Lib_USB_genHID_GetMaxIndexInConfigDsc_totalLen_L0
0x0006       [1]    R6
0x0006       [1]    __Lib_MemManager_MM_GetMemAlign_i_L0
0x0006       [1]    __Lib_Sprinti_?FLOC____Lib_Sprinti_Do_FillT69
0x0007       [1]    R7
0x0007       [1]    __Lib_TFT_16bit_JPEG_GenerateHuffmanTables_bLength_L0
0x0007       [4]    FT800_Canvas_SurrRect_minY_L0
0x0007       [1]    __Lib_TFT_JPEG_GenerateHuffmanTables_bLength_L0
0x0007       [4]    FT812_Canvas_SurrRect_minY_L0
0x0007       [4]    FT810_Canvas_SurrRect_minY_L0
0x0008       [3]    __Lib_USB_genHID_GetMaxIndexInConfigDsc_ptr_L0
0x0008       [1]    __Lib_TFT_16bit_JPEG_GenerateHuffmanTables_bTable_L0
0x0008       [1]    R8
0x0008       [1]    __Lib_TFT_JPEG_GenerateHuffmanTables_bTable_L0
0x0009       [1]    R9
0x0009       [4]    __Lib_MmcFat16_f16_toLong_l_L0
0x000A       [1]    R10
0x000B       [4]    FT800_Canvas_SurrRect_maxX_L0
0x000B       [1]    R11
0x000B       [4]    FT812_Canvas_SurrRect_maxX_L0
0x000B       [4]    FT810_Canvas_SurrRect_maxX_L0
0x000C       [1]    R12
0x000D       [1]    R13
0x000E       [1]    R14
0x000F       [4]    FT810_Canvas_SurrRect_maxY_L0
0x000F       [4]    FT812_Canvas_SurrRect_maxY_L0
0x000F       [4]    FT800_Canvas_SurrRect_maxY_L0
0x000F       [1]    R15
0x0010       [1]    R16
0x0011       [1]    R17
0x0012       [1]    R18
0x0013       [1]    R19
0x0014       [1]    R20
0x001A       [4]    ?lstr1___Lib_Conversions
0x001E       [2]    ?lstr2___Lib_Conversions
0x0020       [4]    ?lstr3___Lib_Conversions
0x0024       [2]    _cont
0x0026       [4]    _UART_Wr_Ptr
0x002A       [4]    _UART_Rd_Ptr
0x002E       [4]    _UART_Rdy_Ptr
0x0032       [2]    _puntero
0x0034       [4]    _temperatura
0x0038       [0]    __Lib_Lcd_cmd_status
0x0039       [4]    _UART_Tx_Idle_Ptr
0x003D      [14]    _txt
0x004B       [2]    FLOC__interrupt
0x004D       [4]    FARG_FloatToStr_fnum
0x004D       [1]    FARG_Lcd_Out_row
0x004E       [1]    FARG_Lcd_Out_column
0x004F       [2]    FARG_Lcd_Out_text
0x0051       [2]    FARG_FloatToStr_str
0x0051       [1]    Lcd_Out_i_L0
0x0053       [1]    FloatToStr_i_L0
0x0054       [1]    FloatToStr_d_L0
0x0055       [4]    FloatToStr_un_L0
0x0059       [1]    FloatToStr_bpoint_L0
0x005A       [1]    FloatToStr_dexpon_L0
0x005B       [1]    FARG_Lcd_Chr_CP_out_char
0x005B       [2]    FARG_strcpy_to
0x005D       [2]    FARG_strcpy_from
0x005F       [1]    FARG_Lcd_Cmd_out_char
0x0F81       [0]    LCD_RS
0x0F81       [0]    RB2_bit
0x0F81       [0]    RB7_bit
0x0F81       [0]    LCD_EN
0x0F81       [0]    LCD_D6
0x0F81       [0]    RB4_bit
0x0F81       [0]    LCD_D5
0x0F81       [0]    LCD_D7
0x0F81       [0]    LCD_D4
0x0F81       [0]    RB3_bit
0x0F81       [0]    RB6_bit
0x0F81       [0]    RB5_bit
0x0F93       [0]    TRISB4_bit
0x0F93       [0]    TRISB5_bit
0x0F93       [0]    TRISB6_bit
0x0F93       [0]    TRISB3_bit
0x0F93       [0]    TRISB2_bit
0x0F93       [0]    TRISB7_bit
0x0F93       [0]    LCD_EN_Direction
0x0F93       [0]    LCD_RS_Direction
0x0F93       [0]    LCD_D4_Direction
0x0F93       [0]    LCD_D7_Direction
0x0F93       [0]    LCD_D5_Direction
0x0F93       [0]    LCD_D6_Direction
0x0F94       [0]    TRISC7_bit
0x0F94       [0]    TRISC6_bit
0x0F9D       [1]    PIE1
0x0F9E       [1]    PIR1
0x0FAB       [1]    RCSTA
0x0FAC       [1]    TXSTA
0x0FAE       [1]    RCREG
0x0FAF       [1]    SPBRG
0x0FB0       [1]    SPBRGH
0x0FB4       [1]    CMCON
0x0FB8       [1]    BAUDCON
0x0FC1       [1]    ADCON1
0x0FD8       [1]    STATUS
0x0FD9       [1]    FSR2L
0x0FDA       [1]    FSR2H
0x0FDE       [1]    POSTINC2
0x0FE0       [1]    BSR
0x0FE1       [1]    FSR1L
0x0FE2       [1]    FSR1H
0x0FE4       [1]    PREINC1
0x0FE6       [1]    POSTINC1
0x0FE7       [1]    INDF1
0x0FE8       [1]    WREG
0x0FE9       [1]    FSR0L
0x0FEA       [1]    FSR0H
0x0FEE       [1]    POSTINC0
0x0FF2       [1]    INTCON
0x0FF3       [1]    PRODL
0x0FF4       [1]    PRODH
0x0FF5       [1]    TABLAT
0x0FF6       [1]    TBLPTRL
0x0FF7       [1]    TBLPTRH
0x0FF8       [1]    TBLPTRU
//** Constants locations ** 
//ADDRESS    SIZE    CONSTANT
//----------------------------------------------
0x0A58       [4]    ?ICS?lstr1___Lib_Conversions
0x0A5C       [2]    ?ICS?lstr2___Lib_Conversions
0x0A5E       [4]    ?ICS?lstr3___Lib_Conversions
0x0A62       [2]    ?ICS_cont
