;  LST file generated by mikroListExporter - v.2.0 
; Date/Time: 11/04/2018 13:20:37
;----------------------------------------------

;Address Opcode 	ASM
0x0000	0xF005EF2C  	GOTO        2648
_interrupt:
;P7b.c,20 :: 		void interrupt(){
0x0008	0xF018C000  	MOVFF       R0, 24
0x000C	0xF017C001  	MOVFF       R1, 23
0x0010	0xF016C00C  	MOVFF       R12, 22
0x0014	0xF015C00D  	MOVFF       R13, 21
;P7b.c,21 :: 		if(PIR1.ADIF){ //interrupcion provocada por convertidor AD
0x0018	0xAC9E      	BTFSS       PIR1, 6 
0x001A	0xD03D      	BRA         L_interrupt0
;P7b.c,22 :: 		PIR1.ADIF = 0;
0x001C	0x9C9E      	BCF         PIR1, 6 
;P7b.c,23 :: 		x=0;
0x001E	0x6A33      	CLRF        _x 
0x0020	0x6A34      	CLRF        _x+1 
;P7b.c,24 :: 		x=(ADRESH<<8);
0x0022	0xF001CFC4  	MOVFF       ADRESH, R1
0x0026	0x6A00      	CLRF        R0 
0x0028	0xF033C000  	MOVFF       R0, _x
0x002C	0xF034C001  	MOVFF       R1, _x+1
;P7b.c,25 :: 		x=x+ADRESL;
0x0030	0x50C3      	MOVF        ADRESL, 0 
0x0032	0x2600      	ADDWF       R0, 1 
0x0034	0x0E00      	MOVLW       0
0x0036	0x2201      	ADDWFC      R1, 1 
0x0038	0xF033C000  	MOVFF       R0, _x
0x003C	0xF034C001  	MOVFF       R1, _x+1
;P7b.c,26 :: 		v = x*0.488758553;   //  la temperatura es el voltaje de salida * 100
0x0040	0xDAAE      	RCALL       _word2double
0x0042	0x0E90      	MOVLW       144
0x0044	0x6E04      	MOVWF       R4 
0x0046	0x0E3E      	MOVLW       62
0x0048	0x6E05      	MOVWF       R5 
0x004A	0x0E7A      	MOVLW       122
0x004C	0x6E06      	MOVWF       R6 
0x004E	0x0E7D      	MOVLW       125
0x0050	0x6E07      	MOVWF       R7 
0x0052	0xD90E      	RCALL       _Mul_32x32_FP
0x0054	0xF035C000  	MOVFF       R0, _v
0x0058	0xF036C001  	MOVFF       R1, _v+1
0x005C	0xF037C002  	MOVFF       R2, _v+2
0x0060	0xF038C003  	MOVFF       R3, _v+3
;P7b.c,27 :: 		FloatToStr(v,txt);
0x0064	0xF039C000  	MOVFF       R0, FARG_FloatToStr_fnum
0x0068	0xF03AC001  	MOVFF       R1, FARG_FloatToStr_fnum+1
0x006C	0xF03BC002  	MOVFF       R2, FARG_FloatToStr_fnum+2
0x0070	0xF03CC003  	MOVFF       R3, FARG_FloatToStr_fnum+3
0x0074	0x0E23      	MOVLW       _txt
0x0076	0x6E3D      	MOVWF       FARG_FloatToStr_str 
0x0078	0x0E00      	MOVLW       hi_addr(_txt)
0x007A	0x6E3E      	MOVWF       FARG_FloatToStr_str+1 
0x007C	0xDAE1      	RCALL       _FloatToStr
;P7b.c,28 :: 		lcd_cmd(_LCD_CLEAR); //Borra la pantalla
0x007E	0x0E01      	MOVLW       1
0x0080	0x6E4B      	MOVWF       FARG_Lcd_Cmd_out_char 
0x0082	0xD84A      	RCALL       _Lcd_Cmd
;P7b.c,29 :: 		lcd_out(1,1,txt);
0x0084	0x0E01      	MOVLW       1
0x0086	0x6E39      	MOVWF       FARG_Lcd_Out_row 
0x0088	0x0E01      	MOVLW       1
0x008A	0x6E3A      	MOVWF       FARG_Lcd_Out_column 
0x008C	0x0E23      	MOVLW       _txt
0x008E	0x6E3B      	MOVWF       FARG_Lcd_Out_text 
0x0090	0x0E00      	MOVLW       hi_addr(_txt)
0x0092	0x6E3C      	MOVWF       FARG_Lcd_Out_text+1 
0x0094	0xDA98      	RCALL       _Lcd_Out
;P7b.c,30 :: 		}
L_interrupt0:
;P7b.c,31 :: 		if(INTCON.TMR0IF){        //interrupcion provocada por el timer
0x0096	0xA4F2      	BTFSS       INTCON, 2 
0x0098	0xD006      	BRA         L_interrupt1
;P7b.c,32 :: 		INTCON.TMR0IF = 0;
0x009A	0x94F2      	BCF         INTCON, 2 
;P7b.c,33 :: 		ADCON0.GO = 1;        //Hace que empiece la conversion
0x009C	0x84C2      	BSF         ADCON0, 2 
;P7b.c,35 :: 		TMR0H = (18660>>8);   //1.5 seg
0x009E	0x0E48      	MOVLW       72
0x00A0	0x6ED7      	MOVWF       TMR0H 
;P7b.c,36 :: 		TMR0L = 18660;
0x00A2	0x0EE4      	MOVLW       228
0x00A4	0x6ED6      	MOVWF       TMR0L 
;P7b.c,38 :: 		}
L_interrupt1:
;P7b.c,39 :: 		}
L_end_interrupt:
L__interrupt5:
0x00A6	0xF000C018  	MOVFF       24, R0
0x00AA	0xF001C017  	MOVFF       23, R1
0x00AE	0xF00CC016  	MOVFF       22, R12
0x00B2	0xF00DC015  	MOVFF       21, R13
0x00B6	0x0011      	RETFIE      1
; end of _interrupt
_Delay_5500us:
;__Lib_Delays.c,31 :: 		void Delay_5500us() {
;__Lib_Delays.c,32 :: 		Delay_us(5500);
0x00B8	0x0E0F      	MOVLW       15
0x00BA	0x6E0C      	MOVWF       R12, 0
0x00BC	0x0E47      	MOVLW       71
0x00BE	0x6E0D      	MOVWF       R13, 0
L_Delay_5500us5:
0x00C0	0x2E0D      	DECFSZ      R13, 1, 0
0x00C2	0xD7FE      	BRA         L_Delay_5500us5
0x00C4	0x2E0C      	DECFSZ      R12, 1, 0
0x00C6	0xD7FC      	BRA         L_Delay_5500us5
0x00C8	0x0000      	NOP
0x00CA	0x0000      	NOP
;__Lib_Delays.c,33 :: 		}
L_end_Delay_5500us:
0x00CC	0x0012      	RETURN      0
; end of _Delay_5500us
_Delay_1us:
;__Lib_Delays.c,7 :: 		void Delay_1us() {
;__Lib_Delays.c,8 :: 		Delay_us(1);
0x00CE	0x0000      	NOP
0x00D0	0x0000      	NOP
;__Lib_Delays.c,9 :: 		}
L_end_Delay_1us:
0x00D2	0x0012      	RETURN      0
; end of _Delay_1us
_Delay_50us:
;__Lib_Delays.c,19 :: 		void Delay_50us() {
;__Lib_Delays.c,20 :: 		Delay_us(50);
0x00D4	0x0E21      	MOVLW       33
0x00D6	0x6E0D      	MOVWF       R13, 0
L_Delay_50us2:
0x00D8	0x2E0D      	DECFSZ      R13, 1, 0
0x00DA	0xD7FE      	BRA         L_Delay_50us2
;__Lib_Delays.c,21 :: 		}
L_end_Delay_50us:
0x00DC	0x0012      	RETURN      0
; end of _Delay_50us
_SETFOV32:
;__Lib_MathDouble.c,82 :: 		
;__Lib_MathDouble.c,90 :: 		
0x00DE	0x820B      	BSF         R11, 1, 0
;__Lib_MathDouble.c,91 :: 		
0x00E0	0xAE0B      	BTFSS       R11, 7, 0
;__Lib_MathDouble.c,92 :: 		
0x00E2	0xF000EF79  	GOTO        SETFOV32EEE
;__Lib_MathDouble.c,94 :: 		
0x00E6	0x6803      	SETF        R3, 0
;__Lib_MathDouble.c,95 :: 		
0x00E8	0x6802      	SETF        R2, 0
;__Lib_MathDouble.c,96 :: 		
0x00EA	0x6801      	SETF        R1, 0
;__Lib_MathDouble.c,97 :: 		
0x00EC	0x6800      	SETF        R0, 0
;__Lib_MathDouble.c,98 :: 		
0x00EE	0x360A      	RLCF        R10, 1, 0
;__Lib_MathDouble.c,99 :: 		
0x00F0	0x3202      	RRCF        R2, 1, 0
;__Lib_MathDouble.c,100 :: 		
SETFOV32EEE:
;__Lib_MathDouble.c,101 :: 		
0x00F2	0x0EFF      	MOVLW       255
;__Lib_MathDouble.c,103 :: 		
L_end_SETFOV32:
0x00F4	0x0012      	RETURN      0
; end of _SETFOV32
_SETFUN32:
;__Lib_MathDouble.c,144 :: 		
;__Lib_MathDouble.c,152 :: 		
0x00F6	0x840B      	BSF         R11, 2, 0
;__Lib_MathDouble.c,153 :: 		
0x00F8	0xAE0B      	BTFSS       R11, 7, 0
;__Lib_MathDouble.c,154 :: 		
0x00FA	0xF000EF86  	GOTO        SETFUN32EEE
;__Lib_MathDouble.c,156 :: 		
0x00FE	0x0E01      	MOVLW       1
;__Lib_MathDouble.c,157 :: 		
0x0100	0x6E03      	MOVWF       R3, 0
;__Lib_MathDouble.c,158 :: 		
0x0102	0x6A02      	CLRF        R2, 0
;__Lib_MathDouble.c,159 :: 		
0x0104	0x6A01      	CLRF        R1, 0
;__Lib_MathDouble.c,160 :: 		
0x0106	0x6A00      	CLRF        R0, 0
;__Lib_MathDouble.c,161 :: 		
0x0108	0x360A      	RLCF        R10, 1, 0
;__Lib_MathDouble.c,162 :: 		
0x010A	0x3202      	RRCF        R2, 1, 0
;__Lib_MathDouble.c,163 :: 		
SETFUN32EEE:
;__Lib_MathDouble.c,164 :: 		
0x010C	0x0EFF      	MOVLW       255
;__Lib_MathDouble.c,166 :: 		
L_end_SETFUN32:
0x010E	0x0012      	RETURN      0
; end of _SETFUN32
_FIXSIGN32:
;__Lib_MathDouble.c,117 :: 		
;__Lib_MathDouble.c,121 :: 		
0x0110	0xAE0A      	BTFSS       R10, 7, 0
;__Lib_MathDouble.c,122 :: 		
0x0112	0x9E02      	BCF         R2, 7, 0
;__Lib_MathDouble.c,123 :: 		
0x0114	0x0E00      	MOVLW       0
;__Lib_MathDouble.c,125 :: 		
L_end_FIXSIGN32:
0x0116	0x0012      	RETURN      0
; end of _FIXSIGN32
_Lcd_Cmd:
;__Lib_Lcd.c,18 :: 		
;__Lib_Lcd.c,20 :: 		
0x0118	0xBE4B      	BTFSC       FARG_Lcd_Cmd_out_char, 7 
0x011A	0xD002      	BRA         L__Lcd_Cmd21
0x011C	0x9E83      	BCF         LCD_D7, BitPos(LCD_D7+0) 
0x011E	0xD001      	BRA         L__Lcd_Cmd22
L__Lcd_Cmd21:
0x0120	0x8E83      	BSF         LCD_D7, BitPos(LCD_D7+0) 
L__Lcd_Cmd22:
;__Lib_Lcd.c,21 :: 		
0x0122	0xBC4B      	BTFSC       FARG_Lcd_Cmd_out_char, 6 
0x0124	0xD002      	BRA         L__Lcd_Cmd23
0x0126	0x9C83      	BCF         LCD_D6, BitPos(LCD_D6+0) 
0x0128	0xD001      	BRA         L__Lcd_Cmd24
L__Lcd_Cmd23:
0x012A	0x8C83      	BSF         LCD_D6, BitPos(LCD_D6+0) 
L__Lcd_Cmd24:
;__Lib_Lcd.c,22 :: 		
0x012C	0xBA4B      	BTFSC       FARG_Lcd_Cmd_out_char, 5 
0x012E	0xD002      	BRA         L__Lcd_Cmd25
0x0130	0x9A83      	BCF         LCD_D5, BitPos(LCD_D5+0) 
0x0132	0xD001      	BRA         L__Lcd_Cmd26
L__Lcd_Cmd25:
0x0134	0x8A83      	BSF         LCD_D5, BitPos(LCD_D5+0) 
L__Lcd_Cmd26:
;__Lib_Lcd.c,23 :: 		
0x0136	0xB84B      	BTFSC       FARG_Lcd_Cmd_out_char, 4 
0x0138	0xD002      	BRA         L__Lcd_Cmd27
0x013A	0x9883      	BCF         LCD_D4, BitPos(LCD_D4+0) 
0x013C	0xD001      	BRA         L__Lcd_Cmd28
L__Lcd_Cmd27:
0x013E	0x8883      	BSF         LCD_D4, BitPos(LCD_D4+0) 
L__Lcd_Cmd28:
;__Lib_Lcd.c,25 :: 		
0x0140	0xB032      	BTFSC       __Lib_Lcd_cmd_status, BitPos(__Lib_Lcd_cmd_status+0) 
0x0142	0xD002      	BRA         L__Lcd_Cmd29
0x0144	0x8483      	BSF         LCD_RS, BitPos(LCD_RS+0) 
0x0146	0xD001      	BRA         L__Lcd_Cmd30
L__Lcd_Cmd29:
0x0148	0x9483      	BCF         LCD_RS, BitPos(LCD_RS+0) 
L__Lcd_Cmd30:
;__Lib_Lcd.c,28 :: 		
0x014A	0x8683      	BSF         LCD_EN, BitPos(LCD_EN+0) 
;__Lib_Lcd.c,29 :: 		
0x014C	0xDFC0      	RCALL       _Delay_1us
;__Lib_Lcd.c,30 :: 		
0x014E	0x9683      	BCF         LCD_EN, BitPos(LCD_EN+0) 
;__Lib_Lcd.c,33 :: 		
0x0150	0xB64B      	BTFSC       FARG_Lcd_Cmd_out_char, 3 
0x0152	0xD002      	BRA         L__Lcd_Cmd31
0x0154	0x9E83      	BCF         LCD_D7, BitPos(LCD_D7+0) 
0x0156	0xD001      	BRA         L__Lcd_Cmd32
L__Lcd_Cmd31:
0x0158	0x8E83      	BSF         LCD_D7, BitPos(LCD_D7+0) 
L__Lcd_Cmd32:
;__Lib_Lcd.c,34 :: 		
0x015A	0xB44B      	BTFSC       FARG_Lcd_Cmd_out_char, 2 
0x015C	0xD002      	BRA         L__Lcd_Cmd33
0x015E	0x9C83      	BCF         LCD_D6, BitPos(LCD_D6+0) 
0x0160	0xD001      	BRA         L__Lcd_Cmd34
L__Lcd_Cmd33:
0x0162	0x8C83      	BSF         LCD_D6, BitPos(LCD_D6+0) 
L__Lcd_Cmd34:
;__Lib_Lcd.c,35 :: 		
0x0164	0xB24B      	BTFSC       FARG_Lcd_Cmd_out_char, 1 
0x0166	0xD002      	BRA         L__Lcd_Cmd35
0x0168	0x9A83      	BCF         LCD_D5, BitPos(LCD_D5+0) 
0x016A	0xD001      	BRA         L__Lcd_Cmd36
L__Lcd_Cmd35:
0x016C	0x8A83      	BSF         LCD_D5, BitPos(LCD_D5+0) 
L__Lcd_Cmd36:
;__Lib_Lcd.c,36 :: 		
0x016E	0xB04B      	BTFSC       FARG_Lcd_Cmd_out_char, 0 
0x0170	0xD002      	BRA         L__Lcd_Cmd37
0x0172	0x9883      	BCF         LCD_D4, BitPos(LCD_D4+0) 
0x0174	0xD001      	BRA         L__Lcd_Cmd38
L__Lcd_Cmd37:
0x0176	0x8883      	BSF         LCD_D4, BitPos(LCD_D4+0) 
L__Lcd_Cmd38:
;__Lib_Lcd.c,38 :: 		
0x0178	0xB032      	BTFSC       __Lib_Lcd_cmd_status, BitPos(__Lib_Lcd_cmd_status+0) 
0x017A	0xD002      	BRA         L__Lcd_Cmd39
0x017C	0x8483      	BSF         LCD_RS, BitPos(LCD_RS+0) 
0x017E	0xD001      	BRA         L__Lcd_Cmd40
L__Lcd_Cmd39:
0x0180	0x9483      	BCF         LCD_RS, BitPos(LCD_RS+0) 
L__Lcd_Cmd40:
;__Lib_Lcd.c,40 :: 		
0x0182	0x8683      	BSF         LCD_EN, BitPos(LCD_EN+0) 
;__Lib_Lcd.c,41 :: 		
0x0184	0xDFA4      	RCALL       _Delay_1us
;__Lib_Lcd.c,42 :: 		
0x0186	0x9683      	BCF         LCD_EN, BitPos(LCD_EN+0) 
;__Lib_Lcd.c,44 :: 		
0x0188	0xA032      	BTFSS       __Lib_Lcd_cmd_status, BitPos(__Lib_Lcd_cmd_status+0) 
0x018A	0xD002      	BRA         L_Lcd_Cmd0
;__Lib_Lcd.c,45 :: 		
0x018C	0xDF95      	RCALL       _Delay_5500us
0x018E	0xD001      	BRA         L_Lcd_Cmd1
L_Lcd_Cmd0:
;__Lib_Lcd.c,47 :: 		
0x0190	0xDFA1      	RCALL       _Delay_50us
L_Lcd_Cmd1:
;__Lib_Lcd.c,48 :: 		
L_end_Lcd_Cmd:
0x0192	0x0012      	RETURN      0
; end of _Lcd_Cmd
_RES032:
;__Lib_MathDouble.c,128 :: 		
;__Lib_MathDouble.c,134 :: 		
0x0194	0x6A02      	CLRF        R2, 0
;__Lib_MathDouble.c,135 :: 		
0x0196	0x6A01      	CLRF        R1, 0
;__Lib_MathDouble.c,136 :: 		
0x0198	0x6A00      	CLRF        R0, 0
;__Lib_MathDouble.c,137 :: 		
0x019A	0x6A08      	CLRF        R8, 0
;__Lib_MathDouble.c,138 :: 		
0x019C	0x6A03      	CLRF        R3, 0
;__Lib_MathDouble.c,139 :: 		
0x019E	0x0E00      	MOVLW       0
;__Lib_MathDouble.c,141 :: 		
L_end_RES032:
0x01A0	0x0012      	RETURN      0
; end of _RES032
_Compare_Double:
;__Lib_MathDouble.c,2518 :: 		
;__Lib_MathDouble.c,2529 :: 		
0x01A2	0x6A0A      	CLRF        R10, 0
;__Lib_MathDouble.c,2530 :: 		
0x01A4	0x5003      	MOVF        R3, 0, 0
;__Lib_MathDouble.c,2531 :: 		
0x01A6	0xA4D8      	BTFSS       STATUS, 2, 0
;__Lib_MathDouble.c,2532 :: 		
0x01A8	0x800A      	BSF         R10, 0, 0
;__Lib_MathDouble.c,2533 :: 		
0x01AA	0x5007      	MOVF        R7, 0, 0
;__Lib_MathDouble.c,2534 :: 		
0x01AC	0xA4D8      	BTFSS       STATUS, 2, 0
;__Lib_MathDouble.c,2535 :: 		
0x01AE	0x820A      	BSF         R10, 1, 0
;__Lib_MathDouble.c,2537 :: 		
0x01B0	0x500A      	MOVF        R10, 0, 0
;__Lib_MathDouble.c,2538 :: 		
0x01B2	0xB4D8      	BTFSC       STATUS, 2, 0
;__Lib_MathDouble.c,2539 :: 		
0x01B4	0xF001EF34  	GOTO        COMPARE_EQU
;__Lib_MathDouble.c,2540 :: 		
0x01B8	0x0A03      	XORLW       3
;__Lib_MathDouble.c,2541 :: 		
0x01BA	0xB4D8      	BTFSC       STATUS, 2, 0
;__Lib_MathDouble.c,2542 :: 		
0x01BC	0xF000EFED  	GOTO        COMPARE_NOTZERO
;__Lib_MathDouble.c,2544 :: 		
0x01C0	0xB00A      	BTFSC       R10, 0, 0
;__Lib_MathDouble.c,2545 :: 		
0x01C2	0xF000EFE8  	GOTO        COMPARE_XNOTZERO
;__Lib_MathDouble.c,2547 :: 		
0x01C6	0xAE06      	BTFSS       R6, 7, 0
;__Lib_MathDouble.c,2548 :: 		
0x01C8	0xF001EF32  	GOTO        COMPARE_LT
;__Lib_MathDouble.c,2549 :: 		
0x01CC	0xF001EF30  	GOTO        COMPARE_GT
;__Lib_MathDouble.c,2550 :: 		
COMPARE_XNOTZERO:
;__Lib_MathDouble.c,2551 :: 		
0x01D0	0xAE02      	BTFSS       R2, 7, 0
;__Lib_MathDouble.c,2552 :: 		
0x01D2	0xF001EF30  	GOTO        COMPARE_GT
;__Lib_MathDouble.c,2553 :: 		
0x01D6	0xF001EF32  	GOTO        COMPARE_LT
;__Lib_MathDouble.c,2555 :: 		
COMPARE_NOTZERO:
;__Lib_MathDouble.c,2556 :: 		
0x01DA	0x5002      	MOVF        R2, 0, 0
;__Lib_MathDouble.c,2557 :: 		
0x01DC	0x0B80      	ANDLW       128
;__Lib_MathDouble.c,2558 :: 		
0x01DE	0x6E0A      	MOVWF       R10, 0
;__Lib_MathDouble.c,2559 :: 		
0x01E0	0x9E02      	BCF         R2, 7, 0
;__Lib_MathDouble.c,2561 :: 		
0x01E2	0x5006      	MOVF        R6, 0, 0
;__Lib_MathDouble.c,2562 :: 		
0x01E4	0x0B80      	ANDLW       128
;__Lib_MathDouble.c,2563 :: 		
0x01E6	0x9E06      	BCF         R6, 7, 0
;__Lib_MathDouble.c,2565 :: 		
0x01E8	0x180A      	XORWF       R10, 0, 0
;__Lib_MathDouble.c,2566 :: 		
0x01EA	0xB4D8      	BTFSC       STATUS, 2, 0
;__Lib_MathDouble.c,2567 :: 		
0x01EC	0xF000EFFE  	GOTO        COMPARE_TESTALL
;__Lib_MathDouble.c,2569 :: 		
0x01F0	0x500A      	MOVF        R10, 0, 0
;__Lib_MathDouble.c,2570 :: 		
0x01F2	0xB4D8      	BTFSC       STATUS, 2, 0
;__Lib_MathDouble.c,2571 :: 		
0x01F4	0xF001EF30  	GOTO        COMPARE_GT
;__Lib_MathDouble.c,2572 :: 		
0x01F8	0xF001EF32  	GOTO        COMPARE_LT
;__Lib_MathDouble.c,2574 :: 		
COMPARE_TESTALL:
;__Lib_MathDouble.c,2575 :: 		
0x01FC	0x5007      	MOVF        R7, 0, 0
;__Lib_MathDouble.c,2576 :: 		
0x01FE	0x5C03      	SUBWF       R3, 0, 0
;__Lib_MathDouble.c,2577 :: 		
0x0200	0xB4D8      	BTFSC       STATUS, 2, 0
;__Lib_MathDouble.c,2578 :: 		
0x0202	0xF001EF08  	GOTO        COMPARE_C1
;__Lib_MathDouble.c,2579 :: 		
0x0206	0xA0D8      	BTFSS       STATUS, 0, 0
;__Lib_MathDouble.c,2580 :: 		
0x0208	0xF001EF24  	GOTO        GT_FALSE
;__Lib_MathDouble.c,2581 :: 		
0x020C	0xF001EF2A  	GOTO        GT_TRUE
;__Lib_MathDouble.c,2582 :: 		
COMPARE_C1:
;__Lib_MathDouble.c,2583 :: 		
0x0210	0x5006      	MOVF        R6, 0, 0
;__Lib_MathDouble.c,2584 :: 		
0x0212	0x5C02      	SUBWF       R2, 0, 0
;__Lib_MathDouble.c,2585 :: 		
0x0214	0xB4D8      	BTFSC       STATUS, 2, 0
;__Lib_MathDouble.c,2586 :: 		
0x0216	0xF001EF12  	GOTO        COMPARE_C2
;__Lib_MathDouble.c,2587 :: 		
0x021A	0xA0D8      	BTFSS       STATUS, 0, 0
;__Lib_MathDouble.c,2588 :: 		
0x021C	0xF001EF24  	GOTO        GT_FALSE
;__Lib_MathDouble.c,2589 :: 		
0x0220	0xF001EF2A  	GOTO        GT_TRUE
;__Lib_MathDouble.c,2590 :: 		
COMPARE_C2:
;__Lib_MathDouble.c,2591 :: 		
0x0224	0x5005      	MOVF        R5, 0, 0
;__Lib_MathDouble.c,2592 :: 		
0x0226	0x5C01      	SUBWF       R1, 0, 0
;__Lib_MathDouble.c,2593 :: 		
0x0228	0xB4D8      	BTFSC       STATUS, 2, 0
;__Lib_MathDouble.c,2594 :: 		
0x022A	0xF001EF1C  	GOTO        COMPARE_C3
;__Lib_MathDouble.c,2595 :: 		
0x022E	0xA0D8      	BTFSS       STATUS, 0, 0
;__Lib_MathDouble.c,2596 :: 		
0x0230	0xF001EF24  	GOTO        GT_FALSE
;__Lib_MathDouble.c,2597 :: 		
0x0234	0xF001EF2A  	GOTO        GT_TRUE
;__Lib_MathDouble.c,2598 :: 		
COMPARE_C3:
;__Lib_MathDouble.c,2599 :: 		
0x0238	0x5004      	MOVF        R4, 0, 0
;__Lib_MathDouble.c,2600 :: 		
0x023A	0x5C00      	SUBWF       R0, 0, 0
;__Lib_MathDouble.c,2601 :: 		
0x023C	0xB4D8      	BTFSC       STATUS, 2, 0
;__Lib_MathDouble.c,2602 :: 		
0x023E	0xF001EF34  	GOTO        COMPARE_EQU
;__Lib_MathDouble.c,2603 :: 		
0x0242	0xB0D8      	BTFSC       STATUS, 0, 0
;__Lib_MathDouble.c,2604 :: 		
0x0244	0xF001EF2A  	GOTO        GT_TRUE
;__Lib_MathDouble.c,2606 :: 		
GT_FALSE:
;__Lib_MathDouble.c,2607 :: 		
0x0248	0x520A      	MOVF        R10, 1, 0
;__Lib_MathDouble.c,2608 :: 		
0x024A	0xB4D8      	BTFSC       STATUS, 2, 0
;__Lib_MathDouble.c,2609 :: 		
0x024C	0xF001EF32  	GOTO        COMPARE_LT
;__Lib_MathDouble.c,2610 :: 		
0x0250	0xF001EF30  	GOTO        COMPARE_GT
;__Lib_MathDouble.c,2611 :: 		
GT_TRUE:
;__Lib_MathDouble.c,2612 :: 		
0x0254	0x520A      	MOVF        R10, 1, 0
;__Lib_MathDouble.c,2613 :: 		
0x0256	0xB4D8      	BTFSC       STATUS, 2, 0
;__Lib_MathDouble.c,2614 :: 		
0x0258	0xF001EF30  	GOTO        COMPARE_GT
;__Lib_MathDouble.c,2615 :: 		
0x025C	0xF001EF32  	GOTO        COMPARE_LT
;__Lib_MathDouble.c,2617 :: 		
COMPARE_GT:
;__Lib_MathDouble.c,2620 :: 		
0x0260	0x80D8      	BSF         STATUS, 0, 0
;__Lib_MathDouble.c,2621 :: 		
0x0262	0x0012      	RETURN      0
;__Lib_MathDouble.c,2622 :: 		
COMPARE_LT:
;__Lib_MathDouble.c,2625 :: 		
0x0264	0x90D8      	BCF         STATUS, 0, 0
;__Lib_MathDouble.c,2626 :: 		
0x0266	0x0012      	RETURN      0
;__Lib_MathDouble.c,2627 :: 		
COMPARE_EQU:
;__Lib_MathDouble.c,2630 :: 		
0x0268	0x80D8      	BSF         STATUS, 0, 0
;__Lib_MathDouble.c,2631 :: 		
0x026A	0x84D8      	BSF         STATUS, 2, 0
;__Lib_MathDouble.c,2632 :: 		
0x026C	0x0012      	RETURN      0
;__Lib_MathDouble.c,2634 :: 		
L_end_Compare_Double:
0x026E	0x0012      	RETURN      0
; end of _Compare_Double
_Mul_32x32_FP:
;__Lib_MathDouble.c,1130 :: 		
;__Lib_MathDouble.c,1148 :: 		
0x0270	0x6A08      	CLRF        R8, 0
;__Lib_MathDouble.c,1149 :: 		
0x0272	0x6A09      	CLRF        R9, 0
;__Lib_MathDouble.c,1151 :: 		
0x0274	0x0E00      	MOVLW       0
;__Lib_MathDouble.c,1152 :: 		
0x0276	0x6207      	CPFSEQ      R7, 0
;__Lib_MathDouble.c,1153 :: 		
0x0278	0x6403      	CPFSGT      R3, 0
;__Lib_MathDouble.c,1154 :: 		
0x027A	0xF001EFBD  	GOTO        MULJPRES032
;__Lib_MathDouble.c,1157 :: 		
0x027E	0x5002      	MOVF        R2, 0, 0
;__Lib_MathDouble.c,1158 :: 		
0x0280	0x1806      	XORWF       R6, 0, 0
;__Lib_MathDouble.c,1159 :: 		
0x0282	0x6E0A      	MOVWF       R10, 0
;__Lib_MathDouble.c,1161 :: 		
0x0284	0x5007      	MOVF        R7, 0, 0
;__Lib_MathDouble.c,1162 :: 		
0x0286	0x2603      	ADDWF       R3, 1, 0
;__Lib_MathDouble.c,1163 :: 		
0x0288	0x0E7E      	MOVLW       126
;__Lib_MathDouble.c,1164 :: 		
0x028A	0xA0D8      	BTFSS       STATUS, 0, 0
;__Lib_MathDouble.c,1165 :: 		
0x028C	0xF001EF4E  	GOTO        MTUN32
;__Lib_MathDouble.c,1167 :: 		
0x0290	0x5E03      	SUBWF       R3, 1, 0
;__Lib_MathDouble.c,1168 :: 		
0x0292	0xB0D8      	BTFSC       STATUS, 0, 0
;__Lib_MathDouble.c,1169 :: 		
0x0294	0xF001EFC1  	GOTO        MULJPSETFOV32
;__Lib_MathDouble.c,1170 :: 		
0x0298	0xF001EF52  	GOTO        MOK32
;__Lib_MathDouble.c,1172 :: 		
MTUN32:
;__Lib_MathDouble.c,1173 :: 		
0x029C	0x5E03      	SUBWF       R3, 1, 0
;__Lib_MathDouble.c,1174 :: 		
0x029E	0xA0D8      	BTFSS       STATUS, 0, 0
;__Lib_MathDouble.c,1175 :: 		
0x02A0	0xF001EFC5  	GOTO        MULJPSETFUN32
;__Lib_MathDouble.c,1177 :: 		
MOK32:
;__Lib_MathDouble.c,1178 :: 		
0x02A4	0x8E02      	BSF         R2, 7, 0
;__Lib_MathDouble.c,1179 :: 		
0x02A6	0x8E06      	BSF         R6, 7, 0
;__Lib_MathDouble.c,1181 :: 		
0x02A8	0xF00EC002  	MOVFF       R2, R14
;__Lib_MathDouble.c,1182 :: 		
0x02AC	0xF00BC001  	MOVFF       R1, R11
;__Lib_MathDouble.c,1183 :: 		
0x02B0	0xF00DC000  	MOVFF       R0, R13
;__Lib_MathDouble.c,1185 :: 		
0x02B4	0x5000      	MOVF        R0, 0, 0
;__Lib_MathDouble.c,1186 :: 		
0x02B6	0x0204      	MULWF       R4, 0
;__Lib_MathDouble.c,1187 :: 		
0x02B8	0xF00CCFF4  	MOVFF       PRODH, R12
;__Lib_MathDouble.c,1189 :: 		
0x02BC	0x5001      	MOVF        R1, 0, 0
;__Lib_MathDouble.c,1190 :: 		
0x02BE	0x0205      	MULWF       R5, 0
;__Lib_MathDouble.c,1191 :: 		
0x02C0	0xF000CFF4  	MOVFF       PRODH, R0
;__Lib_MathDouble.c,1192 :: 		
0x02C4	0xF008CFF3  	MOVFF       PRODL, R8
;__Lib_MathDouble.c,1194 :: 		
0x02C8	0x0204      	MULWF       R4, 0
;__Lib_MathDouble.c,1195 :: 		
0x02CA	0x50F3      	MOVF        PRODL, 0, 0
;__Lib_MathDouble.c,1196 :: 		
0x02CC	0x260C      	ADDWF       R12, 1, 0
;__Lib_MathDouble.c,1197 :: 		
0x02CE	0x50F4      	MOVF        PRODH, 0, 0
;__Lib_MathDouble.c,1198 :: 		
0x02D0	0x2208      	ADDWFC      R8, 1, 0
;__Lib_MathDouble.c,1199 :: 		
0x02D2	0x0E00      	MOVLW       0
;__Lib_MathDouble.c,1200 :: 		
0x02D4	0x2200      	ADDWFC      R0, 1, 0
;__Lib_MathDouble.c,1202 :: 		
0x02D6	0x500D      	MOVF        R13, 0, 0
;__Lib_MathDouble.c,1203 :: 		
0x02D8	0x0205      	MULWF       R5, 0
;__Lib_MathDouble.c,1204 :: 		
0x02DA	0x50F3      	MOVF        PRODL, 0, 0
;__Lib_MathDouble.c,1205 :: 		
0x02DC	0x260C      	ADDWF       R12, 1, 0
;__Lib_MathDouble.c,1206 :: 		
0x02DE	0x50F4      	MOVF        PRODH, 0, 0
;__Lib_MathDouble.c,1207 :: 		
0x02E0	0x2208      	ADDWFC      R8, 1, 0
;__Lib_MathDouble.c,1208 :: 		
0x02E2	0x0E00      	MOVLW       0
;__Lib_MathDouble.c,1209 :: 		
0x02E4	0x2200      	ADDWFC      R0, 1, 0
;__Lib_MathDouble.c,1211 :: 		
0x02E6	0x5002      	MOVF        R2, 0, 0
;__Lib_MathDouble.c,1212 :: 		
0x02E8	0x0204      	MULWF       R4, 0
;__Lib_MathDouble.c,1213 :: 		
0x02EA	0x50F3      	MOVF        PRODL, 0, 0
;__Lib_MathDouble.c,1214 :: 		
0x02EC	0x2608      	ADDWF       R8, 1, 0
;__Lib_MathDouble.c,1215 :: 		
0x02EE	0x50F4      	MOVF        PRODH, 0, 0
;__Lib_MathDouble.c,1216 :: 		
0x02F0	0x2200      	ADDWFC      R0, 1, 0
;__Lib_MathDouble.c,1217 :: 		
0x02F2	0x5002      	MOVF        R2, 0, 0
;__Lib_MathDouble.c,1218 :: 		
0x02F4	0x0205      	MULWF       R5, 0
;__Lib_MathDouble.c,1219 :: 		
0x02F6	0x6A01      	CLRF        R1, 0
;__Lib_MathDouble.c,1220 :: 		
0x02F8	0x0E00      	MOVLW       0
;__Lib_MathDouble.c,1221 :: 		
0x02FA	0x2201      	ADDWFC      R1, 1, 0
;__Lib_MathDouble.c,1222 :: 		
0x02FC	0x50F3      	MOVF        PRODL, 0, 0
;__Lib_MathDouble.c,1223 :: 		
0x02FE	0x2600      	ADDWF       R0, 1, 0
;__Lib_MathDouble.c,1224 :: 		
0x0300	0x50F4      	MOVF        PRODH, 0, 0
;__Lib_MathDouble.c,1225 :: 		
0x0302	0x2201      	ADDWFC      R1, 1, 0
;__Lib_MathDouble.c,1227 :: 		
0x0304	0x500D      	MOVF        R13, 0, 0
;__Lib_MathDouble.c,1228 :: 		
0x0306	0x0206      	MULWF       R6, 0
;__Lib_MathDouble.c,1229 :: 		
0x0308	0x50F3      	MOVF        PRODL, 0, 0
;__Lib_MathDouble.c,1230 :: 		
0x030A	0x2608      	ADDWF       R8, 1, 0
;__Lib_MathDouble.c,1231 :: 		
0x030C	0x50F4      	MOVF        PRODH, 0, 0
;__Lib_MathDouble.c,1232 :: 		
0x030E	0x2200      	ADDWFC      R0, 1, 0
;__Lib_MathDouble.c,1233 :: 		
0x0310	0x6A02      	CLRF        R2, 0
;__Lib_MathDouble.c,1234 :: 		
0x0312	0x0E00      	MOVLW       0
;__Lib_MathDouble.c,1235 :: 		
0x0314	0x2201      	ADDWFC      R1, 1, 0
;__Lib_MathDouble.c,1236 :: 		
0x0316	0x2202      	ADDWFC      R2, 1, 0
;__Lib_MathDouble.c,1238 :: 		
0x0318	0x500B      	MOVF        R11, 0, 0
;__Lib_MathDouble.c,1239 :: 		
0x031A	0x0206      	MULWF       R6, 0
;__Lib_MathDouble.c,1240 :: 		
0x031C	0x50F3      	MOVF        PRODL, 0, 0
;__Lib_MathDouble.c,1241 :: 		
0x031E	0x2600      	ADDWF       R0, 1, 0
;__Lib_MathDouble.c,1242 :: 		
0x0320	0x50F4      	MOVF        PRODH, 0, 0
;__Lib_MathDouble.c,1243 :: 		
0x0322	0x2201      	ADDWFC      R1, 1, 0
;__Lib_MathDouble.c,1244 :: 		
0x0324	0x0E00      	MOVLW       0
;__Lib_MathDouble.c,1245 :: 		
0x0326	0x2202      	ADDWFC      R2, 1, 0
;__Lib_MathDouble.c,1247 :: 		
0x0328	0x500E      	MOVF        R14, 0, 0
;__Lib_MathDouble.c,1248 :: 		
0x032A	0x0206      	MULWF       R6, 0
;__Lib_MathDouble.c,1249 :: 		
0x032C	0x50F3      	MOVF        PRODL, 0, 0
;__Lib_MathDouble.c,1250 :: 		
0x032E	0x2601      	ADDWF       R1, 1, 0
;__Lib_MathDouble.c,1251 :: 		
0x0330	0x50F4      	MOVF        PRODH, 0, 0
;__Lib_MathDouble.c,1252 :: 		
0x0332	0x2202      	ADDWFC      R2, 1, 0
;__Lib_MathDouble.c,1254 :: 		
0x0334	0xBE02      	BTFSC       R2, 7, 0
;__Lib_MathDouble.c,1255 :: 		
0x0336	0xF001EFA5  	GOTO        MROUND32
;__Lib_MathDouble.c,1256 :: 		
0x033A	0x3608      	RLCF        R8, 1, 0
;__Lib_MathDouble.c,1257 :: 		
0x033C	0x3600      	RLCF        R0, 1, 0
;__Lib_MathDouble.c,1258 :: 		
0x033E	0x3601      	RLCF        R1, 1, 0
;__Lib_MathDouble.c,1259 :: 		
0x0340	0x3602      	RLCF        R2, 1, 0
;__Lib_MathDouble.c,1260 :: 		
0x0342	0x0603      	DECF        R3, 1, 0
;__Lib_MathDouble.c,1261 :: 		
0x0344	0xB4D8      	BTFSC       STATUS, 2, 0
;__Lib_MathDouble.c,1262 :: 		
0x0346	0xF001EFC5  	GOTO        MULJPSETFUN32
;__Lib_MathDouble.c,1264 :: 		
MROUND32:
;__Lib_MathDouble.c,1267 :: 		
0x034A	0xF001EFB8  	GOTO        MUL32OK
;__Lib_MathDouble.c,1268 :: 		
0x034E	0x80D8      	BSF         STATUS, 0, 0
;__Lib_MathDouble.c,1269 :: 		
0x0350	0x0E80      	MOVLW       128
;__Lib_MathDouble.c,1270 :: 		
0x0352	0x6408      	CPFSGT      R8, 0
;__Lib_MathDouble.c,1271 :: 		
0x0354	0x3000      	RRCF        R0, 0, 0
;__Lib_MathDouble.c,1272 :: 		
0x0356	0x0E00      	MOVLW       0
;__Lib_MathDouble.c,1273 :: 		
0x0358	0x2200      	ADDWFC      R0, 1, 0
;__Lib_MathDouble.c,1274 :: 		
0x035A	0x2201      	ADDWFC      R1, 1, 0
;__Lib_MathDouble.c,1275 :: 		
0x035C	0x2202      	ADDWFC      R2, 1, 0
;__Lib_MathDouble.c,1277 :: 		
0x035E	0xA0D8      	BTFSS       STATUS, 0, 0
;__Lib_MathDouble.c,1278 :: 		
0x0360	0xF001EFB8  	GOTO        MUL32OK
;__Lib_MathDouble.c,1279 :: 		
0x0364	0x3202      	RRCF        R2, 1, 0
;__Lib_MathDouble.c,1280 :: 		
0x0366	0x3201      	RRCF        R1, 1, 0
;__Lib_MathDouble.c,1281 :: 		
0x0368	0x3200      	RRCF        R0, 1, 0
;__Lib_MathDouble.c,1282 :: 		
0x036A	0x4A03      	INFSNZ      R3, 1, 0
;__Lib_MathDouble.c,1283 :: 		
0x036C	0xF001EFC1  	GOTO        MULJPSETFOV32
;__Lib_MathDouble.c,1285 :: 		
MUL32OK:
;__Lib_MathDouble.c,1286 :: 		
0x0370	0xAE0A      	BTFSS       R10, 7, 0
;__Lib_MathDouble.c,1287 :: 		
0x0372	0x9E02      	BCF         R2, 7, 0
;__Lib_MathDouble.c,1289 :: 		
0x0374	0x0E00      	MOVLW       0
;__Lib_MathDouble.c,1290 :: 		
0x0376	0xF001EFC7  	GOTO        MULEEE
;__Lib_MathDouble.c,1291 :: 		
MULJPRES032:
;__Lib_MathDouble.c,1292 :: 		
0x037A	0x0E01      	MOVLW       1
;__Lib_MathDouble.c,1295 :: 		
0x037C	0xDF0B      	RCALL       _RES032
;__Lib_MathDouble.c,1297 :: 		
0x037E	0xF001EFC7  	GOTO        MULEEE
;__Lib_MathDouble.c,1298 :: 		
MULJPSETFOV32:
;__Lib_MathDouble.c,1299 :: 		
0x0382	0x0E02      	MOVLW       2
;__Lib_MathDouble.c,1302 :: 		
0x0384	0xDEAC      	RCALL       _SETFOV32
;__Lib_MathDouble.c,1304 :: 		
0x0386	0xF001EFC7  	GOTO        MULEEE
;__Lib_MathDouble.c,1305 :: 		
MULJPSETFUN32:
;__Lib_MathDouble.c,1306 :: 		
0x038A	0x0E04      	MOVLW       4
;__Lib_MathDouble.c,1309 :: 		
0x038C	0xDEB4      	RCALL       _SETFUN32
;__Lib_MathDouble.c,1311 :: 		
MULEEE:
;__Lib_MathDouble.c,1318 :: 		
L_end_Mul_32x32_FP:
0x038E	0x0012      	RETURN      0
; end of _Mul_32x32_FP
_Lcd_Chr_CP:
;__Lib_Lcd.c,50 :: 		
;__Lib_Lcd.c,52 :: 		
0x0390	0x9032      	BCF         __Lib_Lcd_cmd_status, BitPos(__Lib_Lcd_cmd_status+0) 
;__Lib_Lcd.c,53 :: 		
0x0392	0xF04BC047  	MOVFF       FARG_Lcd_Chr_CP_out_char, FARG_Lcd_Cmd_out_char
0x0396	0xDEC0      	RCALL       _Lcd_Cmd
;__Lib_Lcd.c,54 :: 		
0x0398	0x8032      	BSF         __Lib_Lcd_cmd_status, BitPos(__Lib_Lcd_cmd_status+0) 
;__Lib_Lcd.c,55 :: 		
L_end_Lcd_Chr_CP:
0x039A	0x0012      	RETURN      0
; end of _Lcd_Chr_CP
_Div_8X8_S:
;__Lib_Math.c,326 :: 		
;__Lib_Math.c,335 :: 		
0x039C	0x6A0D      	CLRF        R13, 0
;__Lib_Math.c,336 :: 		
0x039E	0x6A08      	CLRF        R8, 0
;__Lib_Math.c,337 :: 		
0x03A0	0x5000      	MOVF        R0, 0, 0
;__Lib_Math.c,338 :: 		
0x03A2	0xB4D8      	BTFSC       STATUS, 2, 0
;__Lib_Math.c,339 :: 		
0x03A4	0x0C00      	RETLW       0
;__Lib_Math.c,340 :: 		
0x03A6	0x1804      	XORWF       R4, 0, 0
;__Lib_Math.c,341 :: 		
0x03A8	0x6E0A      	MOVWF       R10, 0
;__Lib_Math.c,342 :: 		
0x03AA	0xBE0A      	BTFSC       R10, 7, 0
;__Lib_Math.c,343 :: 		
0x03AC	0x1E0D      	COMF        R13, 1, 0
;__Lib_Math.c,344 :: 		
0x03AE	0x6A0B      	CLRF        R11, 0
;__Lib_Math.c,345 :: 		
0x03B0	0xAE04      	BTFSS       R4, 7, 0
;__Lib_Math.c,346 :: 		
0x03B2	0xD002      	BRA         $+6
;__Lib_Math.c,347 :: 		
0x03B4	0x1E04      	COMF        R4, 1, 0
;__Lib_Math.c,348 :: 		
0x03B6	0x2A04      	INCF        R4, 1, 0
;__Lib_Math.c,349 :: 		
0x03B8	0xAE00      	BTFSS       R0, 7, 0
;__Lib_Math.c,350 :: 		
0x03BA	0xD002      	BRA         $+6
;__Lib_Math.c,351 :: 		
0x03BC	0x1E00      	COMF        R0, 1, 0
;__Lib_Math.c,352 :: 		
0x03BE	0x2A00      	INCF        R0, 1, 0
;__Lib_Math.c,353 :: 		
0x03C0	0x5000      	MOVF        R0, 0, 0
;__Lib_Math.c,354 :: 		
0x03C2	0x1004      	IORWF       R4, 0, 0
;__Lib_Math.c,355 :: 		
0x03C4	0x6E0A      	MOVWF       R10, 0
;__Lib_Math.c,356 :: 		
0x03C6	0xBE0A      	BTFSC       R10, 7, 0
;__Lib_Math.c,357 :: 		
0x03C8	0xD01F      	BRA         $+64
;__Lib_Math.c,358 :: 		
0x03CA	0x5004      	MOVF        R4, 0, 0
;__Lib_Math.c,359 :: 		
0x03CC	0x5E08      	SUBWF       R8, 1, 0
;__Lib_Math.c,360 :: 		
0x03CE	0x3600      	RLCF        R0, 1, 0
;__Lib_Math.c,361 :: 		
0x03D0	0x3400      	RLCF        R0, 0, 0
;__Lib_Math.c,362 :: 		
0x03D2	0x3608      	RLCF        R8, 1, 0
;__Lib_Math.c,363 :: 		
0x03D4	0x5004      	MOVF        R4, 0, 0
;__Lib_Math.c,364 :: 		
0x03D6	0x2608      	ADDWF       R8, 1, 0
;__Lib_Math.c,365 :: 		
0x03D8	0x3600      	RLCF        R0, 1, 0
;__Lib_Math.c,366 :: 		
0x03DA	0x0E06      	MOVLW       6
;__Lib_Math.c,367 :: 		
0x03DC	0x6E0C      	MOVWF       R12, 0
;__Lib_Math.c,368 :: 		
0x03DE	0x3400      	RLCF        R0, 0, 0
;__Lib_Math.c,369 :: 		
0x03E0	0x3608      	RLCF        R8, 1, 0
;__Lib_Math.c,370 :: 		
0x03E2	0x5004      	MOVF        R4, 0, 0
;__Lib_Math.c,371 :: 		
0x03E4	0xB000      	BTFSC       R0, 0, 0
;__Lib_Math.c,372 :: 		
0x03E6	0x5E08      	SUBWF       R8, 1, 0
;__Lib_Math.c,373 :: 		
0x03E8	0xA000      	BTFSS       R0, 0, 0
;__Lib_Math.c,374 :: 		
0x03EA	0x2608      	ADDWF       R8, 1, 0
;__Lib_Math.c,375 :: 		
0x03EC	0x3600      	RLCF        R0, 1, 0
;__Lib_Math.c,376 :: 		
0x03EE	0x2E0C      	DECFSZ      R12, 1, 0
;__Lib_Math.c,377 :: 		
0x03F0	0xD7F6      	BRA         $-18
;__Lib_Math.c,378 :: 		
0x03F2	0xA000      	BTFSS       R0, 0, 0
;__Lib_Math.c,379 :: 		
0x03F4	0x2608      	ADDWF       R8, 1, 0
;__Lib_Math.c,380 :: 		
0x03F6	0xB00B      	BTFSC       R11, 0, 0
;__Lib_Math.c,381 :: 		
0x03F8	0xD015      	BRA         $+44
;__Lib_Math.c,382 :: 		
0x03FA	0xAE0D      	BTFSS       R13, 7, 0
;__Lib_Math.c,383 :: 		
0x03FC	0x0C00      	RETLW       0
;__Lib_Math.c,384 :: 		
0x03FE	0x1E00      	COMF        R0, 1, 0
;__Lib_Math.c,385 :: 		
0x0400	0x2A00      	INCF        R0, 1, 0
;__Lib_Math.c,386 :: 		
0x0402	0x1E08      	COMF        R8, 1, 0
;__Lib_Math.c,387 :: 		
0x0404	0x2A08      	INCF        R8, 1, 0
;__Lib_Math.c,388 :: 		
0x0406	0x0C00      	RETLW       0
;__Lib_Math.c,389 :: 		
0x0408	0xAE04      	BTFSS       R4, 7, 0
;__Lib_Math.c,390 :: 		
0x040A	0xD009      	BRA         $+20
;__Lib_Math.c,391 :: 		
0x040C	0xBE00      	BTFSC       R0, 7, 0
;__Lib_Math.c,392 :: 		
0x040E	0xD004      	BRA         $+10
;__Lib_Math.c,393 :: 		
0x0410	0x5000      	MOVF        R0, 0, 0
;__Lib_Math.c,394 :: 		
0x0412	0x6E08      	MOVWF       R8, 0
;__Lib_Math.c,395 :: 		
0x0414	0x6A00      	CLRF        R0, 0
;__Lib_Math.c,396 :: 		
0x0416	0xD7F1      	BRA         $-28
;__Lib_Math.c,397 :: 		
0x0418	0x6A00      	CLRF        R0, 0
;__Lib_Math.c,398 :: 		
0x041A	0x2A00      	INCF        R0, 1, 0
;__Lib_Math.c,399 :: 		
0x041C	0x0C00      	RETLW       0
;__Lib_Math.c,400 :: 		
0x041E	0x1E00      	COMF        R0, 1, 0
;__Lib_Math.c,401 :: 		
0x0420	0x2A0B      	INCF        R11, 1, 0
;__Lib_Math.c,402 :: 		
0x0422	0xD7D3      	BRA         $-88
;__Lib_Math.c,403 :: 		
0x0424	0x2A08      	INCF        R8, 1, 0
;__Lib_Math.c,404 :: 		
0x0426	0x5004      	MOVF        R4, 0, 0
;__Lib_Math.c,405 :: 		
0x0428	0x5C08      	SUBWF       R8, 0, 0
;__Lib_Math.c,406 :: 		
0x042A	0xA4D8      	BTFSS       STATUS, 2, 0
;__Lib_Math.c,407 :: 		
0x042C	0xD7E6      	BRA         $-50
;__Lib_Math.c,408 :: 		
0x042E	0x6A08      	CLRF        R8, 0
;__Lib_Math.c,409 :: 		
0x0430	0x2A00      	INCF        R0, 1, 0
;__Lib_Math.c,410 :: 		
0x0432	0xAE00      	BTFSS       R0, 7, 0
;__Lib_Math.c,411 :: 		
0x0434	0xD7E2      	BRA         $-58
;__Lib_Math.c,412 :: 		
0x0436	0x0CFF      	RETLW       255
;__Lib_Math.c,414 :: 		
L_end_Div_8X8_S:
0x0438	0x0012      	RETURN      0
; end of _Div_8X8_S
_NRM3232:
;__Lib_MathDouble.c,455 :: 		
;__Lib_MathDouble.c,463 :: 		
0x043A	0x6A0C      	CLRF        R12, 0
;__Lib_MathDouble.c,464 :: 		
0x043C	0x6A0E      	CLRF        R14, 0
;__Lib_MathDouble.c,465 :: 		
0x043E	0x5002      	MOVF        R2, 0, 0
;__Lib_MathDouble.c,466 :: 		
0x0440	0xA4D8      	BTFSS       STATUS, 2, 0
;__Lib_MathDouble.c,467 :: 		
0x0442	0xF002EF36  	GOTO        NORM3232
;__Lib_MathDouble.c,468 :: 		
0x0446	0xF002C001  	MOVFF       R1, R2
;__Lib_MathDouble.c,469 :: 		
0x044A	0xF001C000  	MOVFF       R0, R1
;__Lib_MathDouble.c,470 :: 		
0x044E	0x6A00      	CLRF        R0, 0
;__Lib_MathDouble.c,471 :: 		
0x0450	0x860E      	BSF         R14, 3, 0
;__Lib_MathDouble.c,473 :: 		
0x0452	0x5002      	MOVF        R2, 0, 0
;__Lib_MathDouble.c,474 :: 		
0x0454	0xA4D8      	BTFSS       STATUS, 2, 0
;__Lib_MathDouble.c,475 :: 		
0x0456	0xF002EF36  	GOTO        NORM3232
;__Lib_MathDouble.c,476 :: 		
0x045A	0xF002C001  	MOVFF       R1, R2
;__Lib_MathDouble.c,477 :: 		
0x045E	0x6A01      	CLRF        R1, 0
;__Lib_MathDouble.c,478 :: 		
0x0460	0x960E      	BCF         R14, 3, 0
;__Lib_MathDouble.c,479 :: 		
0x0462	0x880E      	BSF         R14, 4, 0
;__Lib_MathDouble.c,481 :: 		
0x0464	0x5002      	MOVF        R2, 0, 0
;__Lib_MathDouble.c,482 :: 		
0x0466	0xB4D8      	BTFSC       STATUS, 2, 0
;__Lib_MathDouble.c,483 :: 		
0x0468	0xF002EF48  	GOTO        JPNRES032
;__Lib_MathDouble.c,484 :: 		
NORM3232:
;__Lib_MathDouble.c,485 :: 		
0x046C	0x500E      	MOVF        R14, 0, 0
;__Lib_MathDouble.c,486 :: 		
0x046E	0x5E03      	SUBWF       R3, 1, 0
;__Lib_MathDouble.c,487 :: 		
0x0470	0xA4D8      	BTFSS       STATUS, 2, 0
;__Lib_MathDouble.c,488 :: 		
0x0472	0xA0D8      	BTFSS       STATUS, 0, 0
;__Lib_MathDouble.c,489 :: 		
0x0474	0xF002EF4D  	GOTO        JPNSETFUN32
;__Lib_MathDouble.c,490 :: 		
0x0478	0x90D8      	BCF         STATUS, 0, 0
;__Lib_MathDouble.c,491 :: 		
NORM3232A:
;__Lib_MathDouble.c,492 :: 		
0x047A	0xBE02      	BTFSC       R2, 7, 0
;__Lib_MathDouble.c,493 :: 		
0x047C	0xF002EF52  	GOTO        JMPNFIXSIGN32
;__Lib_MathDouble.c,494 :: 		
0x0480	0x3600      	RLCF        R0, 1, 0
;__Lib_MathDouble.c,495 :: 		
0x0482	0x3601      	RLCF        R1, 1, 0
;__Lib_MathDouble.c,496 :: 		
0x0484	0x3602      	RLCF        R2, 1, 0
;__Lib_MathDouble.c,497 :: 		
0x0486	0x2E03      	DECFSZ      R3, 1, 0
;__Lib_MathDouble.c,498 :: 		
0x0488	0xF002EF3D  	GOTO        NORM3232A
;__Lib_MathDouble.c,499 :: 		
0x048C	0xF002EF4D  	GOTO        JPNSETFUN32
;__Lib_MathDouble.c,500 :: 		
JPNRES032:
;__Lib_MathDouble.c,501 :: 		
0x0490	0x0E01      	MOVLW       1
;__Lib_MathDouble.c,502 :: 		
0x0492	0x6E0C      	MOVWF       R12, 0
;__Lib_MathDouble.c,504 :: 		
0x0494	0xDE7F      	RCALL       _RES032
;__Lib_MathDouble.c,506 :: 		
0x0496	0xF002EF55  	GOTO        NORM32EEE
;__Lib_MathDouble.c,507 :: 		
JPNSETFUN32:
;__Lib_MathDouble.c,508 :: 		
0x049A	0x0E02      	MOVLW       2
;__Lib_MathDouble.c,509 :: 		
0x049C	0x6E0C      	MOVWF       R12, 0
;__Lib_MathDouble.c,511 :: 		
0x049E	0xDE2B      	RCALL       _SETFUN32
;__Lib_MathDouble.c,513 :: 		
0x04A0	0xF002EF55  	GOTO        NORM32EEE
;__Lib_MathDouble.c,514 :: 		
JMPNFIXSIGN32:
;__Lib_MathDouble.c,515 :: 		
0x04A4	0x0E04      	MOVLW       4
;__Lib_MathDouble.c,516 :: 		
0x04A6	0x6E0C      	MOVWF       R12, 0
;__Lib_MathDouble.c,518 :: 		
0x04A8	0xDE33      	RCALL       _FIXSIGN32
;__Lib_MathDouble.c,520 :: 		
NORM32EEE:
;__Lib_MathDouble.c,527 :: 		
L_end_NRM3232:
0x04AA	0x0012      	RETURN      0
; end of _NRM3232
_strcpy:
;__Lib_CString.c,133 :: 		
;__Lib_CString.c,136 :: 		
0x04AC	0xF004C047  	MOVFF       FARG_strcpy_to, R4
0x04B0	0xF005C048  	MOVFF       FARG_strcpy_to+1, R5
;__Lib_CString.c,137 :: 		
L_strcpy34:
0x04B4	0xF002C004  	MOVFF       R4, R2
0x04B8	0xF003C005  	MOVFF       R5, R3
0x04BC	0x4A04      	INFSNZ      R4, 1 
0x04BE	0x2A05      	INCF        R5, 1 
0x04C0	0xF000C049  	MOVFF       FARG_strcpy_from, R0
0x04C4	0xF001C04A  	MOVFF       FARG_strcpy_from+1, R1
0x04C8	0x4A49      	INFSNZ      FARG_strcpy_from, 1 
0x04CA	0x2A4A      	INCF        FARG_strcpy_from+1, 1 
0x04CC	0xFFE9C000  	MOVFF       R0, FSR0L
0x04D0	0xFFEAC001  	MOVFF       R1, FSR0H
0x04D4	0xFFE1C002  	MOVFF       R2, FSR1L
0x04D8	0xFFE2C003  	MOVFF       R3, FSR1H
0x04DC	0xFFE6CFEE  	MOVFF       POSTINC0, POSTINC1
0x04E0	0xFFE9C002  	MOVFF       R2, FSR0L
0x04E4	0xFFEAC003  	MOVFF       R3, FSR0H
0x04E8	0x52EE      	MOVF        POSTINC0, 1 
0x04EA	0xE001      	BZ          L_strcpy35
;__Lib_CString.c,138 :: 		
0x04EC	0xD7E3      	BRA         L_strcpy34
L_strcpy35:
;__Lib_CString.c,139 :: 		
0x04EE	0xF000C047  	MOVFF       FARG_strcpy_to, R0
0x04F2	0xF001C048  	MOVFF       FARG_strcpy_to+1, R1
;__Lib_CString.c,140 :: 		
L_end_strcpy:
0x04F6	0x0012      	RETURN      0
; end of _strcpy
___CC2DW:
;__Lib_System.c,21 :: 		
;__Lib_System.c,23 :: 		
_CC2DL_Loop1:
;__Lib_System.c,24 :: 		
0x04F8	0x0009      	TBLRD*+
;__Lib_System.c,25 :: 		
0x04FA	0xFFE6CFF5  	MOVFF       TABLAT, POSTINC1
;__Lib_System.c,26 :: 		
0x04FE	0x0600      	DECF        R0, 1, 0
;__Lib_System.c,27 :: 		
0x0500	0xE1FB      	BNZ         _CC2DL_Loop1
;__Lib_System.c,28 :: 		
0x0502	0x0601      	DECF        R1, 1, 0
;__Lib_System.c,29 :: 		
0x0504	0xE1F9      	BNZ         _CC2DL_Loop1
;__Lib_System.c,31 :: 		
L_end___CC2DW:
0x0506	0x0012      	RETURN      0
; end of ___CC2DW
_Lcd_Init:
;__Lib_Lcd.c,84 :: 		
;__Lib_Lcd.c,86 :: 		
0x0508	0x9695      	BCF         LCD_EN_Direction, BitPos(LCD_EN_Direction+0) 
;__Lib_Lcd.c,87 :: 		
0x050A	0x9495      	BCF         LCD_RS_Direction, BitPos(LCD_RS_Direction+0) 
;__Lib_Lcd.c,88 :: 		
0x050C	0x9895      	BCF         LCD_D4_Direction, BitPos(LCD_D4_Direction+0) 
;__Lib_Lcd.c,89 :: 		
0x050E	0x9A95      	BCF         LCD_D5_Direction, BitPos(LCD_D5_Direction+0) 
;__Lib_Lcd.c,90 :: 		
0x0510	0x9C95      	BCF         LCD_D6_Direction, BitPos(LCD_D6_Direction+0) 
;__Lib_Lcd.c,91 :: 		
0x0512	0x9E95      	BCF         LCD_D7_Direction, BitPos(LCD_D7_Direction+0) 
;__Lib_Lcd.c,93 :: 		
0x0514	0x9683      	BCF         LCD_EN, BitPos(LCD_EN+0) 
;__Lib_Lcd.c,94 :: 		
0x0516	0x9483      	BCF         LCD_RS, BitPos(LCD_RS+0) 
;__Lib_Lcd.c,95 :: 		
0x0518	0x9E83      	BCF         LCD_D7, BitPos(LCD_D7+0) 
;__Lib_Lcd.c,96 :: 		
0x051A	0x9C83      	BCF         LCD_D6, BitPos(LCD_D6+0) 
;__Lib_Lcd.c,97 :: 		
0x051C	0x9A83      	BCF         LCD_D5, BitPos(LCD_D5+0) 
;__Lib_Lcd.c,98 :: 		
0x051E	0x9883      	BCF         LCD_D4, BitPos(LCD_D4+0) 
;__Lib_Lcd.c,100 :: 		
0x0520	0xDDCB      	RCALL       _Delay_5500us
;__Lib_Lcd.c,101 :: 		
0x0522	0xDDCA      	RCALL       _Delay_5500us
;__Lib_Lcd.c,102 :: 		
0x0524	0xDDC9      	RCALL       _Delay_5500us
;__Lib_Lcd.c,105 :: 		
0x0526	0x8A83      	BSF         LCD_D5, BitPos(LCD_D5+0) 
;__Lib_Lcd.c,106 :: 		
0x0528	0x8883      	BSF         LCD_D4, BitPos(LCD_D4+0) 
;__Lib_Lcd.c,107 :: 		
0x052A	0x8683      	BSF         LCD_EN, BitPos(LCD_EN+0) 
;__Lib_Lcd.c,108 :: 		
0x052C	0xDDD0      	RCALL       _Delay_1us
;__Lib_Lcd.c,109 :: 		
0x052E	0x9683      	BCF         LCD_EN, BitPos(LCD_EN+0) 
;__Lib_Lcd.c,110 :: 		
0x0530	0xDDC3      	RCALL       _Delay_5500us
;__Lib_Lcd.c,112 :: 		
0x0532	0x8683      	BSF         LCD_EN, BitPos(LCD_EN+0) 
;__Lib_Lcd.c,113 :: 		
0x0534	0xDDCC      	RCALL       _Delay_1us
;__Lib_Lcd.c,114 :: 		
0x0536	0x9683      	BCF         LCD_EN, BitPos(LCD_EN+0) 
;__Lib_Lcd.c,115 :: 		
0x0538	0xDDBF      	RCALL       _Delay_5500us
;__Lib_Lcd.c,117 :: 		
0x053A	0x8683      	BSF         LCD_EN, BitPos(LCD_EN+0) 
;__Lib_Lcd.c,118 :: 		
0x053C	0xDDC8      	RCALL       _Delay_1us
;__Lib_Lcd.c,119 :: 		
0x053E	0x9683      	BCF         LCD_EN, BitPos(LCD_EN+0) 
;__Lib_Lcd.c,120 :: 		
0x0540	0xDDBB      	RCALL       _Delay_5500us
;__Lib_Lcd.c,123 :: 		
0x0542	0x9883      	BCF         LCD_D4, BitPos(LCD_D4+0) 
;__Lib_Lcd.c,124 :: 		
0x0544	0x8683      	BSF         LCD_EN, BitPos(LCD_EN+0) 
;__Lib_Lcd.c,125 :: 		
0x0546	0xDDC3      	RCALL       _Delay_1us
;__Lib_Lcd.c,126 :: 		
0x0548	0x9683      	BCF         LCD_EN, BitPos(LCD_EN+0) 
;__Lib_Lcd.c,127 :: 		
0x054A	0xDDB6      	RCALL       _Delay_5500us
;__Lib_Lcd.c,130 :: 		
0x054C	0x8683      	BSF         LCD_EN, BitPos(LCD_EN+0) 
;__Lib_Lcd.c,131 :: 		
0x054E	0xDDBF      	RCALL       _Delay_1us
;__Lib_Lcd.c,132 :: 		
0x0550	0x9683      	BCF         LCD_EN, BitPos(LCD_EN+0) 
;__Lib_Lcd.c,134 :: 		
0x0552	0x9A83      	BCF         LCD_D5, BitPos(LCD_D5+0) 
;__Lib_Lcd.c,135 :: 		
0x0554	0x8E83      	BSF         LCD_D7, BitPos(LCD_D7+0) 
;__Lib_Lcd.c,136 :: 		
0x0556	0x8683      	BSF         LCD_EN, BitPos(LCD_EN+0) 
;__Lib_Lcd.c,137 :: 		
0x0558	0xDDBA      	RCALL       _Delay_1us
;__Lib_Lcd.c,138 :: 		
0x055A	0x9683      	BCF         LCD_EN, BitPos(LCD_EN+0) 
;__Lib_Lcd.c,139 :: 		
0x055C	0xDDAD      	RCALL       _Delay_5500us
;__Lib_Lcd.c,142 :: 		
0x055E	0x9E83      	BCF         LCD_D7, BitPos(LCD_D7+0) 
;__Lib_Lcd.c,143 :: 		
0x0560	0x8883      	BSF         LCD_D4, BitPos(LCD_D4+0) 
;__Lib_Lcd.c,144 :: 		
0x0562	0x8683      	BSF         LCD_EN, BitPos(LCD_EN+0) 
;__Lib_Lcd.c,145 :: 		
0x0564	0xDDB4      	RCALL       _Delay_1us
;__Lib_Lcd.c,146 :: 		
0x0566	0x9683      	BCF         LCD_EN, BitPos(LCD_EN+0) 
;__Lib_Lcd.c,148 :: 		
0x0568	0x9883      	BCF         LCD_D4, BitPos(LCD_D4+0) 
;__Lib_Lcd.c,149 :: 		
0x056A	0x8683      	BSF         LCD_EN, BitPos(LCD_EN+0) 
;__Lib_Lcd.c,150 :: 		
0x056C	0xDDB0      	RCALL       _Delay_1us
;__Lib_Lcd.c,151 :: 		
0x056E	0x9683      	BCF         LCD_EN, BitPos(LCD_EN+0) 
;__Lib_Lcd.c,152 :: 		
0x0570	0xDDA3      	RCALL       _Delay_5500us
;__Lib_Lcd.c,155 :: 		
0x0572	0x8683      	BSF         LCD_EN, BitPos(LCD_EN+0) 
;__Lib_Lcd.c,156 :: 		
0x0574	0xDDAC      	RCALL       _Delay_1us
;__Lib_Lcd.c,157 :: 		
0x0576	0x9683      	BCF         LCD_EN, BitPos(LCD_EN+0) 
;__Lib_Lcd.c,159 :: 		
0x0578	0x8883      	BSF         LCD_D4, BitPos(LCD_D4+0) 
;__Lib_Lcd.c,160 :: 		
0x057A	0x8683      	BSF         LCD_EN, BitPos(LCD_EN+0) 
;__Lib_Lcd.c,161 :: 		
0x057C	0xDDA8      	RCALL       _Delay_1us
;__Lib_Lcd.c,162 :: 		
0x057E	0x9683      	BCF         LCD_EN, BitPos(LCD_EN+0) 
;__Lib_Lcd.c,163 :: 		
0x0580	0xDD9B      	RCALL       _Delay_5500us
;__Lib_Lcd.c,166 :: 		
0x0582	0x9883      	BCF         LCD_D4, BitPos(LCD_D4+0) 
;__Lib_Lcd.c,167 :: 		
0x0584	0x8683      	BSF         LCD_EN, BitPos(LCD_EN+0) 
;__Lib_Lcd.c,168 :: 		
0x0586	0xDDA3      	RCALL       _Delay_1us
;__Lib_Lcd.c,169 :: 		
0x0588	0x9683      	BCF         LCD_EN, BitPos(LCD_EN+0) 
;__Lib_Lcd.c,171 :: 		
0x058A	0x8E83      	BSF         LCD_D7, BitPos(LCD_D7+0) 
;__Lib_Lcd.c,172 :: 		
0x058C	0x8C83      	BSF         LCD_D6, BitPos(LCD_D6+0) 
;__Lib_Lcd.c,173 :: 		
0x058E	0x8A83      	BSF         LCD_D5, BitPos(LCD_D5+0) 
;__Lib_Lcd.c,174 :: 		
0x0590	0x8883      	BSF         LCD_D4, BitPos(LCD_D4+0) 
;__Lib_Lcd.c,175 :: 		
0x0592	0x8683      	BSF         LCD_EN, BitPos(LCD_EN+0) 
;__Lib_Lcd.c,176 :: 		
0x0594	0xDD9C      	RCALL       _Delay_1us
;__Lib_Lcd.c,177 :: 		
0x0596	0x9683      	BCF         LCD_EN, BitPos(LCD_EN+0) 
;__Lib_Lcd.c,179 :: 		
0x0598	0xDD8F      	RCALL       _Delay_5500us
;__Lib_Lcd.c,181 :: 		
0x059A	0x8032      	BSF         __Lib_Lcd_cmd_status, BitPos(__Lib_Lcd_cmd_status+0) 
;__Lib_Lcd.c,182 :: 		
L_end_Lcd_Init:
0x059C	0x0012      	RETURN      0
; end of _Lcd_Init
_word2double:
;__Lib_MathDouble.c,2335 :: 		
;__Lib_MathDouble.c,2344 :: 		
0x059E	0x5000      	MOVF        R0, 0, 0
;__Lib_MathDouble.c,2345 :: 		
0x05A0	0x6E08      	MOVWF       R8, 0
;__Lib_MathDouble.c,2346 :: 		
0x05A2	0x5001      	MOVF        R1, 0, 0
;__Lib_MathDouble.c,2347 :: 		
0x05A4	0x6E00      	MOVWF       R0, 0
;__Lib_MathDouble.c,2348 :: 		
0x05A6	0x6A01      	CLRF        R1, 0
;__Lib_MathDouble.c,2349 :: 		
0x05A8	0x6A02      	CLRF        R2, 0
;__Lib_MathDouble.c,2350 :: 		
0x05AA	0x6A03      	CLRF        R3, 0
;__Lib_MathDouble.c,2353 :: 		
0x05AC	0x6A0B      	CLRF        R11, 0
;__Lib_MathDouble.c,2354 :: 		
0x05AE	0x6A0C      	CLRF        R12, 0
;__Lib_MathDouble.c,2356 :: 		
0x05B0	0x0E96      	MOVLW       150
;__Lib_MathDouble.c,2357 :: 		
0x05B2	0x6E03      	MOVWF       R3, 0
;__Lib_MathDouble.c,2358 :: 		
0x05B4	0x6A0A      	CLRF        R10, 0
;__Lib_MathDouble.c,2360 :: 		
0x05B6	0xF001C000  	MOVFF       R0, R1
;__Lib_MathDouble.c,2361 :: 		
0x05BA	0xF000C008  	MOVFF       R8, R0
;__Lib_MathDouble.c,2362 :: 		
0x05BE	0x6A08      	CLRF        R8, 0
;__Lib_MathDouble.c,2363 :: 		
0x05C0	0x6A02      	CLRF        R2, 0
;__Lib_MathDouble.c,2365 :: 		
0x05C2	0xDF3B      	RCALL       _NRM3232
;__Lib_MathDouble.c,2366 :: 		
L_end_word2double:
0x05C4	0x0012      	RETURN      0
; end of _word2double
_Lcd_Out:
;__Lib_Lcd.c,184 :: 		
;__Lib_Lcd.c,187 :: 		
0x05C6	0xD00F      	BRA         L_Lcd_Out11
;__Lib_Lcd.c,188 :: 		
L_Lcd_Out13:
0x05C8	0x0E80      	MOVLW       128
0x05CA	0x6E39      	MOVWF       FARG_Lcd_Out_row 
0x05CC	0xD019      	BRA         L_Lcd_Out12
;__Lib_Lcd.c,189 :: 		
L_Lcd_Out14:
0x05CE	0x0EC0      	MOVLW       192
0x05D0	0x6E39      	MOVWF       FARG_Lcd_Out_row 
0x05D2	0xD016      	BRA         L_Lcd_Out12
;__Lib_Lcd.c,190 :: 		
L_Lcd_Out15:
0x05D4	0x0E94      	MOVLW       148
0x05D6	0x6E39      	MOVWF       FARG_Lcd_Out_row 
0x05D8	0xD013      	BRA         L_Lcd_Out12
;__Lib_Lcd.c,191 :: 		
L_Lcd_Out16:
0x05DA	0x0ED4      	MOVLW       212
0x05DC	0x6E39      	MOVWF       FARG_Lcd_Out_row 
0x05DE	0xD010      	BRA         L_Lcd_Out12
;__Lib_Lcd.c,192 :: 		
L_Lcd_Out17:
0x05E0	0x0E80      	MOVLW       128
0x05E2	0x6E39      	MOVWF       FARG_Lcd_Out_row 
;__Lib_Lcd.c,193 :: 		
0x05E4	0xD00D      	BRA         L_Lcd_Out12
L_Lcd_Out11:
0x05E6	0x5039      	MOVF        FARG_Lcd_Out_row, 0 
0x05E8	0x0A01      	XORLW       1
0x05EA	0xE0EE      	BZ          L_Lcd_Out13
0x05EC	0x5039      	MOVF        FARG_Lcd_Out_row, 0 
0x05EE	0x0A02      	XORLW       2
0x05F0	0xE0EE      	BZ          L_Lcd_Out14
0x05F2	0x5039      	MOVF        FARG_Lcd_Out_row, 0 
0x05F4	0x0A03      	XORLW       3
0x05F6	0xE0EE      	BZ          L_Lcd_Out15
0x05F8	0x5039      	MOVF        FARG_Lcd_Out_row, 0 
0x05FA	0x0A04      	XORLW       4
0x05FC	0xE0EE      	BZ          L_Lcd_Out16
0x05FE	0xD7F0      	BRA         L_Lcd_Out17
L_Lcd_Out12:
;__Lib_Lcd.c,194 :: 		
0x0600	0x043A      	DECF        FARG_Lcd_Out_column, 0 
0x0602	0x6E00      	MOVWF       R0 
0x0604	0x5039      	MOVF        FARG_Lcd_Out_row, 0 
0x0606	0x2600      	ADDWF       R0, 1 
0x0608	0xF039C000  	MOVFF       R0, FARG_Lcd_Out_row
;__Lib_Lcd.c,196 :: 		
0x060C	0xF04BC000  	MOVFF       R0, FARG_Lcd_Cmd_out_char
0x0610	0xDD83      	RCALL       _Lcd_Cmd
;__Lib_Lcd.c,197 :: 		
0x0612	0x9032      	BCF         __Lib_Lcd_cmd_status, BitPos(__Lib_Lcd_cmd_status+0) 
;__Lib_Lcd.c,198 :: 		
0x0614	0x6A3D      	CLRF        Lcd_Out_i_L0 
;__Lib_Lcd.c,199 :: 		
L_Lcd_Out18:
0x0616	0x503D      	MOVF        Lcd_Out_i_L0, 0 
0x0618	0x243B      	ADDWF       FARG_Lcd_Out_text, 0 
0x061A	0x6EE9      	MOVWF       FSR0L 
0x061C	0x0E00      	MOVLW       0
0x061E	0x203C      	ADDWFC      FARG_Lcd_Out_text+1, 0 
0x0620	0x6EEA      	MOVWF       FSR0H 
0x0622	0x52EE      	MOVF        POSTINC0, 1 
0x0624	0xE00B      	BZ          L_Lcd_Out19
;__Lib_Lcd.c,200 :: 		
0x0626	0x503D      	MOVF        Lcd_Out_i_L0, 0 
0x0628	0x243B      	ADDWF       FARG_Lcd_Out_text, 0 
0x062A	0x6EE9      	MOVWF       FSR0L 
0x062C	0x0E00      	MOVLW       0
0x062E	0x203C      	ADDWFC      FARG_Lcd_Out_text+1, 0 
0x0630	0x6EEA      	MOVWF       FSR0H 
0x0632	0xF047CFEE  	MOVFF       POSTINC0, FARG_Lcd_Chr_CP_out_char
0x0636	0xDEAC      	RCALL       _Lcd_Chr_CP
0x0638	0x2A3D      	INCF        Lcd_Out_i_L0, 1 
0x063A	0xD7ED      	BRA         L_Lcd_Out18
L_Lcd_Out19:
;__Lib_Lcd.c,201 :: 		
0x063C	0x8032      	BSF         __Lib_Lcd_cmd_status, BitPos(__Lib_Lcd_cmd_status+0) 
;__Lib_Lcd.c,202 :: 		
L_end_Lcd_Out:
0x063E	0x0012      	RETURN      0
; end of _Lcd_Out
_FloatToStr:
;__Lib_Conversions.c,521 :: 		
;__Lib_Conversions.c,523 :: 		
0x0640	0x6A45      	CLRF        FloatToStr_bpoint_L0 
0x0642	0x6A46      	CLRF        FloatToStr_dexpon_L0 
;__Lib_Conversions.c,528 :: 		
0x0644	0xF041C039  	MOVFF       FARG_FloatToStr_fnum, FloatToStr_un_L0
0x0648	0xF042C03A  	MOVFF       FARG_FloatToStr_fnum+1, FloatToStr_un_L0+1
0x064C	0xF043C03B  	MOVFF       FARG_FloatToStr_fnum+2, FloatToStr_un_L0+2
0x0650	0xF044C03C  	MOVFF       FARG_FloatToStr_fnum+3, FloatToStr_un_L0+3
;__Lib_Conversions.c,529 :: 		
0x0654	0x5044      	MOVF        FloatToStr_un_L0+3, 0 
0x0656	0x0AFF      	XORLW       255
0x0658	0xE108      	BNZ         L__FloatToStr197
0x065A	0x5043      	MOVF        FloatToStr_un_L0+2, 0 
0x065C	0x0AFF      	XORLW       255
0x065E	0xE105      	BNZ         L__FloatToStr197
0x0660	0x5042      	MOVF        FloatToStr_un_L0+1, 0 
0x0662	0x0AFF      	XORLW       255
0x0664	0xE102      	BNZ         L__FloatToStr197
0x0666	0x5041      	MOVF        FloatToStr_un_L0, 0 
0x0668	0x0AFF      	XORLW       255
L__FloatToStr197:
0x066A	0xE10C      	BNZ         L_FloatToStr90
;__Lib_Conversions.c,530 :: 		
0x066C	0xF047C03D  	MOVFF       FARG_FloatToStr_str, FARG_strcpy_to
0x0670	0xF048C03E  	MOVFF       FARG_FloatToStr_str+1, FARG_strcpy_to+1
0x0674	0x0E19      	MOVLW       ?lstr1___Lib_Conversions
0x0676	0x6E49      	MOVWF       FARG_strcpy_from 
0x0678	0x0E00      	MOVLW       hi_addr(?lstr1___Lib_Conversions)
0x067A	0x6E4A      	MOVWF       FARG_strcpy_from+1 
0x067C	0xDF17      	RCALL       _strcpy
;__Lib_Conversions.c,531 :: 		
0x067E	0x0E03      	MOVLW       3
0x0680	0x6E00      	MOVWF       R0 
0x0682	0xD1E9      	BRA         L_end_FloatToStr
;__Lib_Conversions.c,532 :: 		
L_FloatToStr90:
;__Lib_Conversions.c,533 :: 		
0x0684	0x0E01      	MOVLW       1
0x0686	0x6E3F      	MOVWF       FloatToStr_i_L0 
;__Lib_Conversions.c,534 :: 		
0x0688	0xAE43      	BTFSS       FloatToStr_un_L0+2, 7 
0x068A	0xD00E      	BRA         L_FloatToStr91
;__Lib_Conversions.c,535 :: 		
0x068C	0x0E80      	MOVLW       128
0x068E	0x1843      	XORWF       FloatToStr_un_L0+2, 0 
0x0690	0x6E00      	MOVWF       R0 
0x0692	0xF043C000  	MOVFF       R0, FloatToStr_un_L0+2
;__Lib_Conversions.c,536 :: 		
0x0696	0x2A3F      	INCF        FloatToStr_i_L0, 1 
;__Lib_Conversions.c,537 :: 		
0x0698	0xFFE1C03D  	MOVFF       FARG_FloatToStr_str, FSR1L
0x069C	0xFFE2C03E  	MOVFF       FARG_FloatToStr_str+1, FSR1H
0x06A0	0x0E2D      	MOVLW       45
0x06A2	0x6EE6      	MOVWF       POSTINC1 
0x06A4	0x4A3D      	INFSNZ      FARG_FloatToStr_str, 1 
0x06A6	0x2A3E      	INCF        FARG_FloatToStr_str+1, 1 
;__Lib_Conversions.c,538 :: 		
L_FloatToStr91:
;__Lib_Conversions.c,539 :: 		
0x06A8	0x0E00      	MOVLW       0
0x06AA	0x6E00      	MOVWF       R0 
0x06AC	0x1844      	XORWF       FloatToStr_un_L0+3, 0 
0x06AE	0xE108      	BNZ         L__FloatToStr198
0x06B0	0x5000      	MOVF        R0, 0 
0x06B2	0x1843      	XORWF       FloatToStr_un_L0+2, 0 
0x06B4	0xE105      	BNZ         L__FloatToStr198
0x06B6	0x5000      	MOVF        R0, 0 
0x06B8	0x1842      	XORWF       FloatToStr_un_L0+1, 0 
0x06BA	0xE102      	BNZ         L__FloatToStr198
0x06BC	0x5041      	MOVF        FloatToStr_un_L0, 0 
0x06BE	0x0A00      	XORLW       0
L__FloatToStr198:
0x06C0	0xE10B      	BNZ         L_FloatToStr92
;__Lib_Conversions.c,540 :: 		
0x06C2	0xF047C03D  	MOVFF       FARG_FloatToStr_str, FARG_strcpy_to
0x06C6	0xF048C03E  	MOVFF       FARG_FloatToStr_str+1, FARG_strcpy_to+1
0x06CA	0x0E1D      	MOVLW       ?lstr2___Lib_Conversions
0x06CC	0x6E49      	MOVWF       FARG_strcpy_from 
0x06CE	0x0E00      	MOVLW       hi_addr(?lstr2___Lib_Conversions)
0x06D0	0x6E4A      	MOVWF       FARG_strcpy_from+1 
0x06D2	0xDEEC      	RCALL       _strcpy
;__Lib_Conversions.c,541 :: 		
0x06D4	0x6A00      	CLRF        R0 
0x06D6	0xD1BF      	BRA         L_end_FloatToStr
;__Lib_Conversions.c,542 :: 		
L_FloatToStr92:
;__Lib_Conversions.c,543 :: 		
0x06D8	0x5044      	MOVF        FloatToStr_un_L0+3, 0 
0x06DA	0x0AFF      	XORLW       255
0x06DC	0xE108      	BNZ         L__FloatToStr199
0x06DE	0x5043      	MOVF        FloatToStr_un_L0+2, 0 
0x06E0	0x0A00      	XORLW       0
0x06E2	0xE105      	BNZ         L__FloatToStr199
0x06E4	0x5042      	MOVF        FloatToStr_un_L0+1, 0 
0x06E6	0x0A00      	XORLW       0
0x06E8	0xE102      	BNZ         L__FloatToStr199
0x06EA	0x5041      	MOVF        FloatToStr_un_L0, 0 
0x06EC	0x0A00      	XORLW       0
L__FloatToStr199:
0x06EE	0xE10C      	BNZ         L_FloatToStr93
;__Lib_Conversions.c,544 :: 		
0x06F0	0xF047C03D  	MOVFF       FARG_FloatToStr_str, FARG_strcpy_to
0x06F4	0xF048C03E  	MOVFF       FARG_FloatToStr_str+1, FARG_strcpy_to+1
0x06F8	0x0E1F      	MOVLW       ?lstr3___Lib_Conversions
0x06FA	0x6E49      	MOVWF       FARG_strcpy_from 
0x06FC	0x0E00      	MOVLW       hi_addr(?lstr3___Lib_Conversions)
0x06FE	0x6E4A      	MOVWF       FARG_strcpy_from+1 
0x0700	0xDED5      	RCALL       _strcpy
;__Lib_Conversions.c,545 :: 		
0x0702	0xF000C03F  	MOVFF       FloatToStr_i_L0, R0
0x0706	0xD1A7      	BRA         L_end_FloatToStr
;__Lib_Conversions.c,546 :: 		
L_FloatToStr93:
;__Lib_Conversions.c,554 :: 		
L_FloatToStr94:
0x0708	0x0E00      	MOVLW       0
0x070A	0x6E04      	MOVWF       R4 
0x070C	0x0E00      	MOVLW       0
0x070E	0x6E05      	MOVWF       R5 
0x0710	0x0E00      	MOVLW       0
0x0712	0x6E06      	MOVWF       R6 
0x0714	0x0E7F      	MOVLW       127
0x0716	0x6E07      	MOVWF       R7 
0x0718	0xF000C041  	MOVFF       FloatToStr_un_L0, R0
0x071C	0xF001C042  	MOVFF       FloatToStr_un_L0+1, R1
0x0720	0xF002C043  	MOVFF       FloatToStr_un_L0+2, R2
0x0724	0xF003C044  	MOVFF       FloatToStr_un_L0+3, R3
0x0728	0xDD3C      	RCALL       _Compare_Double
0x072A	0x0E01      	MOVLW       1
0x072C	0xB0D8      	BTFSC       STATUS, 0 
0x072E	0x0E00      	MOVLW       0
0x0730	0x6E00      	MOVWF       R0 
0x0732	0x5200      	MOVF        R0, 1 
0x0734	0xE01B      	BZ          L_FloatToStr95
;__Lib_Conversions.c,555 :: 		
0x0736	0xF000C041  	MOVFF       FloatToStr_un_L0, R0
0x073A	0xF001C042  	MOVFF       FloatToStr_un_L0+1, R1
0x073E	0xF002C043  	MOVFF       FloatToStr_un_L0+2, R2
0x0742	0xF003C044  	MOVFF       FloatToStr_un_L0+3, R3
0x0746	0x0E00      	MOVLW       0
0x0748	0x6E04      	MOVWF       R4 
0x074A	0x0E00      	MOVLW       0
0x074C	0x6E05      	MOVWF       R5 
0x074E	0x0E20      	MOVLW       32
0x0750	0x6E06      	MOVWF       R6 
0x0752	0x0E82      	MOVLW       130
0x0754	0x6E07      	MOVWF       R7 
0x0756	0xDD8C      	RCALL       _Mul_32x32_FP
0x0758	0xF041C000  	MOVFF       R0, FloatToStr_un_L0
0x075C	0xF042C001  	MOVFF       R1, FloatToStr_un_L0+1
0x0760	0xF043C002  	MOVFF       R2, FloatToStr_un_L0+2
0x0764	0xF044C003  	MOVFF       R3, FloatToStr_un_L0+3
;__Lib_Conversions.c,556 :: 		
0x0768	0x0646      	DECF        FloatToStr_dexpon_L0, 1 
;__Lib_Conversions.c,557 :: 		
0x076A	0xD7CE      	BRA         L_FloatToStr94
L_FloatToStr95:
;__Lib_Conversions.c,562 :: 		
L_FloatToStr96:
0x076C	0x0E00      	MOVLW       0
0x076E	0x6E04      	MOVWF       R4 
0x0770	0x0E00      	MOVLW       0
0x0772	0x6E05      	MOVWF       R5 
0x0774	0x0E20      	MOVLW       32
0x0776	0x6E06      	MOVWF       R6 
0x0778	0x0E82      	MOVLW       130
0x077A	0x6E07      	MOVWF       R7 
0x077C	0xF000C041  	MOVFF       FloatToStr_un_L0, R0
0x0780	0xF001C042  	MOVFF       FloatToStr_un_L0+1, R1
0x0784	0xF002C043  	MOVFF       FloatToStr_un_L0+2, R2
0x0788	0xF003C044  	MOVFF       FloatToStr_un_L0+3, R3
0x078C	0xDD0A      	RCALL       _Compare_Double
0x078E	0x0E00      	MOVLW       0
0x0790	0xB0D8      	BTFSC       STATUS, 0 
0x0792	0x0E01      	MOVLW       1
0x0794	0x6E00      	MOVWF       R0 
0x0796	0x5200      	MOVF        R0, 1 
0x0798	0xE01B      	BZ          L_FloatToStr97
;__Lib_Conversions.c,563 :: 		
0x079A	0xF000C041  	MOVFF       FloatToStr_un_L0, R0
0x079E	0xF001C042  	MOVFF       FloatToStr_un_L0+1, R1
0x07A2	0xF002C043  	MOVFF       FloatToStr_un_L0+2, R2
0x07A6	0xF003C044  	MOVFF       FloatToStr_un_L0+3, R3
0x07AA	0x0ECD      	MOVLW       205
0x07AC	0x6E04      	MOVWF       R4 
0x07AE	0x0ECC      	MOVLW       204
0x07B0	0x6E05      	MOVWF       R5 
0x07B2	0x0E4C      	MOVLW       76
0x07B4	0x6E06      	MOVWF       R6 
0x07B6	0x0E7B      	MOVLW       123
0x07B8	0x6E07      	MOVWF       R7 
0x07BA	0xDD5A      	RCALL       _Mul_32x32_FP
0x07BC	0xF041C000  	MOVFF       R0, FloatToStr_un_L0
0x07C0	0xF042C001  	MOVFF       R1, FloatToStr_un_L0+1
0x07C4	0xF043C002  	MOVFF       R2, FloatToStr_un_L0+2
0x07C8	0xF044C003  	MOVFF       R3, FloatToStr_un_L0+3
;__Lib_Conversions.c,564 :: 		
0x07CC	0x2A46      	INCF        FloatToStr_dexpon_L0, 1 
;__Lib_Conversions.c,565 :: 		
0x07CE	0xD7CE      	BRA         L_FloatToStr96
L_FloatToStr97:
;__Lib_Conversions.c,574 :: 		
0x07D0	0x0EFF      	MOVLW       255
0x07D2	0x1441      	ANDWF       FloatToStr_un_L0, 0 
0x07D4	0x6E08      	MOVWF       R8 
0x07D6	0x0EFF      	MOVLW       255
0x07D8	0x1442      	ANDWF       FloatToStr_un_L0+1, 0 
0x07DA	0x6E09      	MOVWF       R9 
0x07DC	0x0E7F      	MOVLW       127
0x07DE	0x1443      	ANDWF       FloatToStr_un_L0+2, 0 
0x07E0	0x6E0A      	MOVWF       R10 
0x07E2	0x0E00      	MOVLW       0
0x07E4	0x1444      	ANDWF       FloatToStr_un_L0+3, 0 
0x07E6	0x6E0B      	MOVWF       R11 
;__Lib_Conversions.c,575 :: 		
0x07E8	0xF004C008  	MOVFF       R8, R4
0x07EC	0xF005C009  	MOVFF       R9, R5
0x07F0	0xF006C00A  	MOVFF       R10, R6
0x07F4	0xF007C00B  	MOVFF       R11, R7
0x07F8	0x3604      	RLCF        R4, 1 
0x07FA	0x9004      	BCF         R4, 0 
0x07FC	0x3605      	RLCF        R5, 1 
0x07FE	0x3606      	RLCF        R6, 1 
0x0800	0x3607      	RLCF        R7, 1 
;__Lib_Conversions.c,576 :: 		
0x0802	0x0E00      	MOVLW       0
0x0804	0x1441      	ANDWF       FloatToStr_un_L0, 0 
0x0806	0x6E00      	MOVWF       R0 
0x0808	0x0E00      	MOVLW       0
0x080A	0x1442      	ANDWF       FloatToStr_un_L0+1, 0 
0x080C	0x6E01      	MOVWF       R1 
0x080E	0x0E00      	MOVLW       0
0x0810	0x1443      	ANDWF       FloatToStr_un_L0+2, 0 
0x0812	0x6E02      	MOVWF       R2 
0x0814	0x0EFF      	MOVLW       255
0x0816	0x1444      	ANDWF       FloatToStr_un_L0+3, 0 
0x0818	0x6E03      	MOVWF       R3 
0x081A	0xF041C000  	MOVFF       R0, FloatToStr_un_L0
0x081E	0xF042C001  	MOVFF       R1, FloatToStr_un_L0+1
0x0822	0xF043C002  	MOVFF       R2, FloatToStr_un_L0+2
0x0826	0xF044C003  	MOVFF       R3, FloatToStr_un_L0+3
;__Lib_Conversions.c,577 :: 		
0x082A	0x5004      	MOVF        R4, 0 
0x082C	0x1041      	IORWF       FloatToStr_un_L0, 0 
0x082E	0x6E00      	MOVWF       R0 
0x0830	0x5005      	MOVF        R5, 0 
0x0832	0x1042      	IORWF       FloatToStr_un_L0+1, 0 
0x0834	0x6E01      	MOVWF       R1 
0x0836	0x5006      	MOVF        R6, 0 
0x0838	0x1043      	IORWF       FloatToStr_un_L0+2, 0 
0x083A	0x6E02      	MOVWF       R2 
0x083C	0x5007      	MOVF        R7, 0 
0x083E	0x1044      	IORWF       FloatToStr_un_L0+3, 0 
0x0840	0x6E03      	MOVWF       R3 
0x0842	0xF041C000  	MOVFF       R0, FloatToStr_un_L0
0x0846	0xF042C001  	MOVFF       R1, FloatToStr_un_L0+1
0x084A	0xF043C002  	MOVFF       R2, FloatToStr_un_L0+2
0x084E	0xF044C003  	MOVFF       R3, FloatToStr_un_L0+3
;__Lib_Conversions.c,579 :: 		
0x0852	0x0E7F      	MOVLW       127
0x0854	0x5C44      	SUBWF       FloatToStr_un_L0+3, 0 
0x0856	0x6E00      	MOVWF       R0 
0x0858	0xF040C000  	MOVFF       R0, FloatToStr_d_L0
;__Lib_Conversions.c,582 :: 		
0x085C	0x0E01      	MOVLW       1
0x085E	0x6E44      	MOVWF       FloatToStr_un_L0+3 
;__Lib_Conversions.c,583 :: 		
0x0860	0xF004C000  	MOVFF       R0, R4
0x0864	0xF000C041  	MOVFF       FloatToStr_un_L0, R0
0x0868	0xF001C042  	MOVFF       FloatToStr_un_L0+1, R1
0x086C	0xF002C043  	MOVFF       FloatToStr_un_L0+2, R2
0x0870	0xF003C044  	MOVFF       FloatToStr_un_L0+3, R3
0x0874	0x5004      	MOVF        R4, 0 
L__FloatToStr200:
0x0876	0xE007      	BZ          L__FloatToStr201
0x0878	0x3600      	RLCF        R0, 1 
0x087A	0x9000      	BCF         R0, 0 
0x087C	0x3601      	RLCF        R1, 1 
0x087E	0x3602      	RLCF        R2, 1 
0x0880	0x3603      	RLCF        R3, 1 
0x0882	0x0FFF      	ADDLW       255
0x0884	0xD7F8      	BRA         L__FloatToStr200
L__FloatToStr201:
0x0886	0xF041C000  	MOVFF       R0, FloatToStr_un_L0
0x088A	0xF042C001  	MOVFF       R1, FloatToStr_un_L0+1
0x088E	0xF043C002  	MOVFF       R2, FloatToStr_un_L0+2
0x0892	0xF044C003  	MOVFF       R3, FloatToStr_un_L0+3
;__Lib_Conversions.c,584 :: 		
0x0896	0xFFE1C03D  	MOVFF       FARG_FloatToStr_str, FSR1L
0x089A	0xFFE2C03E  	MOVFF       FARG_FloatToStr_str+1, FSR1H
0x089E	0x5044      	MOVF        FloatToStr_un_L0+3, 0 
0x08A0	0x0F30      	ADDLW       48
0x08A2	0x6EE6      	MOVWF       POSTINC1 
0x08A4	0x4A3D      	INFSNZ      FARG_FloatToStr_str, 1 
0x08A6	0x2A3E      	INCF        FARG_FloatToStr_str+1, 1 
;__Lib_Conversions.c,585 :: 		
0x08A8	0x0E80      	MOVLW       128
0x08AA	0x1846      	XORWF       FloatToStr_dexpon_L0, 0 
0x08AC	0x6E00      	MOVWF       R0 
0x08AE	0x0E80      	MOVLW       128
0x08B0	0x0A01      	XORLW       1
0x08B2	0x5C00      	SUBWF       R0, 0 
0x08B4	0xE308      	BNC         L__FloatToStr148
0x08B6	0x0E80      	MOVLW       128
0x08B8	0x0A06      	XORLW       6
0x08BA	0x6E00      	MOVWF       R0 
0x08BC	0x0E80      	MOVLW       128
0x08BE	0x1846      	XORWF       FloatToStr_dexpon_L0, 0 
0x08C0	0x5C00      	SUBWF       R0, 0 
0x08C2	0xE301      	BNC         L__FloatToStr148
0x08C4	0xD00A      	BRA         L_FloatToStr100
L__FloatToStr148:
;__Lib_Conversions.c,586 :: 		
0x08C6	0xFFE1C03D  	MOVFF       FARG_FloatToStr_str, FSR1L
0x08CA	0xFFE2C03E  	MOVFF       FARG_FloatToStr_str+1, FSR1H
0x08CE	0x0E2E      	MOVLW       46
0x08D0	0x6EE6      	MOVWF       POSTINC1 
0x08D2	0x4A3D      	INFSNZ      FARG_FloatToStr_str, 1 
0x08D4	0x2A3E      	INCF        FARG_FloatToStr_str+1, 1 
;__Lib_Conversions.c,587 :: 		
0x08D6	0x0E01      	MOVLW       1
0x08D8	0x6E45      	MOVWF       FloatToStr_bpoint_L0 
;__Lib_Conversions.c,588 :: 		
L_FloatToStr100:
;__Lib_Conversions.c,589 :: 		
0x08DA	0x0E06      	MOVLW       6
0x08DC	0x6E40      	MOVWF       FloatToStr_d_L0 
L_FloatToStr101:
0x08DE	0x5040      	MOVF        FloatToStr_d_L0, 0 
0x08E0	0x0A00      	XORLW       0
0x08E2	0xE054      	BZ          L_FloatToStr102
;__Lib_Conversions.c,590 :: 		
0x08E4	0x6A44      	CLRF        FloatToStr_un_L0+3 
;__Lib_Conversions.c,591 :: 		
0x08E6	0xF000C041  	MOVFF       FloatToStr_un_L0, R0
0x08EA	0xF001C042  	MOVFF       FloatToStr_un_L0+1, R1
0x08EE	0xF002C043  	MOVFF       FloatToStr_un_L0+2, R2
0x08F2	0xF003C044  	MOVFF       FloatToStr_un_L0+3, R3
0x08F6	0x3600      	RLCF        R0, 1 
0x08F8	0x9000      	BCF         R0, 0 
0x08FA	0x3601      	RLCF        R1, 1 
0x08FC	0x3602      	RLCF        R2, 1 
0x08FE	0x3603      	RLCF        R3, 1 
0x0900	0x3600      	RLCF        R0, 1 
0x0902	0x9000      	BCF         R0, 0 
0x0904	0x3601      	RLCF        R1, 1 
0x0906	0x3602      	RLCF        R2, 1 
0x0908	0x3603      	RLCF        R3, 1 
0x090A	0x5041      	MOVF        FloatToStr_un_L0, 0 
0x090C	0x2600      	ADDWF       R0, 1 
0x090E	0x5042      	MOVF        FloatToStr_un_L0+1, 0 
0x0910	0x2201      	ADDWFC      R1, 1 
0x0912	0x5043      	MOVF        FloatToStr_un_L0+2, 0 
0x0914	0x2202      	ADDWFC      R2, 1 
0x0916	0x5044      	MOVF        FloatToStr_un_L0+3, 0 
0x0918	0x2203      	ADDWFC      R3, 1 
0x091A	0xF041C000  	MOVFF       R0, FloatToStr_un_L0
0x091E	0xF042C001  	MOVFF       R1, FloatToStr_un_L0+1
0x0922	0xF043C002  	MOVFF       R2, FloatToStr_un_L0+2
0x0926	0xF044C003  	MOVFF       R3, FloatToStr_un_L0+3
;__Lib_Conversions.c,592 :: 		
0x092A	0xF000C041  	MOVFF       FloatToStr_un_L0, R0
0x092E	0xF001C042  	MOVFF       FloatToStr_un_L0+1, R1
0x0932	0xF002C043  	MOVFF       FloatToStr_un_L0+2, R2
0x0936	0xF003C044  	MOVFF       FloatToStr_un_L0+3, R3
0x093A	0x3600      	RLCF        R0, 1 
0x093C	0x9000      	BCF         R0, 0 
0x093E	0x3601      	RLCF        R1, 1 
0x0940	0x3602      	RLCF        R2, 1 
0x0942	0x3603      	RLCF        R3, 1 
0x0944	0xF041C000  	MOVFF       R0, FloatToStr_un_L0
0x0948	0xF042C001  	MOVFF       R1, FloatToStr_un_L0+1
0x094C	0xF043C002  	MOVFF       R2, FloatToStr_un_L0+2
0x0950	0xF044C003  	MOVFF       R3, FloatToStr_un_L0+3
;__Lib_Conversions.c,593 :: 		
0x0954	0xFFE1C03D  	MOVFF       FARG_FloatToStr_str, FSR1L
0x0958	0xFFE2C03E  	MOVFF       FARG_FloatToStr_str+1, FSR1H
0x095C	0x5044      	MOVF        FloatToStr_un_L0+3, 0 
0x095E	0x0F30      	ADDLW       48
0x0960	0x6EE6      	MOVWF       POSTINC1 
0x0962	0x4A3D      	INFSNZ      FARG_FloatToStr_str, 1 
0x0964	0x2A3E      	INCF        FARG_FloatToStr_str+1, 1 
;__Lib_Conversions.c,594 :: 		
0x0966	0x5045      	MOVF        FloatToStr_bpoint_L0, 0 
0x0968	0x0A00      	XORLW       0
0x096A	0xE10E      	BNZ         L_FloatToStr104
;__Lib_Conversions.c,595 :: 		
0x096C	0x0646      	DECF        FloatToStr_dexpon_L0, 1 
0x096E	0x5046      	MOVF        FloatToStr_dexpon_L0, 0 
0x0970	0x0A00      	XORLW       0
0x0972	0xE10A      	BNZ         L_FloatToStr105
;__Lib_Conversions.c,596 :: 		
0x0974	0xFFE1C03D  	MOVFF       FARG_FloatToStr_str, FSR1L
0x0978	0xFFE2C03E  	MOVFF       FARG_FloatToStr_str+1, FSR1H
0x097C	0x0E2E      	MOVLW       46
0x097E	0x6EE6      	MOVWF       POSTINC1 
0x0980	0x4A3D      	INFSNZ      FARG_FloatToStr_str, 1 
0x0982	0x2A3E      	INCF        FARG_FloatToStr_str+1, 1 
;__Lib_Conversions.c,597 :: 		
0x0984	0x0E01      	MOVLW       1
0x0986	0x6E45      	MOVWF       FloatToStr_bpoint_L0 
;__Lib_Conversions.c,598 :: 		
L_FloatToStr105:
L_FloatToStr104:
;__Lib_Conversions.c,589 :: 		
0x0988	0x0640      	DECF        FloatToStr_d_L0, 1 
;__Lib_Conversions.c,599 :: 		
0x098A	0xD7A9      	BRA         L_FloatToStr101
L_FloatToStr102:
;__Lib_Conversions.c,600 :: 		
L_FloatToStr106:
0x098C	0x0EFF      	MOVLW       255
0x098E	0x243D      	ADDWF       FARG_FloatToStr_str, 0 
0x0990	0x6EE9      	MOVWF       FSR0L 
0x0992	0x0EFF      	MOVLW       255
0x0994	0x203E      	ADDWFC      FARG_FloatToStr_str+1, 0 
0x0996	0x6EEA      	MOVWF       FSR0H 
0x0998	0x50EE      	MOVF        POSTINC0, 0 
0x099A	0x0A30      	XORLW       48
0x099C	0xE105      	BNZ         L_FloatToStr107
;__Lib_Conversions.c,601 :: 		
0x099E	0x0E01      	MOVLW       1
0x09A0	0x5E3D      	SUBWF       FARG_FloatToStr_str, 1 
0x09A2	0x0E00      	MOVLW       0
0x09A4	0x5A3E      	SUBWFB      FARG_FloatToStr_str+1, 1 
0x09A6	0xD7F2      	BRA         L_FloatToStr106
L_FloatToStr107:
;__Lib_Conversions.c,602 :: 		
0x09A8	0x0EFF      	MOVLW       255
0x09AA	0x243D      	ADDWF       FARG_FloatToStr_str, 0 
0x09AC	0x6EE9      	MOVWF       FSR0L 
0x09AE	0x0EFF      	MOVLW       255
0x09B0	0x203E      	ADDWFC      FARG_FloatToStr_str+1, 0 
0x09B2	0x6EEA      	MOVWF       FSR0H 
0x09B4	0x50EE      	MOVF        POSTINC0, 0 
0x09B6	0x0A2E      	XORLW       46
0x09B8	0xE104      	BNZ         L_FloatToStr108
;__Lib_Conversions.c,603 :: 		
0x09BA	0x0E01      	MOVLW       1
0x09BC	0x5E3D      	SUBWF       FARG_FloatToStr_str, 1 
0x09BE	0x0E00      	MOVLW       0
0x09C0	0x5A3E      	SUBWFB      FARG_FloatToStr_str+1, 1 
L_FloatToStr108:
;__Lib_Conversions.c,604 :: 		
0x09C2	0x5046      	MOVF        FloatToStr_dexpon_L0, 0 
0x09C4	0x0A00      	XORLW       0
0x09C6	0xE041      	BZ          L_FloatToStr109
;__Lib_Conversions.c,605 :: 		
0x09C8	0xFFE1C03D  	MOVFF       FARG_FloatToStr_str, FSR1L
0x09CC	0xFFE2C03E  	MOVFF       FARG_FloatToStr_str+1, FSR1H
0x09D0	0x0E65      	MOVLW       101
0x09D2	0x6EE6      	MOVWF       POSTINC1 
0x09D4	0x4A3D      	INFSNZ      FARG_FloatToStr_str, 1 
0x09D6	0x2A3E      	INCF        FARG_FloatToStr_str+1, 1 
;__Lib_Conversions.c,606 :: 		
0x09D8	0x0E80      	MOVLW       128
0x09DA	0x1846      	XORWF       FloatToStr_dexpon_L0, 0 
0x09DC	0x6E00      	MOVWF       R0 
0x09DE	0x0E80      	MOVLW       128
0x09E0	0x0A00      	XORLW       0
0x09E2	0x5C00      	SUBWF       R0, 0 
0x09E4	0xE20B      	BC          L_FloatToStr110
;__Lib_Conversions.c,607 :: 		
0x09E6	0xFFE1C03D  	MOVFF       FARG_FloatToStr_str, FSR1L
0x09EA	0xFFE2C03E  	MOVFF       FARG_FloatToStr_str+1, FSR1H
0x09EE	0x0E2D      	MOVLW       45
0x09F0	0x6EE6      	MOVWF       POSTINC1 
0x09F2	0x4A3D      	INFSNZ      FARG_FloatToStr_str, 1 
0x09F4	0x2A3E      	INCF        FARG_FloatToStr_str+1, 1 
;__Lib_Conversions.c,608 :: 		
0x09F6	0x5046      	MOVF        FloatToStr_dexpon_L0, 0 
0x09F8	0x0800      	SUBLW       0
0x09FA	0x6E46      	MOVWF       FloatToStr_dexpon_L0 
;__Lib_Conversions.c,609 :: 		
L_FloatToStr110:
;__Lib_Conversions.c,610 :: 		
0x09FC	0xF040C046  	MOVFF       FloatToStr_dexpon_L0, FloatToStr_d_L0
;__Lib_Conversions.c,611 :: 		
0x0A00	0x0E80      	MOVLW       128
0x0A02	0x0A09      	XORLW       9
0x0A04	0x6E00      	MOVWF       R0 
0x0A06	0x0E80      	MOVLW       128
0x0A08	0x1846      	XORWF       FloatToStr_dexpon_L0, 0 
0x0A0A	0x5C00      	SUBWF       R0, 0 
0x0A0C	0xE20E      	BC          L_FloatToStr111
;__Lib_Conversions.c,612 :: 		
0x0A0E	0x0E0A      	MOVLW       10
0x0A10	0x6E04      	MOVWF       R4 
0x0A12	0xF000C040  	MOVFF       FloatToStr_d_L0, R0
0x0A16	0xDCC2      	RCALL       _Div_8X8_S
0x0A18	0xFFE1C03D  	MOVFF       FARG_FloatToStr_str, FSR1L
0x0A1C	0xFFE2C03E  	MOVFF       FARG_FloatToStr_str+1, FSR1H
0x0A20	0x5000      	MOVF        R0, 0 
0x0A22	0x0F30      	ADDLW       48
0x0A24	0x6EE6      	MOVWF       POSTINC1 
0x0A26	0x4A3D      	INFSNZ      FARG_FloatToStr_str, 1 
0x0A28	0x2A3E      	INCF        FARG_FloatToStr_str+1, 1 
L_FloatToStr111:
;__Lib_Conversions.c,613 :: 		
0x0A2A	0x0E0A      	MOVLW       10
0x0A2C	0x6E04      	MOVWF       R4 
0x0A2E	0xF000C040  	MOVFF       FloatToStr_d_L0, R0
0x0A32	0xDCB4      	RCALL       _Div_8X8_S
0x0A34	0xF000C008  	MOVFF       R8, R0
0x0A38	0xFFE1C03D  	MOVFF       FARG_FloatToStr_str, FSR1L
0x0A3C	0xFFE2C03E  	MOVFF       FARG_FloatToStr_str+1, FSR1H
0x0A40	0x5000      	MOVF        R0, 0 
0x0A42	0x0F30      	ADDLW       48
0x0A44	0x6EE6      	MOVWF       POSTINC1 
0x0A46	0x4A3D      	INFSNZ      FARG_FloatToStr_str, 1 
0x0A48	0x2A3E      	INCF        FARG_FloatToStr_str+1, 1 
;__Lib_Conversions.c,614 :: 		
L_FloatToStr109:
;__Lib_Conversions.c,615 :: 		
0x0A4A	0xFFE1C03D  	MOVFF       FARG_FloatToStr_str, FSR1L
0x0A4E	0xFFE2C03E  	MOVFF       FARG_FloatToStr_str+1, FSR1H
0x0A52	0x6AE6      	CLRF        POSTINC1 
;__Lib_Conversions.c,616 :: 		
0x0A54	0x6A00      	CLRF        R0 
;__Lib_Conversions.c,617 :: 		
L_end_FloatToStr:
0x0A56	0x0012      	RETURN      0
; end of _FloatToStr
_main:
0x0A58	0xF005EC49  	CALL        2706, 0
;P7b.c,41 :: 		void main() {
;P7b.c,42 :: 		TRISE.B1 = 1;
0x0A5C	0x8296      	BSF         TRISE, 1 
;P7b.c,43 :: 		Lcd_Init();
0x0A5E	0xDD54      	RCALL       _Lcd_Init
;P7b.c,44 :: 		PIR1.ADIF =0;
0x0A60	0x9C9E      	BCF         PIR1, 6 
;P7b.c,45 :: 		PIE1.ADIE = 1; // habilita la interrupcion del convertidor A/D
0x0A62	0x8C9D      	BSF         PIE1, 6 
;P7b.c,48 :: 		ADCON0 = 0x71;
0x0A64	0x0E71      	MOVLW       113
0x0A66	0x6EC2      	MOVWF       ADCON0 
;P7b.c,49 :: 		ADCON1 = 0xCE;
0x0A68	0x0ECE      	MOVLW       206
0x0A6A	0x6EC1      	MOVWF       ADCON1 
;P7b.c,50 :: 		INTCON.PEIE = 1;
0x0A6C	0x8CF2      	BSF         INTCON, 6 
;P7b.c,51 :: 		T0CON = 0x85;
0x0A6E	0x0E85      	MOVLW       133
0x0A70	0x6ED5      	MOVWF       T0CON 
;P7b.c,52 :: 		TMR0H = (18660>>8);   //1.5 seg
0x0A72	0x0E48      	MOVLW       72
0x0A74	0x6ED7      	MOVWF       TMR0H 
;P7b.c,53 :: 		TMR0L = 18660;
0x0A76	0x0EE4      	MOVLW       228
0x0A78	0x6ED6      	MOVWF       TMR0L 
;P7b.c,55 :: 		INTCON.TMR0IF = 0;
0x0A7A	0x94F2      	BCF         INTCON, 2 
;P7b.c,56 :: 		INTCON.TMR0IE = 1;
0x0A7C	0x8AF2      	BSF         INTCON, 5 
;P7b.c,58 :: 		INTCON.GIE = 1; // se habilitan las interrupciones en general
0x0A7E	0x8EF2      	BSF         INTCON, 7 
;P7b.c,59 :: 		ADCON0.GO = 1;        //Hace que empiece la conversion
0x0A80	0x84C2      	BSF         ADCON0, 2 
;P7b.c,61 :: 		while(1)
L_main2:
;P7b.c,62 :: 		asm nop;      //operacion en ensablador para no hacer
0x0A82	0x0000      	NOP
0x0A84	0xD7FE      	BRA         L_main2
;P7b.c,65 :: 		}
L_end_main:
0x0A86	0xD7FF      	BRA         $+0
; end of _main
0x0A92	0xF019EE10  	LFSR        1, 25
0x0A96	0x0E0A      	MOVLW       10
0x0A98	0x6E00      	MOVWF       R0 
0x0A9A	0x0E01      	MOVLW       1
0x0A9C	0x6E01      	MOVWF       R1 
0x0A9E	0x0E88      	MOVLW       136
0x0AA0	0x6EF6      	MOVWF       4086 
0x0AA2	0x0E0A      	MOVLW       10
0x0AA4	0x6EF7      	MOVWF       TBLPTRH 
0x0AA6	0x0E00      	MOVLW       0
0x0AA8	0x6EF8      	MOVWF       TBLPTRU 
0x0AAA	0xF002EC7C  	CALL        1272, 0
0x0AAE	0x0012      	RETURN      0
;__Lib_Conversions.c,0 :: ?ICS?lstr1___Lib_Conversions
0x0A88	0x614E ;?ICS?lstr1___Lib_Conversions+0
0x0A8A	0x004E ;?ICS?lstr1___Lib_Conversions+2
; end of ?ICS?lstr1___Lib_Conversions
;__Lib_Conversions.c,0 :: ?ICS?lstr2___Lib_Conversions
0x0A8C	0x0030 ;?ICS?lstr2___Lib_Conversions+0
; end of ?ICS?lstr2___Lib_Conversions
;__Lib_Conversions.c,0 :: ?ICS?lstr3___Lib_Conversions
0x0A8E	0x4E49 ;?ICS?lstr3___Lib_Conversions+0
0x0A90	0x0046 ;?ICS?lstr3___Lib_Conversions+2
; end of ?ICS?lstr3___Lib_Conversions
Symbol List:
//** Routines locations **
//ADDRESS    SIZE    PROCEDURE
//----------------------------------------------
0x0008     [176]    _interrupt
0x00B8      [22]    _Delay_5500us
0x00CE       [6]    _Delay_1us
0x00D4      [10]    _Delay_50us
0x00DE      [24]    _SETFOV32
0x00F6      [26]    _SETFUN32
0x0110       [8]    _FIXSIGN32
0x0118     [124]    _Lcd_Cmd
0x0194      [14]    _RES032
0x01A2     [206]    _Compare_Double
0x0270     [288]    _Mul_32x32_FP
0x0390      [12]    _Lcd_Chr_CP
0x039C     [158]    _Div_8X8_S
0x043A     [114]    _NRM3232
0x04AC      [76]    _strcpy
0x04F8      [16]    ___CC2DW
0x0508     [150]    _Lcd_Init
0x059E      [40]    _word2double
0x05C6     [122]    _Lcd_Out
0x0640    [1048]    _FloatToStr
0x0A58      [48]    _main
//** Variables locations ** 
//ADDRESS    SIZE    VARIABLE
//----------------------------------------------
0x0000       [1]    UART1_Init_tmp_L0
0x0000       [1]    SPI1_Write_tmp_L0
0x0000       [1]    FLASH_Erase_64_SaveINTCON_L0
0x0000       [1]    R0
0x0000       [1]    EEPROM_Write_SaveINTCON_L0
0x0000       [1]    __Lib_SoftI2C_PutZerosToLATSda_temp_sda_L0
0x0000       [1]    __Lib_SoftI2C_PutZerosToLATScl_temp_scl_L0
0x0001       [1]    FLASH_Erase_Write_64_i_L0
0x0001       [1]    __Lib_TFT_16bit_JPEG_FileReadBytes_Result_L0
0x0001       [1]    FLASH_Write_8_i_L0
0x0001       [1]    __Lib_TFT_JPEG_FileRead_i_L0
0x0001       [1]    __Lib_TFT_JPEG_FileReadBytes_Result_L0
0x0001       [1]    __Lib_TFT_16bit_JPEG_FileRead_i_L0
0x0001       [1]    UART1_Read___tmp_UART1_Read_L0
0x0001       [2]    FLASH_Read_N_Bytes_i_L0
0x0001       [1]    R1
0x0001       [1]    ispunct_rslt_L0
0x0001       [1]    __Lib_PS2_Wait_Falling_nsample_L0
0x0002       [2]    __Lib_FT812_alt_strlen_cp_L0
0x0002       [2]    __Lib_FT810_alt_memcpy_dd_L0
0x0002       [2]    __Lib_FT800_alt_strlen_cp_L0
0x0002       [2]    __Lib_FT800_alt_memcpy_dd_L0
0x0002       [2]    __Lib_FT812_alt_memset_pp_L0
0x0002       [1]    FLASH_Write_8_SaveINTCON_L0
0x0002       [1]    R2
0x0002       [2]    __Lib_FT800_alt_memset_pp_L0
0x0002       [1]    FLASH_Erase_Write_64_j_L0
0x0002       [2]    memset_pp_L0
0x0002       [2]    __Lib_FT812_alt_memcpy_dd_L0
0x0002       [2]    memcpy_dd_L0
0x0002       [2]    __Lib_FT810_alt_memset_pp_L0
0x0002       [2]    memchr_s_L0
0x0002       [2]    strlen_cp_L0
0x0002       [2]    __Lib_FT810_alt_strlen_cp_L0
0x0003       [2]    memmove_tt_L0
0x0003       [2]    __Lib_MmcFat16_f16_toInt_l_L0
0x0003       [1]    __Lib_Sprinti_?FLOC____Lib_Sprinti_Do_FillT29
0x0003       [1]    R3
0x0003       [1]    MM_Init_i_L0
0x0003       [1]    FLASH_Erase_Write_64_SaveINTCON_L0
0x0003       [4]    FT812_Canvas_SurrRect_minX_L0
0x0003       [4]    FT810_Canvas_SurrRect_minX_L0
0x0003       [2]    Ltrim_original_L0
0x0003       [2]    MM_TotalFreeMemSize_Tot_L0
0x0003       [4]    FT800_Canvas_SurrRect_minX_L0
0x0004       [1]    __Lib_Sprinti_?FLOC____Lib_Sprinti_Do_FillT40
0x0004       [2]    strcpy_cp_L0
0x0004       [2]    __Lib_MemManager_MM_GetMemAlign_P_L0
0x0004       [2]    __Lib_FT800_alt_memcpy_ss_L0
0x0004       [3]    __Lib_FT812_alt_strlen_const_cp_L0
0x0004       [3]    __Lib_FT800_alt_strlen_const_cp_L0
0x0004       [2]    strncpy_cp_L0
0x0004       [1]    R4
0x0004       [2]    memcpy_ss_L0
0x0004       [2]    __Lib_FT810_alt_memcpy_ss_L0
0x0004       [3]    __Lib_FT810_alt_strlen_const_cp_L0
0x0004       [2]    __Lib_FT812_alt_memcpy_ss_L0
0x0004       [2]    strcat_cp_L0
0x0004       [2]    frexp_pom_L0
0x0004       [2]    strncat_cp_L0
0x0005       [2]    Ltrim_p_L0
0x0005       [2]    LongIntToHex_input_half_L0
0x0005       [1]    __Lib_Sprinti_?FLOC____Lib_Sprinti_Do_FillT54
0x0005       [1]    MM_TotalFreeMemSize_i_L0
0x0005       [2]    LongWordToHex_input_half_L0
0x0005       [1]    R5
0x0005       [2]    memmove_ff_L0
0x0006       [1]    __Lib_MemManager_MM_GetMemAlign_i_L0
0x0006       [1]    R6
0x0006       [1]    __Lib_Sprinti_?FLOC____Lib_Sprinti_Do_FillT69
0x0007       [1]    R7
0x0007       [4]    FT810_Canvas_SurrRect_minY_L0
0x0007       [1]    __Lib_TFT_16bit_JPEG_GenerateHuffmanTables_bLength_L0
0x0007       [4]    FT812_Canvas_SurrRect_minY_L0
0x0007       [1]    __Lib_TFT_JPEG_GenerateHuffmanTables_bLength_L0
0x0007       [4]    FT800_Canvas_SurrRect_minY_L0
0x0008       [1]    __Lib_TFT_JPEG_GenerateHuffmanTables_bTable_L0
0x0008       [1]    R8
0x0008       [1]    __Lib_TFT_16bit_JPEG_GenerateHuffmanTables_bTable_L0
0x0009       [1]    R9
0x0009       [4]    __Lib_MmcFat16_f16_toLong_l_L0
0x000A       [1]    R10
0x000B       [4]    FT800_Canvas_SurrRect_maxX_L0
0x000B       [1]    R11
0x000B       [4]    FT810_Canvas_SurrRect_maxX_L0
0x000B       [4]    FT812_Canvas_SurrRect_maxX_L0
0x000C       [1]    R12
0x000D       [1]    R13
0x000E       [1]    R14
0x000F       [1]    R15
0x000F       [4]    FT812_Canvas_SurrRect_maxY_L0
0x000F       [4]    FT800_Canvas_SurrRect_maxY_L0
0x000F       [4]    FT810_Canvas_SurrRect_maxY_L0
0x0010       [1]    R16
0x0011       [1]    R17
0x0012       [1]    R18
0x0013       [1]    R19
0x0014       [1]    R20
0x0019       [4]    ?lstr1___Lib_Conversions
0x001D       [2]    ?lstr2___Lib_Conversions
0x001F       [4]    ?lstr3___Lib_Conversions
0x0023      [15]    _txt
0x0032       [0]    __Lib_Lcd_cmd_status
0x0033       [2]    _x
0x0035       [4]    _v
0x0039       [1]    FARG_Lcd_Out_row
0x0039       [4]    FARG_FloatToStr_fnum
0x003A       [1]    FARG_Lcd_Out_column
0x003B       [2]    FARG_Lcd_Out_text
0x003D       [2]    FARG_FloatToStr_str
0x003D       [1]    Lcd_Out_i_L0
0x003F       [1]    FloatToStr_i_L0
0x0040       [1]    FloatToStr_d_L0
0x0041       [4]    FloatToStr_un_L0
0x0045       [1]    FloatToStr_bpoint_L0
0x0046       [1]    FloatToStr_dexpon_L0
0x0047       [1]    FARG_Lcd_Chr_CP_out_char
0x0047       [2]    FARG_strcpy_to
0x0049       [2]    FARG_strcpy_from
0x004B       [1]    FARG_Lcd_Cmd_out_char
0x0F83       [0]    LCD_RS
0x0F83       [0]    RD3_bit
0x0F83       [0]    RD5_bit
0x0F83       [0]    RD6_bit
0x0F83       [0]    RD7_bit
0x0F83       [0]    RD4_bit
0x0F83       [0]    LCD_D5
0x0F83       [0]    LCD_D4
0x0F83       [0]    RD2_bit
0x0F83       [0]    LCD_D7
0x0F83       [0]    LCD_EN
0x0F83       [0]    LCD_D6
0x0F95       [0]    LCD_D7_Direction
0x0F95       [0]    LCD_EN_Direction
0x0F95       [0]    TRISD3_bit
0x0F95       [0]    LCD_D6_Direction
0x0F95       [0]    TRISD4_bit
0x0F95       [0]    TRISD6_bit
0x0F95       [0]    TRISD7_bit
0x0F95       [0]    LCD_RS_Direction
0x0F95       [0]    TRISD5_bit
0x0F95       [0]    LCD_D5_Direction
0x0F95       [0]    LCD_D4_Direction
0x0F95       [0]    TRISD2_bit
0x0F96       [1]    TRISE
0x0F9D       [1]    PIE1
0x0F9E       [1]    PIR1
0x0FC1       [1]    ADCON1
0x0FC2       [1]    ADCON0
0x0FC3       [1]    ADRESL
0x0FC4       [1]    ADRESH
0x0FD5       [1]    T0CON
0x0FD6       [1]    TMR0L
0x0FD7       [1]    TMR0H
0x0FD8       [1]    STATUS
0x0FD9       [1]    FSR2L
0x0FDA       [1]    FSR2H
0x0FDE       [1]    POSTINC2
0x0FE0       [1]    BSR
0x0FE1       [1]    FSR1L
0x0FE2       [1]    FSR1H
0x0FE4       [1]    PREINC1
0x0FE6       [1]    POSTINC1
0x0FE7       [1]    INDF1
0x0FE8       [1]    WREG
0x0FE9       [1]    FSR0L
0x0FEA       [1]    FSR0H
0x0FEE       [1]    POSTINC0
0x0FF2       [1]    INTCON
0x0FF3       [1]    PRODL
0x0FF4       [1]    PRODH
0x0FF5       [1]    TABLAT
0x0FF6       [1]    TBLPTRL
0x0FF7       [1]    TBLPTRH
0x0FF8       [1]    TBLPTRU
//** Constants locations ** 
//ADDRESS    SIZE    CONSTANT
//----------------------------------------------
0x0A88       [4]    ?ICS?lstr1___Lib_Conversions
0x0A8C       [2]    ?ICS?lstr2___Lib_Conversions
0x0A8E       [4]    ?ICS?lstr3___Lib_Conversions
