Command line:
   tb_isim_beh.exe
     -simmode  gui
     -simrunnum  0
     -socket  1054

Wed May 02 13:12:57 2018


 Elaboration Time: 0.015625 sec

 Current Memory Usage: 306.393 Meg

 Total Signals          : 10
 Total Nets             : 5
 Total Signal Drivers   : 5
 Total Blocks           : 3
 Total Primitive Blocks : 2
 Total Processes        : 3
 Total Traceable Variables  : 8
 Total Scalar Nets and Variables : 365
Total Line Count : 20

 Total Simulation Time: 0.015625 sec

 Current Memory Usage: 306.393 Meg

Wed May 02 13:24:37 2018

